[0.038s] Invoking command in '/home/yama/ros2_ws/build/joysub': CMAKE_PREFIX_PATH=${CMAKE_PREFIX_PATH}:/opt/ros/jazzy DEBUGINFOD_URLS=https://debuginfod.ubuntu.com /usr/bin/cmake --build /home/yama/ros2_ws/build/joysub -- -j1 -l1
[0.493s] [100%] Built target joy_subscriber
[0.536s] Invoked command in '/home/yama/ros2_ws/build/joysub' returned '0': CMAKE_PREFIX_PATH=${CMAKE_PREFIX_PATH}:/opt/ros/jazzy DEBUGINFOD_URLS=https://debuginfod.ubuntu.com /usr/bin/cmake --build /home/yama/ros2_ws/build/joysub -- -j1 -l1
[0.549s] Invoking command in '/home/yama/ros2_ws/build/joysub': CMAKE_PREFIX_PATH=${CMAKE_PREFIX_PATH}:/opt/ros/jazzy DEBUGINFOD_URLS=https://debuginfod.ubuntu.com /usr/bin/cmake --install /home/yama/ros2_ws/build/joysub
[0.582s] -- Install configuration: ""
[0.585s] -- Execute custom install script
[0.594s] -- Up-to-date symlink: /home/yama/ros2_ws/install/joysub/lib/joysub/joy_subscriber
[0.603s] -- Up-to-date symlink: /home/yama/ros2_ws/install/joysub/share/ament_index/resource_index/package_run_dependencies/joysub
[0.607s] -- Up-to-date symlink: /home/yama/ros2_ws/install/joysub/share/ament_index/resource_index/parent_prefix_path/joysub
[0.612s] -- Up-to-date symlink: /home/yama/ros2_ws/install/joysub/share/joysub/environment/ament_prefix_path.sh
[0.620s] -- Up-to-date symlink: /home/yama/ros2_ws/install/joysub/share/joysub/environment/ament_prefix_path.dsv
[0.623s] -- Up-to-date symlink: /home/yama/ros2_ws/install/joysub/share/joysub/environment/path.sh
[0.630s] -- Up-to-date symlink: /home/yama/ros2_ws/install/joysub/share/joysub/environment/path.dsv
[0.630s] -- Up-to-date symlink: /home/yama/ros2_ws/install/joysub/share/joysub/local_setup.bash
[0.632s] -- Up-to-date symlink: /home/yama/ros2_ws/install/joysub/share/joysub/local_setup.sh
[0.639s] -- Up-to-date symlink: /home/yama/ros2_ws/install/joysub/share/joysub/local_setup.zsh
[0.640s] -- Up-to-date symlink: /home/yama/ros2_ws/install/joysub/share/joysub/local_setup.dsv
[0.641s] -- Symlinking: /home/yama/ros2_ws/install/joysub/share/joysub/package.dsv
[0.668s] -- Up-to-date symlink: /home/yama/ros2_ws/install/joysub/share/ament_index/resource_index/packages/joysub
[0.669s] -- Up-to-date symlink: /home/yama/ros2_ws/install/joysub/share/joysub/cmake/joysubConfig.cmake
[0.672s] -- Up-to-date symlink: /home/yama/ros2_ws/install/joysub/share/joysub/cmake/joysubConfig-version.cmake
[0.672s] -- Up-to-date symlink: /home/yama/ros2_ws/install/joysub/share/joysub/package.xml
[0.672s] Invoked command in '/home/yama/ros2_ws/build/joysub' returned '0': CMAKE_PREFIX_PATH=${CMAKE_PREFIX_PATH}:/opt/ros/jazzy DEBUGINFOD_URLS=https://debuginfod.ubuntu.com /usr/bin/cmake --install /home/yama/ros2_ws/build/joysub
