[0.032s] Invoking command in '/home/yama/ros2_ws/src/build/dynamixel_sdk': CMAKE_PREFIX_PATH=${CMAKE_PREFIX_PATH}:/opt/ros/jazzy DEBUGINFOD_URLS=https://debuginfod.ubuntu.com /usr/bin/cmake --build /home/yama/ros2_ws/src/build/dynamixel_sdk -- -j1 -l1
[0.170s] [100%] Built target dynamixel_sdk
[0.268s] [100%] Built target ament_cmake_python_symlink_dynamixel_sdk
[0.786s] running egg_info
[0.792s] writing dynamixel_sdk.egg-info/PKG-INFO
[0.795s] writing dependency_links to dynamixel_sdk.egg-info/dependency_links.txt
[0.796s] writing top-level names to dynamixel_sdk.egg-info/top_level.txt
[0.908s] reading manifest file 'dynamixel_sdk.egg-info/SOURCES.txt'
[0.932s] writing manifest file 'dynamixel_sdk.egg-info/SOURCES.txt'
[1.007s] [100%] Built target ament_cmake_python_build_dynamixel_sdk_egg
[1.045s] Invoked command in '/home/yama/ros2_ws/src/build/dynamixel_sdk' returned '0': CMAKE_PREFIX_PATH=${CMAKE_PREFIX_PATH}:/opt/ros/jazzy DEBUGINFOD_URLS=https://debuginfod.ubuntu.com /usr/bin/cmake --build /home/yama/ros2_ws/src/build/dynamixel_sdk -- -j1 -l1
[1.072s] Invoking command in '/home/yama/ros2_ws/src/build/dynamixel_sdk': CMAKE_PREFIX_PATH=${CMAKE_PREFIX_PATH}:/opt/ros/jazzy DEBUGINFOD_URLS=https://debuginfod.ubuntu.com /usr/bin/cmake --install /home/yama/ros2_ws/src/build/dynamixel_sdk
[1.086s] -- Install configuration: ""
[1.087s] -- Execute custom install script
[1.087s] -- Up-to-date symlink: /home/yama/ros2_ws/src/install/dynamixel_sdk/include//dynamixel_sdk/dynamixel_sdk.h
[1.088s] -- Up-to-date symlink: /home/yama/ros2_ws/src/install/dynamixel_sdk/include//dynamixel_sdk/group_bulk_read.h
[1.088s] -- Up-to-date symlink: /home/yama/ros2_ws/src/install/dynamixel_sdk/include//dynamixel_sdk/group_bulk_write.h
[1.088s] -- Up-to-date symlink: /home/yama/ros2_ws/src/install/dynamixel_sdk/include//dynamixel_sdk/group_fast_bulk_read.h
[1.088s] -- Up-to-date symlink: /home/yama/ros2_ws/src/install/dynamixel_sdk/include//dynamixel_sdk/group_fast_sync_read.h
[1.088s] -- Up-to-date symlink: /home/yama/ros2_ws/src/install/dynamixel_sdk/include//dynamixel_sdk/group_handler.h
[1.089s] -- Up-to-date symlink: /home/yama/ros2_ws/src/install/dynamixel_sdk/include//dynamixel_sdk/group_sync_read.h
[1.089s] -- Up-to-date symlink: /home/yama/ros2_ws/src/install/dynamixel_sdk/include//dynamixel_sdk/group_sync_write.h
[1.089s] -- Up-to-date symlink: /home/yama/ros2_ws/src/install/dynamixel_sdk/include//dynamixel_sdk/packet_handler.h
[1.089s] -- Up-to-date symlink: /home/yama/ros2_ws/src/install/dynamixel_sdk/include//dynamixel_sdk/port_handler.h
[1.089s] -- Up-to-date symlink: /home/yama/ros2_ws/src/install/dynamixel_sdk/include//dynamixel_sdk/port_handler_arduino.h
[1.089s] -- Up-to-date symlink: /home/yama/ros2_ws/src/install/dynamixel_sdk/include//dynamixel_sdk/port_handler_linux.h
[1.089s] -- Up-to-date symlink: /home/yama/ros2_ws/src/install/dynamixel_sdk/include//dynamixel_sdk/port_handler_mac.h
[1.090s] -- Up-to-date symlink: /home/yama/ros2_ws/src/install/dynamixel_sdk/include//dynamixel_sdk/port_handler_windows.h
[1.090s] -- Up-to-date symlink: /home/yama/ros2_ws/src/install/dynamixel_sdk/include//dynamixel_sdk/protocol1_packet_handler.h
[1.090s] -- Up-to-date symlink: /home/yama/ros2_ws/src/install/dynamixel_sdk/include//dynamixel_sdk/protocol2_packet_handler.h
[1.090s] -- Up-to-date symlink: /home/yama/ros2_ws/src/install/dynamixel_sdk/lib/libdynamixel_sdk.so
[1.090s] -- Up-to-date symlink: /home/yama/ros2_ws/src/install/dynamixel_sdk/share/dynamixel_sdk/environment/pythonpath.sh
[1.091s] -- Up-to-date symlink: /home/yama/ros2_ws/src/install/dynamixel_sdk/share/dynamixel_sdk/environment/pythonpath.dsv
[1.091s] -- Up-to-date symlink: /home/yama/ros2_ws/src/install/dynamixel_sdk/lib/python3.12/site-packages/dynamixel_sdk-3.8.3-py3.12.egg-info/PKG-INFO
[1.091s] -- Up-to-date symlink: /home/yama/ros2_ws/src/install/dynamixel_sdk/lib/python3.12/site-packages/dynamixel_sdk-3.8.3-py3.12.egg-info/SOURCES.txt
[1.091s] -- Up-to-date symlink: /home/yama/ros2_ws/src/install/dynamixel_sdk/lib/python3.12/site-packages/dynamixel_sdk-3.8.3-py3.12.egg-info/dependency_links.txt
[1.092s] -- Up-to-date symlink: /home/yama/ros2_ws/src/install/dynamixel_sdk/lib/python3.12/site-packages/dynamixel_sdk-3.8.3-py3.12.egg-info/top_level.txt
[1.092s] -- Up-to-date symlink: /home/yama/ros2_ws/src/install/dynamixel_sdk/lib/python3.12/site-packages/dynamixel_sdk/__init__.py
[1.092s] -- Up-to-date symlink: /home/yama/ros2_ws/src/install/dynamixel_sdk/lib/python3.12/site-packages/dynamixel_sdk/group_bulk_read.cpp
[1.093s] -- Up-to-date symlink: /home/yama/ros2_ws/src/install/dynamixel_sdk/lib/python3.12/site-packages/dynamixel_sdk/group_bulk_read.py
[1.093s] -- Up-to-date symlink: /home/yama/ros2_ws/src/install/dynamixel_sdk/lib/python3.12/site-packages/dynamixel_sdk/group_bulk_write.cpp
[1.093s] -- Up-to-date symlink: /home/yama/ros2_ws/src/install/dynamixel_sdk/lib/python3.12/site-packages/dynamixel_sdk/group_bulk_write.py
[1.093s] -- Up-to-date symlink: /home/yama/ros2_ws/src/install/dynamixel_sdk/lib/python3.12/site-packages/dynamixel_sdk/group_fast_bulk_read.cpp
[1.093s] -- Up-to-date symlink: /home/yama/ros2_ws/src/install/dynamixel_sdk/lib/python3.12/site-packages/dynamixel_sdk/group_fast_sync_read.cpp
[1.093s] -- Up-to-date symlink: /home/yama/ros2_ws/src/install/dynamixel_sdk/lib/python3.12/site-packages/dynamixel_sdk/group_handler.cpp
[1.094s] -- Up-to-date symlink: /home/yama/ros2_ws/src/install/dynamixel_sdk/lib/python3.12/site-packages/dynamixel_sdk/group_sync_read.cpp
[1.094s] -- Up-to-date symlink: /home/yama/ros2_ws/src/install/dynamixel_sdk/lib/python3.12/site-packages/dynamixel_sdk/group_sync_read.py
[1.094s] -- Up-to-date symlink: /home/yama/ros2_ws/src/install/dynamixel_sdk/lib/python3.12/site-packages/dynamixel_sdk/group_sync_write.cpp
[1.094s] -- Up-to-date symlink: /home/yama/ros2_ws/src/install/dynamixel_sdk/lib/python3.12/site-packages/dynamixel_sdk/group_sync_write.py
[1.094s] -- Up-to-date symlink: /home/yama/ros2_ws/src/install/dynamixel_sdk/lib/python3.12/site-packages/dynamixel_sdk/packet_handler.cpp
[1.094s] -- Up-to-date symlink: /home/yama/ros2_ws/src/install/dynamixel_sdk/lib/python3.12/site-packages/dynamixel_sdk/packet_handler.py
[1.094s] -- Up-to-date symlink: /home/yama/ros2_ws/src/install/dynamixel_sdk/lib/python3.12/site-packages/dynamixel_sdk/port_handler.cpp
[1.095s] -- Up-to-date symlink: /home/yama/ros2_ws/src/install/dynamixel_sdk/lib/python3.12/site-packages/dynamixel_sdk/port_handler.py
[1.095s] -- Up-to-date symlink: /home/yama/ros2_ws/src/install/dynamixel_sdk/lib/python3.12/site-packages/dynamixel_sdk/port_handler_arduino.cpp
[1.095s] -- Up-to-date symlink: /home/yama/ros2_ws/src/install/dynamixel_sdk/lib/python3.12/site-packages/dynamixel_sdk/port_handler_linux.cpp
[1.095s] -- Up-to-date symlink: /home/yama/ros2_ws/src/install/dynamixel_sdk/lib/python3.12/site-packages/dynamixel_sdk/port_handler_mac.cpp
[1.095s] -- Up-to-date symlink: /home/yama/ros2_ws/src/install/dynamixel_sdk/lib/python3.12/site-packages/dynamixel_sdk/port_handler_windows.cpp
[1.096s] -- Up-to-date symlink: /home/yama/ros2_ws/src/install/dynamixel_sdk/lib/python3.12/site-packages/dynamixel_sdk/protocol1_packet_handler.cpp
[1.096s] -- Up-to-date symlink: /home/yama/ros2_ws/src/install/dynamixel_sdk/lib/python3.12/site-packages/dynamixel_sdk/protocol1_packet_handler.py
[1.096s] -- Up-to-date symlink: /home/yama/ros2_ws/src/install/dynamixel_sdk/lib/python3.12/site-packages/dynamixel_sdk/protocol2_packet_handler.cpp
[1.099s] -- Up-to-date symlink: /home/yama/ros2_ws/src/install/dynamixel_sdk/lib/python3.12/site-packages/dynamixel_sdk/protocol2_packet_handler.py
[1.099s] -- Up-to-date symlink: /home/yama/ros2_ws/src/install/dynamixel_sdk/lib/python3.12/site-packages/dynamixel_sdk/robotis_def.py
[1.099s] -- Up-to-date symlink: /home/yama/ros2_ws/src/install/dynamixel_sdk/share/dynamixel_sdk/environment/library_path.sh
[1.099s] -- Up-to-date symlink: /home/yama/ros2_ws/src/install/dynamixel_sdk/share/dynamixel_sdk/environment/library_path.dsv
[1.100s] -- Up-to-date symlink: /home/yama/ros2_ws/src/install/dynamixel_sdk/share/ament_index/resource_index/package_run_dependencies/dynamixel_sdk
[1.100s] -- Up-to-date symlink: /home/yama/ros2_ws/src/install/dynamixel_sdk/share/ament_index/resource_index/parent_prefix_path/dynamixel_sdk
[1.101s] -- Up-to-date symlink: /home/yama/ros2_ws/src/install/dynamixel_sdk/share/dynamixel_sdk/environment/ament_prefix_path.sh
[1.101s] -- Up-to-date symlink: /home/yama/ros2_ws/src/install/dynamixel_sdk/share/dynamixel_sdk/environment/ament_prefix_path.dsv
[1.101s] -- Up-to-date symlink: /home/yama/ros2_ws/src/install/dynamixel_sdk/share/dynamixel_sdk/environment/path.sh
[1.101s] -- Up-to-date symlink: /home/yama/ros2_ws/src/install/dynamixel_sdk/share/dynamixel_sdk/environment/path.dsv
[1.102s] -- Up-to-date symlink: /home/yama/ros2_ws/src/install/dynamixel_sdk/share/dynamixel_sdk/local_setup.bash
[1.102s] -- Up-to-date symlink: /home/yama/ros2_ws/src/install/dynamixel_sdk/share/dynamixel_sdk/local_setup.sh
[1.103s] -- Up-to-date symlink: /home/yama/ros2_ws/src/install/dynamixel_sdk/share/dynamixel_sdk/local_setup.zsh
[1.103s] -- Up-to-date symlink: /home/yama/ros2_ws/src/install/dynamixel_sdk/share/dynamixel_sdk/local_setup.dsv
[1.103s] -- Symlinking: /home/yama/ros2_ws/src/install/dynamixel_sdk/share/dynamixel_sdk/package.dsv
[1.144s] -- Up-to-date symlink: /home/yama/ros2_ws/src/install/dynamixel_sdk/share/ament_index/resource_index/packages/dynamixel_sdk
[1.144s] -- Up-to-date symlink: /home/yama/ros2_ws/src/install/dynamixel_sdk/share/dynamixel_sdk/cmake/ament_cmake_export_include_directories-extras.cmake
[1.160s] -- Up-to-date symlink: /home/yama/ros2_ws/src/install/dynamixel_sdk/share/dynamixel_sdk/cmake/ament_cmake_export_libraries-extras.cmake
[1.160s] -- Up-to-date symlink: /home/yama/ros2_ws/src/install/dynamixel_sdk/share/dynamixel_sdk/cmake/dynamixel_sdkConfig.cmake
[1.160s] -- Up-to-date symlink: /home/yama/ros2_ws/src/install/dynamixel_sdk/share/dynamixel_sdk/cmake/dynamixel_sdkConfig-version.cmake
[1.160s] -- Up-to-date symlink: /home/yama/ros2_ws/src/install/dynamixel_sdk/share/dynamixel_sdk/package.xml
[1.208s] Listing '/home/yama/ros2_ws/src/install/dynamixel_sdk/lib/python3.12/site-packages/dynamixel_sdk'...
[1.222s] Invoked command in '/home/yama/ros2_ws/src/build/dynamixel_sdk' returned '0': CMAKE_PREFIX_PATH=${CMAKE_PREFIX_PATH}:/opt/ros/jazzy DEBUGINFOD_URLS=https://debuginfod.ubuntu.com /usr/bin/cmake --install /home/yama/ros2_ws/src/build/dynamixel_sdk
