[0.039s] Invoking command in '/home/yama/ros2_ws/build/dynamixel_sdk_examples': CMAKE_PREFIX_PATH=/home/yama/ros2_ws/install/dynamixel_sdk_custom_interfaces:/home/yama/ros2_ws/install/dynamixel_sdk:/home/yama/ros2_ws/install/joysub:/home/yama/ros2_ws/install/dynamixel_ctrl:/opt/ros/jazzy/opt/gz_math_vendor:/opt/ros/jazzy/opt/gz_utils_vendor:/opt/ros/jazzy/opt/gz_cmake_vendor:/opt/ros/jazzy DEBUGINFOD_URLS=https://debuginfod.ubuntu.com /usr/bin/cmake /home/yama/ros2_ws/src/dynamixel_sdk_examples -DAMENT_CMAKE_SYMLINK_INSTALL=1 -DCMAKE_INSTALL_PREFIX=/home/yama/ros2_ws/install/dynamixel_sdk_examples
[0.241s] -- The C compiler identification is GNU 13.3.0
[0.357s] -- The CXX compiler identification is GNU 13.3.0
[0.474s] -- Detecting C compiler ABI info
[0.667s] -- Detecting C compiler ABI info - done
[0.712s] -- Check for working C compiler: /usr/bin/cc - skipped
[0.713s] -- Detecting C compile features
[0.713s] -- Detecting C compile features - done
[0.735s] -- Detecting CXX compiler ABI info
[0.938s] -- Detecting CXX compiler ABI info - done
[0.951s] -- Check for working CXX compiler: /usr/bin/c++ - skipped
[0.952s] -- Detecting CXX compile features
[0.953s] -- Detecting CXX compile features - done
[0.957s] -- Found ament_cmake: 2.5.4 (/opt/ros/jazzy/share/ament_cmake/cmake)
[1.275s] -- Found Python3: /usr/bin/python3 (found version "3.12.3") found components: Interpreter 
[1.429s] -- Override CMake install command with custom implementation using symlinks instead of copying resources
[1.463s] -- Found dynamixel_sdk: 3.7.60 (/home/yama/ros2_ws/install/dynamixel_sdk/share/dynamixel_sdk/cmake)
[1.465s] -- Found dynamixel_sdk_custom_interfaces: 3.7.60 (/home/yama/ros2_ws/install/dynamixel_sdk_custom_interfaces/share/dynamixel_sdk_custom_interfaces/cmake)
[1.502s] -- Found rosidl_generator_c: 4.6.5 (/opt/ros/jazzy/share/rosidl_generator_c/cmake)
[1.535s] -- Found rosidl_generator_cpp: 4.6.5 (/opt/ros/jazzy/share/rosidl_generator_cpp/cmake)
[1.550s] -- Using all available rosidl_typesupport_c: rosidl_typesupport_fastrtps_c;rosidl_typesupport_introspection_c
[1.567s] -- Using all available rosidl_typesupport_cpp: rosidl_typesupport_fastrtps_cpp;rosidl_typesupport_introspection_cpp
[1.654s] -- Found rclcpp: 28.1.9 (/opt/ros/jazzy/share/rclcpp/cmake)
[1.694s] -- Found rmw_implementation_cmake: 7.3.2 (/opt/ros/jazzy/share/rmw_implementation_cmake/cmake)
[1.697s] -- Found rmw_fastrtps_cpp: 8.4.2 (/opt/ros/jazzy/share/rmw_fastrtps_cpp/cmake)
[1.817s] -- Found OpenSSL: /usr/lib/x86_64-linux-gnu/libcrypto.so (found version "3.0.13")  
[1.864s] -- Found FastRTPS: /opt/ros/jazzy/include (Required is at least version "2.13") 
[1.901s] -- Using RMW implementation 'rmw_fastrtps_cpp' as default
[1.996s] -- Found ament_lint_auto: 0.17.2 (/opt/ros/jazzy/share/ament_lint_auto/cmake)
[2.135s] -- Added test 'copyright' to check source files copyright and LICENSE
[2.143s] -- Added test 'cppcheck' to perform static code analysis on C / C++ code
[2.144s] -- Configured cppcheck include dirs: /home/yama/ros2_ws/src/dynamixel_sdk_examples/include
[2.148s] -- Configured cppcheck exclude dirs and/or files: 
[2.160s] -- Added test 'cpplint' to check C / C++ code against the Google style
[2.160s] -- Configured cpplint exclude dirs and/or files: 
[2.161s] -- Added test 'lint_cmake' to check CMake code style
[2.162s] -- Added test 'uncrustify' to check C / C++ code style
[2.163s] -- Configured uncrustify additional arguments: 
[2.163s] -- Added test 'xmllint' to check XML markup files
[2.164s] -- Configuring done (2.1s)
[2.184s] -- Generating done (0.0s)
[2.186s] -- Build files have been written to: /home/yama/ros2_ws/build/dynamixel_sdk_examples
[2.199s] Invoked command in '/home/yama/ros2_ws/build/dynamixel_sdk_examples' returned '0': CMAKE_PREFIX_PATH=/home/yama/ros2_ws/install/dynamixel_sdk_custom_interfaces:/home/yama/ros2_ws/install/dynamixel_sdk:/home/yama/ros2_ws/install/joysub:/home/yama/ros2_ws/install/dynamixel_ctrl:/opt/ros/jazzy/opt/gz_math_vendor:/opt/ros/jazzy/opt/gz_utils_vendor:/opt/ros/jazzy/opt/gz_cmake_vendor:/opt/ros/jazzy DEBUGINFOD_URLS=https://debuginfod.ubuntu.com /usr/bin/cmake /home/yama/ros2_ws/src/dynamixel_sdk_examples -DAMENT_CMAKE_SYMLINK_INSTALL=1 -DCMAKE_INSTALL_PREFIX=/home/yama/ros2_ws/install/dynamixel_sdk_examples
[2.202s] Invoking command in '/home/yama/ros2_ws/build/dynamixel_sdk_examples': CMAKE_PREFIX_PATH=/home/yama/ros2_ws/install/dynamixel_sdk_custom_interfaces:/home/yama/ros2_ws/install/dynamixel_sdk:/home/yama/ros2_ws/install/joysub:/home/yama/ros2_ws/install/dynamixel_ctrl:/opt/ros/jazzy/opt/gz_math_vendor:/opt/ros/jazzy/opt/gz_utils_vendor:/opt/ros/jazzy/opt/gz_cmake_vendor:/opt/ros/jazzy DEBUGINFOD_URLS=https://debuginfod.ubuntu.com /usr/bin/cmake --build /home/yama/ros2_ws/build/dynamixel_sdk_examples -- -j1 -l1
[2.300s] [ 50%] [32mBuilding CXX object CMakeFiles/read_write_node.dir/src/read_write_node.cpp.o[0m
[17.219s] [100%] [32m[1mLinking CXX executable read_write_node[0m
[17.806s] [100%] Built target read_write_node
[17.850s] Invoked command in '/home/yama/ros2_ws/build/dynamixel_sdk_examples' returned '0': CMAKE_PREFIX_PATH=/home/yama/ros2_ws/install/dynamixel_sdk_custom_interfaces:/home/yama/ros2_ws/install/dynamixel_sdk:/home/yama/ros2_ws/install/joysub:/home/yama/ros2_ws/install/dynamixel_ctrl:/opt/ros/jazzy/opt/gz_math_vendor:/opt/ros/jazzy/opt/gz_utils_vendor:/opt/ros/jazzy/opt/gz_cmake_vendor:/opt/ros/jazzy DEBUGINFOD_URLS=https://debuginfod.ubuntu.com /usr/bin/cmake --build /home/yama/ros2_ws/build/dynamixel_sdk_examples -- -j1 -l1
[17.851s] Invoking command in '/home/yama/ros2_ws/build/dynamixel_sdk_examples': CMAKE_PREFIX_PATH=/home/yama/ros2_ws/install/dynamixel_sdk_custom_interfaces:/home/yama/ros2_ws/install/dynamixel_sdk:/home/yama/ros2_ws/install/joysub:/home/yama/ros2_ws/install/dynamixel_ctrl:/opt/ros/jazzy/opt/gz_math_vendor:/opt/ros/jazzy/opt/gz_utils_vendor:/opt/ros/jazzy/opt/gz_cmake_vendor:/opt/ros/jazzy DEBUGINFOD_URLS=https://debuginfod.ubuntu.com /usr/bin/cmake --install /home/yama/ros2_ws/build/dynamixel_sdk_examples
[17.866s] -- Install configuration: ""
[17.866s] -- Execute custom install script
[17.866s] -- Symlinking: /home/yama/ros2_ws/install/dynamixel_sdk_examples/lib/dynamixel_sdk_examples/read_write_node
[17.885s] -- Symlinking: /home/yama/ros2_ws/install/dynamixel_sdk_examples/share/ament_index/resource_index/package_run_dependencies/dynamixel_sdk_examples
[17.900s] -- Symlinking: /home/yama/ros2_ws/install/dynamixel_sdk_examples/share/ament_index/resource_index/parent_prefix_path/dynamixel_sdk_examples
[17.913s] -- Symlinking: /home/yama/ros2_ws/install/dynamixel_sdk_examples/share/dynamixel_sdk_examples/environment/ament_prefix_path.sh
[17.958s] -- Symlinking: /home/yama/ros2_ws/install/dynamixel_sdk_examples/share/dynamixel_sdk_examples/environment/ament_prefix_path.dsv
[17.991s] -- Symlinking: /home/yama/ros2_ws/install/dynamixel_sdk_examples/share/dynamixel_sdk_examples/environment/path.sh
[18.006s] -- Symlinking: /home/yama/ros2_ws/install/dynamixel_sdk_examples/share/dynamixel_sdk_examples/environment/path.dsv
[18.023s] -- Symlinking: /home/yama/ros2_ws/install/dynamixel_sdk_examples/share/dynamixel_sdk_examples/local_setup.bash
[18.063s] -- Symlinking: /home/yama/ros2_ws/install/dynamixel_sdk_examples/share/dynamixel_sdk_examples/local_setup.sh
[18.104s] -- Symlinking: /home/yama/ros2_ws/install/dynamixel_sdk_examples/share/dynamixel_sdk_examples/local_setup.zsh
[18.146s] -- Symlinking: /home/yama/ros2_ws/install/dynamixel_sdk_examples/share/dynamixel_sdk_examples/local_setup.dsv
[18.188s] -- Symlinking: /home/yama/ros2_ws/install/dynamixel_sdk_examples/share/dynamixel_sdk_examples/package.dsv
[18.202s] -- Symlinking: /home/yama/ros2_ws/install/dynamixel_sdk_examples/share/ament_index/resource_index/packages/dynamixel_sdk_examples
[18.216s] -- Symlinking: /home/yama/ros2_ws/install/dynamixel_sdk_examples/share/dynamixel_sdk_examples/cmake/dynamixel_sdk_examplesConfig.cmake
[18.229s] -- Symlinking: /home/yama/ros2_ws/install/dynamixel_sdk_examples/share/dynamixel_sdk_examples/cmake/dynamixel_sdk_examplesConfig-version.cmake
[18.260s] -- Symlinking: /home/yama/ros2_ws/install/dynamixel_sdk_examples/share/dynamixel_sdk_examples/package.xml
[18.323s] Invoked command in '/home/yama/ros2_ws/build/dynamixel_sdk_examples' returned '0': CMAKE_PREFIX_PATH=/home/yama/ros2_ws/install/dynamixel_sdk_custom_interfaces:/home/yama/ros2_ws/install/dynamixel_sdk:/home/yama/ros2_ws/install/joysub:/home/yama/ros2_ws/install/dynamixel_ctrl:/opt/ros/jazzy/opt/gz_math_vendor:/opt/ros/jazzy/opt/gz_utils_vendor:/opt/ros/jazzy/opt/gz_cmake_vendor:/opt/ros/jazzy DEBUGINFOD_URLS=https://debuginfod.ubuntu.com /usr/bin/cmake --install /home/yama/ros2_ws/build/dynamixel_sdk_examples
