[0.027s] Invoking command in '/home/yama/ros2_ws/src/build/exmple_dynamixel_cpp': CMAKE_PREFIX_PATH=${CMAKE_PREFIX_PATH}:/opt/ros/jazzy DEBUGINFOD_URLS=https://debuginfod.ubuntu.com /usr/bin/cmake /home/yama/ros2_ws/src/exmple_dynamixel_cpp -DCMAKE_INSTALL_PREFIX=/home/yama/ros2_ws/src/install/exmple_dynamixel_cpp
[0.141s] -- The C compiler identification is GNU 13.3.0
[0.231s] -- The CXX compiler identification is GNU 13.3.0
[0.275s] -- Detecting C compiler ABI info
[0.420s] -- Detecting C compiler ABI info - done
[0.428s] -- Check for working C compiler: /usr/bin/cc - skipped
[0.430s] -- Detecting C compile features
[0.430s] -- Detecting C compile features - done
[0.441s] -- Detecting CXX compiler ABI info
[0.556s] -- Detecting CXX compiler ABI info - done
[0.562s] -- Check for working CXX compiler: /usr/bin/c++ - skipped
[0.563s] -- Detecting CXX compile features
[0.567s] -- Detecting CXX compile features - done
[0.567s] -- Found ament_cmake: 2.5.4 (/opt/ros/jazzy/share/ament_cmake/cmake)
[0.720s] -- Found Python3: /usr/bin/python3 (found version "3.12.3") found components: Interpreter 
[0.836s] -- Found rclcpp: 28.1.9 (/opt/ros/jazzy/share/rclcpp/cmake)
[0.864s] -- Found rosidl_generator_c: 4.6.5 (/opt/ros/jazzy/share/rosidl_generator_c/cmake)
[0.875s] -- Found rosidl_generator_cpp: 4.6.5 (/opt/ros/jazzy/share/rosidl_generator_cpp/cmake)
[0.894s] -- Using all available rosidl_typesupport_c: rosidl_typesupport_fastrtps_c;rosidl_typesupport_introspection_c
[0.907s] -- Using all available rosidl_typesupport_cpp: rosidl_typesupport_fastrtps_cpp;rosidl_typesupport_introspection_cpp
[1.004s] -- Found rmw_implementation_cmake: 7.3.2 (/opt/ros/jazzy/share/rmw_implementation_cmake/cmake)
[1.006s] -- Found rmw_fastrtps_cpp: 8.4.2 (/opt/ros/jazzy/share/rmw_fastrtps_cpp/cmake)
[1.126s] -- Found OpenSSL: /usr/lib/x86_64-linux-gnu/libcrypto.so (found version "3.0.13")  
[1.161s] -- Found FastRTPS: /opt/ros/jazzy/include (Required is at least version "2.13") 
[1.182s] -- Using RMW implementation 'rmw_fastrtps_cpp' as default
[1.265s] -- Found dynamixel_workbench_toolbox: 2.2.4 (/opt/ros/jazzy/share/dynamixel_workbench_toolbox/cmake)
[1.272s] -- Found ament_lint_auto: 0.17.2 (/opt/ros/jazzy/share/ament_lint_auto/cmake)
[1.376s] -- Added test 'cppcheck' to perform static code analysis on C / C++ code
[1.383s] -- Configured cppcheck include dirs: /home/yama/ros2_ws/src/exmple_dynamixel_cpp/include
[1.383s] -- Configured cppcheck exclude dirs and/or files: 
[1.384s] -- Added test 'lint_cmake' to check CMake code style
[1.385s] -- Added test 'uncrustify' to check C / C++ code style
[1.385s] -- Configured uncrustify additional arguments: 
[1.385s] -- Added test 'xmllint' to check XML markup files
[1.397s] -- Configuring done (1.3s)
[1.404s] -- Generating done (0.0s)
[1.408s] -- Build files have been written to: /home/yama/ros2_ws/src/build/exmple_dynamixel_cpp
[1.417s] Invoked command in '/home/yama/ros2_ws/src/build/exmple_dynamixel_cpp' returned '0': CMAKE_PREFIX_PATH=${CMAKE_PREFIX_PATH}:/opt/ros/jazzy DEBUGINFOD_URLS=https://debuginfod.ubuntu.com /usr/bin/cmake /home/yama/ros2_ws/src/exmple_dynamixel_cpp -DCMAKE_INSTALL_PREFIX=/home/yama/ros2_ws/src/install/exmple_dynamixel_cpp
[1.418s] Invoking command in '/home/yama/ros2_ws/src/build/exmple_dynamixel_cpp': CMAKE_PREFIX_PATH=${CMAKE_PREFIX_PATH}:/opt/ros/jazzy DEBUGINFOD_URLS=https://debuginfod.ubuntu.com /usr/bin/cmake --build /home/yama/ros2_ws/src/build/exmple_dynamixel_cpp -- -j1 -l1
[1.515s] [ 50%] [32mBuilding CXX object CMakeFiles/dynamixel_controller.dir/src/dynamixel_controller.cpp.o[0m
[5.694s] [100%] [32m[1mLinking CXX executable dynamixel_controller[0m
[5.834s] [100%] Built target dynamixel_controller
[5.843s] Invoked command in '/home/yama/ros2_ws/src/build/exmple_dynamixel_cpp' returned '0': CMAKE_PREFIX_PATH=${CMAKE_PREFIX_PATH}:/opt/ros/jazzy DEBUGINFOD_URLS=https://debuginfod.ubuntu.com /usr/bin/cmake --build /home/yama/ros2_ws/src/build/exmple_dynamixel_cpp -- -j1 -l1
[5.871s] Invoking command in '/home/yama/ros2_ws/src/build/exmple_dynamixel_cpp': CMAKE_PREFIX_PATH=${CMAKE_PREFIX_PATH}:/opt/ros/jazzy DEBUGINFOD_URLS=https://debuginfod.ubuntu.com /usr/bin/cmake --install /home/yama/ros2_ws/src/build/exmple_dynamixel_cpp
[5.897s] -- Install configuration: ""
[5.902s] -- Installing: /home/yama/ros2_ws/src/install/exmple_dynamixel_cpp/lib/exmple_dynamixel_cpp/dynamixel_controller
[5.902s] -- Set non-toolchain portion of runtime path of "/home/yama/ros2_ws/src/install/exmple_dynamixel_cpp/lib/exmple_dynamixel_cpp/dynamixel_controller" to ""
[5.902s] -- Installing: /home/yama/ros2_ws/src/install/exmple_dynamixel_cpp/share/ament_index/resource_index/package_run_dependencies/exmple_dynamixel_cpp
[5.902s] -- Installing: /home/yama/ros2_ws/src/install/exmple_dynamixel_cpp/share/ament_index/resource_index/parent_prefix_path/exmple_dynamixel_cpp
[5.902s] -- Installing: /home/yama/ros2_ws/src/install/exmple_dynamixel_cpp/share/exmple_dynamixel_cpp/environment/ament_prefix_path.sh
[5.902s] -- Installing: /home/yama/ros2_ws/src/install/exmple_dynamixel_cpp/share/exmple_dynamixel_cpp/environment/ament_prefix_path.dsv
[5.902s] -- Installing: /home/yama/ros2_ws/src/install/exmple_dynamixel_cpp/share/exmple_dynamixel_cpp/environment/path.sh
[5.902s] -- Installing: /home/yama/ros2_ws/src/install/exmple_dynamixel_cpp/share/exmple_dynamixel_cpp/environment/path.dsv
[5.902s] -- Installing: /home/yama/ros2_ws/src/install/exmple_dynamixel_cpp/share/exmple_dynamixel_cpp/local_setup.bash
[5.902s] -- Installing: /home/yama/ros2_ws/src/install/exmple_dynamixel_cpp/share/exmple_dynamixel_cpp/local_setup.sh
[5.902s] -- Installing: /home/yama/ros2_ws/src/install/exmple_dynamixel_cpp/share/exmple_dynamixel_cpp/local_setup.zsh
[5.902s] -- Installing: /home/yama/ros2_ws/src/install/exmple_dynamixel_cpp/share/exmple_dynamixel_cpp/local_setup.dsv
[5.902s] -- Installing: /home/yama/ros2_ws/src/install/exmple_dynamixel_cpp/share/exmple_dynamixel_cpp/package.dsv
[5.902s] -- Installing: /home/yama/ros2_ws/src/install/exmple_dynamixel_cpp/share/ament_index/resource_index/packages/exmple_dynamixel_cpp
[5.903s] -- Installing: /home/yama/ros2_ws/src/install/exmple_dynamixel_cpp/share/exmple_dynamixel_cpp/cmake/exmple_dynamixel_cppConfig.cmake
[5.903s] -- Installing: /home/yama/ros2_ws/src/install/exmple_dynamixel_cpp/share/exmple_dynamixel_cpp/cmake/exmple_dynamixel_cppConfig-version.cmake
[5.903s] -- Installing: /home/yama/ros2_ws/src/install/exmple_dynamixel_cpp/share/exmple_dynamixel_cpp/package.xml
[5.904s] Invoked command in '/home/yama/ros2_ws/src/build/exmple_dynamixel_cpp' returned '0': CMAKE_PREFIX_PATH=${CMAKE_PREFIX_PATH}:/opt/ros/jazzy DEBUGINFOD_URLS=https://debuginfod.ubuntu.com /usr/bin/cmake --install /home/yama/ros2_ws/src/build/exmple_dynamixel_cpp
