[0.082s] Invoking command in '/home/yama/ros2_ws/build/joysub': CMAKE_PREFIX_PATH=${CMAKE_PREFIX_PATH}:/opt/ros/jazzy DEBUGINFOD_URLS=https://debuginfod.ubuntu.com /usr/bin/cmake --build /home/yama/ros2_ws/build/joysub -- -j1 -l1
[0.409s] [100%] Built target joy_subscriber
[0.449s] Invoked command in '/home/yama/ros2_ws/build/joysub' returned '0': CMAKE_PREFIX_PATH=${CMAKE_PREFIX_PATH}:/opt/ros/jazzy DEBUGINFOD_URLS=https://debuginfod.ubuntu.com /usr/bin/cmake --build /home/yama/ros2_ws/build/joysub -- -j1 -l1
[0.454s] Invoking command in '/home/yama/ros2_ws/build/joysub': CMAKE_PREFIX_PATH=${CMAKE_PREFIX_PATH}:/opt/ros/jazzy DEBUGINFOD_URLS=https://debuginfod.ubuntu.com /usr/bin/cmake --install /home/yama/ros2_ws/build/joysub
[0.468s] -- Install configuration: ""
[0.469s] -- Execute custom install script
[0.473s] -- Up-to-date symlink: /home/yama/ros2_ws/install/joysub/lib/joysub/joy_subscriber
[0.477s] -- Up-to-date symlink: /home/yama/ros2_ws/install/joysub/share/ament_index/resource_index/package_run_dependencies/joysub
[0.479s] -- Up-to-date symlink: /home/yama/ros2_ws/install/joysub/share/ament_index/resource_index/parent_prefix_path/joysub
[0.480s] -- Up-to-date symlink: /home/yama/ros2_ws/install/joysub/share/joysub/environment/ament_prefix_path.sh
[0.480s] -- Up-to-date symlink: /home/yama/ros2_ws/install/joysub/share/joysub/environment/ament_prefix_path.dsv
[0.481s] -- Up-to-date symlink: /home/yama/ros2_ws/install/joysub/share/joysub/environment/path.sh
[0.482s] -- Up-to-date symlink: /home/yama/ros2_ws/install/joysub/share/joysub/environment/path.dsv
[0.483s] -- Up-to-date symlink: /home/yama/ros2_ws/install/joysub/share/joysub/local_setup.bash
[0.483s] -- Up-to-date symlink: /home/yama/ros2_ws/install/joysub/share/joysub/local_setup.sh
[0.484s] -- Up-to-date symlink: /home/yama/ros2_ws/install/joysub/share/joysub/local_setup.zsh
[0.485s] -- Up-to-date symlink: /home/yama/ros2_ws/install/joysub/share/joysub/local_setup.dsv
[0.485s] -- Symlinking: /home/yama/ros2_ws/install/joysub/share/joysub/package.dsv
[0.502s] -- Up-to-date symlink: /home/yama/ros2_ws/install/joysub/share/ament_index/resource_index/packages/joysub
[0.505s] -- Up-to-date symlink: /home/yama/ros2_ws/install/joysub/share/joysub/cmake/joysubConfig.cmake
[0.505s] -- Up-to-date symlink: /home/yama/ros2_ws/install/joysub/share/joysub/cmake/joysubConfig-version.cmake
[0.505s] -- Up-to-date symlink: /home/yama/ros2_ws/install/joysub/share/joysub/package.xml
[0.507s] Invoked command in '/home/yama/ros2_ws/build/joysub' returned '0': CMAKE_PREFIX_PATH=${CMAKE_PREFIX_PATH}:/opt/ros/jazzy DEBUGINFOD_URLS=https://debuginfod.ubuntu.com /usr/bin/cmake --install /home/yama/ros2_ws/build/joysub
