[0.263s] DEBUG:colcon:Command line arguments: ['/usr/bin/colcon', 'build', '--packages-select', 'dynamixeljoy']
[0.263s] DEBUG:colcon:Parsed command line arguments: Namespace(log_base=None, log_level=None, verb_name='build', build_base='build', install_base='install', merge_install=False, symlink_install=False, test_result_base=None, continue_on_error=False, executor='parallel', parallel_workers=1, event_handlers=None, ignore_user_meta=False, metas=['./colcon.meta'], base_paths=['.'], packages_ignore=None, packages_ignore_regex=None, paths=None, packages_up_to=None, packages_up_to_regex=None, packages_above=None, packages_above_and_dependencies=None, packages_above_depth=None, packages_select_by_dep=None, packages_skip_by_dep=None, packages_skip_up_to=None, packages_select_build_failed=False, packages_skip_build_finished=False, packages_select_test_failures=False, packages_skip_test_passed=False, packages_select=['dynamixeljoy'], packages_skip=None, packages_select_regex=None, packages_skip_regex=None, packages_start=None, packages_end=None, allow_overriding=[], cmake_args=None, cmake_target=None, cmake_target_skip_unavailable=False, cmake_clean_cache=False, cmake_clean_first=False, cmake_force_configure=False, ament_cmake_args=None, catkin_cmake_args=None, catkin_skip_building_tests=False, mixin_files=None, mixin=None, verb_parser=<colcon_mixin.mixin.mixin_argument.MixinArgumentDecorator object at 0x7e2c2ef7b4d0>, verb_extension=<colcon_core.verb.build.BuildVerb object at 0x7e2c2f09bad0>, main=<bound method BuildVerb.main of <colcon_core.verb.build.BuildVerb object at 0x7e2c2f09bad0>>, mixin_verb=('build',))
[0.338s] Level 1:colcon.colcon_core.package_discovery:discover_packages(colcon_meta) check parameters
[0.338s] Level 1:colcon.colcon_core.package_discovery:discover_packages(recursive) check parameters
[0.338s] Level 1:colcon.colcon_core.package_discovery:discover_packages(ignore) check parameters
[0.338s] Level 1:colcon.colcon_core.package_discovery:discover_packages(path) check parameters
[0.338s] Level 1:colcon.colcon_core.package_discovery:discover_packages(colcon_meta) discover
[0.338s] Level 1:colcon.colcon_core.package_discovery:discover_packages(recursive) discover
[0.338s] INFO:colcon.colcon_core.package_discovery:Crawling recursively for packages in '/home/yama/ros2_ws/src'
[0.338s] Level 1:colcon.colcon_core.package_identification:_identify(.) by extensions ['ignore', 'ignore_ament_install']
[0.338s] Level 1:colcon.colcon_core.package_identification:_identify(.) by extension 'ignore'
[0.338s] Level 1:colcon.colcon_core.package_identification:_identify(.) by extension 'ignore_ament_install'
[0.339s] Level 1:colcon.colcon_core.package_identification:_identify(.) by extensions ['colcon_pkg']
[0.339s] Level 1:colcon.colcon_core.package_identification:_identify(.) by extension 'colcon_pkg'
[0.339s] Level 1:colcon.colcon_core.package_identification:_identify(.) by extensions ['colcon_meta']
[0.339s] Level 1:colcon.colcon_core.package_identification:_identify(.) by extension 'colcon_meta'
[0.339s] Level 1:colcon.colcon_core.package_identification:_identify(.) by extensions ['ros']
[0.339s] Level 1:colcon.colcon_core.package_identification:_identify(.) by extension 'ros'
[0.420s] Level 1:colcon.colcon_core.package_identification:_identify(.) by extensions ['cmake', 'python']
[0.420s] Level 1:colcon.colcon_core.package_identification:_identify(.) by extension 'cmake'
[0.420s] Level 1:colcon.colcon_core.package_identification:_identify(.) by extension 'python'
[0.420s] Level 1:colcon.colcon_core.package_identification:_identify(.) by extensions ['python_setup_py']
[0.420s] Level 1:colcon.colcon_core.package_identification:_identify(.) by extension 'python_setup_py'
[0.421s] Level 1:colcon.colcon_core.package_identification:_identify(build) by extensions ['ignore', 'ignore_ament_install']
[0.421s] Level 1:colcon.colcon_core.package_identification:_identify(build) by extension 'ignore'
[0.421s] Level 1:colcon.colcon_core.package_identification:_identify(build) ignored
[0.421s] Level 1:colcon.colcon_core.package_identification:_identify(dynamixel_sdk) by extensions ['ignore', 'ignore_ament_install']
[0.421s] Level 1:colcon.colcon_core.package_identification:_identify(dynamixel_sdk) by extension 'ignore'
[0.421s] Level 1:colcon.colcon_core.package_identification:_identify(dynamixel_sdk) by extension 'ignore_ament_install'
[0.421s] Level 1:colcon.colcon_core.package_identification:_identify(dynamixel_sdk) by extensions ['colcon_pkg']
[0.421s] Level 1:colcon.colcon_core.package_identification:_identify(dynamixel_sdk) by extension 'colcon_pkg'
[0.421s] Level 1:colcon.colcon_core.package_identification:_identify(dynamixel_sdk) by extensions ['colcon_meta']
[0.422s] Level 1:colcon.colcon_core.package_identification:_identify(dynamixel_sdk) by extension 'colcon_meta'
[0.422s] Level 1:colcon.colcon_core.package_identification:_identify(dynamixel_sdk) by extensions ['ros']
[0.422s] Level 1:colcon.colcon_core.package_identification:_identify(dynamixel_sdk) by extension 'ros'
[0.430s] DEBUG:colcon.colcon_core.package_identification:Package 'dynamixel_sdk' with type 'ros.ament_cmake' and name 'dynamixel_sdk'
[0.430s] Level 1:colcon.colcon_core.package_identification:_identify(dynamixel_sdk_custom_interfaces) by extensions ['ignore', 'ignore_ament_install']
[0.430s] Level 1:colcon.colcon_core.package_identification:_identify(dynamixel_sdk_custom_interfaces) by extension 'ignore'
[0.430s] Level 1:colcon.colcon_core.package_identification:_identify(dynamixel_sdk_custom_interfaces) by extension 'ignore_ament_install'
[0.430s] Level 1:colcon.colcon_core.package_identification:_identify(dynamixel_sdk_custom_interfaces) by extensions ['colcon_pkg']
[0.430s] Level 1:colcon.colcon_core.package_identification:_identify(dynamixel_sdk_custom_interfaces) by extension 'colcon_pkg'
[0.430s] Level 1:colcon.colcon_core.package_identification:_identify(dynamixel_sdk_custom_interfaces) by extensions ['colcon_meta']
[0.430s] Level 1:colcon.colcon_core.package_identification:_identify(dynamixel_sdk_custom_interfaces) by extension 'colcon_meta'
[0.430s] Level 1:colcon.colcon_core.package_identification:_identify(dynamixel_sdk_custom_interfaces) by extensions ['ros']
[0.430s] Level 1:colcon.colcon_core.package_identification:_identify(dynamixel_sdk_custom_interfaces) by extension 'ros'
[0.431s] DEBUG:colcon.colcon_core.package_identification:Package 'dynamixel_sdk_custom_interfaces' with type 'ros.ament_cmake' and name 'dynamixel_sdk_custom_interfaces'
[0.431s] Level 1:colcon.colcon_core.package_identification:_identify(dynamixel_sdk_examples) by extensions ['ignore', 'ignore_ament_install']
[0.431s] Level 1:colcon.colcon_core.package_identification:_identify(dynamixel_sdk_examples) by extension 'ignore'
[0.431s] Level 1:colcon.colcon_core.package_identification:_identify(dynamixel_sdk_examples) by extension 'ignore_ament_install'
[0.431s] Level 1:colcon.colcon_core.package_identification:_identify(dynamixel_sdk_examples) by extensions ['colcon_pkg']
[0.431s] Level 1:colcon.colcon_core.package_identification:_identify(dynamixel_sdk_examples) by extension 'colcon_pkg'
[0.431s] Level 1:colcon.colcon_core.package_identification:_identify(dynamixel_sdk_examples) by extensions ['colcon_meta']
[0.431s] Level 1:colcon.colcon_core.package_identification:_identify(dynamixel_sdk_examples) by extension 'colcon_meta'
[0.431s] Level 1:colcon.colcon_core.package_identification:_identify(dynamixel_sdk_examples) by extensions ['ros']
[0.431s] Level 1:colcon.colcon_core.package_identification:_identify(dynamixel_sdk_examples) by extension 'ros'
[0.432s] DEBUG:colcon.colcon_core.package_identification:Package 'dynamixel_sdk_examples' with type 'ros.ament_cmake' and name 'dynamixel_sdk_examples'
[0.432s] Level 1:colcon.colcon_core.package_identification:_identify(dynamixeljoy) by extensions ['ignore', 'ignore_ament_install']
[0.432s] Level 1:colcon.colcon_core.package_identification:_identify(dynamixeljoy) by extension 'ignore'
[0.432s] Level 1:colcon.colcon_core.package_identification:_identify(dynamixeljoy) by extension 'ignore_ament_install'
[0.432s] Level 1:colcon.colcon_core.package_identification:_identify(dynamixeljoy) by extensions ['colcon_pkg']
[0.432s] Level 1:colcon.colcon_core.package_identification:_identify(dynamixeljoy) by extension 'colcon_pkg'
[0.433s] Level 1:colcon.colcon_core.package_identification:_identify(dynamixeljoy) by extensions ['colcon_meta']
[0.433s] Level 1:colcon.colcon_core.package_identification:_identify(dynamixeljoy) by extension 'colcon_meta'
[0.433s] Level 1:colcon.colcon_core.package_identification:_identify(dynamixeljoy) by extensions ['ros']
[0.433s] Level 1:colcon.colcon_core.package_identification:_identify(dynamixeljoy) by extension 'ros'
[0.433s] DEBUG:colcon.colcon_core.package_identification:Package 'dynamixeljoy' with type 'ros.ament_cmake' and name 'dynamixeljoy'
[0.433s] Level 1:colcon.colcon_core.package_identification:_identify(exmple_dynamixel_cpp) by extensions ['ignore', 'ignore_ament_install']
[0.435s] Level 1:colcon.colcon_core.package_identification:_identify(exmple_dynamixel_cpp) by extension 'ignore'
[0.435s] Level 1:colcon.colcon_core.package_identification:_identify(exmple_dynamixel_cpp) by extension 'ignore_ament_install'
[0.435s] Level 1:colcon.colcon_core.package_identification:_identify(exmple_dynamixel_cpp) by extensions ['colcon_pkg']
[0.435s] Level 1:colcon.colcon_core.package_identification:_identify(exmple_dynamixel_cpp) by extension 'colcon_pkg'
[0.435s] Level 1:colcon.colcon_core.package_identification:_identify(exmple_dynamixel_cpp) by extensions ['colcon_meta']
[0.435s] Level 1:colcon.colcon_core.package_identification:_identify(exmple_dynamixel_cpp) by extension 'colcon_meta'
[0.435s] Level 1:colcon.colcon_core.package_identification:_identify(exmple_dynamixel_cpp) by extensions ['ros']
[0.435s] Level 1:colcon.colcon_core.package_identification:_identify(exmple_dynamixel_cpp) by extension 'ros'
[0.435s] DEBUG:colcon.colcon_core.package_identification:Package 'exmple_dynamixel_cpp' with type 'ros.ament_cmake' and name 'exmple_dynamixel_cpp'
[0.435s] Level 1:colcon.colcon_core.package_identification:_identify(install) by extensions ['ignore', 'ignore_ament_install']
[0.435s] Level 1:colcon.colcon_core.package_identification:_identify(install) by extension 'ignore'
[0.436s] Level 1:colcon.colcon_core.package_identification:_identify(install) ignored
[0.436s] Level 1:colcon.colcon_core.package_identification:_identify(joysub) by extensions ['ignore', 'ignore_ament_install']
[0.436s] Level 1:colcon.colcon_core.package_identification:_identify(joysub) by extension 'ignore'
[0.436s] Level 1:colcon.colcon_core.package_identification:_identify(joysub) by extension 'ignore_ament_install'
[0.436s] Level 1:colcon.colcon_core.package_identification:_identify(joysub) by extensions ['colcon_pkg']
[0.436s] Level 1:colcon.colcon_core.package_identification:_identify(joysub) by extension 'colcon_pkg'
[0.436s] Level 1:colcon.colcon_core.package_identification:_identify(joysub) by extensions ['colcon_meta']
[0.436s] Level 1:colcon.colcon_core.package_identification:_identify(joysub) by extension 'colcon_meta'
[0.436s] Level 1:colcon.colcon_core.package_identification:_identify(joysub) by extensions ['ros']
[0.436s] Level 1:colcon.colcon_core.package_identification:_identify(joysub) by extension 'ros'
[0.436s] DEBUG:colcon.colcon_core.package_identification:Package 'joysub' with type 'ros.ament_cmake' and name 'joysub'
[0.436s] Level 1:colcon.colcon_core.package_identification:_identify(log) by extensions ['ignore', 'ignore_ament_install']
[0.436s] Level 1:colcon.colcon_core.package_identification:_identify(log) by extension 'ignore'
[0.437s] Level 1:colcon.colcon_core.package_identification:_identify(log) ignored
[0.437s] Level 1:colcon.colcon_core.package_discovery:discover_packages(recursive) using defaults
[0.437s] Level 1:colcon.colcon_core.package_discovery:discover_packages(ignore) discover
[0.437s] Level 1:colcon.colcon_core.package_discovery:discover_packages(ignore) using defaults
[0.437s] Level 1:colcon.colcon_core.package_discovery:discover_packages(path) discover
[0.437s] Level 1:colcon.colcon_core.package_discovery:discover_packages(path) using defaults
[0.459s] INFO:colcon.colcon_core.package_selection:Skipping not selected package 'dynamixel_sdk' in 'dynamixel_sdk'
[0.459s] INFO:colcon.colcon_core.package_selection:Skipping not selected package 'dynamixel_sdk_custom_interfaces' in 'dynamixel_sdk_custom_interfaces'
[0.460s] INFO:colcon.colcon_core.package_selection:Skipping not selected package 'exmple_dynamixel_cpp' in 'exmple_dynamixel_cpp'
[0.460s] INFO:colcon.colcon_core.package_selection:Skipping not selected package 'joysub' in 'joysub'
[0.460s] INFO:colcon.colcon_core.package_selection:Skipping not selected package 'dynamixel_sdk_examples' in 'dynamixel_sdk_examples'
[0.460s] Level 1:colcon.colcon_core.package_discovery:discover_packages(prefix_path) check parameters
[0.460s] Level 1:colcon.colcon_core.package_discovery:discover_packages(prefix_path) discover
[0.462s] DEBUG:colcon.colcon_installed_package_information.package_discovery:Found 289 installed packages in /opt/ros/jazzy
[0.463s] Level 1:colcon.colcon_core.package_discovery:discover_packages(prefix_path) using defaults
[0.497s] Level 5:colcon.colcon_core.verb:set package 'dynamixeljoy' build argument 'cmake_args' from command line to 'None'
[0.497s] Level 5:colcon.colcon_core.verb:set package 'dynamixeljoy' build argument 'cmake_target' from command line to 'None'
[0.497s] Level 5:colcon.colcon_core.verb:set package 'dynamixeljoy' build argument 'cmake_target_skip_unavailable' from command line to 'False'
[0.497s] Level 5:colcon.colcon_core.verb:set package 'dynamixeljoy' build argument 'cmake_clean_cache' from command line to 'False'
[0.497s] Level 5:colcon.colcon_core.verb:set package 'dynamixeljoy' build argument 'cmake_clean_first' from command line to 'False'
[0.497s] Level 5:colcon.colcon_core.verb:set package 'dynamixeljoy' build argument 'cmake_force_configure' from command line to 'False'
[0.497s] Level 5:colcon.colcon_core.verb:set package 'dynamixeljoy' build argument 'ament_cmake_args' from command line to 'None'
[0.497s] Level 5:colcon.colcon_core.verb:set package 'dynamixeljoy' build argument 'catkin_cmake_args' from command line to 'None'
[0.497s] Level 5:colcon.colcon_core.verb:set package 'dynamixeljoy' build argument 'catkin_skip_building_tests' from command line to 'False'
[0.497s] DEBUG:colcon.colcon_core.verb:Building package 'dynamixeljoy' with the following arguments: {'ament_cmake_args': None, 'build_base': '/home/yama/ros2_ws/src/build/dynamixeljoy', 'catkin_cmake_args': None, 'catkin_skip_building_tests': False, 'cmake_args': None, 'cmake_clean_cache': False, 'cmake_clean_first': False, 'cmake_force_configure': False, 'cmake_target': None, 'cmake_target_skip_unavailable': False, 'install_base': '/home/yama/ros2_ws/src/install/dynamixeljoy', 'merge_install': False, 'path': '/home/yama/ros2_ws/src/dynamixeljoy', 'symlink_install': False, 'test_result_base': None}
[0.498s] INFO:colcon.colcon_core.executor:Executing jobs using 'parallel' executor
[0.504s] DEBUG:colcon.colcon_parallel_executor.executor.parallel:run_until_complete
[0.504s] INFO:colcon.colcon_ros.task.ament_cmake.build:Building ROS package in '/home/yama/ros2_ws/src/dynamixeljoy' with build type 'ament_cmake'
[0.504s] INFO:colcon.colcon_cmake.task.cmake.build:Building CMake package in '/home/yama/ros2_ws/src/dynamixeljoy'
[0.509s] INFO:colcon.colcon_core.plugin_system:Skipping extension 'colcon_core.shell.bat': Not used on non-Windows systems
[0.510s] INFO:colcon.colcon_core.shell:Skip shell extension 'powershell' for command environment: Not usable outside of PowerShell
[0.510s] DEBUG:colcon.colcon_core.shell:Skip shell extension 'dsv' for command environment
[0.532s] DEBUG:colcon.colcon_core.event_handler.log_command:Invoking command in '/home/yama/ros2_ws/src/build/dynamixeljoy': CMAKE_PREFIX_PATH=${CMAKE_PREFIX_PATH}:/opt/ros/jazzy DEBUGINFOD_URLS=https://debuginfod.ubuntu.com /usr/bin/cmake /home/yama/ros2_ws/src/dynamixeljoy -DCMAKE_INSTALL_PREFIX=/home/yama/ros2_ws/src/install/dynamixeljoy
[3.668s] DEBUG:colcon.colcon_core.event_handler.log_command:Invoked command in '/home/yama/ros2_ws/src/build/dynamixeljoy' returned '0': CMAKE_PREFIX_PATH=${CMAKE_PREFIX_PATH}:/opt/ros/jazzy DEBUGINFOD_URLS=https://debuginfod.ubuntu.com /usr/bin/cmake /home/yama/ros2_ws/src/dynamixeljoy -DCMAKE_INSTALL_PREFIX=/home/yama/ros2_ws/src/install/dynamixeljoy
[3.669s] DEBUG:colcon.colcon_core.event_handler.log_command:Invoking command in '/home/yama/ros2_ws/src/build/dynamixeljoy': CMAKE_PREFIX_PATH=${CMAKE_PREFIX_PATH}:/opt/ros/jazzy DEBUGINFOD_URLS=https://debuginfod.ubuntu.com /usr/bin/cmake --build /home/yama/ros2_ws/src/build/dynamixeljoy -- -j1 -l1
[20.264s] DEBUG:colcon.colcon_core.event_handler.log_command:Invoked command in '/home/yama/ros2_ws/src/build/dynamixeljoy' returned '0': CMAKE_PREFIX_PATH=${CMAKE_PREFIX_PATH}:/opt/ros/jazzy DEBUGINFOD_URLS=https://debuginfod.ubuntu.com /usr/bin/cmake --build /home/yama/ros2_ws/src/build/dynamixeljoy -- -j1 -l1
[20.291s] DEBUG:colcon.colcon_core.event_handler.log_command:Invoking command in '/home/yama/ros2_ws/src/build/dynamixeljoy': CMAKE_PREFIX_PATH=${CMAKE_PREFIX_PATH}:/opt/ros/jazzy DEBUGINFOD_URLS=https://debuginfod.ubuntu.com /usr/bin/cmake --install /home/yama/ros2_ws/src/build/dynamixeljoy
[20.317s] Level 1:colcon.colcon_core.environment:create_environment_scripts_only(dynamixeljoy)
[20.318s] DEBUG:colcon.colcon_core.event_handler.log_command:Invoked command in '/home/yama/ros2_ws/src/build/dynamixeljoy' returned '0': CMAKE_PREFIX_PATH=${CMAKE_PREFIX_PATH}:/opt/ros/jazzy DEBUGINFOD_URLS=https://debuginfod.ubuntu.com /usr/bin/cmake --install /home/yama/ros2_ws/src/build/dynamixeljoy
[20.320s] Level 1:colcon.colcon_core.environment:checking '/home/yama/ros2_ws/src/install/dynamixeljoy' for CMake module files
[20.321s] Level 1:colcon.colcon_core.environment:checking '/home/yama/ros2_ws/src/install/dynamixeljoy' for CMake config files
[20.321s] Level 1:colcon.colcon_core.shell:create_environment_hook('dynamixeljoy', 'cmake_prefix_path')
[20.321s] INFO:colcon.colcon_core.shell:Creating environment hook '/home/yama/ros2_ws/src/install/dynamixeljoy/share/dynamixeljoy/hook/cmake_prefix_path.ps1'
[20.322s] INFO:colcon.colcon_core.shell:Creating environment descriptor '/home/yama/ros2_ws/src/install/dynamixeljoy/share/dynamixeljoy/hook/cmake_prefix_path.dsv'
[20.323s] INFO:colcon.colcon_core.shell:Creating environment hook '/home/yama/ros2_ws/src/install/dynamixeljoy/share/dynamixeljoy/hook/cmake_prefix_path.sh'
[20.333s] Level 1:colcon.colcon_core.environment:checking '/home/yama/ros2_ws/src/install/dynamixeljoy/lib'
[20.334s] Level 1:colcon.colcon_core.environment:checking '/home/yama/ros2_ws/src/install/dynamixeljoy/bin'
[20.334s] Level 1:colcon.colcon_core.environment:checking '/home/yama/ros2_ws/src/install/dynamixeljoy/lib/pkgconfig/dynamixeljoy.pc'
[20.334s] Level 1:colcon.colcon_core.environment:checking '/home/yama/ros2_ws/src/install/dynamixeljoy/lib/python3.12/site-packages'
[20.339s] Level 1:colcon.colcon_core.environment:checking '/home/yama/ros2_ws/src/install/dynamixeljoy/bin'
[20.340s] INFO:colcon.colcon_core.shell:Creating package script '/home/yama/ros2_ws/src/install/dynamixeljoy/share/dynamixeljoy/package.ps1'
[20.341s] INFO:colcon.colcon_core.shell:Creating package descriptor '/home/yama/ros2_ws/src/install/dynamixeljoy/share/dynamixeljoy/package.dsv'
[20.345s] INFO:colcon.colcon_core.shell:Creating package script '/home/yama/ros2_ws/src/install/dynamixeljoy/share/dynamixeljoy/package.sh'
[20.346s] INFO:colcon.colcon_core.shell:Creating package script '/home/yama/ros2_ws/src/install/dynamixeljoy/share/dynamixeljoy/package.bash'
[20.347s] INFO:colcon.colcon_core.shell:Creating package script '/home/yama/ros2_ws/src/install/dynamixeljoy/share/dynamixeljoy/package.zsh'
[20.348s] Level 1:colcon.colcon_core.environment:create_file_with_runtime_dependencies(/home/yama/ros2_ws/src/install/dynamixeljoy/share/colcon-core/packages/dynamixeljoy)
[20.348s] Level 1:colcon.colcon_core.environment:create_environment_scripts_only(dynamixeljoy)
[20.349s] Level 1:colcon.colcon_core.environment:checking '/home/yama/ros2_ws/src/install/dynamixeljoy' for CMake module files
[20.349s] Level 1:colcon.colcon_core.environment:checking '/home/yama/ros2_ws/src/install/dynamixeljoy' for CMake config files
[20.349s] Level 1:colcon.colcon_core.shell:create_environment_hook('dynamixeljoy', 'cmake_prefix_path')
[20.349s] INFO:colcon.colcon_core.shell:Creating environment hook '/home/yama/ros2_ws/src/install/dynamixeljoy/share/dynamixeljoy/hook/cmake_prefix_path.ps1'
[20.356s] INFO:colcon.colcon_core.shell:Creating environment descriptor '/home/yama/ros2_ws/src/install/dynamixeljoy/share/dynamixeljoy/hook/cmake_prefix_path.dsv'
[20.368s] INFO:colcon.colcon_core.shell:Creating environment hook '/home/yama/ros2_ws/src/install/dynamixeljoy/share/dynamixeljoy/hook/cmake_prefix_path.sh'
[20.370s] Level 1:colcon.colcon_core.environment:checking '/home/yama/ros2_ws/src/install/dynamixeljoy/lib'
[20.370s] Level 1:colcon.colcon_core.environment:checking '/home/yama/ros2_ws/src/install/dynamixeljoy/bin'
[20.370s] Level 1:colcon.colcon_core.environment:checking '/home/yama/ros2_ws/src/install/dynamixeljoy/lib/pkgconfig/dynamixeljoy.pc'
[20.371s] Level 1:colcon.colcon_core.environment:checking '/home/yama/ros2_ws/src/install/dynamixeljoy/lib/python3.12/site-packages'
[20.371s] Level 1:colcon.colcon_core.environment:checking '/home/yama/ros2_ws/src/install/dynamixeljoy/bin'
[20.371s] INFO:colcon.colcon_core.shell:Creating package script '/home/yama/ros2_ws/src/install/dynamixeljoy/share/dynamixeljoy/package.ps1'
[20.373s] INFO:colcon.colcon_core.shell:Creating package descriptor '/home/yama/ros2_ws/src/install/dynamixeljoy/share/dynamixeljoy/package.dsv'
[20.375s] INFO:colcon.colcon_core.shell:Creating package script '/home/yama/ros2_ws/src/install/dynamixeljoy/share/dynamixeljoy/package.sh'
[20.384s] INFO:colcon.colcon_core.shell:Creating package script '/home/yama/ros2_ws/src/install/dynamixeljoy/share/dynamixeljoy/package.bash'
[20.386s] INFO:colcon.colcon_core.shell:Creating package script '/home/yama/ros2_ws/src/install/dynamixeljoy/share/dynamixeljoy/package.zsh'
[20.389s] Level 1:colcon.colcon_core.environment:create_file_with_runtime_dependencies(/home/yama/ros2_ws/src/install/dynamixeljoy/share/colcon-core/packages/dynamixeljoy)
[20.390s] DEBUG:colcon.colcon_parallel_executor.executor.parallel:closing loop
[20.391s] DEBUG:colcon.colcon_parallel_executor.executor.parallel:loop closed
[20.391s] DEBUG:colcon.colcon_parallel_executor.executor.parallel:run_until_complete finished with '0'
[20.391s] DEBUG:colcon.colcon_core.event_reactor:joining thread
[20.489s] INFO:colcon.colcon_core.plugin_system:Skipping extension 'colcon_notification.desktop_notification.terminal_notifier': Not used on non-Darwin systems
[20.489s] INFO:colcon.colcon_core.plugin_system:Skipping extension 'colcon_notification.desktop_notification.win32': Not used on non-Windows systems
[20.489s] INFO:colcon.colcon_notification.desktop_notification:Sending desktop notification using 'notify2'
[20.521s] DEBUG:colcon.colcon_core.event_reactor:joined thread
[20.522s] INFO:colcon.colcon_core.shell:Creating prefix script '/home/yama/ros2_ws/src/install/local_setup.ps1'
[20.533s] INFO:colcon.colcon_core.shell:Creating prefix util module '/home/yama/ros2_ws/src/install/_local_setup_util_ps1.py'
[20.538s] INFO:colcon.colcon_core.shell:Creating prefix chain script '/home/yama/ros2_ws/src/install/setup.ps1'
[20.539s] INFO:colcon.colcon_core.shell:Creating prefix script '/home/yama/ros2_ws/src/install/local_setup.sh'
[20.541s] INFO:colcon.colcon_core.shell:Creating prefix util module '/home/yama/ros2_ws/src/install/_local_setup_util_sh.py'
[20.542s] INFO:colcon.colcon_core.shell:Creating prefix chain script '/home/yama/ros2_ws/src/install/setup.sh'
[20.543s] INFO:colcon.colcon_core.shell:Creating prefix script '/home/yama/ros2_ws/src/install/local_setup.bash'
[20.553s] INFO:colcon.colcon_core.shell:Creating prefix chain script '/home/yama/ros2_ws/src/install/setup.bash'
[20.558s] INFO:colcon.colcon_core.shell:Creating prefix script '/home/yama/ros2_ws/src/install/local_setup.zsh'
[20.559s] INFO:colcon.colcon_core.shell:Creating prefix chain script '/home/yama/ros2_ws/src/install/setup.zsh'
