[0.007s] Invoking command in '/home/yama/ros2_ws/build/exmple_dynamixel_cpp': CMAKE_PREFIX_PATH=${CMAKE_PREFIX_PATH}:/opt/ros/jazzy DEBUGINFOD_URLS=https://debuginfod.ubuntu.com /usr/bin/cmake --build /home/yama/ros2_ws/build/exmple_dynamixel_cpp -- -j1 -l1
[0.119s] [ 50%] [32mBuilding CXX object CMakeFiles/dynamixel_controller.dir/src/dynamixel_controller.cpp.o[0m
[3.294s] [100%] [32m[1mLinking CXX executable dynamixel_controller[0m
[3.430s] [100%] Built target dynamixel_controller
[3.440s] Invoked command in '/home/yama/ros2_ws/build/exmple_dynamixel_cpp' returned '0': CMAKE_PREFIX_PATH=${CMAKE_PREFIX_PATH}:/opt/ros/jazzy DEBUGINFOD_URLS=https://debuginfod.ubuntu.com /usr/bin/cmake --build /home/yama/ros2_ws/build/exmple_dynamixel_cpp -- -j1 -l1
[3.451s] Invoking command in '/home/yama/ros2_ws/build/exmple_dynamixel_cpp': CMAKE_PREFIX_PATH=${CMAKE_PREFIX_PATH}:/opt/ros/jazzy DEBUGINFOD_URLS=https://debuginfod.ubuntu.com /usr/bin/cmake --install /home/yama/ros2_ws/build/exmple_dynamixel_cpp
[3.461s] -- Install configuration: ""
[3.462s] -- Installing: /home/yama/ros2_ws/install/exmple_dynamixel_cpp/lib/exmple_dynamixel_cpp/dynamixel_controller
[3.462s] -- Set non-toolchain portion of runtime path of "/home/yama/ros2_ws/install/exmple_dynamixel_cpp/lib/exmple_dynamixel_cpp/dynamixel_controller" to ""
[3.462s] -- Up-to-date: /home/yama/ros2_ws/install/exmple_dynamixel_cpp/share/ament_index/resource_index/package_run_dependencies/exmple_dynamixel_cpp
[3.462s] -- Up-to-date: /home/yama/ros2_ws/install/exmple_dynamixel_cpp/share/ament_index/resource_index/parent_prefix_path/exmple_dynamixel_cpp
[3.462s] -- Up-to-date: /home/yama/ros2_ws/install/exmple_dynamixel_cpp/share/exmple_dynamixel_cpp/environment/ament_prefix_path.sh
[3.463s] -- Up-to-date: /home/yama/ros2_ws/install/exmple_dynamixel_cpp/share/exmple_dynamixel_cpp/environment/ament_prefix_path.dsv
[3.463s] -- Up-to-date: /home/yama/ros2_ws/install/exmple_dynamixel_cpp/share/exmple_dynamixel_cpp/environment/path.sh
[3.463s] -- Up-to-date: /home/yama/ros2_ws/install/exmple_dynamixel_cpp/share/exmple_dynamixel_cpp/environment/path.dsv
[3.463s] -- Up-to-date: /home/yama/ros2_ws/install/exmple_dynamixel_cpp/share/exmple_dynamixel_cpp/local_setup.bash
[3.463s] -- Up-to-date: /home/yama/ros2_ws/install/exmple_dynamixel_cpp/share/exmple_dynamixel_cpp/local_setup.sh
[3.463s] -- Up-to-date: /home/yama/ros2_ws/install/exmple_dynamixel_cpp/share/exmple_dynamixel_cpp/local_setup.zsh
[3.463s] -- Up-to-date: /home/yama/ros2_ws/install/exmple_dynamixel_cpp/share/exmple_dynamixel_cpp/local_setup.dsv
[3.463s] -- Installing: /home/yama/ros2_ws/install/exmple_dynamixel_cpp/share/exmple_dynamixel_cpp/package.dsv
[3.463s] -- Up-to-date: /home/yama/ros2_ws/install/exmple_dynamixel_cpp/share/ament_index/resource_index/packages/exmple_dynamixel_cpp
[3.464s] -- Up-to-date: /home/yama/ros2_ws/install/exmple_dynamixel_cpp/share/exmple_dynamixel_cpp/cmake/exmple_dynamixel_cppConfig.cmake
[3.464s] -- Up-to-date: /home/yama/ros2_ws/install/exmple_dynamixel_cpp/share/exmple_dynamixel_cpp/cmake/exmple_dynamixel_cppConfig-version.cmake
[3.465s] -- Up-to-date: /home/yama/ros2_ws/install/exmple_dynamixel_cpp/share/exmple_dynamixel_cpp/package.xml
[3.466s] Invoked command in '/home/yama/ros2_ws/build/exmple_dynamixel_cpp' returned '0': CMAKE_PREFIX_PATH=${CMAKE_PREFIX_PATH}:/opt/ros/jazzy DEBUGINFOD_URLS=https://debuginfod.ubuntu.com /usr/bin/cmake --install /home/yama/ros2_ws/build/exmple_dynamixel_cpp
