[0.143s] DEBUG:colcon:Command line arguments: ['/usr/bin/colcon', 'build', '--packages-select', 'exmple_dynamixel_cpp']
[0.144s] DEBUG:colcon:Parsed command line arguments: Namespace(log_base=None, log_level=None, verb_name='build', build_base='build', install_base='install', merge_install=False, symlink_install=False, test_result_base=None, continue_on_error=False, executor='parallel', parallel_workers=1, event_handlers=None, ignore_user_meta=False, metas=['./colcon.meta'], base_paths=['.'], packages_ignore=None, packages_ignore_regex=None, paths=None, packages_up_to=None, packages_up_to_regex=None, packages_above=None, packages_above_and_dependencies=None, packages_above_depth=None, packages_select_by_dep=None, packages_skip_by_dep=None, packages_skip_up_to=None, packages_select_build_failed=False, packages_skip_build_finished=False, packages_select_test_failures=False, packages_skip_test_passed=False, packages_select=['exmple_dynamixel_cpp'], packages_skip=None, packages_select_regex=None, packages_skip_regex=None, packages_start=None, packages_end=None, allow_overriding=[], cmake_args=None, cmake_target=None, cmake_target_skip_unavailable=False, cmake_clean_cache=False, cmake_clean_first=False, cmake_force_configure=False, ament_cmake_args=None, catkin_cmake_args=None, catkin_skip_building_tests=False, mixin_files=None, mixin=None, verb_parser=<colcon_mixin.mixin.mixin_argument.MixinArgumentDecorator object at 0x70c07f087530>, verb_extension=<colcon_core.verb.build.BuildVerb object at 0x70c07f1a7c80>, main=<bound method BuildVerb.main of <colcon_core.verb.build.BuildVerb object at 0x70c07f1a7c80>>, mixin_verb=('build',))
[0.194s] Level 1:colcon.colcon_core.package_discovery:discover_packages(colcon_meta) check parameters
[0.194s] Level 1:colcon.colcon_core.package_discovery:discover_packages(recursive) check parameters
[0.194s] Level 1:colcon.colcon_core.package_discovery:discover_packages(ignore) check parameters
[0.194s] Level 1:colcon.colcon_core.package_discovery:discover_packages(path) check parameters
[0.194s] Level 1:colcon.colcon_core.package_discovery:discover_packages(colcon_meta) discover
[0.194s] Level 1:colcon.colcon_core.package_discovery:discover_packages(recursive) discover
[0.194s] INFO:colcon.colcon_core.package_discovery:Crawling recursively for packages in '/home/yama/ros2_ws'
[0.194s] Level 1:colcon.colcon_core.package_identification:_identify(.) by extensions ['ignore', 'ignore_ament_install']
[0.194s] Level 1:colcon.colcon_core.package_identification:_identify(.) by extension 'ignore'
[0.194s] Level 1:colcon.colcon_core.package_identification:_identify(.) by extension 'ignore_ament_install'
[0.195s] Level 1:colcon.colcon_core.package_identification:_identify(.) by extensions ['colcon_pkg']
[0.195s] Level 1:colcon.colcon_core.package_identification:_identify(.) by extension 'colcon_pkg'
[0.195s] Level 1:colcon.colcon_core.package_identification:_identify(.) by extensions ['colcon_meta']
[0.195s] Level 1:colcon.colcon_core.package_identification:_identify(.) by extension 'colcon_meta'
[0.195s] Level 1:colcon.colcon_core.package_identification:_identify(.) by extensions ['ros']
[0.195s] Level 1:colcon.colcon_core.package_identification:_identify(.) by extension 'ros'
[0.232s] Level 1:colcon.colcon_core.package_identification:_identify(.) by extensions ['cmake', 'python']
[0.232s] Level 1:colcon.colcon_core.package_identification:_identify(.) by extension 'cmake'
[0.232s] Level 1:colcon.colcon_core.package_identification:_identify(.) by extension 'python'
[0.232s] Level 1:colcon.colcon_core.package_identification:_identify(.) by extensions ['python_setup_py']
[0.233s] Level 1:colcon.colcon_core.package_identification:_identify(.) by extension 'python_setup_py'
[0.233s] Level 1:colcon.colcon_core.package_identification:_identify(build) by extensions ['ignore', 'ignore_ament_install']
[0.233s] Level 1:colcon.colcon_core.package_identification:_identify(build) by extension 'ignore'
[0.233s] Level 1:colcon.colcon_core.package_identification:_identify(build) ignored
[0.233s] Level 1:colcon.colcon_core.package_identification:_identify(install) by extensions ['ignore', 'ignore_ament_install']
[0.233s] Level 1:colcon.colcon_core.package_identification:_identify(install) by extension 'ignore'
[0.233s] Level 1:colcon.colcon_core.package_identification:_identify(install) ignored
[0.233s] Level 1:colcon.colcon_core.package_identification:_identify(log) by extensions ['ignore', 'ignore_ament_install']
[0.233s] Level 1:colcon.colcon_core.package_identification:_identify(log) by extension 'ignore'
[0.234s] Level 1:colcon.colcon_core.package_identification:_identify(log) ignored
[0.234s] Level 1:colcon.colcon_core.package_identification:_identify(src) by extensions ['ignore', 'ignore_ament_install']
[0.234s] Level 1:colcon.colcon_core.package_identification:_identify(src) by extension 'ignore'
[0.234s] Level 1:colcon.colcon_core.package_identification:_identify(src) by extension 'ignore_ament_install'
[0.234s] Level 1:colcon.colcon_core.package_identification:_identify(src) by extensions ['colcon_pkg']
[0.234s] Level 1:colcon.colcon_core.package_identification:_identify(src) by extension 'colcon_pkg'
[0.234s] Level 1:colcon.colcon_core.package_identification:_identify(src) by extensions ['colcon_meta']
[0.234s] Level 1:colcon.colcon_core.package_identification:_identify(src) by extension 'colcon_meta'
[0.234s] Level 1:colcon.colcon_core.package_identification:_identify(src) by extensions ['ros']
[0.234s] Level 1:colcon.colcon_core.package_identification:_identify(src) by extension 'ros'
[0.234s] Level 1:colcon.colcon_core.package_identification:_identify(src) by extensions ['cmake', 'python']
[0.234s] Level 1:colcon.colcon_core.package_identification:_identify(src) by extension 'cmake'
[0.234s] Level 1:colcon.colcon_core.package_identification:_identify(src) by extension 'python'
[0.234s] Level 1:colcon.colcon_core.package_identification:_identify(src) by extensions ['python_setup_py']
[0.234s] Level 1:colcon.colcon_core.package_identification:_identify(src) by extension 'python_setup_py'
[0.234s] Level 1:colcon.colcon_core.package_identification:_identify(src/build) by extensions ['ignore', 'ignore_ament_install']
[0.234s] Level 1:colcon.colcon_core.package_identification:_identify(src/build) by extension 'ignore'
[0.234s] Level 1:colcon.colcon_core.package_identification:_identify(src/build) ignored
[0.234s] Level 1:colcon.colcon_core.package_identification:_identify(src/dynamixel_sdk) by extensions ['ignore', 'ignore_ament_install']
[0.235s] Level 1:colcon.colcon_core.package_identification:_identify(src/dynamixel_sdk) by extension 'ignore'
[0.235s] Level 1:colcon.colcon_core.package_identification:_identify(src/dynamixel_sdk) by extension 'ignore_ament_install'
[0.235s] Level 1:colcon.colcon_core.package_identification:_identify(src/dynamixel_sdk) by extensions ['colcon_pkg']
[0.235s] Level 1:colcon.colcon_core.package_identification:_identify(src/dynamixel_sdk) by extension 'colcon_pkg'
[0.235s] Level 1:colcon.colcon_core.package_identification:_identify(src/dynamixel_sdk) by extensions ['colcon_meta']
[0.235s] Level 1:colcon.colcon_core.package_identification:_identify(src/dynamixel_sdk) by extension 'colcon_meta'
[0.235s] Level 1:colcon.colcon_core.package_identification:_identify(src/dynamixel_sdk) by extensions ['ros']
[0.235s] Level 1:colcon.colcon_core.package_identification:_identify(src/dynamixel_sdk) by extension 'ros'
[0.239s] DEBUG:colcon.colcon_core.package_identification:Package 'src/dynamixel_sdk' with type 'ros.ament_cmake' and name 'dynamixel_sdk'
[0.239s] Level 1:colcon.colcon_core.package_identification:_identify(src/dynamixel_sdk_custom_interfaces) by extensions ['ignore', 'ignore_ament_install']
[0.239s] Level 1:colcon.colcon_core.package_identification:_identify(src/dynamixel_sdk_custom_interfaces) by extension 'ignore'
[0.240s] Level 1:colcon.colcon_core.package_identification:_identify(src/dynamixel_sdk_custom_interfaces) by extension 'ignore_ament_install'
[0.240s] Level 1:colcon.colcon_core.package_identification:_identify(src/dynamixel_sdk_custom_interfaces) by extensions ['colcon_pkg']
[0.240s] Level 1:colcon.colcon_core.package_identification:_identify(src/dynamixel_sdk_custom_interfaces) by extension 'colcon_pkg'
[0.240s] Level 1:colcon.colcon_core.package_identification:_identify(src/dynamixel_sdk_custom_interfaces) by extensions ['colcon_meta']
[0.240s] Level 1:colcon.colcon_core.package_identification:_identify(src/dynamixel_sdk_custom_interfaces) by extension 'colcon_meta'
[0.240s] Level 1:colcon.colcon_core.package_identification:_identify(src/dynamixel_sdk_custom_interfaces) by extensions ['ros']
[0.240s] Level 1:colcon.colcon_core.package_identification:_identify(src/dynamixel_sdk_custom_interfaces) by extension 'ros'
[0.241s] DEBUG:colcon.colcon_core.package_identification:Package 'src/dynamixel_sdk_custom_interfaces' with type 'ros.ament_cmake' and name 'dynamixel_sdk_custom_interfaces'
[0.241s] Level 1:colcon.colcon_core.package_identification:_identify(src/dynamixel_sdk_examples) by extensions ['ignore', 'ignore_ament_install']
[0.241s] Level 1:colcon.colcon_core.package_identification:_identify(src/dynamixel_sdk_examples) by extension 'ignore'
[0.241s] Level 1:colcon.colcon_core.package_identification:_identify(src/dynamixel_sdk_examples) by extension 'ignore_ament_install'
[0.241s] Level 1:colcon.colcon_core.package_identification:_identify(src/dynamixel_sdk_examples) by extensions ['colcon_pkg']
[0.241s] Level 1:colcon.colcon_core.package_identification:_identify(src/dynamixel_sdk_examples) by extension 'colcon_pkg'
[0.241s] Level 1:colcon.colcon_core.package_identification:_identify(src/dynamixel_sdk_examples) by extensions ['colcon_meta']
[0.241s] Level 1:colcon.colcon_core.package_identification:_identify(src/dynamixel_sdk_examples) by extension 'colcon_meta'
[0.241s] Level 1:colcon.colcon_core.package_identification:_identify(src/dynamixel_sdk_examples) by extensions ['ros']
[0.241s] Level 1:colcon.colcon_core.package_identification:_identify(src/dynamixel_sdk_examples) by extension 'ros'
[0.243s] DEBUG:colcon.colcon_core.package_identification:Package 'src/dynamixel_sdk_examples' with type 'ros.ament_cmake' and name 'dynamixel_sdk_examples'
[0.243s] Level 1:colcon.colcon_core.package_identification:_identify(src/dynamixeljoy) by extensions ['ignore', 'ignore_ament_install']
[0.243s] Level 1:colcon.colcon_core.package_identification:_identify(src/dynamixeljoy) by extension 'ignore'
[0.243s] Level 1:colcon.colcon_core.package_identification:_identify(src/dynamixeljoy) by extension 'ignore_ament_install'
[0.243s] Level 1:colcon.colcon_core.package_identification:_identify(src/dynamixeljoy) by extensions ['colcon_pkg']
[0.243s] Level 1:colcon.colcon_core.package_identification:_identify(src/dynamixeljoy) by extension 'colcon_pkg'
[0.243s] Level 1:colcon.colcon_core.package_identification:_identify(src/dynamixeljoy) by extensions ['colcon_meta']
[0.243s] Level 1:colcon.colcon_core.package_identification:_identify(src/dynamixeljoy) by extension 'colcon_meta'
[0.244s] Level 1:colcon.colcon_core.package_identification:_identify(src/dynamixeljoy) by extensions ['ros']
[0.244s] Level 1:colcon.colcon_core.package_identification:_identify(src/dynamixeljoy) by extension 'ros'
[0.244s] DEBUG:colcon.colcon_core.package_identification:Package 'src/dynamixeljoy' with type 'ros.ament_cmake' and name 'dynamixeljoy'
[0.244s] Level 1:colcon.colcon_core.package_identification:_identify(src/exmple_dynamixel_cpp) by extensions ['ignore', 'ignore_ament_install']
[0.244s] Level 1:colcon.colcon_core.package_identification:_identify(src/exmple_dynamixel_cpp) by extension 'ignore'
[0.244s] Level 1:colcon.colcon_core.package_identification:_identify(src/exmple_dynamixel_cpp) by extension 'ignore_ament_install'
[0.244s] Level 1:colcon.colcon_core.package_identification:_identify(src/exmple_dynamixel_cpp) by extensions ['colcon_pkg']
[0.245s] Level 1:colcon.colcon_core.package_identification:_identify(src/exmple_dynamixel_cpp) by extension 'colcon_pkg'
[0.245s] Level 1:colcon.colcon_core.package_identification:_identify(src/exmple_dynamixel_cpp) by extensions ['colcon_meta']
[0.245s] Level 1:colcon.colcon_core.package_identification:_identify(src/exmple_dynamixel_cpp) by extension 'colcon_meta'
[0.245s] Level 1:colcon.colcon_core.package_identification:_identify(src/exmple_dynamixel_cpp) by extensions ['ros']
[0.245s] Level 1:colcon.colcon_core.package_identification:_identify(src/exmple_dynamixel_cpp) by extension 'ros'
[0.245s] DEBUG:colcon.colcon_core.package_identification:Package 'src/exmple_dynamixel_cpp' with type 'ros.ament_cmake' and name 'exmple_dynamixel_cpp'
[0.246s] Level 1:colcon.colcon_core.package_identification:_identify(src/install) by extensions ['ignore', 'ignore_ament_install']
[0.246s] Level 1:colcon.colcon_core.package_identification:_identify(src/install) by extension 'ignore'
[0.246s] Level 1:colcon.colcon_core.package_identification:_identify(src/install) ignored
[0.246s] Level 1:colcon.colcon_core.package_identification:_identify(src/joyserv) by extensions ['ignore', 'ignore_ament_install']
[0.246s] Level 1:colcon.colcon_core.package_identification:_identify(src/joyserv) by extension 'ignore'
[0.246s] Level 1:colcon.colcon_core.package_identification:_identify(src/joyserv) by extension 'ignore_ament_install'
[0.246s] Level 1:colcon.colcon_core.package_identification:_identify(src/joyserv) by extensions ['colcon_pkg']
[0.246s] Level 1:colcon.colcon_core.package_identification:_identify(src/joyserv) by extension 'colcon_pkg'
[0.246s] Level 1:colcon.colcon_core.package_identification:_identify(src/joyserv) by extensions ['colcon_meta']
[0.246s] Level 1:colcon.colcon_core.package_identification:_identify(src/joyserv) by extension 'colcon_meta'
[0.246s] Level 1:colcon.colcon_core.package_identification:_identify(src/joyserv) by extensions ['ros']
[0.246s] Level 1:colcon.colcon_core.package_identification:_identify(src/joyserv) by extension 'ros'
[0.247s] DEBUG:colcon.colcon_core.package_identification:Package 'src/joyserv' with type 'ros.ament_cmake' and name 'joyserv'
[0.247s] Level 1:colcon.colcon_core.package_identification:_identify(src/joysub) by extensions ['ignore', 'ignore_ament_install']
[0.247s] Level 1:colcon.colcon_core.package_identification:_identify(src/joysub) by extension 'ignore'
[0.247s] Level 1:colcon.colcon_core.package_identification:_identify(src/joysub) by extension 'ignore_ament_install'
[0.247s] Level 1:colcon.colcon_core.package_identification:_identify(src/joysub) by extensions ['colcon_pkg']
[0.247s] Level 1:colcon.colcon_core.package_identification:_identify(src/joysub) by extension 'colcon_pkg'
[0.247s] Level 1:colcon.colcon_core.package_identification:_identify(src/joysub) by extensions ['colcon_meta']
[0.247s] Level 1:colcon.colcon_core.package_identification:_identify(src/joysub) by extension 'colcon_meta'
[0.247s] Level 1:colcon.colcon_core.package_identification:_identify(src/joysub) by extensions ['ros']
[0.247s] Level 1:colcon.colcon_core.package_identification:_identify(src/joysub) by extension 'ros'
[0.248s] DEBUG:colcon.colcon_core.package_identification:Package 'src/joysub' with type 'ros.ament_cmake' and name 'joysub'
[0.248s] Level 1:colcon.colcon_core.package_identification:_identify(src/log) by extensions ['ignore', 'ignore_ament_install']
[0.248s] Level 1:colcon.colcon_core.package_identification:_identify(src/log) by extension 'ignore'
[0.248s] Level 1:colcon.colcon_core.package_identification:_identify(src/log) ignored
[0.248s] Level 1:colcon.colcon_core.package_discovery:discover_packages(recursive) using defaults
[0.248s] Level 1:colcon.colcon_core.package_discovery:discover_packages(ignore) discover
[0.248s] Level 1:colcon.colcon_core.package_discovery:discover_packages(ignore) using defaults
[0.248s] Level 1:colcon.colcon_core.package_discovery:discover_packages(path) discover
[0.248s] Level 1:colcon.colcon_core.package_discovery:discover_packages(path) using defaults
[0.268s] INFO:colcon.colcon_core.package_selection:Skipping not selected package 'dynamixel_sdk' in 'src/dynamixel_sdk'
[0.268s] INFO:colcon.colcon_core.package_selection:Skipping not selected package 'dynamixel_sdk_custom_interfaces' in 'src/dynamixel_sdk_custom_interfaces'
[0.268s] INFO:colcon.colcon_core.package_selection:Skipping not selected package 'dynamixeljoy' in 'src/dynamixeljoy'
[0.268s] INFO:colcon.colcon_core.package_selection:Skipping not selected package 'joyserv' in 'src/joyserv'
[0.268s] INFO:colcon.colcon_core.package_selection:Skipping not selected package 'joysub' in 'src/joysub'
[0.268s] INFO:colcon.colcon_core.package_selection:Skipping not selected package 'dynamixel_sdk_examples' in 'src/dynamixel_sdk_examples'
[0.269s] Level 1:colcon.colcon_core.package_discovery:discover_packages(prefix_path) check parameters
[0.269s] Level 1:colcon.colcon_core.package_discovery:discover_packages(prefix_path) discover
[0.270s] DEBUG:colcon.colcon_installed_package_information.package_discovery:Found 289 installed packages in /opt/ros/jazzy
[0.272s] Level 1:colcon.colcon_core.package_discovery:discover_packages(prefix_path) using defaults
[0.299s] Level 5:colcon.colcon_core.verb:set package 'exmple_dynamixel_cpp' build argument 'cmake_args' from command line to 'None'
[0.299s] Level 5:colcon.colcon_core.verb:set package 'exmple_dynamixel_cpp' build argument 'cmake_target' from command line to 'None'
[0.299s] Level 5:colcon.colcon_core.verb:set package 'exmple_dynamixel_cpp' build argument 'cmake_target_skip_unavailable' from command line to 'False'
[0.299s] Level 5:colcon.colcon_core.verb:set package 'exmple_dynamixel_cpp' build argument 'cmake_clean_cache' from command line to 'False'
[0.299s] Level 5:colcon.colcon_core.verb:set package 'exmple_dynamixel_cpp' build argument 'cmake_clean_first' from command line to 'False'
[0.299s] Level 5:colcon.colcon_core.verb:set package 'exmple_dynamixel_cpp' build argument 'cmake_force_configure' from command line to 'False'
[0.299s] Level 5:colcon.colcon_core.verb:set package 'exmple_dynamixel_cpp' build argument 'ament_cmake_args' from command line to 'None'
[0.299s] Level 5:colcon.colcon_core.verb:set package 'exmple_dynamixel_cpp' build argument 'catkin_cmake_args' from command line to 'None'
[0.299s] Level 5:colcon.colcon_core.verb:set package 'exmple_dynamixel_cpp' build argument 'catkin_skip_building_tests' from command line to 'False'
[0.299s] DEBUG:colcon.colcon_core.verb:Building package 'exmple_dynamixel_cpp' with the following arguments: {'ament_cmake_args': None, 'build_base': '/home/yama/ros2_ws/build/exmple_dynamixel_cpp', 'catkin_cmake_args': None, 'catkin_skip_building_tests': False, 'cmake_args': None, 'cmake_clean_cache': False, 'cmake_clean_first': False, 'cmake_force_configure': False, 'cmake_target': None, 'cmake_target_skip_unavailable': False, 'install_base': '/home/yama/ros2_ws/install/exmple_dynamixel_cpp', 'merge_install': False, 'path': '/home/yama/ros2_ws/src/exmple_dynamixel_cpp', 'symlink_install': False, 'test_result_base': None}
[0.299s] INFO:colcon.colcon_core.executor:Executing jobs using 'parallel' executor
[0.301s] DEBUG:colcon.colcon_parallel_executor.executor.parallel:run_until_complete
[0.301s] INFO:colcon.colcon_ros.task.ament_cmake.build:Building ROS package in '/home/yama/ros2_ws/src/exmple_dynamixel_cpp' with build type 'ament_cmake'
[0.301s] INFO:colcon.colcon_cmake.task.cmake.build:Building CMake package in '/home/yama/ros2_ws/src/exmple_dynamixel_cpp'
[0.302s] INFO:colcon.colcon_core.plugin_system:Skipping extension 'colcon_core.shell.bat': Not used on non-Windows systems
[0.302s] INFO:colcon.colcon_core.shell:Skip shell extension 'powershell' for command environment: Not usable outside of PowerShell
[0.302s] DEBUG:colcon.colcon_core.shell:Skip shell extension 'dsv' for command environment
[0.339s] DEBUG:colcon.colcon_core.event_handler.log_command:Invoking command in '/home/yama/ros2_ws/build/exmple_dynamixel_cpp': CMAKE_PREFIX_PATH=${CMAKE_PREFIX_PATH}:/opt/ros/jazzy DEBUGINFOD_URLS=https://debuginfod.ubuntu.com /usr/bin/cmake --build /home/yama/ros2_ws/build/exmple_dynamixel_cpp -- -j1 -l1
[6.896s] DEBUG:colcon.colcon_core.event_handler.log_command:Invoked command in '/home/yama/ros2_ws/build/exmple_dynamixel_cpp' returned '0': CMAKE_PREFIX_PATH=${CMAKE_PREFIX_PATH}:/opt/ros/jazzy DEBUGINFOD_URLS=https://debuginfod.ubuntu.com /usr/bin/cmake --build /home/yama/ros2_ws/build/exmple_dynamixel_cpp -- -j1 -l1
[6.913s] DEBUG:colcon.colcon_core.event_handler.log_command:Invoking command in '/home/yama/ros2_ws/build/exmple_dynamixel_cpp': CMAKE_PREFIX_PATH=${CMAKE_PREFIX_PATH}:/opt/ros/jazzy DEBUGINFOD_URLS=https://debuginfod.ubuntu.com /usr/bin/cmake --install /home/yama/ros2_ws/build/exmple_dynamixel_cpp
[6.989s] Level 1:colcon.colcon_core.environment:create_environment_scripts_only(exmple_dynamixel_cpp)
[6.989s] DEBUG:colcon.colcon_core.event_handler.log_command:Invoked command in '/home/yama/ros2_ws/build/exmple_dynamixel_cpp' returned '0': CMAKE_PREFIX_PATH=${CMAKE_PREFIX_PATH}:/opt/ros/jazzy DEBUGINFOD_URLS=https://debuginfod.ubuntu.com /usr/bin/cmake --install /home/yama/ros2_ws/build/exmple_dynamixel_cpp
[6.992s] Level 1:colcon.colcon_core.environment:checking '/home/yama/ros2_ws/install/exmple_dynamixel_cpp' for CMake module files
[6.993s] Level 1:colcon.colcon_core.environment:checking '/home/yama/ros2_ws/install/exmple_dynamixel_cpp' for CMake config files
[6.993s] Level 1:colcon.colcon_core.shell:create_environment_hook('exmple_dynamixel_cpp', 'cmake_prefix_path')
[6.993s] INFO:colcon.colcon_core.shell:Creating environment hook '/home/yama/ros2_ws/install/exmple_dynamixel_cpp/share/exmple_dynamixel_cpp/hook/cmake_prefix_path.ps1'
[7.002s] INFO:colcon.colcon_core.shell:Creating environment descriptor '/home/yama/ros2_ws/install/exmple_dynamixel_cpp/share/exmple_dynamixel_cpp/hook/cmake_prefix_path.dsv'
[7.004s] INFO:colcon.colcon_core.shell:Creating environment hook '/home/yama/ros2_ws/install/exmple_dynamixel_cpp/share/exmple_dynamixel_cpp/hook/cmake_prefix_path.sh'
[7.007s] Level 1:colcon.colcon_core.environment:checking '/home/yama/ros2_ws/install/exmple_dynamixel_cpp/lib'
[7.007s] Level 1:colcon.colcon_core.environment:checking '/home/yama/ros2_ws/install/exmple_dynamixel_cpp/bin'
[7.007s] Level 1:colcon.colcon_core.environment:checking '/home/yama/ros2_ws/install/exmple_dynamixel_cpp/lib/pkgconfig/exmple_dynamixel_cpp.pc'
[7.007s] Level 1:colcon.colcon_core.environment:checking '/home/yama/ros2_ws/install/exmple_dynamixel_cpp/lib/python3.12/site-packages'
[7.008s] Level 1:colcon.colcon_core.environment:checking '/home/yama/ros2_ws/install/exmple_dynamixel_cpp/bin'
[7.008s] INFO:colcon.colcon_core.shell:Creating package script '/home/yama/ros2_ws/install/exmple_dynamixel_cpp/share/exmple_dynamixel_cpp/package.ps1'
[7.010s] INFO:colcon.colcon_core.shell:Creating package descriptor '/home/yama/ros2_ws/install/exmple_dynamixel_cpp/share/exmple_dynamixel_cpp/package.dsv'
[7.012s] INFO:colcon.colcon_core.shell:Creating package script '/home/yama/ros2_ws/install/exmple_dynamixel_cpp/share/exmple_dynamixel_cpp/package.sh'
[7.013s] INFO:colcon.colcon_core.shell:Creating package script '/home/yama/ros2_ws/install/exmple_dynamixel_cpp/share/exmple_dynamixel_cpp/package.bash'
[7.014s] INFO:colcon.colcon_core.shell:Creating package script '/home/yama/ros2_ws/install/exmple_dynamixel_cpp/share/exmple_dynamixel_cpp/package.zsh'
[7.016s] Level 1:colcon.colcon_core.environment:create_file_with_runtime_dependencies(/home/yama/ros2_ws/install/exmple_dynamixel_cpp/share/colcon-core/packages/exmple_dynamixel_cpp)
[7.018s] Level 1:colcon.colcon_core.environment:create_environment_scripts_only(exmple_dynamixel_cpp)
[7.018s] Level 1:colcon.colcon_core.environment:checking '/home/yama/ros2_ws/install/exmple_dynamixel_cpp' for CMake module files
[7.018s] Level 1:colcon.colcon_core.environment:checking '/home/yama/ros2_ws/install/exmple_dynamixel_cpp' for CMake config files
[7.018s] Level 1:colcon.colcon_core.shell:create_environment_hook('exmple_dynamixel_cpp', 'cmake_prefix_path')
[7.019s] INFO:colcon.colcon_core.shell:Creating environment hook '/home/yama/ros2_ws/install/exmple_dynamixel_cpp/share/exmple_dynamixel_cpp/hook/cmake_prefix_path.ps1'
[7.020s] INFO:colcon.colcon_core.shell:Creating environment descriptor '/home/yama/ros2_ws/install/exmple_dynamixel_cpp/share/exmple_dynamixel_cpp/hook/cmake_prefix_path.dsv'
[7.021s] INFO:colcon.colcon_core.shell:Creating environment hook '/home/yama/ros2_ws/install/exmple_dynamixel_cpp/share/exmple_dynamixel_cpp/hook/cmake_prefix_path.sh'
[7.022s] Level 1:colcon.colcon_core.environment:checking '/home/yama/ros2_ws/install/exmple_dynamixel_cpp/lib'
[7.022s] Level 1:colcon.colcon_core.environment:checking '/home/yama/ros2_ws/install/exmple_dynamixel_cpp/bin'
[7.022s] Level 1:colcon.colcon_core.environment:checking '/home/yama/ros2_ws/install/exmple_dynamixel_cpp/lib/pkgconfig/exmple_dynamixel_cpp.pc'
[7.023s] Level 1:colcon.colcon_core.environment:checking '/home/yama/ros2_ws/install/exmple_dynamixel_cpp/lib/python3.12/site-packages'
[7.023s] Level 1:colcon.colcon_core.environment:checking '/home/yama/ros2_ws/install/exmple_dynamixel_cpp/bin'
[7.023s] INFO:colcon.colcon_core.shell:Creating package script '/home/yama/ros2_ws/install/exmple_dynamixel_cpp/share/exmple_dynamixel_cpp/package.ps1'
[7.030s] INFO:colcon.colcon_core.shell:Creating package descriptor '/home/yama/ros2_ws/install/exmple_dynamixel_cpp/share/exmple_dynamixel_cpp/package.dsv'
[7.032s] INFO:colcon.colcon_core.shell:Creating package script '/home/yama/ros2_ws/install/exmple_dynamixel_cpp/share/exmple_dynamixel_cpp/package.sh'
[7.035s] INFO:colcon.colcon_core.shell:Creating package script '/home/yama/ros2_ws/install/exmple_dynamixel_cpp/share/exmple_dynamixel_cpp/package.bash'
[7.038s] INFO:colcon.colcon_core.shell:Creating package script '/home/yama/ros2_ws/install/exmple_dynamixel_cpp/share/exmple_dynamixel_cpp/package.zsh'
[7.039s] Level 1:colcon.colcon_core.environment:create_file_with_runtime_dependencies(/home/yama/ros2_ws/install/exmple_dynamixel_cpp/share/colcon-core/packages/exmple_dynamixel_cpp)
[7.052s] DEBUG:colcon.colcon_parallel_executor.executor.parallel:closing loop
[7.052s] DEBUG:colcon.colcon_parallel_executor.executor.parallel:loop closed
[7.052s] DEBUG:colcon.colcon_parallel_executor.executor.parallel:run_until_complete finished with '0'
[7.052s] DEBUG:colcon.colcon_core.event_reactor:joining thread
[7.060s] INFO:colcon.colcon_core.plugin_system:Skipping extension 'colcon_notification.desktop_notification.terminal_notifier': Not used on non-Darwin systems
[7.067s] INFO:colcon.colcon_core.plugin_system:Skipping extension 'colcon_notification.desktop_notification.win32': Not used on non-Windows systems
[7.067s] INFO:colcon.colcon_notification.desktop_notification:Sending desktop notification using 'notify2'
[7.108s] DEBUG:colcon.colcon_core.event_reactor:joined thread
[7.108s] INFO:colcon.colcon_core.shell:Creating prefix script '/home/yama/ros2_ws/install/local_setup.ps1'
[7.113s] INFO:colcon.colcon_core.shell:Creating prefix util module '/home/yama/ros2_ws/install/_local_setup_util_ps1.py'
[7.117s] INFO:colcon.colcon_core.shell:Creating prefix chain script '/home/yama/ros2_ws/install/setup.ps1'
[7.123s] INFO:colcon.colcon_core.shell:Creating prefix script '/home/yama/ros2_ws/install/local_setup.sh'
[7.125s] INFO:colcon.colcon_core.shell:Creating prefix util module '/home/yama/ros2_ws/install/_local_setup_util_sh.py'
[7.133s] INFO:colcon.colcon_core.shell:Creating prefix chain script '/home/yama/ros2_ws/install/setup.sh'
[7.135s] INFO:colcon.colcon_core.shell:Creating prefix script '/home/yama/ros2_ws/install/local_setup.bash'
[7.144s] INFO:colcon.colcon_core.shell:Creating prefix chain script '/home/yama/ros2_ws/install/setup.bash'
[7.146s] INFO:colcon.colcon_core.shell:Creating prefix script '/home/yama/ros2_ws/install/local_setup.zsh'
[7.147s] INFO:colcon.colcon_core.shell:Creating prefix chain script '/home/yama/ros2_ws/install/setup.zsh'
