[0.025s] Invoking command in '/home/yama/ros2_ws/build/dynamixel_sdk': CMAKE_PREFIX_PATH=${CMAKE_PREFIX_PATH}:/opt/ros/jazzy DEBUGINFOD_URLS=https://debuginfod.ubuntu.com /usr/bin/cmake --build /home/yama/ros2_ws/build/dynamixel_sdk -- -j1 -l1
[0.162s] [100%] Built target dynamixel_sdk
[0.177s] Invoked command in '/home/yama/ros2_ws/build/dynamixel_sdk' returned '0': CMAKE_PREFIX_PATH=${CMAKE_PREFIX_PATH}:/opt/ros/jazzy DEBUGINFOD_URLS=https://debuginfod.ubuntu.com /usr/bin/cmake --build /home/yama/ros2_ws/build/dynamixel_sdk -- -j1 -l1
[0.199s] Invoking command in '/home/yama/ros2_ws/build/dynamixel_sdk': CMAKE_PREFIX_PATH=${CMAKE_PREFIX_PATH}:/opt/ros/jazzy DEBUGINFOD_URLS=https://debuginfod.ubuntu.com /usr/bin/cmake --install /home/yama/ros2_ws/build/dynamixel_sdk
[0.217s] -- Install configuration: ""
[0.218s] -- Execute custom install script
[0.219s] -- Up-to-date symlink: /home/yama/ros2_ws/install/dynamixel_sdk/include//dynamixel_sdk/dynamixel_sdk.h
[0.219s] -- Up-to-date symlink: /home/yama/ros2_ws/install/dynamixel_sdk/include//dynamixel_sdk/group_bulk_read.h
[0.219s] -- Up-to-date symlink: /home/yama/ros2_ws/install/dynamixel_sdk/include//dynamixel_sdk/group_bulk_write.h
[0.219s] -- Up-to-date symlink: /home/yama/ros2_ws/install/dynamixel_sdk/include//dynamixel_sdk/group_sync_read.h
[0.220s] -- Up-to-date symlink: /home/yama/ros2_ws/install/dynamixel_sdk/include//dynamixel_sdk/group_sync_write.h
[0.220s] -- Up-to-date symlink: /home/yama/ros2_ws/install/dynamixel_sdk/include//dynamixel_sdk/packet_handler.h
[0.220s] -- Up-to-date symlink: /home/yama/ros2_ws/install/dynamixel_sdk/include//dynamixel_sdk/port_handler.h
[0.220s] -- Up-to-date symlink: /home/yama/ros2_ws/install/dynamixel_sdk/include//dynamixel_sdk/port_handler_arduino.h
[0.221s] -- Up-to-date symlink: /home/yama/ros2_ws/install/dynamixel_sdk/include//dynamixel_sdk/port_handler_linux.h
[0.221s] -- Up-to-date symlink: /home/yama/ros2_ws/install/dynamixel_sdk/include//dynamixel_sdk/port_handler_mac.h
[0.221s] -- Up-to-date symlink: /home/yama/ros2_ws/install/dynamixel_sdk/include//dynamixel_sdk/port_handler_windows.h
[0.221s] -- Up-to-date symlink: /home/yama/ros2_ws/install/dynamixel_sdk/include//dynamixel_sdk/protocol1_packet_handler.h
[0.222s] -- Up-to-date symlink: /home/yama/ros2_ws/install/dynamixel_sdk/include//dynamixel_sdk/protocol2_packet_handler.h
[0.222s] -- Up-to-date symlink: /home/yama/ros2_ws/install/dynamixel_sdk/lib/libdynamixel_sdk.so
[0.222s] -- Up-to-date symlink: /home/yama/ros2_ws/install/dynamixel_sdk/share/dynamixel_sdk/environment/library_path.sh
[0.222s] -- Up-to-date symlink: /home/yama/ros2_ws/install/dynamixel_sdk/share/dynamixel_sdk/environment/library_path.dsv
[0.223s] -- Up-to-date symlink: /home/yama/ros2_ws/install/dynamixel_sdk/share/ament_index/resource_index/package_run_dependencies/dynamixel_sdk
[0.223s] -- Up-to-date symlink: /home/yama/ros2_ws/install/dynamixel_sdk/share/ament_index/resource_index/parent_prefix_path/dynamixel_sdk
[0.223s] -- Up-to-date symlink: /home/yama/ros2_ws/install/dynamixel_sdk/share/dynamixel_sdk/environment/ament_prefix_path.sh
[0.223s] -- Up-to-date symlink: /home/yama/ros2_ws/install/dynamixel_sdk/share/dynamixel_sdk/environment/ament_prefix_path.dsv
[0.224s] -- Up-to-date symlink: /home/yama/ros2_ws/install/dynamixel_sdk/share/dynamixel_sdk/environment/path.sh
[0.224s] -- Up-to-date symlink: /home/yama/ros2_ws/install/dynamixel_sdk/share/dynamixel_sdk/environment/path.dsv
[0.224s] -- Up-to-date symlink: /home/yama/ros2_ws/install/dynamixel_sdk/share/dynamixel_sdk/local_setup.bash
[0.224s] -- Up-to-date symlink: /home/yama/ros2_ws/install/dynamixel_sdk/share/dynamixel_sdk/local_setup.sh
[0.225s] -- Up-to-date symlink: /home/yama/ros2_ws/install/dynamixel_sdk/share/dynamixel_sdk/local_setup.zsh
[0.225s] -- Up-to-date symlink: /home/yama/ros2_ws/install/dynamixel_sdk/share/dynamixel_sdk/local_setup.dsv
[0.225s] -- Symlinking: /home/yama/ros2_ws/install/dynamixel_sdk/share/dynamixel_sdk/package.dsv
[0.244s] -- Up-to-date symlink: /home/yama/ros2_ws/install/dynamixel_sdk/share/ament_index/resource_index/packages/dynamixel_sdk
[0.245s] -- Up-to-date symlink: /home/yama/ros2_ws/install/dynamixel_sdk/share/dynamixel_sdk/cmake/ament_cmake_export_include_directories-extras.cmake
[0.245s] -- Up-to-date symlink: /home/yama/ros2_ws/install/dynamixel_sdk/share/dynamixel_sdk/cmake/ament_cmake_export_libraries-extras.cmake
[0.245s] -- Up-to-date symlink: /home/yama/ros2_ws/install/dynamixel_sdk/share/dynamixel_sdk/cmake/dynamixel_sdkConfig.cmake
[0.245s] -- Up-to-date symlink: /home/yama/ros2_ws/install/dynamixel_sdk/share/dynamixel_sdk/cmake/dynamixel_sdkConfig-version.cmake
[0.245s] -- Up-to-date symlink: /home/yama/ros2_ws/install/dynamixel_sdk/share/dynamixel_sdk/package.xml
[0.249s] Invoked command in '/home/yama/ros2_ws/build/dynamixel_sdk' returned '0': CMAKE_PREFIX_PATH=${CMAKE_PREFIX_PATH}:/opt/ros/jazzy DEBUGINFOD_URLS=https://debuginfod.ubuntu.com /usr/bin/cmake --install /home/yama/ros2_ws/build/dynamixel_sdk
