[0.395s] DEBUG:colcon:Command line arguments: ['/usr/bin/colcon', 'build', '--packages-select', 'exmple_dynamixel_cpp']
[0.395s] DEBUG:colcon:Parsed command line arguments: Namespace(log_base=None, log_level=None, verb_name='build', build_base='build', install_base='install', merge_install=False, symlink_install=False, test_result_base=None, continue_on_error=False, executor='parallel', parallel_workers=1, event_handlers=None, ignore_user_meta=False, metas=['./colcon.meta'], base_paths=['.'], packages_ignore=None, packages_ignore_regex=None, paths=None, packages_up_to=None, packages_up_to_regex=None, packages_above=None, packages_above_and_dependencies=None, packages_above_depth=None, packages_select_by_dep=None, packages_skip_by_dep=None, packages_skip_up_to=None, packages_select_build_failed=False, packages_skip_build_finished=False, packages_select_test_failures=False, packages_skip_test_passed=False, packages_select=['exmple_dynamixel_cpp'], packages_skip=None, packages_select_regex=None, packages_skip_regex=None, packages_start=None, packages_end=None, allow_overriding=[], cmake_args=None, cmake_target=None, cmake_target_skip_unavailable=False, cmake_clean_cache=False, cmake_clean_first=False, cmake_force_configure=False, ament_cmake_args=None, catkin_cmake_args=None, catkin_skip_building_tests=False, mixin_files=None, mixin=None, verb_parser=<colcon_mixin.mixin.mixin_argument.MixinArgumentDecorator object at 0x710e11887740>, verb_extension=<colcon_core.verb.build.BuildVerb object at 0x710e119a7fe0>, main=<bound method BuildVerb.main of <colcon_core.verb.build.BuildVerb object at 0x710e119a7fe0>>, mixin_verb=('build',))
[0.506s] Level 1:colcon.colcon_core.package_discovery:discover_packages(colcon_meta) check parameters
[0.506s] Level 1:colcon.colcon_core.package_discovery:discover_packages(recursive) check parameters
[0.506s] Level 1:colcon.colcon_core.package_discovery:discover_packages(ignore) check parameters
[0.506s] Level 1:colcon.colcon_core.package_discovery:discover_packages(path) check parameters
[0.506s] Level 1:colcon.colcon_core.package_discovery:discover_packages(colcon_meta) discover
[0.506s] Level 1:colcon.colcon_core.package_discovery:discover_packages(recursive) discover
[0.506s] INFO:colcon.colcon_core.package_discovery:Crawling recursively for packages in '/home/yama/ros2_ws/src'
[0.507s] Level 1:colcon.colcon_core.package_identification:_identify(.) by extensions ['ignore', 'ignore_ament_install']
[0.507s] Level 1:colcon.colcon_core.package_identification:_identify(.) by extension 'ignore'
[0.507s] Level 1:colcon.colcon_core.package_identification:_identify(.) by extension 'ignore_ament_install'
[0.507s] Level 1:colcon.colcon_core.package_identification:_identify(.) by extensions ['colcon_pkg']
[0.507s] Level 1:colcon.colcon_core.package_identification:_identify(.) by extension 'colcon_pkg'
[0.507s] Level 1:colcon.colcon_core.package_identification:_identify(.) by extensions ['colcon_meta']
[0.507s] Level 1:colcon.colcon_core.package_identification:_identify(.) by extension 'colcon_meta'
[0.507s] Level 1:colcon.colcon_core.package_identification:_identify(.) by extensions ['ros']
[0.507s] Level 1:colcon.colcon_core.package_identification:_identify(.) by extension 'ros'
[0.542s] Level 1:colcon.colcon_core.package_identification:_identify(.) by extensions ['cmake', 'python']
[0.542s] Level 1:colcon.colcon_core.package_identification:_identify(.) by extension 'cmake'
[0.542s] Level 1:colcon.colcon_core.package_identification:_identify(.) by extension 'python'
[0.542s] Level 1:colcon.colcon_core.package_identification:_identify(.) by extensions ['python_setup_py']
[0.542s] Level 1:colcon.colcon_core.package_identification:_identify(.) by extension 'python_setup_py'
[0.544s] Level 1:colcon.colcon_core.package_identification:_identify(build) by extensions ['ignore', 'ignore_ament_install']
[0.544s] Level 1:colcon.colcon_core.package_identification:_identify(build) by extension 'ignore'
[0.544s] Level 1:colcon.colcon_core.package_identification:_identify(build) ignored
[0.545s] Level 1:colcon.colcon_core.package_identification:_identify(dynamixel_sdk) by extensions ['ignore', 'ignore_ament_install']
[0.545s] Level 1:colcon.colcon_core.package_identification:_identify(dynamixel_sdk) by extension 'ignore'
[0.545s] Level 1:colcon.colcon_core.package_identification:_identify(dynamixel_sdk) by extension 'ignore_ament_install'
[0.545s] Level 1:colcon.colcon_core.package_identification:_identify(dynamixel_sdk) by extensions ['colcon_pkg']
[0.545s] Level 1:colcon.colcon_core.package_identification:_identify(dynamixel_sdk) by extension 'colcon_pkg'
[0.545s] Level 1:colcon.colcon_core.package_identification:_identify(dynamixel_sdk) by extensions ['colcon_meta']
[0.545s] Level 1:colcon.colcon_core.package_identification:_identify(dynamixel_sdk) by extension 'colcon_meta'
[0.545s] Level 1:colcon.colcon_core.package_identification:_identify(dynamixel_sdk) by extensions ['ros']
[0.545s] Level 1:colcon.colcon_core.package_identification:_identify(dynamixel_sdk) by extension 'ros'
[0.563s] DEBUG:colcon.colcon_core.package_identification:Package 'dynamixel_sdk' with type 'ros.ament_cmake' and name 'dynamixel_sdk'
[0.564s] Level 1:colcon.colcon_core.package_identification:_identify(dynamixel_sdk_custom_interfaces) by extensions ['ignore', 'ignore_ament_install']
[0.564s] Level 1:colcon.colcon_core.package_identification:_identify(dynamixel_sdk_custom_interfaces) by extension 'ignore'
[0.564s] Level 1:colcon.colcon_core.package_identification:_identify(dynamixel_sdk_custom_interfaces) by extension 'ignore_ament_install'
[0.564s] Level 1:colcon.colcon_core.package_identification:_identify(dynamixel_sdk_custom_interfaces) by extensions ['colcon_pkg']
[0.565s] Level 1:colcon.colcon_core.package_identification:_identify(dynamixel_sdk_custom_interfaces) by extension 'colcon_pkg'
[0.565s] Level 1:colcon.colcon_core.package_identification:_identify(dynamixel_sdk_custom_interfaces) by extensions ['colcon_meta']
[0.565s] Level 1:colcon.colcon_core.package_identification:_identify(dynamixel_sdk_custom_interfaces) by extension 'colcon_meta'
[0.565s] Level 1:colcon.colcon_core.package_identification:_identify(dynamixel_sdk_custom_interfaces) by extensions ['ros']
[0.565s] Level 1:colcon.colcon_core.package_identification:_identify(dynamixel_sdk_custom_interfaces) by extension 'ros'
[0.568s] DEBUG:colcon.colcon_core.package_identification:Package 'dynamixel_sdk_custom_interfaces' with type 'ros.ament_cmake' and name 'dynamixel_sdk_custom_interfaces'
[0.569s] Level 1:colcon.colcon_core.package_identification:_identify(dynamixel_sdk_examples) by extensions ['ignore', 'ignore_ament_install']
[0.569s] Level 1:colcon.colcon_core.package_identification:_identify(dynamixel_sdk_examples) by extension 'ignore'
[0.569s] Level 1:colcon.colcon_core.package_identification:_identify(dynamixel_sdk_examples) by extension 'ignore_ament_install'
[0.570s] Level 1:colcon.colcon_core.package_identification:_identify(dynamixel_sdk_examples) by extensions ['colcon_pkg']
[0.570s] Level 1:colcon.colcon_core.package_identification:_identify(dynamixel_sdk_examples) by extension 'colcon_pkg'
[0.570s] Level 1:colcon.colcon_core.package_identification:_identify(dynamixel_sdk_examples) by extensions ['colcon_meta']
[0.570s] Level 1:colcon.colcon_core.package_identification:_identify(dynamixel_sdk_examples) by extension 'colcon_meta'
[0.570s] Level 1:colcon.colcon_core.package_identification:_identify(dynamixel_sdk_examples) by extensions ['ros']
[0.570s] Level 1:colcon.colcon_core.package_identification:_identify(dynamixel_sdk_examples) by extension 'ros'
[0.571s] DEBUG:colcon.colcon_core.package_identification:Package 'dynamixel_sdk_examples' with type 'ros.ament_cmake' and name 'dynamixel_sdk_examples'
[0.572s] Level 1:colcon.colcon_core.package_identification:_identify(dynamixeljoy) by extensions ['ignore', 'ignore_ament_install']
[0.572s] Level 1:colcon.colcon_core.package_identification:_identify(dynamixeljoy) by extension 'ignore'
[0.572s] Level 1:colcon.colcon_core.package_identification:_identify(dynamixeljoy) by extension 'ignore_ament_install'
[0.572s] Level 1:colcon.colcon_core.package_identification:_identify(dynamixeljoy) by extensions ['colcon_pkg']
[0.572s] Level 1:colcon.colcon_core.package_identification:_identify(dynamixeljoy) by extension 'colcon_pkg'
[0.573s] Level 1:colcon.colcon_core.package_identification:_identify(dynamixeljoy) by extensions ['colcon_meta']
[0.573s] Level 1:colcon.colcon_core.package_identification:_identify(dynamixeljoy) by extension 'colcon_meta'
[0.573s] Level 1:colcon.colcon_core.package_identification:_identify(dynamixeljoy) by extensions ['ros']
[0.573s] Level 1:colcon.colcon_core.package_identification:_identify(dynamixeljoy) by extension 'ros'
[0.575s] DEBUG:colcon.colcon_core.package_identification:Package 'dynamixeljoy' with type 'ros.ament_cmake' and name 'dynamixeljoy'
[0.577s] Level 1:colcon.colcon_core.package_identification:_identify(exmple_dynamixel_cpp) by extensions ['ignore', 'ignore_ament_install']
[0.577s] Level 1:colcon.colcon_core.package_identification:_identify(exmple_dynamixel_cpp) by extension 'ignore'
[0.577s] Level 1:colcon.colcon_core.package_identification:_identify(exmple_dynamixel_cpp) by extension 'ignore_ament_install'
[0.577s] Level 1:colcon.colcon_core.package_identification:_identify(exmple_dynamixel_cpp) by extensions ['colcon_pkg']
[0.577s] Level 1:colcon.colcon_core.package_identification:_identify(exmple_dynamixel_cpp) by extension 'colcon_pkg'
[0.577s] Level 1:colcon.colcon_core.package_identification:_identify(exmple_dynamixel_cpp) by extensions ['colcon_meta']
[0.577s] Level 1:colcon.colcon_core.package_identification:_identify(exmple_dynamixel_cpp) by extension 'colcon_meta'
[0.577s] Level 1:colcon.colcon_core.package_identification:_identify(exmple_dynamixel_cpp) by extensions ['ros']
[0.577s] Level 1:colcon.colcon_core.package_identification:_identify(exmple_dynamixel_cpp) by extension 'ros'
[0.579s] DEBUG:colcon.colcon_core.package_identification:Package 'exmple_dynamixel_cpp' with type 'ros.ament_cmake' and name 'exmple_dynamixel_cpp'
[0.580s] Level 1:colcon.colcon_core.package_identification:_identify(install) by extensions ['ignore', 'ignore_ament_install']
[0.580s] Level 1:colcon.colcon_core.package_identification:_identify(install) by extension 'ignore'
[0.580s] Level 1:colcon.colcon_core.package_identification:_identify(install) ignored
[0.581s] Level 1:colcon.colcon_core.package_identification:_identify(joyserv) by extensions ['ignore', 'ignore_ament_install']
[0.581s] Level 1:colcon.colcon_core.package_identification:_identify(joyserv) by extension 'ignore'
[0.581s] Level 1:colcon.colcon_core.package_identification:_identify(joyserv) by extension 'ignore_ament_install'
[0.581s] Level 1:colcon.colcon_core.package_identification:_identify(joyserv) by extensions ['colcon_pkg']
[0.581s] Level 1:colcon.colcon_core.package_identification:_identify(joyserv) by extension 'colcon_pkg'
[0.581s] Level 1:colcon.colcon_core.package_identification:_identify(joyserv) by extensions ['colcon_meta']
[0.581s] Level 1:colcon.colcon_core.package_identification:_identify(joyserv) by extension 'colcon_meta'
[0.581s] Level 1:colcon.colcon_core.package_identification:_identify(joyserv) by extensions ['ros']
[0.581s] Level 1:colcon.colcon_core.package_identification:_identify(joyserv) by extension 'ros'
[0.584s] DEBUG:colcon.colcon_core.package_identification:Package 'joyserv' with type 'ros.ament_cmake' and name 'joyserv'
[0.585s] Level 1:colcon.colcon_core.package_identification:_identify(joysub) by extensions ['ignore', 'ignore_ament_install']
[0.585s] Level 1:colcon.colcon_core.package_identification:_identify(joysub) by extension 'ignore'
[0.585s] Level 1:colcon.colcon_core.package_identification:_identify(joysub) by extension 'ignore_ament_install'
[0.585s] Level 1:colcon.colcon_core.package_identification:_identify(joysub) by extensions ['colcon_pkg']
[0.585s] Level 1:colcon.colcon_core.package_identification:_identify(joysub) by extension 'colcon_pkg'
[0.585s] Level 1:colcon.colcon_core.package_identification:_identify(joysub) by extensions ['colcon_meta']
[0.585s] Level 1:colcon.colcon_core.package_identification:_identify(joysub) by extension 'colcon_meta'
[0.585s] Level 1:colcon.colcon_core.package_identification:_identify(joysub) by extensions ['ros']
[0.585s] Level 1:colcon.colcon_core.package_identification:_identify(joysub) by extension 'ros'
[0.587s] DEBUG:colcon.colcon_core.package_identification:Package 'joysub' with type 'ros.ament_cmake' and name 'joysub'
[0.587s] Level 1:colcon.colcon_core.package_identification:_identify(log) by extensions ['ignore', 'ignore_ament_install']
[0.587s] Level 1:colcon.colcon_core.package_identification:_identify(log) by extension 'ignore'
[0.587s] Level 1:colcon.colcon_core.package_identification:_identify(log) ignored
[0.587s] Level 1:colcon.colcon_core.package_discovery:discover_packages(recursive) using defaults
[0.587s] Level 1:colcon.colcon_core.package_discovery:discover_packages(ignore) discover
[0.587s] Level 1:colcon.colcon_core.package_discovery:discover_packages(ignore) using defaults
[0.587s] Level 1:colcon.colcon_core.package_discovery:discover_packages(path) discover
[0.587s] Level 1:colcon.colcon_core.package_discovery:discover_packages(path) using defaults
[0.637s] INFO:colcon.colcon_core.package_selection:Skipping not selected package 'dynamixel_sdk' in 'dynamixel_sdk'
[0.637s] INFO:colcon.colcon_core.package_selection:Skipping not selected package 'dynamixel_sdk_custom_interfaces' in 'dynamixel_sdk_custom_interfaces'
[0.637s] INFO:colcon.colcon_core.package_selection:Skipping not selected package 'dynamixeljoy' in 'dynamixeljoy'
[0.637s] INFO:colcon.colcon_core.package_selection:Skipping not selected package 'joyserv' in 'joyserv'
[0.637s] INFO:colcon.colcon_core.package_selection:Skipping not selected package 'joysub' in 'joysub'
[0.637s] INFO:colcon.colcon_core.package_selection:Skipping not selected package 'dynamixel_sdk_examples' in 'dynamixel_sdk_examples'
[0.640s] Level 1:colcon.colcon_core.package_discovery:discover_packages(prefix_path) check parameters
[0.640s] Level 1:colcon.colcon_core.package_discovery:discover_packages(prefix_path) discover
[0.650s] DEBUG:colcon.colcon_installed_package_information.package_discovery:Found 7 installed packages in /home/yama/ros2_ws/install
[0.654s] DEBUG:colcon.colcon_installed_package_information.package_discovery:Found 289 installed packages in /opt/ros/jazzy
[0.656s] Level 1:colcon.colcon_core.package_discovery:discover_packages(prefix_path) using defaults
[0.837s] Level 5:colcon.colcon_core.verb:set package 'exmple_dynamixel_cpp' build argument 'cmake_args' from command line to 'None'
[0.837s] Level 5:colcon.colcon_core.verb:set package 'exmple_dynamixel_cpp' build argument 'cmake_target' from command line to 'None'
[0.837s] Level 5:colcon.colcon_core.verb:set package 'exmple_dynamixel_cpp' build argument 'cmake_target_skip_unavailable' from command line to 'False'
[0.837s] Level 5:colcon.colcon_core.verb:set package 'exmple_dynamixel_cpp' build argument 'cmake_clean_cache' from command line to 'False'
[0.837s] Level 5:colcon.colcon_core.verb:set package 'exmple_dynamixel_cpp' build argument 'cmake_clean_first' from command line to 'False'
[0.837s] Level 5:colcon.colcon_core.verb:set package 'exmple_dynamixel_cpp' build argument 'cmake_force_configure' from command line to 'False'
[0.837s] Level 5:colcon.colcon_core.verb:set package 'exmple_dynamixel_cpp' build argument 'ament_cmake_args' from command line to 'None'
[0.837s] Level 5:colcon.colcon_core.verb:set package 'exmple_dynamixel_cpp' build argument 'catkin_cmake_args' from command line to 'None'
[0.837s] Level 5:colcon.colcon_core.verb:set package 'exmple_dynamixel_cpp' build argument 'catkin_skip_building_tests' from command line to 'False'
[0.837s] DEBUG:colcon.colcon_core.verb:Building package 'exmple_dynamixel_cpp' with the following arguments: {'ament_cmake_args': None, 'build_base': '/home/yama/ros2_ws/src/build/exmple_dynamixel_cpp', 'catkin_cmake_args': None, 'catkin_skip_building_tests': False, 'cmake_args': None, 'cmake_clean_cache': False, 'cmake_clean_first': False, 'cmake_force_configure': False, 'cmake_target': None, 'cmake_target_skip_unavailable': False, 'install_base': '/home/yama/ros2_ws/src/install/exmple_dynamixel_cpp', 'merge_install': False, 'path': '/home/yama/ros2_ws/src/exmple_dynamixel_cpp', 'symlink_install': False, 'test_result_base': None}
[0.837s] INFO:colcon.colcon_core.executor:Executing jobs using 'parallel' executor
[0.839s] DEBUG:colcon.colcon_parallel_executor.executor.parallel:run_until_complete
[0.839s] INFO:colcon.colcon_ros.task.ament_cmake.build:Building ROS package in '/home/yama/ros2_ws/src/exmple_dynamixel_cpp' with build type 'ament_cmake'
[0.840s] INFO:colcon.colcon_cmake.task.cmake.build:Building CMake package in '/home/yama/ros2_ws/src/exmple_dynamixel_cpp'
[0.860s] INFO:colcon.colcon_core.plugin_system:Skipping extension 'colcon_core.shell.bat': Not used on non-Windows systems
[0.860s] INFO:colcon.colcon_core.shell:Skip shell extension 'powershell' for command environment: Not usable outside of PowerShell
[0.860s] DEBUG:colcon.colcon_core.shell:Skip shell extension 'dsv' for command environment
[0.893s] DEBUG:colcon.colcon_core.event_handler.log_command:Invoking command in '/home/yama/ros2_ws/src/build/exmple_dynamixel_cpp': CMAKE_PREFIX_PATH=${CMAKE_PREFIX_PATH}:/opt/ros/jazzy DEBUGINFOD_URLS=https://debuginfod.ubuntu.com /usr/bin/cmake --build /home/yama/ros2_ws/src/build/exmple_dynamixel_cpp -- -j1 -l1
[7.847s] DEBUG:colcon.colcon_core.event_handler.log_command:Invoked command in '/home/yama/ros2_ws/src/build/exmple_dynamixel_cpp' returned '0': CMAKE_PREFIX_PATH=${CMAKE_PREFIX_PATH}:/opt/ros/jazzy DEBUGINFOD_URLS=https://debuginfod.ubuntu.com /usr/bin/cmake --build /home/yama/ros2_ws/src/build/exmple_dynamixel_cpp -- -j1 -l1
[7.886s] DEBUG:colcon.colcon_core.event_handler.log_command:Invoking command in '/home/yama/ros2_ws/src/build/exmple_dynamixel_cpp': CMAKE_PREFIX_PATH=${CMAKE_PREFIX_PATH}:/opt/ros/jazzy DEBUGINFOD_URLS=https://debuginfod.ubuntu.com /usr/bin/cmake --install /home/yama/ros2_ws/src/build/exmple_dynamixel_cpp
[7.921s] Level 1:colcon.colcon_core.environment:create_environment_scripts_only(exmple_dynamixel_cpp)
[7.922s] DEBUG:colcon.colcon_core.event_handler.log_command:Invoked command in '/home/yama/ros2_ws/src/build/exmple_dynamixel_cpp' returned '0': CMAKE_PREFIX_PATH=${CMAKE_PREFIX_PATH}:/opt/ros/jazzy DEBUGINFOD_URLS=https://debuginfod.ubuntu.com /usr/bin/cmake --install /home/yama/ros2_ws/src/build/exmple_dynamixel_cpp
[7.926s] Level 1:colcon.colcon_core.environment:checking '/home/yama/ros2_ws/src/install/exmple_dynamixel_cpp' for CMake module files
[7.926s] Level 1:colcon.colcon_core.environment:checking '/home/yama/ros2_ws/src/install/exmple_dynamixel_cpp' for CMake config files
[7.927s] Level 1:colcon.colcon_core.shell:create_environment_hook('exmple_dynamixel_cpp', 'cmake_prefix_path')
[7.927s] INFO:colcon.colcon_core.shell:Creating environment hook '/home/yama/ros2_ws/src/install/exmple_dynamixel_cpp/share/exmple_dynamixel_cpp/hook/cmake_prefix_path.ps1'
[7.930s] INFO:colcon.colcon_core.shell:Creating environment descriptor '/home/yama/ros2_ws/src/install/exmple_dynamixel_cpp/share/exmple_dynamixel_cpp/hook/cmake_prefix_path.dsv'
[7.933s] INFO:colcon.colcon_core.shell:Creating environment hook '/home/yama/ros2_ws/src/install/exmple_dynamixel_cpp/share/exmple_dynamixel_cpp/hook/cmake_prefix_path.sh'
[7.935s] Level 1:colcon.colcon_core.environment:checking '/home/yama/ros2_ws/src/install/exmple_dynamixel_cpp/lib'
[7.936s] Level 1:colcon.colcon_core.environment:checking '/home/yama/ros2_ws/src/install/exmple_dynamixel_cpp/bin'
[7.936s] Level 1:colcon.colcon_core.environment:checking '/home/yama/ros2_ws/src/install/exmple_dynamixel_cpp/lib/pkgconfig/exmple_dynamixel_cpp.pc'
[7.936s] Level 1:colcon.colcon_core.environment:checking '/home/yama/ros2_ws/src/install/exmple_dynamixel_cpp/lib/python3.12/site-packages'
[7.937s] Level 1:colcon.colcon_core.environment:checking '/home/yama/ros2_ws/src/install/exmple_dynamixel_cpp/bin'
[7.937s] INFO:colcon.colcon_core.shell:Creating package script '/home/yama/ros2_ws/src/install/exmple_dynamixel_cpp/share/exmple_dynamixel_cpp/package.ps1'
[7.946s] INFO:colcon.colcon_core.shell:Creating package descriptor '/home/yama/ros2_ws/src/install/exmple_dynamixel_cpp/share/exmple_dynamixel_cpp/package.dsv'
[7.949s] INFO:colcon.colcon_core.shell:Creating package script '/home/yama/ros2_ws/src/install/exmple_dynamixel_cpp/share/exmple_dynamixel_cpp/package.sh'
[7.953s] INFO:colcon.colcon_core.shell:Creating package script '/home/yama/ros2_ws/src/install/exmple_dynamixel_cpp/share/exmple_dynamixel_cpp/package.bash'
[7.956s] INFO:colcon.colcon_core.shell:Creating package script '/home/yama/ros2_ws/src/install/exmple_dynamixel_cpp/share/exmple_dynamixel_cpp/package.zsh'
[7.963s] Level 1:colcon.colcon_core.environment:create_file_with_runtime_dependencies(/home/yama/ros2_ws/src/install/exmple_dynamixel_cpp/share/colcon-core/packages/exmple_dynamixel_cpp)
[7.966s] Level 1:colcon.colcon_core.environment:create_environment_scripts_only(exmple_dynamixel_cpp)
[7.977s] Level 1:colcon.colcon_core.environment:checking '/home/yama/ros2_ws/src/install/exmple_dynamixel_cpp' for CMake module files
[7.977s] Level 1:colcon.colcon_core.environment:checking '/home/yama/ros2_ws/src/install/exmple_dynamixel_cpp' for CMake config files
[7.978s] Level 1:colcon.colcon_core.shell:create_environment_hook('exmple_dynamixel_cpp', 'cmake_prefix_path')
[7.978s] INFO:colcon.colcon_core.shell:Creating environment hook '/home/yama/ros2_ws/src/install/exmple_dynamixel_cpp/share/exmple_dynamixel_cpp/hook/cmake_prefix_path.ps1'
[7.980s] INFO:colcon.colcon_core.shell:Creating environment descriptor '/home/yama/ros2_ws/src/install/exmple_dynamixel_cpp/share/exmple_dynamixel_cpp/hook/cmake_prefix_path.dsv'
[7.980s] INFO:colcon.colcon_core.shell:Creating environment hook '/home/yama/ros2_ws/src/install/exmple_dynamixel_cpp/share/exmple_dynamixel_cpp/hook/cmake_prefix_path.sh'
[7.981s] Level 1:colcon.colcon_core.environment:checking '/home/yama/ros2_ws/src/install/exmple_dynamixel_cpp/lib'
[7.982s] Level 1:colcon.colcon_core.environment:checking '/home/yama/ros2_ws/src/install/exmple_dynamixel_cpp/bin'
[7.982s] Level 1:colcon.colcon_core.environment:checking '/home/yama/ros2_ws/src/install/exmple_dynamixel_cpp/lib/pkgconfig/exmple_dynamixel_cpp.pc'
[7.982s] Level 1:colcon.colcon_core.environment:checking '/home/yama/ros2_ws/src/install/exmple_dynamixel_cpp/lib/python3.12/site-packages'
[7.982s] Level 1:colcon.colcon_core.environment:checking '/home/yama/ros2_ws/src/install/exmple_dynamixel_cpp/bin'
[7.982s] INFO:colcon.colcon_core.shell:Creating package script '/home/yama/ros2_ws/src/install/exmple_dynamixel_cpp/share/exmple_dynamixel_cpp/package.ps1'
[7.983s] INFO:colcon.colcon_core.shell:Creating package descriptor '/home/yama/ros2_ws/src/install/exmple_dynamixel_cpp/share/exmple_dynamixel_cpp/package.dsv'
[7.984s] INFO:colcon.colcon_core.shell:Creating package script '/home/yama/ros2_ws/src/install/exmple_dynamixel_cpp/share/exmple_dynamixel_cpp/package.sh'
[7.984s] INFO:colcon.colcon_core.shell:Creating package script '/home/yama/ros2_ws/src/install/exmple_dynamixel_cpp/share/exmple_dynamixel_cpp/package.bash'
[7.985s] INFO:colcon.colcon_core.shell:Creating package script '/home/yama/ros2_ws/src/install/exmple_dynamixel_cpp/share/exmple_dynamixel_cpp/package.zsh'
[7.986s] Level 1:colcon.colcon_core.environment:create_file_with_runtime_dependencies(/home/yama/ros2_ws/src/install/exmple_dynamixel_cpp/share/colcon-core/packages/exmple_dynamixel_cpp)
[7.992s] DEBUG:colcon.colcon_parallel_executor.executor.parallel:closing loop
[7.992s] DEBUG:colcon.colcon_parallel_executor.executor.parallel:loop closed
[7.992s] DEBUG:colcon.colcon_parallel_executor.executor.parallel:run_until_complete finished with '0'
[7.992s] DEBUG:colcon.colcon_core.event_reactor:joining thread
[8.005s] INFO:colcon.colcon_core.plugin_system:Skipping extension 'colcon_notification.desktop_notification.terminal_notifier': Not used on non-Darwin systems
[8.005s] INFO:colcon.colcon_core.plugin_system:Skipping extension 'colcon_notification.desktop_notification.win32': Not used on non-Windows systems
[8.005s] INFO:colcon.colcon_notification.desktop_notification:Sending desktop notification using 'notify2'
[8.062s] DEBUG:colcon.colcon_core.event_reactor:joined thread
[8.062s] INFO:colcon.colcon_core.shell:Creating prefix script '/home/yama/ros2_ws/src/install/local_setup.ps1'
[8.068s] INFO:colcon.colcon_core.shell:Creating prefix util module '/home/yama/ros2_ws/src/install/_local_setup_util_ps1.py'
[8.073s] INFO:colcon.colcon_core.shell:Creating prefix chain script '/home/yama/ros2_ws/src/install/setup.ps1'
[8.083s] INFO:colcon.colcon_core.shell:Creating prefix script '/home/yama/ros2_ws/src/install/local_setup.sh'
[8.084s] INFO:colcon.colcon_core.shell:Creating prefix util module '/home/yama/ros2_ws/src/install/_local_setup_util_sh.py'
[8.084s] INFO:colcon.colcon_core.shell:Creating prefix chain script '/home/yama/ros2_ws/src/install/setup.sh'
[8.091s] INFO:colcon.colcon_core.shell:Creating prefix script '/home/yama/ros2_ws/src/install/local_setup.bash'
[8.091s] INFO:colcon.colcon_core.shell:Creating prefix chain script '/home/yama/ros2_ws/src/install/setup.bash'
[8.093s] INFO:colcon.colcon_core.shell:Creating prefix script '/home/yama/ros2_ws/src/install/local_setup.zsh'
[8.093s] INFO:colcon.colcon_core.shell:Creating prefix chain script '/home/yama/ros2_ws/src/install/setup.zsh'
