[0.081s] Invoking command in '/home/yama/ros2_ws/build/exmple_dynamixel_cpp': CMAKE_PREFIX_PATH=${CMAKE_PREFIX_PATH}:/opt/ros/jazzy DEBUGINFOD_URLS=https://debuginfod.ubuntu.com /usr/bin/cmake --build /home/yama/ros2_ws/build/exmple_dynamixel_cpp -- -j1 -l1
[0.398s] [ 50%] [32mBuilding CXX object CMakeFiles/dynamixel_controller.dir/src/dynamixel_controller.cpp.o[0m
[10.454s] [01m[K/home/yama/ros2_ws/src/exmple_dynamixel_cpp/src/dynamixel_controller.cpp:[m[K In constructor ‘[01m[KDynamixelController::[01;32m[KDynamixelController[m[K()[m[K’:
[10.478s] [01m[K/home/yama/ros2_ws/src/exmple_dynamixel_cpp/src/dynamixel_controller.cpp:34:30:[m[K [01;31m[Kerror: [m[Kno matching function for call to ‘[01m[KwriteRegister(const uint8_t&, int, int, int)[m[K’
[10.478s]    34 |     if (![01;31m[Kdxl_wb.writeRegister(dxl_id, 11, 1, 3)[m[K) {
[10.478s]       |          [01;31m[K~~~~~~~~~~~~~~~~~~~~^~~~~~~~~~~~~~~~~~[m[K
[10.478s] In file included from [01m[K/opt/ros/jazzy/include/dynamixel_workbench_toolbox/dynamixel_workbench.h:22[m[K,
[10.478s]                  from [01m[K/home/yama/ros2_ws/src/exmple_dynamixel_cpp/src/dynamixel_controller.cpp:2[m[K:
[10.478s] [01m[K/opt/ros/jazzy/include/dynamixel_workbench_toolbox/dynamixel_driver.h:137:8:[m[K [01;36m[Knote: [m[Kcandidate: ‘[01m[Kbool DynamixelDriver::[01;32m[KwriteRegister[m[K(uint8_t, const char*, int32_t, const char**)[m[K’ (near match)
[10.478s]   137 |   bool [01;36m[KwriteRegister[m[K(uint8_t id, const char *item_name, int32_t data, const char **log = NULL);
[10.478s]       |        [01;36m[K^~~~~~~~~~~~~[m[K
[10.478s] [01m[K/opt/ros/jazzy/include/dynamixel_workbench_toolbox/dynamixel_driver.h:137:8:[m[K [01;36m[Knote: [m[K  conversion of argument 4 would be ill-formed:
[10.478s] [01m[K/home/yama/ros2_ws/src/exmple_dynamixel_cpp/src/dynamixel_controller.cpp:34:46:[m[K [01;31m[Kerror: [m[Kinvalid conversion from ‘[01m[Kint[m[K’ to ‘[01m[Kconst char**[m[K’ [[01;31m[K]8;;https://gcc.gnu.org/onlinedocs/gcc/Warning-Options.html#index-fpermissive-fpermissive]8;;[m[K]
[10.479s]    34 |     if (!dxl_wb.writeRegister(dxl_id, 11, 1, [01;31m[K3[m[K)) {
[10.479s]       |                                              [01;31m[K^[m[K
[10.479s]       |                                              [01;31m[K|[m[K
[10.479s]       |                                              [01;31m[Kint[m[K
[10.479s] [01m[K/opt/ros/jazzy/include/dynamixel_workbench_toolbox/dynamixel_driver.h:136:8:[m[K [01;36m[Knote: [m[Kcandidate: ‘[01m[Kbool DynamixelDriver::[01;32m[KwriteRegister[m[K(uint8_t, uint16_t, uint16_t, uint8_t*, const char**)[m[K’ (near match)
[10.479s]   136 |   bool [01;36m[KwriteRegister[m[K(uint8_t id, uint16_t address, uint16_t length, uint8_t* data, const char **log = NULL);
[10.479s]       |        [01;36m[K^~~~~~~~~~~~~[m[K
[10.479s] [01m[K/opt/ros/jazzy/include/dynamixel_workbench_toolbox/dynamixel_driver.h:136:8:[m[K [01;36m[Knote: [m[K  conversion of argument 4 would be ill-formed:
[10.479s] [01m[K/home/yama/ros2_ws/src/exmple_dynamixel_cpp/src/dynamixel_controller.cpp:34:46:[m[K [01;31m[Kerror: [m[Kinvalid conversion from ‘[01m[Kint[m[K’ to ‘[01m[Kuint8_t*[m[K’ {aka ‘[01m[Kunsigned char*[m[K’} [[01;31m[K]8;;https://gcc.gnu.org/onlinedocs/gcc/Warning-Options.html#index-fpermissive-fpermissive]8;;[m[K]
[10.479s]    34 |     if (!dxl_wb.writeRegister(dxl_id, 11, 1, [01;31m[K3[m[K)) {
[10.479s]       |                                              [01;31m[K^[m[K
[10.479s]       |                                              [01;31m[K|[m[K
[10.479s]       |                                              [01;31m[Kint[m[K
[12.983s] gmake[2]: *** [CMakeFiles/dynamixel_controller.dir/build.make:76: CMakeFiles/dynamixel_controller.dir/src/dynamixel_controller.cpp.o] Error 1
[12.984s] gmake[1]: *** [CMakeFiles/Makefile2:137: CMakeFiles/dynamixel_controller.dir/all] Error 2
[12.984s] gmake: *** [Makefile:146: all] Error 2
[13.004s] Invoked command in '/home/yama/ros2_ws/build/exmple_dynamixel_cpp' returned '2': CMAKE_PREFIX_PATH=${CMAKE_PREFIX_PATH}:/opt/ros/jazzy DEBUGINFOD_URLS=https://debuginfod.ubuntu.com /usr/bin/cmake --build /home/yama/ros2_ws/build/exmple_dynamixel_cpp -- -j1 -l1
