[0.121s] DEBUG:colcon:Command line arguments: ['/usr/bin/colcon', 'build', '--packages-select', 'dynamixeljoy']
[0.121s] DEBUG:colcon:Parsed command line arguments: Namespace(log_base=None, log_level=None, verb_name='build', build_base='build', install_base='install', merge_install=False, symlink_install=False, test_result_base=None, continue_on_error=False, executor='parallel', parallel_workers=1, event_handlers=None, ignore_user_meta=False, metas=['./colcon.meta'], base_paths=['.'], packages_ignore=None, packages_ignore_regex=None, paths=None, packages_up_to=None, packages_up_to_regex=None, packages_above=None, packages_above_and_dependencies=None, packages_above_depth=None, packages_select_by_dep=None, packages_skip_by_dep=None, packages_skip_up_to=None, packages_select_build_failed=False, packages_skip_build_finished=False, packages_select_test_failures=False, packages_skip_test_passed=False, packages_select=['dynamixeljoy'], packages_skip=None, packages_select_regex=None, packages_skip_regex=None, packages_start=None, packages_end=None, allow_overriding=[], cmake_args=None, cmake_target=None, cmake_target_skip_unavailable=False, cmake_clean_cache=False, cmake_clean_first=False, cmake_force_configure=False, ament_cmake_args=None, catkin_cmake_args=None, catkin_skip_building_tests=False, mixin_files=None, mixin=None, verb_parser=<colcon_mixin.mixin.mixin_argument.MixinArgumentDecorator object at 0x7ef08586b0b0>, verb_extension=<colcon_core.verb.build.BuildVerb object at 0x7ef08598b7d0>, main=<bound method BuildVerb.main of <colcon_core.verb.build.BuildVerb object at 0x7ef08598b7d0>>, mixin_verb=('build',))
[0.159s] Level 1:colcon.colcon_core.package_discovery:discover_packages(colcon_meta) check parameters
[0.160s] Level 1:colcon.colcon_core.package_discovery:discover_packages(recursive) check parameters
[0.160s] Level 1:colcon.colcon_core.package_discovery:discover_packages(ignore) check parameters
[0.160s] Level 1:colcon.colcon_core.package_discovery:discover_packages(path) check parameters
[0.160s] Level 1:colcon.colcon_core.package_discovery:discover_packages(colcon_meta) discover
[0.160s] Level 1:colcon.colcon_core.package_discovery:discover_packages(recursive) discover
[0.160s] INFO:colcon.colcon_core.package_discovery:Crawling recursively for packages in '/home/yama/ros2_ws'
[0.160s] Level 1:colcon.colcon_core.package_identification:_identify(.) by extensions ['ignore', 'ignore_ament_install']
[0.160s] Level 1:colcon.colcon_core.package_identification:_identify(.) by extension 'ignore'
[0.160s] Level 1:colcon.colcon_core.package_identification:_identify(.) by extension 'ignore_ament_install'
[0.160s] Level 1:colcon.colcon_core.package_identification:_identify(.) by extensions ['colcon_pkg']
[0.160s] Level 1:colcon.colcon_core.package_identification:_identify(.) by extension 'colcon_pkg'
[0.160s] Level 1:colcon.colcon_core.package_identification:_identify(.) by extensions ['colcon_meta']
[0.160s] Level 1:colcon.colcon_core.package_identification:_identify(.) by extension 'colcon_meta'
[0.160s] Level 1:colcon.colcon_core.package_identification:_identify(.) by extensions ['ros']
[0.160s] Level 1:colcon.colcon_core.package_identification:_identify(.) by extension 'ros'
[0.202s] Level 1:colcon.colcon_core.package_identification:_identify(.) by extensions ['cmake', 'python']
[0.202s] Level 1:colcon.colcon_core.package_identification:_identify(.) by extension 'cmake'
[0.202s] Level 1:colcon.colcon_core.package_identification:_identify(.) by extension 'python'
[0.203s] Level 1:colcon.colcon_core.package_identification:_identify(.) by extensions ['python_setup_py']
[0.203s] Level 1:colcon.colcon_core.package_identification:_identify(.) by extension 'python_setup_py'
[0.203s] Level 1:colcon.colcon_core.package_identification:_identify(build) by extensions ['ignore', 'ignore_ament_install']
[0.203s] Level 1:colcon.colcon_core.package_identification:_identify(build) by extension 'ignore'
[0.203s] Level 1:colcon.colcon_core.package_identification:_identify(build) ignored
[0.203s] Level 1:colcon.colcon_core.package_identification:_identify(install) by extensions ['ignore', 'ignore_ament_install']
[0.203s] Level 1:colcon.colcon_core.package_identification:_identify(install) by extension 'ignore'
[0.203s] Level 1:colcon.colcon_core.package_identification:_identify(install) ignored
[0.203s] Level 1:colcon.colcon_core.package_identification:_identify(log) by extensions ['ignore', 'ignore_ament_install']
[0.205s] Level 1:colcon.colcon_core.package_identification:_identify(log) by extension 'ignore'
[0.205s] Level 1:colcon.colcon_core.package_identification:_identify(log) ignored
[0.205s] Level 1:colcon.colcon_core.package_identification:_identify(src) by extensions ['ignore', 'ignore_ament_install']
[0.205s] Level 1:colcon.colcon_core.package_identification:_identify(src) by extension 'ignore'
[0.205s] Level 1:colcon.colcon_core.package_identification:_identify(src) by extension 'ignore_ament_install'
[0.205s] Level 1:colcon.colcon_core.package_identification:_identify(src) by extensions ['colcon_pkg']
[0.205s] Level 1:colcon.colcon_core.package_identification:_identify(src) by extension 'colcon_pkg'
[0.205s] Level 1:colcon.colcon_core.package_identification:_identify(src) by extensions ['colcon_meta']
[0.205s] Level 1:colcon.colcon_core.package_identification:_identify(src) by extension 'colcon_meta'
[0.205s] Level 1:colcon.colcon_core.package_identification:_identify(src) by extensions ['ros']
[0.205s] Level 1:colcon.colcon_core.package_identification:_identify(src) by extension 'ros'
[0.205s] Level 1:colcon.colcon_core.package_identification:_identify(src) by extensions ['cmake', 'python']
[0.205s] Level 1:colcon.colcon_core.package_identification:_identify(src) by extension 'cmake'
[0.206s] Level 1:colcon.colcon_core.package_identification:_identify(src) by extension 'python'
[0.206s] Level 1:colcon.colcon_core.package_identification:_identify(src) by extensions ['python_setup_py']
[0.206s] Level 1:colcon.colcon_core.package_identification:_identify(src) by extension 'python_setup_py'
[0.206s] Level 1:colcon.colcon_core.package_identification:_identify(src/build) by extensions ['ignore', 'ignore_ament_install']
[0.206s] Level 1:colcon.colcon_core.package_identification:_identify(src/build) by extension 'ignore'
[0.206s] Level 1:colcon.colcon_core.package_identification:_identify(src/build) ignored
[0.206s] Level 1:colcon.colcon_core.package_identification:_identify(src/dynamixel_sdk) by extensions ['ignore', 'ignore_ament_install']
[0.206s] Level 1:colcon.colcon_core.package_identification:_identify(src/dynamixel_sdk) by extension 'ignore'
[0.206s] Level 1:colcon.colcon_core.package_identification:_identify(src/dynamixel_sdk) by extension 'ignore_ament_install'
[0.206s] Level 1:colcon.colcon_core.package_identification:_identify(src/dynamixel_sdk) by extensions ['colcon_pkg']
[0.206s] Level 1:colcon.colcon_core.package_identification:_identify(src/dynamixel_sdk) by extension 'colcon_pkg'
[0.206s] Level 1:colcon.colcon_core.package_identification:_identify(src/dynamixel_sdk) by extensions ['colcon_meta']
[0.206s] Level 1:colcon.colcon_core.package_identification:_identify(src/dynamixel_sdk) by extension 'colcon_meta'
[0.206s] Level 1:colcon.colcon_core.package_identification:_identify(src/dynamixel_sdk) by extensions ['ros']
[0.206s] Level 1:colcon.colcon_core.package_identification:_identify(src/dynamixel_sdk) by extension 'ros'
[0.208s] DEBUG:colcon.colcon_core.package_identification:Package 'src/dynamixel_sdk' with type 'ros.ament_cmake' and name 'dynamixel_sdk'
[0.208s] Level 1:colcon.colcon_core.package_identification:_identify(src/dynamixel_sdk_custom_interfaces) by extensions ['ignore', 'ignore_ament_install']
[0.209s] Level 1:colcon.colcon_core.package_identification:_identify(src/dynamixel_sdk_custom_interfaces) by extension 'ignore'
[0.209s] Level 1:colcon.colcon_core.package_identification:_identify(src/dynamixel_sdk_custom_interfaces) by extension 'ignore_ament_install'
[0.209s] Level 1:colcon.colcon_core.package_identification:_identify(src/dynamixel_sdk_custom_interfaces) by extensions ['colcon_pkg']
[0.209s] Level 1:colcon.colcon_core.package_identification:_identify(src/dynamixel_sdk_custom_interfaces) by extension 'colcon_pkg'
[0.209s] Level 1:colcon.colcon_core.package_identification:_identify(src/dynamixel_sdk_custom_interfaces) by extensions ['colcon_meta']
[0.209s] Level 1:colcon.colcon_core.package_identification:_identify(src/dynamixel_sdk_custom_interfaces) by extension 'colcon_meta'
[0.209s] Level 1:colcon.colcon_core.package_identification:_identify(src/dynamixel_sdk_custom_interfaces) by extensions ['ros']
[0.209s] Level 1:colcon.colcon_core.package_identification:_identify(src/dynamixel_sdk_custom_interfaces) by extension 'ros'
[0.209s] DEBUG:colcon.colcon_core.package_identification:Package 'src/dynamixel_sdk_custom_interfaces' with type 'ros.ament_cmake' and name 'dynamixel_sdk_custom_interfaces'
[0.209s] Level 1:colcon.colcon_core.package_identification:_identify(src/dynamixel_sdk_examples) by extensions ['ignore', 'ignore_ament_install']
[0.209s] Level 1:colcon.colcon_core.package_identification:_identify(src/dynamixel_sdk_examples) by extension 'ignore'
[0.209s] Level 1:colcon.colcon_core.package_identification:_identify(src/dynamixel_sdk_examples) by extension 'ignore_ament_install'
[0.209s] Level 1:colcon.colcon_core.package_identification:_identify(src/dynamixel_sdk_examples) by extensions ['colcon_pkg']
[0.210s] Level 1:colcon.colcon_core.package_identification:_identify(src/dynamixel_sdk_examples) by extension 'colcon_pkg'
[0.210s] Level 1:colcon.colcon_core.package_identification:_identify(src/dynamixel_sdk_examples) by extensions ['colcon_meta']
[0.210s] Level 1:colcon.colcon_core.package_identification:_identify(src/dynamixel_sdk_examples) by extension 'colcon_meta'
[0.210s] Level 1:colcon.colcon_core.package_identification:_identify(src/dynamixel_sdk_examples) by extensions ['ros']
[0.210s] Level 1:colcon.colcon_core.package_identification:_identify(src/dynamixel_sdk_examples) by extension 'ros'
[0.210s] DEBUG:colcon.colcon_core.package_identification:Package 'src/dynamixel_sdk_examples' with type 'ros.ament_cmake' and name 'dynamixel_sdk_examples'
[0.210s] Level 1:colcon.colcon_core.package_identification:_identify(src/dynamixeljoy) by extensions ['ignore', 'ignore_ament_install']
[0.210s] Level 1:colcon.colcon_core.package_identification:_identify(src/dynamixeljoy) by extension 'ignore'
[0.210s] Level 1:colcon.colcon_core.package_identification:_identify(src/dynamixeljoy) by extension 'ignore_ament_install'
[0.210s] Level 1:colcon.colcon_core.package_identification:_identify(src/dynamixeljoy) by extensions ['colcon_pkg']
[0.210s] Level 1:colcon.colcon_core.package_identification:_identify(src/dynamixeljoy) by extension 'colcon_pkg'
[0.210s] Level 1:colcon.colcon_core.package_identification:_identify(src/dynamixeljoy) by extensions ['colcon_meta']
[0.210s] Level 1:colcon.colcon_core.package_identification:_identify(src/dynamixeljoy) by extension 'colcon_meta'
[0.210s] Level 1:colcon.colcon_core.package_identification:_identify(src/dynamixeljoy) by extensions ['ros']
[0.210s] Level 1:colcon.colcon_core.package_identification:_identify(src/dynamixeljoy) by extension 'ros'
[0.211s] DEBUG:colcon.colcon_core.package_identification:Package 'src/dynamixeljoy' with type 'ros.ament_cmake' and name 'dynamixeljoy'
[0.211s] Level 1:colcon.colcon_core.package_identification:_identify(src/exmple_dynamixel_cpp) by extensions ['ignore', 'ignore_ament_install']
[0.211s] Level 1:colcon.colcon_core.package_identification:_identify(src/exmple_dynamixel_cpp) by extension 'ignore'
[0.211s] Level 1:colcon.colcon_core.package_identification:_identify(src/exmple_dynamixel_cpp) by extension 'ignore_ament_install'
[0.211s] Level 1:colcon.colcon_core.package_identification:_identify(src/exmple_dynamixel_cpp) by extensions ['colcon_pkg']
[0.211s] Level 1:colcon.colcon_core.package_identification:_identify(src/exmple_dynamixel_cpp) by extension 'colcon_pkg'
[0.211s] Level 1:colcon.colcon_core.package_identification:_identify(src/exmple_dynamixel_cpp) by extensions ['colcon_meta']
[0.211s] Level 1:colcon.colcon_core.package_identification:_identify(src/exmple_dynamixel_cpp) by extension 'colcon_meta'
[0.211s] Level 1:colcon.colcon_core.package_identification:_identify(src/exmple_dynamixel_cpp) by extensions ['ros']
[0.211s] Level 1:colcon.colcon_core.package_identification:_identify(src/exmple_dynamixel_cpp) by extension 'ros'
[0.211s] DEBUG:colcon.colcon_core.package_identification:Package 'src/exmple_dynamixel_cpp' with type 'ros.ament_cmake' and name 'exmple_dynamixel_cpp'
[0.212s] Level 1:colcon.colcon_core.package_identification:_identify(src/install) by extensions ['ignore', 'ignore_ament_install']
[0.212s] Level 1:colcon.colcon_core.package_identification:_identify(src/install) by extension 'ignore'
[0.212s] Level 1:colcon.colcon_core.package_identification:_identify(src/install) ignored
[0.212s] Level 1:colcon.colcon_core.package_identification:_identify(src/joysub) by extensions ['ignore', 'ignore_ament_install']
[0.212s] Level 1:colcon.colcon_core.package_identification:_identify(src/joysub) by extension 'ignore'
[0.212s] Level 1:colcon.colcon_core.package_identification:_identify(src/joysub) by extension 'ignore_ament_install'
[0.212s] Level 1:colcon.colcon_core.package_identification:_identify(src/joysub) by extensions ['colcon_pkg']
[0.212s] Level 1:colcon.colcon_core.package_identification:_identify(src/joysub) by extension 'colcon_pkg'
[0.212s] Level 1:colcon.colcon_core.package_identification:_identify(src/joysub) by extensions ['colcon_meta']
[0.212s] Level 1:colcon.colcon_core.package_identification:_identify(src/joysub) by extension 'colcon_meta'
[0.212s] Level 1:colcon.colcon_core.package_identification:_identify(src/joysub) by extensions ['ros']
[0.212s] Level 1:colcon.colcon_core.package_identification:_identify(src/joysub) by extension 'ros'
[0.212s] DEBUG:colcon.colcon_core.package_identification:Package 'src/joysub' with type 'ros.ament_cmake' and name 'joysub'
[0.212s] Level 1:colcon.colcon_core.package_identification:_identify(src/log) by extensions ['ignore', 'ignore_ament_install']
[0.212s] Level 1:colcon.colcon_core.package_identification:_identify(src/log) by extension 'ignore'
[0.212s] Level 1:colcon.colcon_core.package_identification:_identify(src/log) ignored
[0.212s] Level 1:colcon.colcon_core.package_discovery:discover_packages(recursive) using defaults
[0.212s] Level 1:colcon.colcon_core.package_discovery:discover_packages(ignore) discover
[0.212s] Level 1:colcon.colcon_core.package_discovery:discover_packages(ignore) using defaults
[0.212s] Level 1:colcon.colcon_core.package_discovery:discover_packages(path) discover
[0.212s] Level 1:colcon.colcon_core.package_discovery:discover_packages(path) using defaults
[0.230s] INFO:colcon.colcon_core.package_selection:Skipping not selected package 'dynamixel_sdk' in 'src/dynamixel_sdk'
[0.230s] INFO:colcon.colcon_core.package_selection:Skipping not selected package 'dynamixel_sdk_custom_interfaces' in 'src/dynamixel_sdk_custom_interfaces'
[0.230s] INFO:colcon.colcon_core.package_selection:Skipping not selected package 'exmple_dynamixel_cpp' in 'src/exmple_dynamixel_cpp'
[0.230s] INFO:colcon.colcon_core.package_selection:Skipping not selected package 'joysub' in 'src/joysub'
[0.230s] INFO:colcon.colcon_core.package_selection:Skipping not selected package 'dynamixel_sdk_examples' in 'src/dynamixel_sdk_examples'
[0.231s] Level 1:colcon.colcon_core.package_discovery:discover_packages(prefix_path) check parameters
[0.231s] Level 1:colcon.colcon_core.package_discovery:discover_packages(prefix_path) discover
[0.232s] DEBUG:colcon.colcon_installed_package_information.package_discovery:Found 289 installed packages in /opt/ros/jazzy
[0.234s] Level 1:colcon.colcon_core.package_discovery:discover_packages(prefix_path) using defaults
[0.264s] Level 5:colcon.colcon_core.verb:set package 'dynamixeljoy' build argument 'cmake_args' from command line to 'None'
[0.264s] Level 5:colcon.colcon_core.verb:set package 'dynamixeljoy' build argument 'cmake_target' from command line to 'None'
[0.264s] Level 5:colcon.colcon_core.verb:set package 'dynamixeljoy' build argument 'cmake_target_skip_unavailable' from command line to 'False'
[0.264s] Level 5:colcon.colcon_core.verb:set package 'dynamixeljoy' build argument 'cmake_clean_cache' from command line to 'False'
[0.264s] Level 5:colcon.colcon_core.verb:set package 'dynamixeljoy' build argument 'cmake_clean_first' from command line to 'False'
[0.264s] Level 5:colcon.colcon_core.verb:set package 'dynamixeljoy' build argument 'cmake_force_configure' from command line to 'False'
[0.264s] Level 5:colcon.colcon_core.verb:set package 'dynamixeljoy' build argument 'ament_cmake_args' from command line to 'None'
[0.264s] Level 5:colcon.colcon_core.verb:set package 'dynamixeljoy' build argument 'catkin_cmake_args' from command line to 'None'
[0.264s] Level 5:colcon.colcon_core.verb:set package 'dynamixeljoy' build argument 'catkin_skip_building_tests' from command line to 'False'
[0.264s] DEBUG:colcon.colcon_core.verb:Building package 'dynamixeljoy' with the following arguments: {'ament_cmake_args': None, 'build_base': '/home/yama/ros2_ws/build/dynamixeljoy', 'catkin_cmake_args': None, 'catkin_skip_building_tests': False, 'cmake_args': None, 'cmake_clean_cache': False, 'cmake_clean_first': False, 'cmake_force_configure': False, 'cmake_target': None, 'cmake_target_skip_unavailable': False, 'install_base': '/home/yama/ros2_ws/install/dynamixeljoy', 'merge_install': False, 'path': '/home/yama/ros2_ws/src/dynamixeljoy', 'symlink_install': False, 'test_result_base': None}
[0.264s] INFO:colcon.colcon_core.executor:Executing jobs using 'parallel' executor
[0.270s] DEBUG:colcon.colcon_parallel_executor.executor.parallel:run_until_complete
[0.271s] INFO:colcon.colcon_ros.task.ament_cmake.build:Building ROS package in '/home/yama/ros2_ws/src/dynamixeljoy' with build type 'ament_cmake'
[0.271s] INFO:colcon.colcon_cmake.task.cmake.build:Building CMake package in '/home/yama/ros2_ws/src/dynamixeljoy'
[0.272s] INFO:colcon.colcon_core.plugin_system:Skipping extension 'colcon_core.shell.bat': Not used on non-Windows systems
[0.272s] INFO:colcon.colcon_core.shell:Skip shell extension 'powershell' for command environment: Not usable outside of PowerShell
[0.272s] DEBUG:colcon.colcon_core.shell:Skip shell extension 'dsv' for command environment
[0.298s] DEBUG:colcon.colcon_core.event_handler.log_command:Invoking command in '/home/yama/ros2_ws/build/dynamixeljoy': CMAKE_PREFIX_PATH=${CMAKE_PREFIX_PATH}:/opt/ros/jazzy DEBUGINFOD_URLS=https://debuginfod.ubuntu.com /usr/bin/cmake /home/yama/ros2_ws/src/dynamixeljoy -DCMAKE_INSTALL_PREFIX=/home/yama/ros2_ws/install/dynamixeljoy
[1.528s] DEBUG:colcon.colcon_core.event_handler.log_command:Invoked command in '/home/yama/ros2_ws/build/dynamixeljoy' returned '0': CMAKE_PREFIX_PATH=${CMAKE_PREFIX_PATH}:/opt/ros/jazzy DEBUGINFOD_URLS=https://debuginfod.ubuntu.com /usr/bin/cmake /home/yama/ros2_ws/src/dynamixeljoy -DCMAKE_INSTALL_PREFIX=/home/yama/ros2_ws/install/dynamixeljoy
[1.529s] DEBUG:colcon.colcon_core.event_handler.log_command:Invoking command in '/home/yama/ros2_ws/build/dynamixeljoy': CMAKE_PREFIX_PATH=${CMAKE_PREFIX_PATH}:/opt/ros/jazzy DEBUGINFOD_URLS=https://debuginfod.ubuntu.com /usr/bin/cmake --build /home/yama/ros2_ws/build/dynamixeljoy -- -j1 -l1
[11.140s] DEBUG:colcon.colcon_core.event_handler.log_command:Invoked command in '/home/yama/ros2_ws/build/dynamixeljoy' returned '2': CMAKE_PREFIX_PATH=${CMAKE_PREFIX_PATH}:/opt/ros/jazzy DEBUGINFOD_URLS=https://debuginfod.ubuntu.com /usr/bin/cmake --build /home/yama/ros2_ws/build/dynamixeljoy -- -j1 -l1
[11.141s] Level 1:colcon.colcon_core.environment:create_environment_scripts_only(dynamixeljoy)
[11.142s] Level 1:colcon.colcon_core.environment:checking '/home/yama/ros2_ws/install/dynamixeljoy' for CMake module files
[11.143s] Level 1:colcon.colcon_core.environment:checking '/home/yama/ros2_ws/install/dynamixeljoy' for CMake config files
[11.143s] Level 1:colcon.colcon_core.environment:checking '/home/yama/ros2_ws/install/dynamixeljoy/bin'
[11.143s] Level 1:colcon.colcon_core.environment:checking '/home/yama/ros2_ws/install/dynamixeljoy/lib/pkgconfig/dynamixeljoy.pc'
[11.150s] Level 1:colcon.colcon_core.environment:checking '/home/yama/ros2_ws/install/dynamixeljoy/lib/python3.12/site-packages'
[11.151s] Level 1:colcon.colcon_core.environment:checking '/home/yama/ros2_ws/install/dynamixeljoy/bin'
[11.151s] INFO:colcon.colcon_core.shell:Creating package script '/home/yama/ros2_ws/install/dynamixeljoy/share/dynamixeljoy/package.ps1'
[11.153s] INFO:colcon.colcon_core.shell:Creating package descriptor '/home/yama/ros2_ws/install/dynamixeljoy/share/dynamixeljoy/package.dsv'
[11.154s] INFO:colcon.colcon_core.shell:Creating package script '/home/yama/ros2_ws/install/dynamixeljoy/share/dynamixeljoy/package.sh'
[11.155s] INFO:colcon.colcon_core.shell:Creating package script '/home/yama/ros2_ws/install/dynamixeljoy/share/dynamixeljoy/package.bash'
[11.157s] INFO:colcon.colcon_core.shell:Creating package script '/home/yama/ros2_ws/install/dynamixeljoy/share/dynamixeljoy/package.zsh'
[11.158s] Level 1:colcon.colcon_core.environment:create_file_with_runtime_dependencies(/home/yama/ros2_ws/install/dynamixeljoy/share/colcon-core/packages/dynamixeljoy)
[11.159s] DEBUG:colcon.colcon_parallel_executor.executor.parallel:closing loop
[11.160s] DEBUG:colcon.colcon_parallel_executor.executor.parallel:loop closed
[11.160s] DEBUG:colcon.colcon_parallel_executor.executor.parallel:run_until_complete finished with '2'
[11.160s] DEBUG:colcon.colcon_core.event_reactor:joining thread
[11.166s] INFO:colcon.colcon_core.plugin_system:Skipping extension 'colcon_notification.desktop_notification.terminal_notifier': Not used on non-Darwin systems
[11.167s] INFO:colcon.colcon_core.plugin_system:Skipping extension 'colcon_notification.desktop_notification.win32': Not used on non-Windows systems
[11.167s] INFO:colcon.colcon_notification.desktop_notification:Sending desktop notification using 'notify2'
[11.198s] DEBUG:colcon.colcon_core.event_reactor:joined thread
[11.199s] INFO:colcon.colcon_core.shell:Creating prefix script '/home/yama/ros2_ws/install/local_setup.ps1'
[11.201s] INFO:colcon.colcon_core.shell:Creating prefix util module '/home/yama/ros2_ws/install/_local_setup_util_ps1.py'
[11.206s] INFO:colcon.colcon_core.shell:Creating prefix chain script '/home/yama/ros2_ws/install/setup.ps1'
[11.217s] INFO:colcon.colcon_core.shell:Creating prefix script '/home/yama/ros2_ws/install/local_setup.sh'
[11.218s] INFO:colcon.colcon_core.shell:Creating prefix util module '/home/yama/ros2_ws/install/_local_setup_util_sh.py'
[11.219s] INFO:colcon.colcon_core.shell:Creating prefix chain script '/home/yama/ros2_ws/install/setup.sh'
[11.220s] INFO:colcon.colcon_core.shell:Creating prefix script '/home/yama/ros2_ws/install/local_setup.bash'
[11.221s] INFO:colcon.colcon_core.shell:Creating prefix chain script '/home/yama/ros2_ws/install/setup.bash'
[11.222s] INFO:colcon.colcon_core.shell:Creating prefix script '/home/yama/ros2_ws/install/local_setup.zsh'
[11.223s] INFO:colcon.colcon_core.shell:Creating prefix chain script '/home/yama/ros2_ws/install/setup.zsh'
