[0.165s] DEBUG:colcon:Command line arguments: ['/usr/bin/colcon', 'build', '--packages-select', 'exmple_dynamixel_cpp']
[0.165s] DEBUG:colcon:Parsed command line arguments: Namespace(log_base=None, log_level=None, verb_name='build', build_base='build', install_base='install', merge_install=False, symlink_install=False, test_result_base=None, continue_on_error=False, executor='parallel', parallel_workers=1, event_handlers=None, ignore_user_meta=False, metas=['./colcon.meta'], base_paths=['.'], packages_ignore=None, packages_ignore_regex=None, paths=None, packages_up_to=None, packages_up_to_regex=None, packages_above=None, packages_above_and_dependencies=None, packages_above_depth=None, packages_select_by_dep=None, packages_skip_by_dep=None, packages_skip_up_to=None, packages_select_build_failed=False, packages_skip_build_finished=False, packages_select_test_failures=False, packages_skip_test_passed=False, packages_select=['exmple_dynamixel_cpp'], packages_skip=None, packages_select_regex=None, packages_skip_regex=None, packages_start=None, packages_end=None, allow_overriding=[], cmake_args=None, cmake_target=None, cmake_target_skip_unavailable=False, cmake_clean_cache=False, cmake_clean_first=False, cmake_force_configure=False, ament_cmake_args=None, catkin_cmake_args=None, catkin_skip_building_tests=False, mixin_files=None, mixin=None, verb_parser=<colcon_mixin.mixin.mixin_argument.MixinArgumentDecorator object at 0x740c2e0670b0>, verb_extension=<colcon_core.verb.build.BuildVerb object at 0x740c2e1a7950>, main=<bound method BuildVerb.main of <colcon_core.verb.build.BuildVerb object at 0x740c2e1a7950>>, mixin_verb=('build',))
[0.209s] Level 1:colcon.colcon_core.package_discovery:discover_packages(colcon_meta) check parameters
[0.209s] Level 1:colcon.colcon_core.package_discovery:discover_packages(recursive) check parameters
[0.209s] Level 1:colcon.colcon_core.package_discovery:discover_packages(ignore) check parameters
[0.209s] Level 1:colcon.colcon_core.package_discovery:discover_packages(path) check parameters
[0.209s] Level 1:colcon.colcon_core.package_discovery:discover_packages(colcon_meta) discover
[0.209s] Level 1:colcon.colcon_core.package_discovery:discover_packages(recursive) discover
[0.209s] INFO:colcon.colcon_core.package_discovery:Crawling recursively for packages in '/home/yama/ros2_ws'
[0.209s] Level 1:colcon.colcon_core.package_identification:_identify(.) by extensions ['ignore', 'ignore_ament_install']
[0.210s] Level 1:colcon.colcon_core.package_identification:_identify(.) by extension 'ignore'
[0.210s] Level 1:colcon.colcon_core.package_identification:_identify(.) by extension 'ignore_ament_install'
[0.210s] Level 1:colcon.colcon_core.package_identification:_identify(.) by extensions ['colcon_pkg']
[0.210s] Level 1:colcon.colcon_core.package_identification:_identify(.) by extension 'colcon_pkg'
[0.210s] Level 1:colcon.colcon_core.package_identification:_identify(.) by extensions ['colcon_meta']
[0.210s] Level 1:colcon.colcon_core.package_identification:_identify(.) by extension 'colcon_meta'
[0.210s] Level 1:colcon.colcon_core.package_identification:_identify(.) by extensions ['ros']
[0.210s] Level 1:colcon.colcon_core.package_identification:_identify(.) by extension 'ros'
[0.235s] Level 1:colcon.colcon_core.package_identification:_identify(.) by extensions ['cmake', 'python']
[0.235s] Level 1:colcon.colcon_core.package_identification:_identify(.) by extension 'cmake'
[0.235s] Level 1:colcon.colcon_core.package_identification:_identify(.) by extension 'python'
[0.235s] Level 1:colcon.colcon_core.package_identification:_identify(.) by extensions ['python_setup_py']
[0.235s] Level 1:colcon.colcon_core.package_identification:_identify(.) by extension 'python_setup_py'
[0.235s] Level 1:colcon.colcon_core.package_identification:_identify(build) by extensions ['ignore', 'ignore_ament_install']
[0.235s] Level 1:colcon.colcon_core.package_identification:_identify(build) by extension 'ignore'
[0.235s] Level 1:colcon.colcon_core.package_identification:_identify(build) ignored
[0.235s] Level 1:colcon.colcon_core.package_identification:_identify(install) by extensions ['ignore', 'ignore_ament_install']
[0.235s] Level 1:colcon.colcon_core.package_identification:_identify(install) by extension 'ignore'
[0.235s] Level 1:colcon.colcon_core.package_identification:_identify(install) ignored
[0.235s] Level 1:colcon.colcon_core.package_identification:_identify(log) by extensions ['ignore', 'ignore_ament_install']
[0.235s] Level 1:colcon.colcon_core.package_identification:_identify(log) by extension 'ignore'
[0.235s] Level 1:colcon.colcon_core.package_identification:_identify(log) ignored
[0.236s] Level 1:colcon.colcon_core.package_identification:_identify(src) by extensions ['ignore', 'ignore_ament_install']
[0.236s] Level 1:colcon.colcon_core.package_identification:_identify(src) by extension 'ignore'
[0.236s] Level 1:colcon.colcon_core.package_identification:_identify(src) by extension 'ignore_ament_install'
[0.236s] Level 1:colcon.colcon_core.package_identification:_identify(src) by extensions ['colcon_pkg']
[0.236s] Level 1:colcon.colcon_core.package_identification:_identify(src) by extension 'colcon_pkg'
[0.236s] Level 1:colcon.colcon_core.package_identification:_identify(src) by extensions ['colcon_meta']
[0.236s] Level 1:colcon.colcon_core.package_identification:_identify(src) by extension 'colcon_meta'
[0.236s] Level 1:colcon.colcon_core.package_identification:_identify(src) by extensions ['ros']
[0.236s] Level 1:colcon.colcon_core.package_identification:_identify(src) by extension 'ros'
[0.236s] Level 1:colcon.colcon_core.package_identification:_identify(src) by extensions ['cmake', 'python']
[0.237s] Level 1:colcon.colcon_core.package_identification:_identify(src) by extension 'cmake'
[0.237s] Level 1:colcon.colcon_core.package_identification:_identify(src) by extension 'python'
[0.237s] Level 1:colcon.colcon_core.package_identification:_identify(src) by extensions ['python_setup_py']
[0.237s] Level 1:colcon.colcon_core.package_identification:_identify(src) by extension 'python_setup_py'
[0.237s] Level 1:colcon.colcon_core.package_identification:_identify(src/build) by extensions ['ignore', 'ignore_ament_install']
[0.237s] Level 1:colcon.colcon_core.package_identification:_identify(src/build) by extension 'ignore'
[0.237s] Level 1:colcon.colcon_core.package_identification:_identify(src/build) ignored
[0.237s] Level 1:colcon.colcon_core.package_identification:_identify(src/dynamixel_sdk) by extensions ['ignore', 'ignore_ament_install']
[0.237s] Level 1:colcon.colcon_core.package_identification:_identify(src/dynamixel_sdk) by extension 'ignore'
[0.237s] Level 1:colcon.colcon_core.package_identification:_identify(src/dynamixel_sdk) by extension 'ignore_ament_install'
[0.237s] Level 1:colcon.colcon_core.package_identification:_identify(src/dynamixel_sdk) by extensions ['colcon_pkg']
[0.237s] Level 1:colcon.colcon_core.package_identification:_identify(src/dynamixel_sdk) by extension 'colcon_pkg'
[0.237s] Level 1:colcon.colcon_core.package_identification:_identify(src/dynamixel_sdk) by extensions ['colcon_meta']
[0.237s] Level 1:colcon.colcon_core.package_identification:_identify(src/dynamixel_sdk) by extension 'colcon_meta'
[0.237s] Level 1:colcon.colcon_core.package_identification:_identify(src/dynamixel_sdk) by extensions ['ros']
[0.237s] Level 1:colcon.colcon_core.package_identification:_identify(src/dynamixel_sdk) by extension 'ros'
[0.240s] DEBUG:colcon.colcon_core.package_identification:Package 'src/dynamixel_sdk' with type 'ros.ament_cmake' and name 'dynamixel_sdk'
[0.240s] Level 1:colcon.colcon_core.package_identification:_identify(src/dynamixel_sdk_custom_interfaces) by extensions ['ignore', 'ignore_ament_install']
[0.240s] Level 1:colcon.colcon_core.package_identification:_identify(src/dynamixel_sdk_custom_interfaces) by extension 'ignore'
[0.240s] Level 1:colcon.colcon_core.package_identification:_identify(src/dynamixel_sdk_custom_interfaces) by extension 'ignore_ament_install'
[0.240s] Level 1:colcon.colcon_core.package_identification:_identify(src/dynamixel_sdk_custom_interfaces) by extensions ['colcon_pkg']
[0.240s] Level 1:colcon.colcon_core.package_identification:_identify(src/dynamixel_sdk_custom_interfaces) by extension 'colcon_pkg'
[0.240s] Level 1:colcon.colcon_core.package_identification:_identify(src/dynamixel_sdk_custom_interfaces) by extensions ['colcon_meta']
[0.240s] Level 1:colcon.colcon_core.package_identification:_identify(src/dynamixel_sdk_custom_interfaces) by extension 'colcon_meta'
[0.240s] Level 1:colcon.colcon_core.package_identification:_identify(src/dynamixel_sdk_custom_interfaces) by extensions ['ros']
[0.240s] Level 1:colcon.colcon_core.package_identification:_identify(src/dynamixel_sdk_custom_interfaces) by extension 'ros'
[0.241s] DEBUG:colcon.colcon_core.package_identification:Package 'src/dynamixel_sdk_custom_interfaces' with type 'ros.ament_cmake' and name 'dynamixel_sdk_custom_interfaces'
[0.241s] Level 1:colcon.colcon_core.package_identification:_identify(src/dynamixel_sdk_examples) by extensions ['ignore', 'ignore_ament_install']
[0.241s] Level 1:colcon.colcon_core.package_identification:_identify(src/dynamixel_sdk_examples) by extension 'ignore'
[0.241s] Level 1:colcon.colcon_core.package_identification:_identify(src/dynamixel_sdk_examples) by extension 'ignore_ament_install'
[0.241s] Level 1:colcon.colcon_core.package_identification:_identify(src/dynamixel_sdk_examples) by extensions ['colcon_pkg']
[0.241s] Level 1:colcon.colcon_core.package_identification:_identify(src/dynamixel_sdk_examples) by extension 'colcon_pkg'
[0.241s] Level 1:colcon.colcon_core.package_identification:_identify(src/dynamixel_sdk_examples) by extensions ['colcon_meta']
[0.241s] Level 1:colcon.colcon_core.package_identification:_identify(src/dynamixel_sdk_examples) by extension 'colcon_meta'
[0.241s] Level 1:colcon.colcon_core.package_identification:_identify(src/dynamixel_sdk_examples) by extensions ['ros']
[0.241s] Level 1:colcon.colcon_core.package_identification:_identify(src/dynamixel_sdk_examples) by extension 'ros'
[0.242s] DEBUG:colcon.colcon_core.package_identification:Package 'src/dynamixel_sdk_examples' with type 'ros.ament_cmake' and name 'dynamixel_sdk_examples'
[0.242s] Level 1:colcon.colcon_core.package_identification:_identify(src/exmple_dynamixel_cpp) by extensions ['ignore', 'ignore_ament_install']
[0.242s] Level 1:colcon.colcon_core.package_identification:_identify(src/exmple_dynamixel_cpp) by extension 'ignore'
[0.242s] Level 1:colcon.colcon_core.package_identification:_identify(src/exmple_dynamixel_cpp) by extension 'ignore_ament_install'
[0.242s] Level 1:colcon.colcon_core.package_identification:_identify(src/exmple_dynamixel_cpp) by extensions ['colcon_pkg']
[0.242s] Level 1:colcon.colcon_core.package_identification:_identify(src/exmple_dynamixel_cpp) by extension 'colcon_pkg'
[0.242s] Level 1:colcon.colcon_core.package_identification:_identify(src/exmple_dynamixel_cpp) by extensions ['colcon_meta']
[0.242s] Level 1:colcon.colcon_core.package_identification:_identify(src/exmple_dynamixel_cpp) by extension 'colcon_meta'
[0.242s] Level 1:colcon.colcon_core.package_identification:_identify(src/exmple_dynamixel_cpp) by extensions ['ros']
[0.242s] Level 1:colcon.colcon_core.package_identification:_identify(src/exmple_dynamixel_cpp) by extension 'ros'
[0.243s] DEBUG:colcon.colcon_core.package_identification:Package 'src/exmple_dynamixel_cpp' with type 'ros.ament_cmake' and name 'exmple_dynamixel_cpp'
[0.243s] Level 1:colcon.colcon_core.package_identification:_identify(src/install) by extensions ['ignore', 'ignore_ament_install']
[0.243s] Level 1:colcon.colcon_core.package_identification:_identify(src/install) by extension 'ignore'
[0.243s] Level 1:colcon.colcon_core.package_identification:_identify(src/install) ignored
[0.243s] Level 1:colcon.colcon_core.package_identification:_identify(src/joyserv) by extensions ['ignore', 'ignore_ament_install']
[0.243s] Level 1:colcon.colcon_core.package_identification:_identify(src/joyserv) by extension 'ignore'
[0.243s] Level 1:colcon.colcon_core.package_identification:_identify(src/joyserv) by extension 'ignore_ament_install'
[0.243s] Level 1:colcon.colcon_core.package_identification:_identify(src/joyserv) by extensions ['colcon_pkg']
[0.243s] Level 1:colcon.colcon_core.package_identification:_identify(src/joyserv) by extension 'colcon_pkg'
[0.243s] Level 1:colcon.colcon_core.package_identification:_identify(src/joyserv) by extensions ['colcon_meta']
[0.243s] Level 1:colcon.colcon_core.package_identification:_identify(src/joyserv) by extension 'colcon_meta'
[0.243s] Level 1:colcon.colcon_core.package_identification:_identify(src/joyserv) by extensions ['ros']
[0.243s] Level 1:colcon.colcon_core.package_identification:_identify(src/joyserv) by extension 'ros'
[0.244s] DEBUG:colcon.colcon_core.package_identification:Package 'src/joyserv' with type 'ros.ament_cmake' and name 'joyserv'
[0.244s] Level 1:colcon.colcon_core.package_identification:_identify(src/joysub) by extensions ['ignore', 'ignore_ament_install']
[0.244s] Level 1:colcon.colcon_core.package_identification:_identify(src/joysub) by extension 'ignore'
[0.244s] Level 1:colcon.colcon_core.package_identification:_identify(src/joysub) by extension 'ignore_ament_install'
[0.244s] Level 1:colcon.colcon_core.package_identification:_identify(src/joysub) by extensions ['colcon_pkg']
[0.244s] Level 1:colcon.colcon_core.package_identification:_identify(src/joysub) by extension 'colcon_pkg'
[0.244s] Level 1:colcon.colcon_core.package_identification:_identify(src/joysub) by extensions ['colcon_meta']
[0.244s] Level 1:colcon.colcon_core.package_identification:_identify(src/joysub) by extension 'colcon_meta'
[0.244s] Level 1:colcon.colcon_core.package_identification:_identify(src/joysub) by extensions ['ros']
[0.244s] Level 1:colcon.colcon_core.package_identification:_identify(src/joysub) by extension 'ros'
[0.244s] DEBUG:colcon.colcon_core.package_identification:Package 'src/joysub' with type 'ros.ament_cmake' and name 'joysub'
[0.244s] Level 1:colcon.colcon_core.package_identification:_identify(src/log) by extensions ['ignore', 'ignore_ament_install']
[0.244s] Level 1:colcon.colcon_core.package_identification:_identify(src/log) by extension 'ignore'
[0.244s] Level 1:colcon.colcon_core.package_identification:_identify(src/log) ignored
[0.244s] Level 1:colcon.colcon_core.package_discovery:discover_packages(recursive) using defaults
[0.244s] Level 1:colcon.colcon_core.package_discovery:discover_packages(ignore) discover
[0.244s] Level 1:colcon.colcon_core.package_discovery:discover_packages(ignore) using defaults
[0.244s] Level 1:colcon.colcon_core.package_discovery:discover_packages(path) discover
[0.245s] Level 1:colcon.colcon_core.package_discovery:discover_packages(path) using defaults
[0.265s] INFO:colcon.colcon_core.package_selection:Skipping not selected package 'dynamixel_sdk' in 'src/dynamixel_sdk'
[0.265s] INFO:colcon.colcon_core.package_selection:Skipping not selected package 'dynamixel_sdk_custom_interfaces' in 'src/dynamixel_sdk_custom_interfaces'
[0.265s] INFO:colcon.colcon_core.package_selection:Skipping not selected package 'joyserv' in 'src/joyserv'
[0.265s] INFO:colcon.colcon_core.package_selection:Skipping not selected package 'joysub' in 'src/joysub'
[0.265s] INFO:colcon.colcon_core.package_selection:Skipping not selected package 'dynamixel_sdk_examples' in 'src/dynamixel_sdk_examples'
[0.266s] Level 1:colcon.colcon_core.package_discovery:discover_packages(prefix_path) check parameters
[0.266s] Level 1:colcon.colcon_core.package_discovery:discover_packages(prefix_path) discover
[0.269s] DEBUG:colcon.colcon_installed_package_information.package_discovery:Found 289 installed packages in /opt/ros/jazzy
[0.270s] Level 1:colcon.colcon_core.package_discovery:discover_packages(prefix_path) using defaults
[0.315s] Level 5:colcon.colcon_core.verb:set package 'exmple_dynamixel_cpp' build argument 'cmake_args' from command line to 'None'
[0.315s] Level 5:colcon.colcon_core.verb:set package 'exmple_dynamixel_cpp' build argument 'cmake_target' from command line to 'None'
[0.315s] Level 5:colcon.colcon_core.verb:set package 'exmple_dynamixel_cpp' build argument 'cmake_target_skip_unavailable' from command line to 'False'
[0.316s] Level 5:colcon.colcon_core.verb:set package 'exmple_dynamixel_cpp' build argument 'cmake_clean_cache' from command line to 'False'
[0.316s] Level 5:colcon.colcon_core.verb:set package 'exmple_dynamixel_cpp' build argument 'cmake_clean_first' from command line to 'False'
[0.316s] Level 5:colcon.colcon_core.verb:set package 'exmple_dynamixel_cpp' build argument 'cmake_force_configure' from command line to 'False'
[0.316s] Level 5:colcon.colcon_core.verb:set package 'exmple_dynamixel_cpp' build argument 'ament_cmake_args' from command line to 'None'
[0.316s] Level 5:colcon.colcon_core.verb:set package 'exmple_dynamixel_cpp' build argument 'catkin_cmake_args' from command line to 'None'
[0.316s] Level 5:colcon.colcon_core.verb:set package 'exmple_dynamixel_cpp' build argument 'catkin_skip_building_tests' from command line to 'False'
[0.316s] DEBUG:colcon.colcon_core.verb:Building package 'exmple_dynamixel_cpp' with the following arguments: {'ament_cmake_args': None, 'build_base': '/home/yama/ros2_ws/build/exmple_dynamixel_cpp', 'catkin_cmake_args': None, 'catkin_skip_building_tests': False, 'cmake_args': None, 'cmake_clean_cache': False, 'cmake_clean_first': False, 'cmake_force_configure': False, 'cmake_target': None, 'cmake_target_skip_unavailable': False, 'install_base': '/home/yama/ros2_ws/install/exmple_dynamixel_cpp', 'merge_install': False, 'path': '/home/yama/ros2_ws/src/exmple_dynamixel_cpp', 'symlink_install': False, 'test_result_base': None}
[0.316s] INFO:colcon.colcon_core.executor:Executing jobs using 'parallel' executor
[0.324s] DEBUG:colcon.colcon_parallel_executor.executor.parallel:run_until_complete
[0.324s] INFO:colcon.colcon_ros.task.ament_cmake.build:Building ROS package in '/home/yama/ros2_ws/src/exmple_dynamixel_cpp' with build type 'ament_cmake'
[0.324s] INFO:colcon.colcon_cmake.task.cmake.build:Building CMake package in '/home/yama/ros2_ws/src/exmple_dynamixel_cpp'
[0.327s] INFO:colcon.colcon_core.plugin_system:Skipping extension 'colcon_core.shell.bat': Not used on non-Windows systems
[0.327s] INFO:colcon.colcon_core.shell:Skip shell extension 'powershell' for command environment: Not usable outside of PowerShell
[0.327s] DEBUG:colcon.colcon_core.shell:Skip shell extension 'dsv' for command environment
[0.409s] DEBUG:colcon.colcon_core.event_handler.log_command:Invoking command in '/home/yama/ros2_ws/build/exmple_dynamixel_cpp': CMAKE_PREFIX_PATH=${CMAKE_PREFIX_PATH}:/opt/ros/jazzy DEBUGINFOD_URLS=https://debuginfod.ubuntu.com /usr/bin/cmake /home/yama/ros2_ws/src/exmple_dynamixel_cpp -DCMAKE_INSTALL_PREFIX=/home/yama/ros2_ws/install/exmple_dynamixel_cpp
[4.649s] DEBUG:colcon.colcon_core.event_handler.log_command:Invoked command in '/home/yama/ros2_ws/build/exmple_dynamixel_cpp' returned '0': CMAKE_PREFIX_PATH=${CMAKE_PREFIX_PATH}:/opt/ros/jazzy DEBUGINFOD_URLS=https://debuginfod.ubuntu.com /usr/bin/cmake /home/yama/ros2_ws/src/exmple_dynamixel_cpp -DCMAKE_INSTALL_PREFIX=/home/yama/ros2_ws/install/exmple_dynamixel_cpp
[4.650s] DEBUG:colcon.colcon_core.event_handler.log_command:Invoking command in '/home/yama/ros2_ws/build/exmple_dynamixel_cpp': CMAKE_PREFIX_PATH=${CMAKE_PREFIX_PATH}:/opt/ros/jazzy DEBUGINFOD_URLS=https://debuginfod.ubuntu.com /usr/bin/cmake --build /home/yama/ros2_ws/build/exmple_dynamixel_cpp -- -j1 -l1
[12.045s] DEBUG:colcon.colcon_core.event_handler.log_command:Invoked command in '/home/yama/ros2_ws/build/exmple_dynamixel_cpp' returned '0': CMAKE_PREFIX_PATH=${CMAKE_PREFIX_PATH}:/opt/ros/jazzy DEBUGINFOD_URLS=https://debuginfod.ubuntu.com /usr/bin/cmake --build /home/yama/ros2_ws/build/exmple_dynamixel_cpp -- -j1 -l1
[12.081s] DEBUG:colcon.colcon_core.event_handler.log_command:Invoking command in '/home/yama/ros2_ws/build/exmple_dynamixel_cpp': CMAKE_PREFIX_PATH=${CMAKE_PREFIX_PATH}:/opt/ros/jazzy DEBUGINFOD_URLS=https://debuginfod.ubuntu.com /usr/bin/cmake --install /home/yama/ros2_ws/build/exmple_dynamixel_cpp
[12.121s] Level 1:colcon.colcon_core.environment:create_environment_scripts_only(exmple_dynamixel_cpp)
[12.124s] Level 1:colcon.colcon_core.environment:checking '/home/yama/ros2_ws/install/exmple_dynamixel_cpp' for CMake module files
[12.125s] Level 1:colcon.colcon_core.environment:checking '/home/yama/ros2_ws/install/exmple_dynamixel_cpp' for CMake config files
[12.125s] Level 1:colcon.colcon_core.shell:create_environment_hook('exmple_dynamixel_cpp', 'cmake_prefix_path')
[12.126s] INFO:colcon.colcon_core.shell:Creating environment hook '/home/yama/ros2_ws/install/exmple_dynamixel_cpp/share/exmple_dynamixel_cpp/hook/cmake_prefix_path.ps1'
[12.127s] DEBUG:colcon.colcon_core.event_handler.log_command:Invoked command in '/home/yama/ros2_ws/build/exmple_dynamixel_cpp' returned '0': CMAKE_PREFIX_PATH=${CMAKE_PREFIX_PATH}:/opt/ros/jazzy DEBUGINFOD_URLS=https://debuginfod.ubuntu.com /usr/bin/cmake --install /home/yama/ros2_ws/build/exmple_dynamixel_cpp
[12.128s] INFO:colcon.colcon_core.shell:Creating environment descriptor '/home/yama/ros2_ws/install/exmple_dynamixel_cpp/share/exmple_dynamixel_cpp/hook/cmake_prefix_path.dsv'
[12.129s] INFO:colcon.colcon_core.shell:Creating environment hook '/home/yama/ros2_ws/install/exmple_dynamixel_cpp/share/exmple_dynamixel_cpp/hook/cmake_prefix_path.sh'
[12.130s] Level 1:colcon.colcon_core.environment:checking '/home/yama/ros2_ws/install/exmple_dynamixel_cpp/lib'
[12.130s] Level 1:colcon.colcon_core.environment:checking '/home/yama/ros2_ws/install/exmple_dynamixel_cpp/bin'
[12.130s] Level 1:colcon.colcon_core.environment:checking '/home/yama/ros2_ws/install/exmple_dynamixel_cpp/lib/pkgconfig/exmple_dynamixel_cpp.pc'
[12.130s] Level 1:colcon.colcon_core.environment:checking '/home/yama/ros2_ws/install/exmple_dynamixel_cpp/lib/python3.12/site-packages'
[12.130s] Level 1:colcon.colcon_core.environment:checking '/home/yama/ros2_ws/install/exmple_dynamixel_cpp/bin'
[12.131s] INFO:colcon.colcon_core.shell:Creating package script '/home/yama/ros2_ws/install/exmple_dynamixel_cpp/share/exmple_dynamixel_cpp/package.ps1'
[12.131s] INFO:colcon.colcon_core.shell:Creating package descriptor '/home/yama/ros2_ws/install/exmple_dynamixel_cpp/share/exmple_dynamixel_cpp/package.dsv'
[12.137s] INFO:colcon.colcon_core.shell:Creating package script '/home/yama/ros2_ws/install/exmple_dynamixel_cpp/share/exmple_dynamixel_cpp/package.sh'
[12.138s] INFO:colcon.colcon_core.shell:Creating package script '/home/yama/ros2_ws/install/exmple_dynamixel_cpp/share/exmple_dynamixel_cpp/package.bash'
[12.138s] INFO:colcon.colcon_core.shell:Creating package script '/home/yama/ros2_ws/install/exmple_dynamixel_cpp/share/exmple_dynamixel_cpp/package.zsh'
[12.139s] Level 1:colcon.colcon_core.environment:create_file_with_runtime_dependencies(/home/yama/ros2_ws/install/exmple_dynamixel_cpp/share/colcon-core/packages/exmple_dynamixel_cpp)
[12.139s] Level 1:colcon.colcon_core.environment:create_environment_scripts_only(exmple_dynamixel_cpp)
[12.140s] Level 1:colcon.colcon_core.environment:checking '/home/yama/ros2_ws/install/exmple_dynamixel_cpp' for CMake module files
[12.140s] Level 1:colcon.colcon_core.environment:checking '/home/yama/ros2_ws/install/exmple_dynamixel_cpp' for CMake config files
[12.140s] Level 1:colcon.colcon_core.shell:create_environment_hook('exmple_dynamixel_cpp', 'cmake_prefix_path')
[12.140s] INFO:colcon.colcon_core.shell:Creating environment hook '/home/yama/ros2_ws/install/exmple_dynamixel_cpp/share/exmple_dynamixel_cpp/hook/cmake_prefix_path.ps1'
[12.148s] INFO:colcon.colcon_core.shell:Creating environment descriptor '/home/yama/ros2_ws/install/exmple_dynamixel_cpp/share/exmple_dynamixel_cpp/hook/cmake_prefix_path.dsv'
[12.149s] INFO:colcon.colcon_core.shell:Creating environment hook '/home/yama/ros2_ws/install/exmple_dynamixel_cpp/share/exmple_dynamixel_cpp/hook/cmake_prefix_path.sh'
[12.156s] Level 1:colcon.colcon_core.environment:checking '/home/yama/ros2_ws/install/exmple_dynamixel_cpp/lib'
[12.157s] Level 1:colcon.colcon_core.environment:checking '/home/yama/ros2_ws/install/exmple_dynamixel_cpp/bin'
[12.157s] Level 1:colcon.colcon_core.environment:checking '/home/yama/ros2_ws/install/exmple_dynamixel_cpp/lib/pkgconfig/exmple_dynamixel_cpp.pc'
[12.157s] Level 1:colcon.colcon_core.environment:checking '/home/yama/ros2_ws/install/exmple_dynamixel_cpp/lib/python3.12/site-packages'
[12.157s] Level 1:colcon.colcon_core.environment:checking '/home/yama/ros2_ws/install/exmple_dynamixel_cpp/bin'
[12.157s] INFO:colcon.colcon_core.shell:Creating package script '/home/yama/ros2_ws/install/exmple_dynamixel_cpp/share/exmple_dynamixel_cpp/package.ps1'
[12.161s] INFO:colcon.colcon_core.shell:Creating package descriptor '/home/yama/ros2_ws/install/exmple_dynamixel_cpp/share/exmple_dynamixel_cpp/package.dsv'
[12.163s] INFO:colcon.colcon_core.shell:Creating package script '/home/yama/ros2_ws/install/exmple_dynamixel_cpp/share/exmple_dynamixel_cpp/package.sh'
[12.164s] INFO:colcon.colcon_core.shell:Creating package script '/home/yama/ros2_ws/install/exmple_dynamixel_cpp/share/exmple_dynamixel_cpp/package.bash'
[12.165s] INFO:colcon.colcon_core.shell:Creating package script '/home/yama/ros2_ws/install/exmple_dynamixel_cpp/share/exmple_dynamixel_cpp/package.zsh'
[12.165s] Level 1:colcon.colcon_core.environment:create_file_with_runtime_dependencies(/home/yama/ros2_ws/install/exmple_dynamixel_cpp/share/colcon-core/packages/exmple_dynamixel_cpp)
[12.167s] DEBUG:colcon.colcon_parallel_executor.executor.parallel:closing loop
[12.167s] DEBUG:colcon.colcon_parallel_executor.executor.parallel:loop closed
[12.167s] DEBUG:colcon.colcon_parallel_executor.executor.parallel:run_until_complete finished with '0'
[12.167s] DEBUG:colcon.colcon_core.event_reactor:joining thread
[12.173s] INFO:colcon.colcon_core.plugin_system:Skipping extension 'colcon_notification.desktop_notification.terminal_notifier': Not used on non-Darwin systems
[12.173s] INFO:colcon.colcon_core.plugin_system:Skipping extension 'colcon_notification.desktop_notification.win32': Not used on non-Windows systems
[12.173s] INFO:colcon.colcon_notification.desktop_notification:Sending desktop notification using 'notify2'
[12.216s] DEBUG:colcon.colcon_core.event_reactor:joined thread
[12.217s] INFO:colcon.colcon_core.shell:Creating prefix script '/home/yama/ros2_ws/install/local_setup.ps1'
[12.217s] INFO:colcon.colcon_core.shell:Creating prefix util module '/home/yama/ros2_ws/install/_local_setup_util_ps1.py'
[12.218s] INFO:colcon.colcon_core.shell:Creating prefix chain script '/home/yama/ros2_ws/install/setup.ps1'
[12.219s] INFO:colcon.colcon_core.shell:Creating prefix script '/home/yama/ros2_ws/install/local_setup.sh'
[12.219s] INFO:colcon.colcon_core.shell:Creating prefix util module '/home/yama/ros2_ws/install/_local_setup_util_sh.py'
[12.224s] INFO:colcon.colcon_core.shell:Creating prefix chain script '/home/yama/ros2_ws/install/setup.sh'
[12.225s] INFO:colcon.colcon_core.shell:Creating prefix script '/home/yama/ros2_ws/install/local_setup.bash'
[12.225s] INFO:colcon.colcon_core.shell:Creating prefix chain script '/home/yama/ros2_ws/install/setup.bash'
[12.226s] INFO:colcon.colcon_core.shell:Creating prefix script '/home/yama/ros2_ws/install/local_setup.zsh'
[12.226s] INFO:colcon.colcon_core.shell:Creating prefix chain script '/home/yama/ros2_ws/install/setup.zsh'
