[0.062s] Invoking command in '/home/yama/ros2_ws/build/dynamixel_sdk_examples': CMAKE_PREFIX_PATH=/home/yama/ros2_ws/install/dynamixel_sdk_custom_interfaces:/home/yama/ros2_ws/install/dynamixel_sdk:/home/yama/ros2_ws/install/joysub:/home/yama/ros2_ws/install/dynamixel_sdk_examples:/opt/ros/jazzy/opt/gz_math_vendor:/opt/ros/jazzy/opt/gz_utils_vendor:/opt/ros/jazzy/opt/gz_cmake_vendor:/opt/ros/jazzy DEBUGINFOD_URLS=https://debuginfod.ubuntu.com /usr/bin/cmake --build /home/yama/ros2_ws/build/dynamixel_sdk_examples -- -j1 -l1
[0.228s] [100%] Built target read_write_node
[0.283s] Invoked command in '/home/yama/ros2_ws/build/dynamixel_sdk_examples' returned '0': CMAKE_PREFIX_PATH=/home/yama/ros2_ws/install/dynamixel_sdk_custom_interfaces:/home/yama/ros2_ws/install/dynamixel_sdk:/home/yama/ros2_ws/install/joysub:/home/yama/ros2_ws/install/dynamixel_sdk_examples:/opt/ros/jazzy/opt/gz_math_vendor:/opt/ros/jazzy/opt/gz_utils_vendor:/opt/ros/jazzy/opt/gz_cmake_vendor:/opt/ros/jazzy DEBUGINFOD_URLS=https://debuginfod.ubuntu.com /usr/bin/cmake --build /home/yama/ros2_ws/build/dynamixel_sdk_examples -- -j1 -l1
[0.284s] Invoking command in '/home/yama/ros2_ws/build/dynamixel_sdk_examples': CMAKE_PREFIX_PATH=/home/yama/ros2_ws/install/dynamixel_sdk_custom_interfaces:/home/yama/ros2_ws/install/dynamixel_sdk:/home/yama/ros2_ws/install/joysub:/home/yama/ros2_ws/install/dynamixel_sdk_examples:/opt/ros/jazzy/opt/gz_math_vendor:/opt/ros/jazzy/opt/gz_utils_vendor:/opt/ros/jazzy/opt/gz_cmake_vendor:/opt/ros/jazzy DEBUGINFOD_URLS=https://debuginfod.ubuntu.com /usr/bin/cmake --install /home/yama/ros2_ws/build/dynamixel_sdk_examples
[0.300s] -- Install configuration: ""
[0.301s] -- Execute custom install script
[0.301s] -- Up-to-date symlink: /home/yama/ros2_ws/install/dynamixel_sdk_examples/lib/dynamixel_sdk_examples/read_write_node
[0.302s] -- Up-to-date symlink: /home/yama/ros2_ws/install/dynamixel_sdk_examples/share/ament_index/resource_index/package_run_dependencies/dynamixel_sdk_examples
[0.302s] -- Up-to-date symlink: /home/yama/ros2_ws/install/dynamixel_sdk_examples/share/ament_index/resource_index/parent_prefix_path/dynamixel_sdk_examples
[0.302s] -- Up-to-date symlink: /home/yama/ros2_ws/install/dynamixel_sdk_examples/share/dynamixel_sdk_examples/environment/ament_prefix_path.sh
[0.302s] -- Up-to-date symlink: /home/yama/ros2_ws/install/dynamixel_sdk_examples/share/dynamixel_sdk_examples/environment/ament_prefix_path.dsv
[0.302s] -- Up-to-date symlink: /home/yama/ros2_ws/install/dynamixel_sdk_examples/share/dynamixel_sdk_examples/environment/path.sh
[0.303s] -- Up-to-date symlink: /home/yama/ros2_ws/install/dynamixel_sdk_examples/share/dynamixel_sdk_examples/environment/path.dsv
[0.303s] -- Up-to-date symlink: /home/yama/ros2_ws/install/dynamixel_sdk_examples/share/dynamixel_sdk_examples/local_setup.bash
[0.303s] -- Up-to-date symlink: /home/yama/ros2_ws/install/dynamixel_sdk_examples/share/dynamixel_sdk_examples/local_setup.sh
[0.303s] -- Up-to-date symlink: /home/yama/ros2_ws/install/dynamixel_sdk_examples/share/dynamixel_sdk_examples/local_setup.zsh
[0.304s] -- Up-to-date symlink: /home/yama/ros2_ws/install/dynamixel_sdk_examples/share/dynamixel_sdk_examples/local_setup.dsv
[0.306s] -- Symlinking: /home/yama/ros2_ws/install/dynamixel_sdk_examples/share/dynamixel_sdk_examples/package.dsv
[0.322s] -- Up-to-date symlink: /home/yama/ros2_ws/install/dynamixel_sdk_examples/share/ament_index/resource_index/packages/dynamixel_sdk_examples
[0.323s] -- Up-to-date symlink: /home/yama/ros2_ws/install/dynamixel_sdk_examples/share/dynamixel_sdk_examples/cmake/dynamixel_sdk_examplesConfig.cmake
[0.323s] -- Up-to-date symlink: /home/yama/ros2_ws/install/dynamixel_sdk_examples/share/dynamixel_sdk_examples/cmake/dynamixel_sdk_examplesConfig-version.cmake
[0.323s] -- Up-to-date symlink: /home/yama/ros2_ws/install/dynamixel_sdk_examples/share/dynamixel_sdk_examples/package.xml
[0.339s] Invoked command in '/home/yama/ros2_ws/build/dynamixel_sdk_examples' returned '0': CMAKE_PREFIX_PATH=/home/yama/ros2_ws/install/dynamixel_sdk_custom_interfaces:/home/yama/ros2_ws/install/dynamixel_sdk:/home/yama/ros2_ws/install/joysub:/home/yama/ros2_ws/install/dynamixel_sdk_examples:/opt/ros/jazzy/opt/gz_math_vendor:/opt/ros/jazzy/opt/gz_utils_vendor:/opt/ros/jazzy/opt/gz_cmake_vendor:/opt/ros/jazzy DEBUGINFOD_URLS=https://debuginfod.ubuntu.com /usr/bin/cmake --install /home/yama/ros2_ws/build/dynamixel_sdk_examples
