[0.084s] Invoking command in '/home/yama/ros2_ws/build/dynamixel_sdk': CMAKE_PREFIX_PATH=${CMAKE_PREFIX_PATH}:/opt/ros/jazzy DEBUGINFOD_URLS=https://debuginfod.ubuntu.com /usr/bin/cmake --build /home/yama/ros2_ws/build/dynamixel_sdk -- -j1 -l1
[0.452s] [100%] Built target dynamixel_sdk
[0.474s] Invoked command in '/home/yama/ros2_ws/build/dynamixel_sdk' returned '0': CMAKE_PREFIX_PATH=${CMAKE_PREFIX_PATH}:/opt/ros/jazzy DEBUGINFOD_URLS=https://debuginfod.ubuntu.com /usr/bin/cmake --build /home/yama/ros2_ws/build/dynamixel_sdk -- -j1 -l1
[0.512s] Invoking command in '/home/yama/ros2_ws/build/dynamixel_sdk': CMAKE_PREFIX_PATH=${CMAKE_PREFIX_PATH}:/opt/ros/jazzy DEBUGINFOD_URLS=https://debuginfod.ubuntu.com /usr/bin/cmake --install /home/yama/ros2_ws/build/dynamixel_sdk
[0.528s] -- Install configuration: ""
[0.533s] -- Execute custom install script
[0.543s] -- Up-to-date symlink: /home/yama/ros2_ws/install/dynamixel_sdk/include//dynamixel_sdk/dynamixel_sdk.h
[0.544s] -- Up-to-date symlink: /home/yama/ros2_ws/install/dynamixel_sdk/include//dynamixel_sdk/group_bulk_read.h
[0.545s] -- Up-to-date symlink: /home/yama/ros2_ws/install/dynamixel_sdk/include//dynamixel_sdk/group_bulk_write.h
[0.547s] -- Up-to-date symlink: /home/yama/ros2_ws/install/dynamixel_sdk/include//dynamixel_sdk/group_sync_read.h
[0.550s] -- Up-to-date symlink: /home/yama/ros2_ws/install/dynamixel_sdk/include//dynamixel_sdk/group_sync_write.h
[0.550s] -- Up-to-date symlink: /home/yama/ros2_ws/install/dynamixel_sdk/include//dynamixel_sdk/packet_handler.h
[0.551s] -- Up-to-date symlink: /home/yama/ros2_ws/install/dynamixel_sdk/include//dynamixel_sdk/port_handler.h
[0.553s] -- Up-to-date symlink: /home/yama/ros2_ws/install/dynamixel_sdk/include//dynamixel_sdk/port_handler_arduino.h
[0.555s] -- Up-to-date symlink: /home/yama/ros2_ws/install/dynamixel_sdk/include//dynamixel_sdk/port_handler_linux.h
[0.557s] -- Up-to-date symlink: /home/yama/ros2_ws/install/dynamixel_sdk/include//dynamixel_sdk/port_handler_mac.h
[0.559s] -- Up-to-date symlink: /home/yama/ros2_ws/install/dynamixel_sdk/include//dynamixel_sdk/port_handler_windows.h
[0.562s] -- Up-to-date symlink: /home/yama/ros2_ws/install/dynamixel_sdk/include//dynamixel_sdk/protocol1_packet_handler.h
[0.563s] -- Up-to-date symlink: /home/yama/ros2_ws/install/dynamixel_sdk/include//dynamixel_sdk/protocol2_packet_handler.h
[0.567s] -- Up-to-date symlink: /home/yama/ros2_ws/install/dynamixel_sdk/lib/libdynamixel_sdk.so
[0.572s] -- Up-to-date symlink: /home/yama/ros2_ws/install/dynamixel_sdk/share/dynamixel_sdk/environment/library_path.sh
[0.574s] -- Up-to-date symlink: /home/yama/ros2_ws/install/dynamixel_sdk/share/dynamixel_sdk/environment/library_path.dsv
[0.581s] -- Up-to-date symlink: /home/yama/ros2_ws/install/dynamixel_sdk/share/ament_index/resource_index/package_run_dependencies/dynamixel_sdk
[0.583s] -- Up-to-date symlink: /home/yama/ros2_ws/install/dynamixel_sdk/share/ament_index/resource_index/parent_prefix_path/dynamixel_sdk
[0.585s] -- Up-to-date symlink: /home/yama/ros2_ws/install/dynamixel_sdk/share/dynamixel_sdk/environment/ament_prefix_path.sh
[0.587s] -- Up-to-date symlink: /home/yama/ros2_ws/install/dynamixel_sdk/share/dynamixel_sdk/environment/ament_prefix_path.dsv
[0.591s] -- Up-to-date symlink: /home/yama/ros2_ws/install/dynamixel_sdk/share/dynamixel_sdk/environment/path.sh
[0.591s] -- Up-to-date symlink: /home/yama/ros2_ws/install/dynamixel_sdk/share/dynamixel_sdk/environment/path.dsv
[0.592s] -- Up-to-date symlink: /home/yama/ros2_ws/install/dynamixel_sdk/share/dynamixel_sdk/local_setup.bash
[0.594s] -- Up-to-date symlink: /home/yama/ros2_ws/install/dynamixel_sdk/share/dynamixel_sdk/local_setup.sh
[0.599s] -- Up-to-date symlink: /home/yama/ros2_ws/install/dynamixel_sdk/share/dynamixel_sdk/local_setup.zsh
[0.601s] -- Up-to-date symlink: /home/yama/ros2_ws/install/dynamixel_sdk/share/dynamixel_sdk/local_setup.dsv
[0.601s] -- Symlinking: /home/yama/ros2_ws/install/dynamixel_sdk/share/dynamixel_sdk/package.dsv
[0.637s] -- Up-to-date symlink: /home/yama/ros2_ws/install/dynamixel_sdk/share/ament_index/resource_index/packages/dynamixel_sdk
[0.643s] -- Up-to-date symlink: /home/yama/ros2_ws/install/dynamixel_sdk/share/dynamixel_sdk/cmake/ament_cmake_export_include_directories-extras.cmake
[0.644s] -- Up-to-date symlink: /home/yama/ros2_ws/install/dynamixel_sdk/share/dynamixel_sdk/cmake/ament_cmake_export_libraries-extras.cmake
[0.645s] -- Up-to-date symlink: /home/yama/ros2_ws/install/dynamixel_sdk/share/dynamixel_sdk/cmake/dynamixel_sdkConfig.cmake
[0.647s] -- Up-to-date symlink: /home/yama/ros2_ws/install/dynamixel_sdk/share/dynamixel_sdk/cmake/dynamixel_sdkConfig-version.cmake
[0.648s] -- Up-to-date symlink: /home/yama/ros2_ws/install/dynamixel_sdk/share/dynamixel_sdk/package.xml
[0.651s] Invoked command in '/home/yama/ros2_ws/build/dynamixel_sdk' returned '0': CMAKE_PREFIX_PATH=${CMAKE_PREFIX_PATH}:/opt/ros/jazzy DEBUGINFOD_URLS=https://debuginfod.ubuntu.com /usr/bin/cmake --install /home/yama/ros2_ws/build/dynamixel_sdk
