[0.018s] Invoking command in '/home/yama/ros2_ws/src/build/joysrv': CMAKE_PREFIX_PATH=${CMAKE_PREFIX_PATH}:/opt/ros/jazzy DEBUGINFOD_URLS=https://debuginfod.ubuntu.com /usr/bin/cmake /home/yama/ros2_ws/src/joysrv -DAMENT_CMAKE_SYMLINK_INSTALL=1 -DCMAKE_INSTALL_PREFIX=/home/yama/ros2_ws/src/install/joysrv
[0.242s] -- The C compiler identification is GNU 13.3.0
[0.395s] -- The CXX compiler identification is GNU 13.3.0
[0.454s] -- Detecting C compiler ABI info
[0.670s] -- Detecting C compiler ABI info - done
[0.690s] -- Check for working C compiler: /usr/bin/cc - skipped
[0.690s] -- Detecting C compile features
[0.691s] -- Detecting C compile features - done
[0.719s] -- Detecting CXX compiler ABI info
[0.969s] -- Detecting CXX compiler ABI info - done
[0.982s] -- Check for working CXX compiler: /usr/bin/c++ - skipped
[0.982s] -- Detecting CXX compile features
[0.986s] -- Detecting CXX compile features - done
[0.987s] -- Found ament_cmake: 2.5.4 (/opt/ros/jazzy/share/ament_cmake/cmake)
[1.259s] -- Found Python3: /usr/bin/python3 (found version "3.12.3") found components: Interpreter 
[1.512s] -- Override CMake install command with custom implementation using symlinks instead of copying resources
[1.550s] -- Found rosidl_default_generators: 1.6.0 (/opt/ros/jazzy/share/rosidl_default_generators/cmake)
[1.568s] -- Using all available rosidl_typesupport_c: rosidl_typesupport_fastrtps_c;rosidl_typesupport_introspection_c
[1.691s] -- Using all available rosidl_typesupport_cpp: rosidl_typesupport_fastrtps_cpp;rosidl_typesupport_introspection_cpp
[1.751s] -- Found rosidl_adapter: 4.6.5 (/opt/ros/jazzy/share/rosidl_adapter/cmake)
[2.382s] [31mCMake Error at /opt/ros/jazzy/share/rosidl_adapter/cmake/rosidl_adapt_interfaces.cmake:57 (message):
[2.382s]   execute_process(/usr/bin/python3 -m rosidl_adapter --package-name joysrv
[2.382s]   --arguments-file
[2.382s]   /home/yama/ros2_ws/src/build/joysrv/rosidl_adapter__arguments__joysrv.json
[2.382s]   --output-dir /home/yama/ros2_ws/src/build/joysrv/rosidl_adapter/joysrv
[2.383s]   --output-file
[2.383s]   /home/yama/ros2_ws/src/build/joysrv/rosidl_adapter/joysrv.idls) returned
[2.383s]   error code 1:
[2.383s] 
[2.383s]   Traceback (most recent call last):
[2.383s] 
[2.383s]     File "<frozen runpy>", line 198, in _run_module_as_main
[2.383s]     File "<frozen runpy>", line 88, in _run_code
[2.383s]     File "/opt/ros/jazzy/lib/python3.12/site-packages/rosidl_adapter/__main__.py", line 19, in <module>
[2.383s]       sys.exit(main())
[2.383s]                ^^^^^^
[2.384s]     File "/opt/ros/jazzy/lib/python3.12/site-packages/rosidl_adapter/main.py", line 53, in main
[2.384s]       abs_idl_file = convert_to_idl(
[2.384s]                      ^^^^^^^^^^^^^^^
[2.384s]     File "/opt/ros/jazzy/lib/python3.12/site-packages/rosidl_adapter/__init__.py", line 24, in convert_to_idl
[2.384s]       return convert_srv_to_idl(
[2.384s]              ^^^^^^^^^^^^^^^^^^^
[2.384s]     File "/opt/ros/jazzy/lib/python3.12/site-packages/rosidl_adapter/srv/__init__.py", line 28, in convert_srv_to_idl
[2.384s]       srv = parse_service_string(package_name, input_file.stem, content)
[2.384s]             ^^^^^^^^^^^^^^^^^^^^^^^^^^^^^^^^^^^^^^^^^^^^^^^^^^^^^^^^^^^^
[2.384s]     File "/opt/ros/jazzy/lib/python3.12/site-packages/rosidl_adapter/parser.py", line 860, in parse_service_string
[2.384s]       request_message = parse_message_string(
[2.385s]                         ^^^^^^^^^^^^^^^^^^^^^
[2.385s]     File "/opt/ros/jazzy/lib/python3.12/site-packages/rosidl_adapter/parser.py", line 545, in parse_message_string
[2.385s]       msg = MessageSpecification(pkg_name, msg_name, fields, constants)
[2.385s]             ^^^^^^^^^^^^^^^^^^^^^^^^^^^^^^^^^^^^^^^^^^^^^^^^^^^^^^^^^^^
[2.385s]     File "/opt/ros/jazzy/lib/python3.12/site-packages/rosidl_adapter/parser.py", line 389, in __init__
[2.385s]       self.base_type = BaseType(
[2.385s]                        ^^^^^^^^^
[2.385s]     File "/opt/ros/jazzy/lib/python3.12/site-packages/rosidl_adapter/parser.py", line 206, in __init__
[2.386s]       raise InvalidResourceName(
[2.386s] 
[2.386s]   rosidl_adapter.parser.InvalidResourceName: 'server_Request' is an invalid
[2.386s]   message name.  It should have the pattern '^[A-Z][A-Za-z0-9]*$'
[2.386s] 
[2.386s] Call Stack (most recent call first):
[2.386s]   /opt/ros/jazzy/share/rosidl_cmake/cmake/rosidl_generate_interfaces.cmake:132 (rosidl_adapt_interfaces)
[2.386s]   CMakeLists.txt:15 (rosidl_generate_interfaces)
[2.386s] 
[2.386s] [0m
[2.392s] -- Configuring incomplete, errors occurred!
[2.397s] Invoked command in '/home/yama/ros2_ws/src/build/joysrv' returned '1': CMAKE_PREFIX_PATH=${CMAKE_PREFIX_PATH}:/opt/ros/jazzy DEBUGINFOD_URLS=https://debuginfod.ubuntu.com /usr/bin/cmake /home/yama/ros2_ws/src/joysrv -DAMENT_CMAKE_SYMLINK_INSTALL=1 -DCMAKE_INSTALL_PREFIX=/home/yama/ros2_ws/src/install/joysrv
