[0.064s] Invoking command in '/home/yama/ros2_ws/build/exmple_dynamixel_cpp': CMAKE_PREFIX_PATH=${CMAKE_PREFIX_PATH}:/opt/ros/jazzy DEBUGINFOD_URLS=https://debuginfod.ubuntu.com /usr/bin/cmake --build /home/yama/ros2_ws/build/exmple_dynamixel_cpp -- -j1 -l1
[0.378s] [ 50%] [32mBuilding CXX object CMakeFiles/dynamixel_controller.dir/src/dynamixel_controller.cpp.o[0m
[7.162s] [01m[K/home/yama/ros2_ws/src/exmple_dynamixel_cpp/src/dynamixel_controller.cpp:[m[K In constructor ‘[01m[KTestDynamixel::[01;32m[KTestDynamixel[m[K()[m[K’:
[7.163s] [01m[K/home/yama/ros2_ws/src/exmple_dynamixel_cpp/src/dynamixel_controller.cpp:21:60:[m[K [01;31m[Kerror: [m[Kcannot convert ‘[01m[Kstd::string*[m[K’ {aka ‘[01m[Kstd::__cxx11::basic_string<char>*[m[K’} to ‘[01m[Kconst char**[m[K’
[7.163s]    21 |         result = dxl_wb.init(port_name.c_str(), baud_rate, [01;31m[K&log[m[K);
[7.163s]       |                                                            [01;31m[K^~~~[m[K
[7.163s]       |                                                            [01;31m[K|[m[K
[7.163s]       |                                                            [01;31m[Kstd::string* {aka std::__cxx11::basic_string<char>*}[m[K
[7.163s] In file included from [01m[K/opt/ros/jazzy/include/dynamixel_workbench_toolbox/dynamixel_workbench.h:22[m[K,
[7.164s]                  from [01m[K/home/yama/ros2_ws/src/exmple_dynamixel_cpp/src/dynamixel_controller.cpp:2[m[K:
[7.164s] [01m[K/opt/ros/jazzy/include/dynamixel_workbench_toolbox/dynamixel_driver.h:89:26:[m[K [01;36m[Knote: [m[K  initializing argument 3 of ‘[01m[Kbool DynamixelDriver::[01;32m[Kinit[m[K(const char*, uint32_t, const char**)[m[K’
[7.164s]    89 |             const char **[01;36m[Kl[m[Kog = NULL);
[7.164s]       |                          [01;36m[K^[m[K
[7.164s] [01m[K/home/yama/ros2_ws/src/exmple_dynamixel_cpp/src/dynamixel_controller.cpp:29:29:[m[K [01;31m[Kerror: [m[Kno matching function for call to ‘[01m[KDynamixelWorkbench::ping(const uint8_t&, uint16_t*, std::string*)[m[K’
[7.164s]    29 |         result = [01;31m[Kdxl_wb.ping(dxl_id, &model_number, &log)[m[K;
[7.164s]       |                  [01;31m[K~~~~~~~~~~~^~~~~~~~~~~~~~~~~~~~~~~~~~~~~[m[K
[7.165s] [01m[K/opt/ros/jazzy/include/dynamixel_workbench_toolbox/dynamixel_driver.h:124:8:[m[K [01;36m[Knote: [m[Kcandidate: ‘[01m[Kbool DynamixelDriver::[01;32m[Kping[m[K(uint8_t, uint16_t*, const char**)[m[K’
[7.165s]   124 |   bool [01;36m[Kping[m[K(uint8_t id,
[7.165s]       |        [01;36m[K^~~~[m[K
[7.165s] [01m[K/opt/ros/jazzy/include/dynamixel_workbench_toolbox/dynamixel_driver.h:126:26:[m[K [01;36m[Knote: [m[K  no known conversion for argument 3 from ‘[01m[Kstd::string*[m[K’ {aka ‘[01m[Kstd::__cxx11::basic_string<char>*[m[K’} to ‘[01m[Kconst char**[m[K’
[7.166s]   126 |             const char **[01;36m[Kl[m[Kog = NULL);
[7.166s]       |                          [01;36m[K^[m[K
[7.166s] [01m[K/opt/ros/jazzy/include/dynamixel_workbench_toolbox/dynamixel_driver.h:128:8:[m[K [01;36m[Knote: [m[Kcandidate: ‘[01m[Kbool DynamixelDriver::[01;32m[Kping[m[K(uint8_t, const char**)[m[K’
[7.166s]   128 |   bool [01;36m[Kping[m[K(uint8_t id,
[7.166s]       |        [01;36m[K^~~~[m[K
[7.174s] [01m[K/opt/ros/jazzy/include/dynamixel_workbench_toolbox/dynamixel_driver.h:128:8:[m[K [01;36m[Knote: [m[K  candidate expects 2 arguments, 3 provided
[7.185s] [01m[K/home/yama/ros2_ws/src/exmple_dynamixel_cpp/src/dynamixel_controller.cpp:38:49:[m[K [01;31m[Kerror: [m[Kcannot convert ‘[01m[Kstd::string*[m[K’ {aka ‘[01m[Kstd::__cxx11::basic_string<char>*[m[K’} to ‘[01m[Kconst char**[m[K’
[7.186s]    38 |         result = dxl_wb.jointMode(dxl_id, 0, 0, [01;31m[K&log[m[K);
[7.186s]       |                                                 [01;31m[K^~~~[m[K
[7.186s]       |                                                 [01;31m[K|[m[K
[7.186s]       |                                                 [01;31m[Kstd::string* {aka std::__cxx11::basic_string<char>*}[m[K
[7.187s] [01m[K/opt/ros/jazzy/include/dynamixel_workbench_toolbox/dynamixel_workbench.h:64:91:[m[K [01;36m[Knote: [m[K  initializing argument 4 of ‘[01m[Kbool DynamixelWorkbench::[01;32m[KjointMode[m[K(uint8_t, int32_t, int32_t, const char**)[m[K’
[7.200s]    64 |   bool jointMode(uint8_t id, int32_t velocity = 0, int32_t acceleration = 0, const char **[01;36m[Kl[m[Kog = NULL);
[7.200s]       |                                                                                           [01;36m[K^[m[K
[9.181s] gmake[2]: *** [CMakeFiles/dynamixel_controller.dir/build.make:76: CMakeFiles/dynamixel_controller.dir/src/dynamixel_controller.cpp.o] Error 1
[9.182s] gmake[1]: *** [CMakeFiles/Makefile2:137: CMakeFiles/dynamixel_controller.dir/all] Error 2
[9.182s] gmake: *** [Makefile:146: all] Error 2
[9.186s] Invoked command in '/home/yama/ros2_ws/build/exmple_dynamixel_cpp' returned '2': CMAKE_PREFIX_PATH=${CMAKE_PREFIX_PATH}:/opt/ros/jazzy DEBUGINFOD_URLS=https://debuginfod.ubuntu.com /usr/bin/cmake --build /home/yama/ros2_ws/build/exmple_dynamixel_cpp -- -j1 -l1
