[0.017s] Invoking command in '/home/yama/ros2_ws/src/build/dynamixel_sdk': CMAKE_PREFIX_PATH=${CMAKE_PREFIX_PATH}:/opt/ros/jazzy DEBUGINFOD_URLS=https://debuginfod.ubuntu.com /usr/bin/cmake /home/yama/ros2_ws/src/DynamixelSDK/ros/dynamixel_sdk -DAMENT_CMAKE_SYMLINK_INSTALL=1 -DCMAKE_INSTALL_PREFIX=/home/yama/ros2_ws/src/install/dynamixel_sdk
[0.183s] -- The C compiler identification is GNU 13.3.0
[0.372s] -- The CXX compiler identification is GNU 13.3.0
[0.435s] -- Detecting C compiler ABI info
[1.187s] -- Detecting C compiler ABI info - done
[1.230s] -- Check for working C compiler: /usr/bin/cc - skipped
[1.231s] -- Detecting C compile features
[1.231s] -- Detecting C compile features - done
[1.280s] -- Detecting CXX compiler ABI info
[1.632s] -- Detecting CXX compiler ABI info - done
[1.647s] -- Check for working CXX compiler: /usr/bin/c++ - skipped
[1.648s] -- Detecting CXX compile features
[1.649s] -- Detecting CXX compile features - done
[1.659s] -- Found ament_cmake: 2.5.4 (/opt/ros/jazzy/share/ament_cmake/cmake)
[2.205s] -- Found Python3: /usr/bin/python3 (found version "3.12.3") found components: Interpreter 
[2.393s] -- Override CMake install command with custom implementation using symlinks instead of copying resources
[3.039s] -- Configuring done (3.0s)
[3.065s] -- Generating done (0.0s)
[3.072s] -- Build files have been written to: /home/yama/ros2_ws/src/build/dynamixel_sdk
[3.096s] Invoked command in '/home/yama/ros2_ws/src/build/dynamixel_sdk' returned '0': CMAKE_PREFIX_PATH=${CMAKE_PREFIX_PATH}:/opt/ros/jazzy DEBUGINFOD_URLS=https://debuginfod.ubuntu.com /usr/bin/cmake /home/yama/ros2_ws/src/DynamixelSDK/ros/dynamixel_sdk -DAMENT_CMAKE_SYMLINK_INSTALL=1 -DCMAKE_INSTALL_PREFIX=/home/yama/ros2_ws/src/install/dynamixel_sdk
[3.096s] Invoking command in '/home/yama/ros2_ws/src/build/dynamixel_sdk': CMAKE_PREFIX_PATH=${CMAKE_PREFIX_PATH}:/opt/ros/jazzy DEBUGINFOD_URLS=https://debuginfod.ubuntu.com /usr/bin/cmake --build /home/yama/ros2_ws/src/build/dynamixel_sdk -- -j1 -l1
[3.240s] [  7%] [32mBuilding CXX object CMakeFiles/dynamixel_sdk.dir/src/dynamixel_sdk/packet_handler.cpp.o[0m
[3.597s] [ 15%] [32mBuilding CXX object CMakeFiles/dynamixel_sdk.dir/src/dynamixel_sdk/protocol1_packet_handler.cpp.o[0m
[4.005s] [ 23%] [32mBuilding CXX object CMakeFiles/dynamixel_sdk.dir/src/dynamixel_sdk/protocol2_packet_handler.cpp.o[0m
[4.589s] [ 30%] [32mBuilding CXX object CMakeFiles/dynamixel_sdk.dir/src/dynamixel_sdk/group_sync_read.cpp.o[0m
[5.432s] [ 38%] [32mBuilding CXX object CMakeFiles/dynamixel_sdk.dir/src/dynamixel_sdk/group_sync_write.cpp.o[0m
[6.048s] [ 46%] [32mBuilding CXX object CMakeFiles/dynamixel_sdk.dir/src/dynamixel_sdk/group_bulk_read.cpp.o[0m
[6.800s] [ 53%] [32mBuilding CXX object CMakeFiles/dynamixel_sdk.dir/src/dynamixel_sdk/group_bulk_write.cpp.o[0m
[7.658s] [ 61%] [32mBuilding CXX object CMakeFiles/dynamixel_sdk.dir/src/dynamixel_sdk/group_fast_bulk_read.cpp.o[0m
[8.266s] [ 69%] [32mBuilding CXX object CMakeFiles/dynamixel_sdk.dir/src/dynamixel_sdk/group_fast_sync_read.cpp.o[0m
[8.779s] [ 76%] [32mBuilding CXX object CMakeFiles/dynamixel_sdk.dir/src/dynamixel_sdk/group_handler.cpp.o[0m
[9.141s] [ 84%] [32mBuilding CXX object CMakeFiles/dynamixel_sdk.dir/src/dynamixel_sdk/port_handler.cpp.o[0m
[9.247s] [ 92%] [32mBuilding CXX object CMakeFiles/dynamixel_sdk.dir/src/dynamixel_sdk/port_handler_linux.cpp.o[0m
[9.410s] [100%] [32m[1mLinking CXX shared library libdynamixel_sdk.so[0m
[9.645s] [100%] Built target dynamixel_sdk
[9.804s] [100%] Built target ament_cmake_python_symlink_dynamixel_sdk
[10.188s] running egg_info
[10.189s] creating dynamixel_sdk.egg-info
[10.227s] writing dynamixel_sdk.egg-info/PKG-INFO
[10.228s] writing dependency_links to dynamixel_sdk.egg-info/dependency_links.txt
[10.228s] writing top-level names to dynamixel_sdk.egg-info/top_level.txt
[10.228s] writing manifest file 'dynamixel_sdk.egg-info/SOURCES.txt'
[10.283s] reading manifest file 'dynamixel_sdk.egg-info/SOURCES.txt'
[10.283s] writing manifest file 'dynamixel_sdk.egg-info/SOURCES.txt'
[10.394s] [100%] Built target ament_cmake_python_build_dynamixel_sdk_egg
[10.453s] Invoked command in '/home/yama/ros2_ws/src/build/dynamixel_sdk' returned '0': CMAKE_PREFIX_PATH=${CMAKE_PREFIX_PATH}:/opt/ros/jazzy DEBUGINFOD_URLS=https://debuginfod.ubuntu.com /usr/bin/cmake --build /home/yama/ros2_ws/src/build/dynamixel_sdk -- -j1 -l1
[10.474s] Invoking command in '/home/yama/ros2_ws/src/build/dynamixel_sdk': CMAKE_PREFIX_PATH=${CMAKE_PREFIX_PATH}:/opt/ros/jazzy DEBUGINFOD_URLS=https://debuginfod.ubuntu.com /usr/bin/cmake --install /home/yama/ros2_ws/src/build/dynamixel_sdk
[10.490s] -- Install configuration: ""
[10.490s] -- Execute custom install script
[10.491s] -- Symlinking: /home/yama/ros2_ws/src/install/dynamixel_sdk/include//dynamixel_sdk/dynamixel_sdk.h
[10.529s] -- Symlinking: /home/yama/ros2_ws/src/install/dynamixel_sdk/include//dynamixel_sdk/group_bulk_read.h
[10.560s] -- Symlinking: /home/yama/ros2_ws/src/install/dynamixel_sdk/include//dynamixel_sdk/group_bulk_write.h
[10.594s] -- Symlinking: /home/yama/ros2_ws/src/install/dynamixel_sdk/include//dynamixel_sdk/group_fast_bulk_read.h
[10.615s] -- Symlinking: /home/yama/ros2_ws/src/install/dynamixel_sdk/include//dynamixel_sdk/group_fast_sync_read.h
[10.645s] -- Symlinking: /home/yama/ros2_ws/src/install/dynamixel_sdk/include//dynamixel_sdk/group_handler.h
[10.672s] -- Symlinking: /home/yama/ros2_ws/src/install/dynamixel_sdk/include//dynamixel_sdk/group_sync_read.h
[10.685s] -- Symlinking: /home/yama/ros2_ws/src/install/dynamixel_sdk/include//dynamixel_sdk/group_sync_write.h
[10.706s] -- Symlinking: /home/yama/ros2_ws/src/install/dynamixel_sdk/include//dynamixel_sdk/packet_handler.h
[10.740s] -- Symlinking: /home/yama/ros2_ws/src/install/dynamixel_sdk/include//dynamixel_sdk/port_handler.h
[10.779s] -- Symlinking: /home/yama/ros2_ws/src/install/dynamixel_sdk/include//dynamixel_sdk/port_handler_arduino.h
[10.809s] -- Symlinking: /home/yama/ros2_ws/src/install/dynamixel_sdk/include//dynamixel_sdk/port_handler_linux.h
[10.826s] -- Symlinking: /home/yama/ros2_ws/src/install/dynamixel_sdk/include//dynamixel_sdk/port_handler_mac.h
[10.871s] -- Symlinking: /home/yama/ros2_ws/src/install/dynamixel_sdk/include//dynamixel_sdk/port_handler_windows.h
[10.887s] -- Symlinking: /home/yama/ros2_ws/src/install/dynamixel_sdk/include//dynamixel_sdk/protocol1_packet_handler.h
[10.900s] -- Symlinking: /home/yama/ros2_ws/src/install/dynamixel_sdk/include//dynamixel_sdk/protocol2_packet_handler.h
[10.914s] -- Symlinking: /home/yama/ros2_ws/src/install/dynamixel_sdk/lib/libdynamixel_sdk.so
[10.962s] -- Symlinking: /home/yama/ros2_ws/src/install/dynamixel_sdk/share/dynamixel_sdk/environment/pythonpath.sh
[11.003s] -- Symlinking: /home/yama/ros2_ws/src/install/dynamixel_sdk/share/dynamixel_sdk/environment/pythonpath.dsv
[11.040s] -- Symlinking: /home/yama/ros2_ws/src/install/dynamixel_sdk/lib/python3.12/site-packages/dynamixel_sdk-3.8.3-py3.12.egg-info/PKG-INFO
[11.075s] -- Symlinking: /home/yama/ros2_ws/src/install/dynamixel_sdk/lib/python3.12/site-packages/dynamixel_sdk-3.8.3-py3.12.egg-info/SOURCES.txt
[11.094s] -- Symlinking: /home/yama/ros2_ws/src/install/dynamixel_sdk/lib/python3.12/site-packages/dynamixel_sdk-3.8.3-py3.12.egg-info/dependency_links.txt
[11.110s] -- Symlinking: /home/yama/ros2_ws/src/install/dynamixel_sdk/lib/python3.12/site-packages/dynamixel_sdk-3.8.3-py3.12.egg-info/top_level.txt
[11.124s] -- Symlinking: /home/yama/ros2_ws/src/install/dynamixel_sdk/lib/python3.12/site-packages/dynamixel_sdk/__init__.py
[11.176s] -- Symlinking: /home/yama/ros2_ws/src/install/dynamixel_sdk/lib/python3.12/site-packages/dynamixel_sdk/group_bulk_read.cpp
[11.225s] -- Symlinking: /home/yama/ros2_ws/src/install/dynamixel_sdk/lib/python3.12/site-packages/dynamixel_sdk/group_bulk_read.py
[11.303s] -- Symlinking: /home/yama/ros2_ws/src/install/dynamixel_sdk/lib/python3.12/site-packages/dynamixel_sdk/group_bulk_write.cpp
[11.324s] -- Symlinking: /home/yama/ros2_ws/src/install/dynamixel_sdk/lib/python3.12/site-packages/dynamixel_sdk/group_bulk_write.py
[11.385s] -- Symlinking: /home/yama/ros2_ws/src/install/dynamixel_sdk/lib/python3.12/site-packages/dynamixel_sdk/group_fast_bulk_read.cpp
[11.403s] -- Symlinking: /home/yama/ros2_ws/src/install/dynamixel_sdk/lib/python3.12/site-packages/dynamixel_sdk/group_fast_sync_read.cpp
[11.416s] -- Symlinking: /home/yama/ros2_ws/src/install/dynamixel_sdk/lib/python3.12/site-packages/dynamixel_sdk/group_handler.cpp
[11.438s] -- Symlinking: /home/yama/ros2_ws/src/install/dynamixel_sdk/lib/python3.12/site-packages/dynamixel_sdk/group_sync_read.cpp
[11.484s] -- Symlinking: /home/yama/ros2_ws/src/install/dynamixel_sdk/lib/python3.12/site-packages/dynamixel_sdk/group_sync_read.py
[11.520s] -- Symlinking: /home/yama/ros2_ws/src/install/dynamixel_sdk/lib/python3.12/site-packages/dynamixel_sdk/group_sync_write.cpp
[11.588s] -- Symlinking: /home/yama/ros2_ws/src/install/dynamixel_sdk/lib/python3.12/site-packages/dynamixel_sdk/group_sync_write.py
[11.611s] -- Symlinking: /home/yama/ros2_ws/src/install/dynamixel_sdk/lib/python3.12/site-packages/dynamixel_sdk/packet_handler.cpp
[11.630s] -- Symlinking: /home/yama/ros2_ws/src/install/dynamixel_sdk/lib/python3.12/site-packages/dynamixel_sdk/packet_handler.py
[11.661s] -- Symlinking: /home/yama/ros2_ws/src/install/dynamixel_sdk/lib/python3.12/site-packages/dynamixel_sdk/port_handler.cpp
[11.705s] -- Symlinking: /home/yama/ros2_ws/src/install/dynamixel_sdk/lib/python3.12/site-packages/dynamixel_sdk/port_handler.py
[11.729s] -- Symlinking: /home/yama/ros2_ws/src/install/dynamixel_sdk/lib/python3.12/site-packages/dynamixel_sdk/port_handler_arduino.cpp
[11.743s] -- Symlinking: /home/yama/ros2_ws/src/install/dynamixel_sdk/lib/python3.12/site-packages/dynamixel_sdk/port_handler_linux.cpp
[11.791s] -- Symlinking: /home/yama/ros2_ws/src/install/dynamixel_sdk/lib/python3.12/site-packages/dynamixel_sdk/port_handler_mac.cpp
[11.847s] -- Symlinking: /home/yama/ros2_ws/src/install/dynamixel_sdk/lib/python3.12/site-packages/dynamixel_sdk/port_handler_windows.cpp
[11.890s] -- Symlinking: /home/yama/ros2_ws/src/install/dynamixel_sdk/lib/python3.12/site-packages/dynamixel_sdk/protocol1_packet_handler.cpp
[11.930s] -- Symlinking: /home/yama/ros2_ws/src/install/dynamixel_sdk/lib/python3.12/site-packages/dynamixel_sdk/protocol1_packet_handler.py
[11.972s] -- Symlinking: /home/yama/ros2_ws/src/install/dynamixel_sdk/lib/python3.12/site-packages/dynamixel_sdk/protocol2_packet_handler.cpp
[12.002s] -- Symlinking: /home/yama/ros2_ws/src/install/dynamixel_sdk/lib/python3.12/site-packages/dynamixel_sdk/protocol2_packet_handler.py
[12.046s] -- Symlinking: /home/yama/ros2_ws/src/install/dynamixel_sdk/lib/python3.12/site-packages/dynamixel_sdk/robotis_def.py
[12.082s] -- Symlinking: /home/yama/ros2_ws/src/install/dynamixel_sdk/share/dynamixel_sdk/environment/library_path.sh
[12.104s] -- Symlinking: /home/yama/ros2_ws/src/install/dynamixel_sdk/share/dynamixel_sdk/environment/library_path.dsv
[12.117s] -- Symlinking: /home/yama/ros2_ws/src/install/dynamixel_sdk/share/ament_index/resource_index/package_run_dependencies/dynamixel_sdk
[12.131s] -- Symlinking: /home/yama/ros2_ws/src/install/dynamixel_sdk/share/ament_index/resource_index/parent_prefix_path/dynamixel_sdk
[12.143s] -- Symlinking: /home/yama/ros2_ws/src/install/dynamixel_sdk/share/dynamixel_sdk/environment/ament_prefix_path.sh
[12.173s] -- Symlinking: /home/yama/ros2_ws/src/install/dynamixel_sdk/share/dynamixel_sdk/environment/ament_prefix_path.dsv
[12.211s] -- Symlinking: /home/yama/ros2_ws/src/install/dynamixel_sdk/share/dynamixel_sdk/environment/path.sh
[12.245s] -- Symlinking: /home/yama/ros2_ws/src/install/dynamixel_sdk/share/dynamixel_sdk/environment/path.dsv
[12.261s] -- Symlinking: /home/yama/ros2_ws/src/install/dynamixel_sdk/share/dynamixel_sdk/local_setup.bash
[12.295s] -- Symlinking: /home/yama/ros2_ws/src/install/dynamixel_sdk/share/dynamixel_sdk/local_setup.sh
[12.313s] -- Symlinking: /home/yama/ros2_ws/src/install/dynamixel_sdk/share/dynamixel_sdk/local_setup.zsh
[12.328s] -- Symlinking: /home/yama/ros2_ws/src/install/dynamixel_sdk/share/dynamixel_sdk/local_setup.dsv
[12.341s] -- Symlinking: /home/yama/ros2_ws/src/install/dynamixel_sdk/share/dynamixel_sdk/package.dsv
[12.357s] -- Symlinking: /home/yama/ros2_ws/src/install/dynamixel_sdk/share/ament_index/resource_index/packages/dynamixel_sdk
[12.393s] -- Symlinking: /home/yama/ros2_ws/src/install/dynamixel_sdk/share/dynamixel_sdk/cmake/ament_cmake_export_include_directories-extras.cmake
[12.409s] -- Symlinking: /home/yama/ros2_ws/src/install/dynamixel_sdk/share/dynamixel_sdk/cmake/ament_cmake_export_libraries-extras.cmake
[12.424s] -- Symlinking: /home/yama/ros2_ws/src/install/dynamixel_sdk/share/dynamixel_sdk/cmake/dynamixel_sdkConfig.cmake
[12.440s] -- Symlinking: /home/yama/ros2_ws/src/install/dynamixel_sdk/share/dynamixel_sdk/cmake/dynamixel_sdkConfig-version.cmake
[12.458s] -- Symlinking: /home/yama/ros2_ws/src/install/dynamixel_sdk/share/dynamixel_sdk/package.xml
[12.639s] Listing '/home/yama/ros2_ws/src/install/dynamixel_sdk/lib/python3.12/site-packages/dynamixel_sdk'...
[12.639s] Compiling '/home/yama/ros2_ws/src/install/dynamixel_sdk/lib/python3.12/site-packages/dynamixel_sdk/__init__.py'...
[12.639s] Compiling '/home/yama/ros2_ws/src/install/dynamixel_sdk/lib/python3.12/site-packages/dynamixel_sdk/group_bulk_read.py'...
[12.639s] Compiling '/home/yama/ros2_ws/src/install/dynamixel_sdk/lib/python3.12/site-packages/dynamixel_sdk/group_bulk_write.py'...
[12.639s] Compiling '/home/yama/ros2_ws/src/install/dynamixel_sdk/lib/python3.12/site-packages/dynamixel_sdk/group_sync_read.py'...
[12.639s] Compiling '/home/yama/ros2_ws/src/install/dynamixel_sdk/lib/python3.12/site-packages/dynamixel_sdk/group_sync_write.py'...
[12.639s] Compiling '/home/yama/ros2_ws/src/install/dynamixel_sdk/lib/python3.12/site-packages/dynamixel_sdk/packet_handler.py'...
[12.639s] Compiling '/home/yama/ros2_ws/src/install/dynamixel_sdk/lib/python3.12/site-packages/dynamixel_sdk/port_handler.py'...
[12.639s] Compiling '/home/yama/ros2_ws/src/install/dynamixel_sdk/lib/python3.12/site-packages/dynamixel_sdk/protocol1_packet_handler.py'...
[12.639s] Compiling '/home/yama/ros2_ws/src/install/dynamixel_sdk/lib/python3.12/site-packages/dynamixel_sdk/protocol2_packet_handler.py'...
[12.639s] Compiling '/home/yama/ros2_ws/src/install/dynamixel_sdk/lib/python3.12/site-packages/dynamixel_sdk/robotis_def.py'...
[12.661s] Invoked command in '/home/yama/ros2_ws/src/build/dynamixel_sdk' returned '0': CMAKE_PREFIX_PATH=${CMAKE_PREFIX_PATH}:/opt/ros/jazzy DEBUGINFOD_URLS=https://debuginfod.ubuntu.com /usr/bin/cmake --install /home/yama/ros2_ws/src/build/dynamixel_sdk
