[0.129s] DEBUG:colcon:Command line arguments: ['/usr/bin/colcon', 'build', '--symlink-install']
[0.129s] DEBUG:colcon:Parsed command line arguments: Namespace(log_base=None, log_level=None, verb_name='build', build_base='build', install_base='install', merge_install=False, symlink_install=True, test_result_base=None, continue_on_error=False, executor='parallel', parallel_workers=1, event_handlers=None, ignore_user_meta=False, metas=['./colcon.meta'], base_paths=['.'], packages_ignore=None, packages_ignore_regex=None, paths=None, packages_up_to=None, packages_up_to_regex=None, packages_above=None, packages_above_and_dependencies=None, packages_above_depth=None, packages_select_by_dep=None, packages_skip_by_dep=None, packages_skip_up_to=None, packages_select_build_failed=False, packages_skip_build_finished=False, packages_select_test_failures=False, packages_skip_test_passed=False, packages_select=None, packages_skip=None, packages_select_regex=None, packages_skip_regex=None, packages_start=None, packages_end=None, allow_overriding=[], cmake_args=None, cmake_target=None, cmake_target_skip_unavailable=False, cmake_clean_cache=False, cmake_clean_first=False, cmake_force_configure=False, ament_cmake_args=None, catkin_cmake_args=None, catkin_skip_building_tests=False, mixin_files=None, mixin=None, verb_parser=<colcon_mixin.mixin.mixin_argument.MixinArgumentDecorator object at 0x725d93f170b0>, verb_extension=<colcon_core.verb.build.BuildVerb object at 0x725d9408fad0>, main=<bound method BuildVerb.main of <colcon_core.verb.build.BuildVerb object at 0x725d9408fad0>>, mixin_verb=('build',))
[0.172s] Level 1:colcon.colcon_core.package_discovery:discover_packages(colcon_meta) check parameters
[0.172s] Level 1:colcon.colcon_core.package_discovery:discover_packages(recursive) check parameters
[0.172s] Level 1:colcon.colcon_core.package_discovery:discover_packages(ignore) check parameters
[0.172s] Level 1:colcon.colcon_core.package_discovery:discover_packages(path) check parameters
[0.172s] Level 1:colcon.colcon_core.package_discovery:discover_packages(colcon_meta) discover
[0.172s] Level 1:colcon.colcon_core.package_discovery:discover_packages(recursive) discover
[0.172s] INFO:colcon.colcon_core.package_discovery:Crawling recursively for packages in '/home/yama/ros2_ws'
[0.172s] Level 1:colcon.colcon_core.package_identification:_identify(.) by extensions ['ignore', 'ignore_ament_install']
[0.172s] Level 1:colcon.colcon_core.package_identification:_identify(.) by extension 'ignore'
[0.172s] Level 1:colcon.colcon_core.package_identification:_identify(.) by extension 'ignore_ament_install'
[0.172s] Level 1:colcon.colcon_core.package_identification:_identify(.) by extensions ['colcon_pkg']
[0.172s] Level 1:colcon.colcon_core.package_identification:_identify(.) by extension 'colcon_pkg'
[0.172s] Level 1:colcon.colcon_core.package_identification:_identify(.) by extensions ['colcon_meta']
[0.172s] Level 1:colcon.colcon_core.package_identification:_identify(.) by extension 'colcon_meta'
[0.172s] Level 1:colcon.colcon_core.package_identification:_identify(.) by extensions ['ros']
[0.172s] Level 1:colcon.colcon_core.package_identification:_identify(.) by extension 'ros'
[0.207s] Level 1:colcon.colcon_core.package_identification:_identify(.) by extensions ['cmake', 'python']
[0.207s] Level 1:colcon.colcon_core.package_identification:_identify(.) by extension 'cmake'
[0.208s] Level 1:colcon.colcon_core.package_identification:_identify(.) by extension 'python'
[0.208s] Level 1:colcon.colcon_core.package_identification:_identify(.) by extensions ['python_setup_py']
[0.208s] Level 1:colcon.colcon_core.package_identification:_identify(.) by extension 'python_setup_py'
[0.208s] Level 1:colcon.colcon_core.package_identification:_identify(build) by extensions ['ignore', 'ignore_ament_install']
[0.208s] Level 1:colcon.colcon_core.package_identification:_identify(build) by extension 'ignore'
[0.208s] Level 1:colcon.colcon_core.package_identification:_identify(build) ignored
[0.208s] Level 1:colcon.colcon_core.package_identification:_identify(install) by extensions ['ignore', 'ignore_ament_install']
[0.208s] Level 1:colcon.colcon_core.package_identification:_identify(install) by extension 'ignore'
[0.208s] Level 1:colcon.colcon_core.package_identification:_identify(install) ignored
[0.208s] Level 1:colcon.colcon_core.package_identification:_identify(log) by extensions ['ignore', 'ignore_ament_install']
[0.209s] Level 1:colcon.colcon_core.package_identification:_identify(log) by extension 'ignore'
[0.209s] Level 1:colcon.colcon_core.package_identification:_identify(log) ignored
[0.209s] Level 1:colcon.colcon_core.package_identification:_identify(src) by extensions ['ignore', 'ignore_ament_install']
[0.209s] Level 1:colcon.colcon_core.package_identification:_identify(src) by extension 'ignore'
[0.209s] Level 1:colcon.colcon_core.package_identification:_identify(src) by extension 'ignore_ament_install'
[0.209s] Level 1:colcon.colcon_core.package_identification:_identify(src) by extensions ['colcon_pkg']
[0.209s] Level 1:colcon.colcon_core.package_identification:_identify(src) by extension 'colcon_pkg'
[0.209s] Level 1:colcon.colcon_core.package_identification:_identify(src) by extensions ['colcon_meta']
[0.209s] Level 1:colcon.colcon_core.package_identification:_identify(src) by extension 'colcon_meta'
[0.209s] Level 1:colcon.colcon_core.package_identification:_identify(src) by extensions ['ros']
[0.209s] Level 1:colcon.colcon_core.package_identification:_identify(src) by extension 'ros'
[0.209s] Level 1:colcon.colcon_core.package_identification:_identify(src) by extensions ['cmake', 'python']
[0.209s] Level 1:colcon.colcon_core.package_identification:_identify(src) by extension 'cmake'
[0.209s] Level 1:colcon.colcon_core.package_identification:_identify(src) by extension 'python'
[0.209s] Level 1:colcon.colcon_core.package_identification:_identify(src) by extensions ['python_setup_py']
[0.209s] Level 1:colcon.colcon_core.package_identification:_identify(src) by extension 'python_setup_py'
[0.209s] Level 1:colcon.colcon_core.package_identification:_identify(src/build) by extensions ['ignore', 'ignore_ament_install']
[0.209s] Level 1:colcon.colcon_core.package_identification:_identify(src/build) by extension 'ignore'
[0.209s] Level 1:colcon.colcon_core.package_identification:_identify(src/build) ignored
[0.210s] Level 1:colcon.colcon_core.package_identification:_identify(src/dynamixel_sdk) by extensions ['ignore', 'ignore_ament_install']
[0.210s] Level 1:colcon.colcon_core.package_identification:_identify(src/dynamixel_sdk) by extension 'ignore'
[0.210s] Level 1:colcon.colcon_core.package_identification:_identify(src/dynamixel_sdk) by extension 'ignore_ament_install'
[0.210s] Level 1:colcon.colcon_core.package_identification:_identify(src/dynamixel_sdk) by extensions ['colcon_pkg']
[0.210s] Level 1:colcon.colcon_core.package_identification:_identify(src/dynamixel_sdk) by extension 'colcon_pkg'
[0.210s] Level 1:colcon.colcon_core.package_identification:_identify(src/dynamixel_sdk) by extensions ['colcon_meta']
[0.210s] Level 1:colcon.colcon_core.package_identification:_identify(src/dynamixel_sdk) by extension 'colcon_meta'
[0.210s] Level 1:colcon.colcon_core.package_identification:_identify(src/dynamixel_sdk) by extensions ['ros']
[0.210s] Level 1:colcon.colcon_core.package_identification:_identify(src/dynamixel_sdk) by extension 'ros'
[0.213s] DEBUG:colcon.colcon_core.package_identification:Package 'src/dynamixel_sdk' with type 'ros.ament_cmake' and name 'dynamixel_sdk'
[0.213s] Level 1:colcon.colcon_core.package_identification:_identify(src/dynamixel_sdk_custom_interfaces) by extensions ['ignore', 'ignore_ament_install']
[0.213s] Level 1:colcon.colcon_core.package_identification:_identify(src/dynamixel_sdk_custom_interfaces) by extension 'ignore'
[0.213s] Level 1:colcon.colcon_core.package_identification:_identify(src/dynamixel_sdk_custom_interfaces) by extension 'ignore_ament_install'
[0.213s] Level 1:colcon.colcon_core.package_identification:_identify(src/dynamixel_sdk_custom_interfaces) by extensions ['colcon_pkg']
[0.214s] Level 1:colcon.colcon_core.package_identification:_identify(src/dynamixel_sdk_custom_interfaces) by extension 'colcon_pkg'
[0.214s] Level 1:colcon.colcon_core.package_identification:_identify(src/dynamixel_sdk_custom_interfaces) by extensions ['colcon_meta']
[0.214s] Level 1:colcon.colcon_core.package_identification:_identify(src/dynamixel_sdk_custom_interfaces) by extension 'colcon_meta'
[0.214s] Level 1:colcon.colcon_core.package_identification:_identify(src/dynamixel_sdk_custom_interfaces) by extensions ['ros']
[0.214s] Level 1:colcon.colcon_core.package_identification:_identify(src/dynamixel_sdk_custom_interfaces) by extension 'ros'
[0.214s] DEBUG:colcon.colcon_core.package_identification:Package 'src/dynamixel_sdk_custom_interfaces' with type 'ros.ament_cmake' and name 'dynamixel_sdk_custom_interfaces'
[0.214s] Level 1:colcon.colcon_core.package_identification:_identify(src/dynamixel_sdk_examples) by extensions ['ignore', 'ignore_ament_install']
[0.215s] Level 1:colcon.colcon_core.package_identification:_identify(src/dynamixel_sdk_examples) by extension 'ignore'
[0.215s] Level 1:colcon.colcon_core.package_identification:_identify(src/dynamixel_sdk_examples) by extension 'ignore_ament_install'
[0.215s] Level 1:colcon.colcon_core.package_identification:_identify(src/dynamixel_sdk_examples) by extensions ['colcon_pkg']
[0.215s] Level 1:colcon.colcon_core.package_identification:_identify(src/dynamixel_sdk_examples) by extension 'colcon_pkg'
[0.215s] Level 1:colcon.colcon_core.package_identification:_identify(src/dynamixel_sdk_examples) by extensions ['colcon_meta']
[0.215s] Level 1:colcon.colcon_core.package_identification:_identify(src/dynamixel_sdk_examples) by extension 'colcon_meta'
[0.215s] Level 1:colcon.colcon_core.package_identification:_identify(src/dynamixel_sdk_examples) by extensions ['ros']
[0.217s] Level 1:colcon.colcon_core.package_identification:_identify(src/dynamixel_sdk_examples) by extension 'ros'
[0.218s] DEBUG:colcon.colcon_core.package_identification:Package 'src/dynamixel_sdk_examples' with type 'ros.ament_cmake' and name 'dynamixel_sdk_examples'
[0.218s] Level 1:colcon.colcon_core.package_identification:_identify(src/install) by extensions ['ignore', 'ignore_ament_install']
[0.218s] Level 1:colcon.colcon_core.package_identification:_identify(src/install) by extension 'ignore'
[0.218s] Level 1:colcon.colcon_core.package_identification:_identify(src/install) ignored
[0.218s] Level 1:colcon.colcon_core.package_identification:_identify(src/joysub) by extensions ['ignore', 'ignore_ament_install']
[0.219s] Level 1:colcon.colcon_core.package_identification:_identify(src/joysub) by extension 'ignore'
[0.219s] Level 1:colcon.colcon_core.package_identification:_identify(src/joysub) by extension 'ignore_ament_install'
[0.219s] Level 1:colcon.colcon_core.package_identification:_identify(src/joysub) by extensions ['colcon_pkg']
[0.219s] Level 1:colcon.colcon_core.package_identification:_identify(src/joysub) by extension 'colcon_pkg'
[0.219s] Level 1:colcon.colcon_core.package_identification:_identify(src/joysub) by extensions ['colcon_meta']
[0.219s] Level 1:colcon.colcon_core.package_identification:_identify(src/joysub) by extension 'colcon_meta'
[0.219s] Level 1:colcon.colcon_core.package_identification:_identify(src/joysub) by extensions ['ros']
[0.219s] Level 1:colcon.colcon_core.package_identification:_identify(src/joysub) by extension 'ros'
[0.219s] DEBUG:colcon.colcon_core.package_identification:Package 'src/joysub' with type 'ros.ament_cmake' and name 'joysub'
[0.220s] Level 1:colcon.colcon_core.package_identification:_identify(src/log) by extensions ['ignore', 'ignore_ament_install']
[0.220s] Level 1:colcon.colcon_core.package_identification:_identify(src/log) by extension 'ignore'
[0.220s] Level 1:colcon.colcon_core.package_identification:_identify(src/log) ignored
[0.220s] Level 1:colcon.colcon_core.package_discovery:discover_packages(recursive) using defaults
[0.220s] Level 1:colcon.colcon_core.package_discovery:discover_packages(ignore) discover
[0.220s] Level 1:colcon.colcon_core.package_discovery:discover_packages(ignore) using defaults
[0.220s] Level 1:colcon.colcon_core.package_discovery:discover_packages(path) discover
[0.220s] Level 1:colcon.colcon_core.package_discovery:discover_packages(path) using defaults
[0.255s] Level 1:colcon.colcon_core.package_discovery:discover_packages(prefix_path) check parameters
[0.255s] Level 1:colcon.colcon_core.package_discovery:discover_packages(prefix_path) discover
[0.259s] DEBUG:colcon.colcon_installed_package_information.package_discovery:Found 4 installed packages in /home/yama/ros2_ws/install
[0.261s] DEBUG:colcon.colcon_installed_package_information.package_discovery:Found 285 installed packages in /opt/ros/jazzy
[0.263s] Level 1:colcon.colcon_core.package_discovery:discover_packages(prefix_path) using defaults
[0.375s] Level 5:colcon.colcon_core.verb:set package 'dynamixel_sdk' build argument 'cmake_args' from command line to 'None'
[0.375s] Level 5:colcon.colcon_core.verb:set package 'dynamixel_sdk' build argument 'cmake_target' from command line to 'None'
[0.375s] Level 5:colcon.colcon_core.verb:set package 'dynamixel_sdk' build argument 'cmake_target_skip_unavailable' from command line to 'False'
[0.375s] Level 5:colcon.colcon_core.verb:set package 'dynamixel_sdk' build argument 'cmake_clean_cache' from command line to 'False'
[0.375s] Level 5:colcon.colcon_core.verb:set package 'dynamixel_sdk' build argument 'cmake_clean_first' from command line to 'False'
[0.375s] Level 5:colcon.colcon_core.verb:set package 'dynamixel_sdk' build argument 'cmake_force_configure' from command line to 'False'
[0.375s] Level 5:colcon.colcon_core.verb:set package 'dynamixel_sdk' build argument 'ament_cmake_args' from command line to 'None'
[0.375s] Level 5:colcon.colcon_core.verb:set package 'dynamixel_sdk' build argument 'catkin_cmake_args' from command line to 'None'
[0.375s] Level 5:colcon.colcon_core.verb:set package 'dynamixel_sdk' build argument 'catkin_skip_building_tests' from command line to 'False'
[0.375s] DEBUG:colcon.colcon_core.verb:Building package 'dynamixel_sdk' with the following arguments: {'ament_cmake_args': None, 'build_base': '/home/yama/ros2_ws/build/dynamixel_sdk', 'catkin_cmake_args': None, 'catkin_skip_building_tests': False, 'cmake_args': None, 'cmake_clean_cache': False, 'cmake_clean_first': False, 'cmake_force_configure': False, 'cmake_target': None, 'cmake_target_skip_unavailable': False, 'install_base': '/home/yama/ros2_ws/install/dynamixel_sdk', 'merge_install': False, 'path': '/home/yama/ros2_ws/src/dynamixel_sdk', 'symlink_install': True, 'test_result_base': None}
[0.376s] Level 5:colcon.colcon_core.verb:set package 'dynamixel_sdk_custom_interfaces' build argument 'cmake_args' from command line to 'None'
[0.376s] Level 5:colcon.colcon_core.verb:set package 'dynamixel_sdk_custom_interfaces' build argument 'cmake_target' from command line to 'None'
[0.376s] Level 5:colcon.colcon_core.verb:set package 'dynamixel_sdk_custom_interfaces' build argument 'cmake_target_skip_unavailable' from command line to 'False'
[0.376s] Level 5:colcon.colcon_core.verb:set package 'dynamixel_sdk_custom_interfaces' build argument 'cmake_clean_cache' from command line to 'False'
[0.376s] Level 5:colcon.colcon_core.verb:set package 'dynamixel_sdk_custom_interfaces' build argument 'cmake_clean_first' from command line to 'False'
[0.376s] Level 5:colcon.colcon_core.verb:set package 'dynamixel_sdk_custom_interfaces' build argument 'cmake_force_configure' from command line to 'False'
[0.376s] Level 5:colcon.colcon_core.verb:set package 'dynamixel_sdk_custom_interfaces' build argument 'ament_cmake_args' from command line to 'None'
[0.376s] Level 5:colcon.colcon_core.verb:set package 'dynamixel_sdk_custom_interfaces' build argument 'catkin_cmake_args' from command line to 'None'
[0.376s] Level 5:colcon.colcon_core.verb:set package 'dynamixel_sdk_custom_interfaces' build argument 'catkin_skip_building_tests' from command line to 'False'
[0.376s] DEBUG:colcon.colcon_core.verb:Building package 'dynamixel_sdk_custom_interfaces' with the following arguments: {'ament_cmake_args': None, 'build_base': '/home/yama/ros2_ws/build/dynamixel_sdk_custom_interfaces', 'catkin_cmake_args': None, 'catkin_skip_building_tests': False, 'cmake_args': None, 'cmake_clean_cache': False, 'cmake_clean_first': False, 'cmake_force_configure': False, 'cmake_target': None, 'cmake_target_skip_unavailable': False, 'install_base': '/home/yama/ros2_ws/install/dynamixel_sdk_custom_interfaces', 'merge_install': False, 'path': '/home/yama/ros2_ws/src/dynamixel_sdk_custom_interfaces', 'symlink_install': True, 'test_result_base': None}
[0.376s] Level 5:colcon.colcon_core.verb:set package 'joysub' build argument 'cmake_args' from command line to 'None'
[0.376s] Level 5:colcon.colcon_core.verb:set package 'joysub' build argument 'cmake_target' from command line to 'None'
[0.376s] Level 5:colcon.colcon_core.verb:set package 'joysub' build argument 'cmake_target_skip_unavailable' from command line to 'False'
[0.376s] Level 5:colcon.colcon_core.verb:set package 'joysub' build argument 'cmake_clean_cache' from command line to 'False'
[0.376s] Level 5:colcon.colcon_core.verb:set package 'joysub' build argument 'cmake_clean_first' from command line to 'False'
[0.376s] Level 5:colcon.colcon_core.verb:set package 'joysub' build argument 'cmake_force_configure' from command line to 'False'
[0.376s] Level 5:colcon.colcon_core.verb:set package 'joysub' build argument 'ament_cmake_args' from command line to 'None'
[0.376s] Level 5:colcon.colcon_core.verb:set package 'joysub' build argument 'catkin_cmake_args' from command line to 'None'
[0.376s] Level 5:colcon.colcon_core.verb:set package 'joysub' build argument 'catkin_skip_building_tests' from command line to 'False'
[0.376s] DEBUG:colcon.colcon_core.verb:Building package 'joysub' with the following arguments: {'ament_cmake_args': None, 'build_base': '/home/yama/ros2_ws/build/joysub', 'catkin_cmake_args': None, 'catkin_skip_building_tests': False, 'cmake_args': None, 'cmake_clean_cache': False, 'cmake_clean_first': False, 'cmake_force_configure': False, 'cmake_target': None, 'cmake_target_skip_unavailable': False, 'install_base': '/home/yama/ros2_ws/install/joysub', 'merge_install': False, 'path': '/home/yama/ros2_ws/src/joysub', 'symlink_install': True, 'test_result_base': None}
[0.376s] Level 5:colcon.colcon_core.verb:set package 'dynamixel_sdk_examples' build argument 'cmake_args' from command line to 'None'
[0.376s] Level 5:colcon.colcon_core.verb:set package 'dynamixel_sdk_examples' build argument 'cmake_target' from command line to 'None'
[0.376s] Level 5:colcon.colcon_core.verb:set package 'dynamixel_sdk_examples' build argument 'cmake_target_skip_unavailable' from command line to 'False'
[0.376s] Level 5:colcon.colcon_core.verb:set package 'dynamixel_sdk_examples' build argument 'cmake_clean_cache' from command line to 'False'
[0.376s] Level 5:colcon.colcon_core.verb:set package 'dynamixel_sdk_examples' build argument 'cmake_clean_first' from command line to 'False'
[0.376s] Level 5:colcon.colcon_core.verb:set package 'dynamixel_sdk_examples' build argument 'cmake_force_configure' from command line to 'False'
[0.376s] Level 5:colcon.colcon_core.verb:set package 'dynamixel_sdk_examples' build argument 'ament_cmake_args' from command line to 'None'
[0.376s] Level 5:colcon.colcon_core.verb:set package 'dynamixel_sdk_examples' build argument 'catkin_cmake_args' from command line to 'None'
[0.376s] Level 5:colcon.colcon_core.verb:set package 'dynamixel_sdk_examples' build argument 'catkin_skip_building_tests' from command line to 'False'
[0.376s] DEBUG:colcon.colcon_core.verb:Building package 'dynamixel_sdk_examples' with the following arguments: {'ament_cmake_args': None, 'build_base': '/home/yama/ros2_ws/build/dynamixel_sdk_examples', 'catkin_cmake_args': None, 'catkin_skip_building_tests': False, 'cmake_args': None, 'cmake_clean_cache': False, 'cmake_clean_first': False, 'cmake_force_configure': False, 'cmake_target': None, 'cmake_target_skip_unavailable': False, 'install_base': '/home/yama/ros2_ws/install/dynamixel_sdk_examples', 'merge_install': False, 'path': '/home/yama/ros2_ws/src/dynamixel_sdk_examples', 'symlink_install': True, 'test_result_base': None}
[0.376s] INFO:colcon.colcon_core.executor:Executing jobs using 'parallel' executor
[0.382s] DEBUG:colcon.colcon_parallel_executor.executor.parallel:run_until_complete
[0.382s] INFO:colcon.colcon_ros.task.ament_cmake.build:Building ROS package in '/home/yama/ros2_ws/src/dynamixel_sdk' with build type 'ament_cmake'
[0.382s] INFO:colcon.colcon_cmake.task.cmake.build:Building CMake package in '/home/yama/ros2_ws/src/dynamixel_sdk'
[0.384s] INFO:colcon.colcon_core.plugin_system:Skipping extension 'colcon_core.shell.bat': Not used on non-Windows systems
[0.384s] INFO:colcon.colcon_core.shell:Skip shell extension 'powershell' for command environment: Not usable outside of PowerShell
[0.384s] DEBUG:colcon.colcon_core.shell:Skip shell extension 'dsv' for command environment
[0.419s] DEBUG:colcon.colcon_core.event_handler.log_command:Invoking command in '/home/yama/ros2_ws/build/dynamixel_sdk': CMAKE_PREFIX_PATH=${CMAKE_PREFIX_PATH}:/opt/ros/jazzy DEBUGINFOD_URLS=https://debuginfod.ubuntu.com /usr/bin/cmake --build /home/yama/ros2_ws/build/dynamixel_sdk -- -j1 -l1
[0.571s] DEBUG:colcon.colcon_core.event_handler.log_command:Invoked command in '/home/yama/ros2_ws/build/dynamixel_sdk' returned '0': CMAKE_PREFIX_PATH=${CMAKE_PREFIX_PATH}:/opt/ros/jazzy DEBUGINFOD_URLS=https://debuginfod.ubuntu.com /usr/bin/cmake --build /home/yama/ros2_ws/build/dynamixel_sdk -- -j1 -l1
[0.593s] DEBUG:colcon.colcon_core.event_handler.log_command:Invoking command in '/home/yama/ros2_ws/build/dynamixel_sdk': CMAKE_PREFIX_PATH=${CMAKE_PREFIX_PATH}:/opt/ros/jazzy DEBUGINFOD_URLS=https://debuginfod.ubuntu.com /usr/bin/cmake --install /home/yama/ros2_ws/build/dynamixel_sdk
[0.641s] Level 1:colcon.colcon_core.environment:create_environment_scripts_only(dynamixel_sdk)
[0.643s] DEBUG:colcon.colcon_core.event_handler.log_command:Invoked command in '/home/yama/ros2_ws/build/dynamixel_sdk' returned '0': CMAKE_PREFIX_PATH=${CMAKE_PREFIX_PATH}:/opt/ros/jazzy DEBUGINFOD_URLS=https://debuginfod.ubuntu.com /usr/bin/cmake --install /home/yama/ros2_ws/build/dynamixel_sdk
[0.645s] Level 1:colcon.colcon_core.environment:checking '/home/yama/ros2_ws/install/dynamixel_sdk' for CMake module files
[0.645s] Level 1:colcon.colcon_core.environment:checking '/home/yama/ros2_ws/install/dynamixel_sdk' for CMake config files
[0.646s] Level 1:colcon.colcon_core.shell:create_environment_hook('dynamixel_sdk', 'cmake_prefix_path')
[0.646s] INFO:colcon.colcon_core.shell:Creating environment hook '/home/yama/ros2_ws/install/dynamixel_sdk/share/dynamixel_sdk/hook/cmake_prefix_path.ps1'
[0.647s] INFO:colcon.colcon_core.shell:Creating environment descriptor '/home/yama/ros2_ws/install/dynamixel_sdk/share/dynamixel_sdk/hook/cmake_prefix_path.dsv'
[0.649s] INFO:colcon.colcon_core.shell:Creating environment hook '/home/yama/ros2_ws/install/dynamixel_sdk/share/dynamixel_sdk/hook/cmake_prefix_path.sh'
[0.650s] Level 1:colcon.colcon_core.environment:checking '/home/yama/ros2_ws/install/dynamixel_sdk/lib'
[0.650s] Level 1:colcon.colcon_core.shell:create_environment_hook('dynamixel_sdk', 'ld_library_path_lib')
[0.651s] INFO:colcon.colcon_core.shell:Creating environment hook '/home/yama/ros2_ws/install/dynamixel_sdk/share/dynamixel_sdk/hook/ld_library_path_lib.ps1'
[0.651s] INFO:colcon.colcon_core.shell:Creating environment descriptor '/home/yama/ros2_ws/install/dynamixel_sdk/share/dynamixel_sdk/hook/ld_library_path_lib.dsv'
[0.652s] INFO:colcon.colcon_core.shell:Creating environment hook '/home/yama/ros2_ws/install/dynamixel_sdk/share/dynamixel_sdk/hook/ld_library_path_lib.sh'
[0.652s] Level 1:colcon.colcon_core.environment:checking '/home/yama/ros2_ws/install/dynamixel_sdk/bin'
[0.653s] Level 1:colcon.colcon_core.environment:checking '/home/yama/ros2_ws/install/dynamixel_sdk/lib/pkgconfig/dynamixel_sdk.pc'
[0.653s] Level 1:colcon.colcon_core.environment:checking '/home/yama/ros2_ws/install/dynamixel_sdk/lib/python3.12/site-packages'
[0.653s] Level 1:colcon.colcon_core.environment:checking '/home/yama/ros2_ws/install/dynamixel_sdk/bin'
[0.654s] INFO:colcon.colcon_core.shell:Creating package script '/home/yama/ros2_ws/install/dynamixel_sdk/share/dynamixel_sdk/package.ps1'
[0.654s] INFO:colcon.colcon_core.shell:Creating package descriptor '/home/yama/ros2_ws/install/dynamixel_sdk/share/dynamixel_sdk/package.dsv'
[0.655s] INFO:colcon.colcon_core.shell:Creating package script '/home/yama/ros2_ws/install/dynamixel_sdk/share/dynamixel_sdk/package.sh'
[0.656s] INFO:colcon.colcon_core.shell:Creating package script '/home/yama/ros2_ws/install/dynamixel_sdk/share/dynamixel_sdk/package.bash'
[0.657s] INFO:colcon.colcon_core.shell:Creating package script '/home/yama/ros2_ws/install/dynamixel_sdk/share/dynamixel_sdk/package.zsh'
[0.657s] Level 1:colcon.colcon_core.environment:create_file_with_runtime_dependencies(/home/yama/ros2_ws/install/dynamixel_sdk/share/colcon-core/packages/dynamixel_sdk)
[0.658s] Level 1:colcon.colcon_core.environment:create_environment_scripts_only(dynamixel_sdk)
[0.658s] Level 1:colcon.colcon_core.environment:checking '/home/yama/ros2_ws/install/dynamixel_sdk' for CMake module files
[0.658s] Level 1:colcon.colcon_core.environment:checking '/home/yama/ros2_ws/install/dynamixel_sdk' for CMake config files
[0.659s] Level 1:colcon.colcon_core.shell:create_environment_hook('dynamixel_sdk', 'cmake_prefix_path')
[0.659s] INFO:colcon.colcon_core.shell:Creating environment hook '/home/yama/ros2_ws/install/dynamixel_sdk/share/dynamixel_sdk/hook/cmake_prefix_path.ps1'
[0.659s] INFO:colcon.colcon_core.shell:Creating environment descriptor '/home/yama/ros2_ws/install/dynamixel_sdk/share/dynamixel_sdk/hook/cmake_prefix_path.dsv'
[0.661s] INFO:colcon.colcon_core.shell:Creating environment hook '/home/yama/ros2_ws/install/dynamixel_sdk/share/dynamixel_sdk/hook/cmake_prefix_path.sh'
[0.662s] Level 1:colcon.colcon_core.environment:checking '/home/yama/ros2_ws/install/dynamixel_sdk/lib'
[0.662s] Level 1:colcon.colcon_core.shell:create_environment_hook('dynamixel_sdk', 'ld_library_path_lib')
[0.662s] INFO:colcon.colcon_core.shell:Creating environment hook '/home/yama/ros2_ws/install/dynamixel_sdk/share/dynamixel_sdk/hook/ld_library_path_lib.ps1'
[0.663s] INFO:colcon.colcon_core.shell:Creating environment descriptor '/home/yama/ros2_ws/install/dynamixel_sdk/share/dynamixel_sdk/hook/ld_library_path_lib.dsv'
[0.664s] INFO:colcon.colcon_core.shell:Creating environment hook '/home/yama/ros2_ws/install/dynamixel_sdk/share/dynamixel_sdk/hook/ld_library_path_lib.sh'
[0.665s] Level 1:colcon.colcon_core.environment:checking '/home/yama/ros2_ws/install/dynamixel_sdk/bin'
[0.665s] Level 1:colcon.colcon_core.environment:checking '/home/yama/ros2_ws/install/dynamixel_sdk/lib/pkgconfig/dynamixel_sdk.pc'
[0.666s] Level 1:colcon.colcon_core.environment:checking '/home/yama/ros2_ws/install/dynamixel_sdk/lib/python3.12/site-packages'
[0.666s] Level 1:colcon.colcon_core.environment:checking '/home/yama/ros2_ws/install/dynamixel_sdk/bin'
[0.666s] INFO:colcon.colcon_core.shell:Creating package script '/home/yama/ros2_ws/install/dynamixel_sdk/share/dynamixel_sdk/package.ps1'
[0.667s] INFO:colcon.colcon_core.shell:Creating package descriptor '/home/yama/ros2_ws/install/dynamixel_sdk/share/dynamixel_sdk/package.dsv'
[0.668s] INFO:colcon.colcon_core.shell:Creating package script '/home/yama/ros2_ws/install/dynamixel_sdk/share/dynamixel_sdk/package.sh'
[0.669s] INFO:colcon.colcon_core.shell:Creating package script '/home/yama/ros2_ws/install/dynamixel_sdk/share/dynamixel_sdk/package.bash'
[0.669s] INFO:colcon.colcon_core.shell:Creating package script '/home/yama/ros2_ws/install/dynamixel_sdk/share/dynamixel_sdk/package.zsh'
[0.670s] Level 1:colcon.colcon_core.environment:create_file_with_runtime_dependencies(/home/yama/ros2_ws/install/dynamixel_sdk/share/colcon-core/packages/dynamixel_sdk)
[0.675s] INFO:colcon.colcon_ros.task.ament_cmake.build:Building ROS package in '/home/yama/ros2_ws/src/dynamixel_sdk_custom_interfaces' with build type 'ament_cmake'
[0.676s] INFO:colcon.colcon_cmake.task.cmake.build:Building CMake package in '/home/yama/ros2_ws/src/dynamixel_sdk_custom_interfaces'
[0.676s] INFO:colcon.colcon_core.shell:Skip shell extension 'powershell' for command environment: Not usable outside of PowerShell
[0.676s] DEBUG:colcon.colcon_core.shell:Skip shell extension 'dsv' for command environment
[0.718s] DEBUG:colcon.colcon_core.event_handler.log_command:Invoking command in '/home/yama/ros2_ws/build/dynamixel_sdk_custom_interfaces': CMAKE_PREFIX_PATH=${CMAKE_PREFIX_PATH}:/opt/ros/jazzy DEBUGINFOD_URLS=https://debuginfod.ubuntu.com /usr/bin/cmake --build /home/yama/ros2_ws/build/dynamixel_sdk_custom_interfaces -- -j1 -l1
[2.438s] DEBUG:colcon.colcon_core.event_handler.log_command:Invoked command in '/home/yama/ros2_ws/build/dynamixel_sdk_custom_interfaces' returned '0': CMAKE_PREFIX_PATH=${CMAKE_PREFIX_PATH}:/opt/ros/jazzy DEBUGINFOD_URLS=https://debuginfod.ubuntu.com /usr/bin/cmake --build /home/yama/ros2_ws/build/dynamixel_sdk_custom_interfaces -- -j1 -l1
[2.438s] DEBUG:colcon.colcon_core.event_handler.log_command:Invoking command in '/home/yama/ros2_ws/build/dynamixel_sdk_custom_interfaces': CMAKE_PREFIX_PATH=${CMAKE_PREFIX_PATH}:/opt/ros/jazzy DEBUGINFOD_URLS=https://debuginfod.ubuntu.com /usr/bin/cmake --install /home/yama/ros2_ws/build/dynamixel_sdk_custom_interfaces
[2.601s] Level 1:colcon.colcon_core.environment:create_environment_scripts_only(dynamixel_sdk_custom_interfaces)
[2.601s] Level 1:colcon.colcon_core.environment:checking '/home/yama/ros2_ws/install/dynamixel_sdk_custom_interfaces' for CMake module files
[2.602s] Level 1:colcon.colcon_core.environment:checking '/home/yama/ros2_ws/install/dynamixel_sdk_custom_interfaces' for CMake config files
[2.602s] Level 1:colcon.colcon_core.shell:create_environment_hook('dynamixel_sdk_custom_interfaces', 'cmake_prefix_path')
[2.602s] INFO:colcon.colcon_core.shell:Creating environment hook '/home/yama/ros2_ws/install/dynamixel_sdk_custom_interfaces/share/dynamixel_sdk_custom_interfaces/hook/cmake_prefix_path.ps1'
[2.604s] DEBUG:colcon.colcon_core.event_handler.log_command:Invoked command in '/home/yama/ros2_ws/build/dynamixel_sdk_custom_interfaces' returned '0': CMAKE_PREFIX_PATH=${CMAKE_PREFIX_PATH}:/opt/ros/jazzy DEBUGINFOD_URLS=https://debuginfod.ubuntu.com /usr/bin/cmake --install /home/yama/ros2_ws/build/dynamixel_sdk_custom_interfaces
[2.604s] INFO:colcon.colcon_core.shell:Creating environment descriptor '/home/yama/ros2_ws/install/dynamixel_sdk_custom_interfaces/share/dynamixel_sdk_custom_interfaces/hook/cmake_prefix_path.dsv'
[2.605s] INFO:colcon.colcon_core.shell:Creating environment hook '/home/yama/ros2_ws/install/dynamixel_sdk_custom_interfaces/share/dynamixel_sdk_custom_interfaces/hook/cmake_prefix_path.sh'
[2.607s] Level 1:colcon.colcon_core.environment:checking '/home/yama/ros2_ws/install/dynamixel_sdk_custom_interfaces/lib'
[2.607s] Level 1:colcon.colcon_core.shell:create_environment_hook('dynamixel_sdk_custom_interfaces', 'ld_library_path_lib')
[2.607s] INFO:colcon.colcon_core.shell:Creating environment hook '/home/yama/ros2_ws/install/dynamixel_sdk_custom_interfaces/share/dynamixel_sdk_custom_interfaces/hook/ld_library_path_lib.ps1'
[2.607s] INFO:colcon.colcon_core.shell:Creating environment descriptor '/home/yama/ros2_ws/install/dynamixel_sdk_custom_interfaces/share/dynamixel_sdk_custom_interfaces/hook/ld_library_path_lib.dsv'
[2.608s] INFO:colcon.colcon_core.shell:Creating environment hook '/home/yama/ros2_ws/install/dynamixel_sdk_custom_interfaces/share/dynamixel_sdk_custom_interfaces/hook/ld_library_path_lib.sh'
[2.610s] Level 1:colcon.colcon_core.environment:checking '/home/yama/ros2_ws/install/dynamixel_sdk_custom_interfaces/bin'
[2.611s] Level 1:colcon.colcon_core.environment:checking '/home/yama/ros2_ws/install/dynamixel_sdk_custom_interfaces/lib/pkgconfig/dynamixel_sdk_custom_interfaces.pc'
[2.611s] Level 1:colcon.colcon_core.environment:checking '/home/yama/ros2_ws/install/dynamixel_sdk_custom_interfaces/lib/python3.12/site-packages'
[2.611s] Level 1:colcon.colcon_core.shell:create_environment_hook('dynamixel_sdk_custom_interfaces', 'pythonpath')
[2.612s] INFO:colcon.colcon_core.shell:Creating environment hook '/home/yama/ros2_ws/install/dynamixel_sdk_custom_interfaces/share/dynamixel_sdk_custom_interfaces/hook/pythonpath.ps1'
[2.613s] INFO:colcon.colcon_core.shell:Creating environment descriptor '/home/yama/ros2_ws/install/dynamixel_sdk_custom_interfaces/share/dynamixel_sdk_custom_interfaces/hook/pythonpath.dsv'
[2.615s] INFO:colcon.colcon_core.shell:Creating environment hook '/home/yama/ros2_ws/install/dynamixel_sdk_custom_interfaces/share/dynamixel_sdk_custom_interfaces/hook/pythonpath.sh'
[2.617s] Level 1:colcon.colcon_core.environment:checking '/home/yama/ros2_ws/install/dynamixel_sdk_custom_interfaces/bin'
[2.617s] INFO:colcon.colcon_core.shell:Creating package script '/home/yama/ros2_ws/install/dynamixel_sdk_custom_interfaces/share/dynamixel_sdk_custom_interfaces/package.ps1'
[2.619s] INFO:colcon.colcon_core.shell:Creating package descriptor '/home/yama/ros2_ws/install/dynamixel_sdk_custom_interfaces/share/dynamixel_sdk_custom_interfaces/package.dsv'
[2.620s] INFO:colcon.colcon_core.shell:Creating package script '/home/yama/ros2_ws/install/dynamixel_sdk_custom_interfaces/share/dynamixel_sdk_custom_interfaces/package.sh'
[2.622s] INFO:colcon.colcon_core.shell:Creating package script '/home/yama/ros2_ws/install/dynamixel_sdk_custom_interfaces/share/dynamixel_sdk_custom_interfaces/package.bash'
[2.624s] INFO:colcon.colcon_core.shell:Creating package script '/home/yama/ros2_ws/install/dynamixel_sdk_custom_interfaces/share/dynamixel_sdk_custom_interfaces/package.zsh'
[2.624s] Level 1:colcon.colcon_core.environment:create_file_with_runtime_dependencies(/home/yama/ros2_ws/install/dynamixel_sdk_custom_interfaces/share/colcon-core/packages/dynamixel_sdk_custom_interfaces)
[2.626s] Level 1:colcon.colcon_core.environment:create_environment_scripts_only(dynamixel_sdk_custom_interfaces)
[2.626s] Level 1:colcon.colcon_core.environment:checking '/home/yama/ros2_ws/install/dynamixel_sdk_custom_interfaces' for CMake module files
[2.628s] Level 1:colcon.colcon_core.environment:checking '/home/yama/ros2_ws/install/dynamixel_sdk_custom_interfaces' for CMake config files
[2.629s] Level 1:colcon.colcon_core.shell:create_environment_hook('dynamixel_sdk_custom_interfaces', 'cmake_prefix_path')
[2.629s] INFO:colcon.colcon_core.shell:Creating environment hook '/home/yama/ros2_ws/install/dynamixel_sdk_custom_interfaces/share/dynamixel_sdk_custom_interfaces/hook/cmake_prefix_path.ps1'
[2.631s] INFO:colcon.colcon_core.shell:Creating environment descriptor '/home/yama/ros2_ws/install/dynamixel_sdk_custom_interfaces/share/dynamixel_sdk_custom_interfaces/hook/cmake_prefix_path.dsv'
[2.631s] INFO:colcon.colcon_core.shell:Creating environment hook '/home/yama/ros2_ws/install/dynamixel_sdk_custom_interfaces/share/dynamixel_sdk_custom_interfaces/hook/cmake_prefix_path.sh'
[2.633s] Level 1:colcon.colcon_core.environment:checking '/home/yama/ros2_ws/install/dynamixel_sdk_custom_interfaces/lib'
[2.633s] Level 1:colcon.colcon_core.shell:create_environment_hook('dynamixel_sdk_custom_interfaces', 'ld_library_path_lib')
[2.633s] INFO:colcon.colcon_core.shell:Creating environment hook '/home/yama/ros2_ws/install/dynamixel_sdk_custom_interfaces/share/dynamixel_sdk_custom_interfaces/hook/ld_library_path_lib.ps1'
[2.634s] INFO:colcon.colcon_core.shell:Creating environment descriptor '/home/yama/ros2_ws/install/dynamixel_sdk_custom_interfaces/share/dynamixel_sdk_custom_interfaces/hook/ld_library_path_lib.dsv'
[2.635s] INFO:colcon.colcon_core.shell:Creating environment hook '/home/yama/ros2_ws/install/dynamixel_sdk_custom_interfaces/share/dynamixel_sdk_custom_interfaces/hook/ld_library_path_lib.sh'
[2.635s] Level 1:colcon.colcon_core.environment:checking '/home/yama/ros2_ws/install/dynamixel_sdk_custom_interfaces/bin'
[2.636s] Level 1:colcon.colcon_core.environment:checking '/home/yama/ros2_ws/install/dynamixel_sdk_custom_interfaces/lib/pkgconfig/dynamixel_sdk_custom_interfaces.pc'
[2.636s] Level 1:colcon.colcon_core.environment:checking '/home/yama/ros2_ws/install/dynamixel_sdk_custom_interfaces/lib/python3.12/site-packages'
[2.636s] Level 1:colcon.colcon_core.shell:create_environment_hook('dynamixel_sdk_custom_interfaces', 'pythonpath')
[2.636s] INFO:colcon.colcon_core.shell:Creating environment hook '/home/yama/ros2_ws/install/dynamixel_sdk_custom_interfaces/share/dynamixel_sdk_custom_interfaces/hook/pythonpath.ps1'
[2.637s] INFO:colcon.colcon_core.shell:Creating environment descriptor '/home/yama/ros2_ws/install/dynamixel_sdk_custom_interfaces/share/dynamixel_sdk_custom_interfaces/hook/pythonpath.dsv'
[2.638s] INFO:colcon.colcon_core.shell:Creating environment hook '/home/yama/ros2_ws/install/dynamixel_sdk_custom_interfaces/share/dynamixel_sdk_custom_interfaces/hook/pythonpath.sh'
[2.640s] Level 1:colcon.colcon_core.environment:checking '/home/yama/ros2_ws/install/dynamixel_sdk_custom_interfaces/bin'
[2.640s] INFO:colcon.colcon_core.shell:Creating package script '/home/yama/ros2_ws/install/dynamixel_sdk_custom_interfaces/share/dynamixel_sdk_custom_interfaces/package.ps1'
[2.641s] INFO:colcon.colcon_core.shell:Creating package descriptor '/home/yama/ros2_ws/install/dynamixel_sdk_custom_interfaces/share/dynamixel_sdk_custom_interfaces/package.dsv'
[2.643s] INFO:colcon.colcon_core.shell:Creating package script '/home/yama/ros2_ws/install/dynamixel_sdk_custom_interfaces/share/dynamixel_sdk_custom_interfaces/package.sh'
[2.646s] INFO:colcon.colcon_core.shell:Creating package script '/home/yama/ros2_ws/install/dynamixel_sdk_custom_interfaces/share/dynamixel_sdk_custom_interfaces/package.bash'
[2.649s] INFO:colcon.colcon_core.shell:Creating package script '/home/yama/ros2_ws/install/dynamixel_sdk_custom_interfaces/share/dynamixel_sdk_custom_interfaces/package.zsh'
[2.651s] Level 1:colcon.colcon_core.environment:create_file_with_runtime_dependencies(/home/yama/ros2_ws/install/dynamixel_sdk_custom_interfaces/share/colcon-core/packages/dynamixel_sdk_custom_interfaces)
[2.663s] INFO:colcon.colcon_ros.task.ament_cmake.build:Building ROS package in '/home/yama/ros2_ws/src/joysub' with build type 'ament_cmake'
[2.663s] INFO:colcon.colcon_cmake.task.cmake.build:Building CMake package in '/home/yama/ros2_ws/src/joysub'
[2.663s] INFO:colcon.colcon_core.shell:Skip shell extension 'powershell' for command environment: Not usable outside of PowerShell
[2.663s] DEBUG:colcon.colcon_core.shell:Skip shell extension 'dsv' for command environment
[2.719s] DEBUG:colcon.colcon_core.event_handler.log_command:Invoking command in '/home/yama/ros2_ws/build/joysub': CMAKE_PREFIX_PATH=${CMAKE_PREFIX_PATH}:/opt/ros/jazzy DEBUGINFOD_URLS=https://debuginfod.ubuntu.com /usr/bin/cmake --build /home/yama/ros2_ws/build/joysub -- -j1 -l1
[2.855s] DEBUG:colcon.colcon_core.event_handler.log_command:Invoked command in '/home/yama/ros2_ws/build/joysub' returned '0': CMAKE_PREFIX_PATH=${CMAKE_PREFIX_PATH}:/opt/ros/jazzy DEBUGINFOD_URLS=https://debuginfod.ubuntu.com /usr/bin/cmake --build /home/yama/ros2_ws/build/joysub -- -j1 -l1
[2.856s] DEBUG:colcon.colcon_core.event_handler.log_command:Invoking command in '/home/yama/ros2_ws/build/joysub': CMAKE_PREFIX_PATH=${CMAKE_PREFIX_PATH}:/opt/ros/jazzy DEBUGINFOD_URLS=https://debuginfod.ubuntu.com /usr/bin/cmake --install /home/yama/ros2_ws/build/joysub
[2.927s] Level 1:colcon.colcon_core.environment:create_environment_scripts_only(joysub)
[2.928s] DEBUG:colcon.colcon_core.event_handler.log_command:Invoked command in '/home/yama/ros2_ws/build/joysub' returned '0': CMAKE_PREFIX_PATH=${CMAKE_PREFIX_PATH}:/opt/ros/jazzy DEBUGINFOD_URLS=https://debuginfod.ubuntu.com /usr/bin/cmake --install /home/yama/ros2_ws/build/joysub
[2.928s] Level 1:colcon.colcon_core.environment:checking '/home/yama/ros2_ws/install/joysub' for CMake module files
[2.929s] Level 1:colcon.colcon_core.environment:checking '/home/yama/ros2_ws/install/joysub' for CMake config files
[2.929s] Level 1:colcon.colcon_core.shell:create_environment_hook('joysub', 'cmake_prefix_path')
[2.930s] INFO:colcon.colcon_core.shell:Creating environment hook '/home/yama/ros2_ws/install/joysub/share/joysub/hook/cmake_prefix_path.ps1'
[2.931s] INFO:colcon.colcon_core.shell:Creating environment descriptor '/home/yama/ros2_ws/install/joysub/share/joysub/hook/cmake_prefix_path.dsv'
[2.932s] INFO:colcon.colcon_core.shell:Creating environment hook '/home/yama/ros2_ws/install/joysub/share/joysub/hook/cmake_prefix_path.sh'
[2.933s] Level 1:colcon.colcon_core.environment:checking '/home/yama/ros2_ws/install/joysub/lib'
[2.933s] Level 1:colcon.colcon_core.environment:checking '/home/yama/ros2_ws/install/joysub/bin'
[2.933s] Level 1:colcon.colcon_core.environment:checking '/home/yama/ros2_ws/install/joysub/lib/pkgconfig/joysub.pc'
[2.933s] Level 1:colcon.colcon_core.environment:checking '/home/yama/ros2_ws/install/joysub/lib/python3.12/site-packages'
[2.934s] Level 1:colcon.colcon_core.environment:checking '/home/yama/ros2_ws/install/joysub/bin'
[2.934s] INFO:colcon.colcon_core.shell:Creating package script '/home/yama/ros2_ws/install/joysub/share/joysub/package.ps1'
[2.935s] INFO:colcon.colcon_core.shell:Creating package descriptor '/home/yama/ros2_ws/install/joysub/share/joysub/package.dsv'
[2.935s] INFO:colcon.colcon_core.shell:Creating package script '/home/yama/ros2_ws/install/joysub/share/joysub/package.sh'
[2.936s] INFO:colcon.colcon_core.shell:Creating package script '/home/yama/ros2_ws/install/joysub/share/joysub/package.bash'
[2.936s] INFO:colcon.colcon_core.shell:Creating package script '/home/yama/ros2_ws/install/joysub/share/joysub/package.zsh'
[2.937s] Level 1:colcon.colcon_core.environment:create_file_with_runtime_dependencies(/home/yama/ros2_ws/install/joysub/share/colcon-core/packages/joysub)
[2.938s] Level 1:colcon.colcon_core.environment:create_environment_scripts_only(joysub)
[2.938s] Level 1:colcon.colcon_core.environment:checking '/home/yama/ros2_ws/install/joysub' for CMake module files
[2.938s] Level 1:colcon.colcon_core.environment:checking '/home/yama/ros2_ws/install/joysub' for CMake config files
[2.938s] Level 1:colcon.colcon_core.shell:create_environment_hook('joysub', 'cmake_prefix_path')
[2.938s] INFO:colcon.colcon_core.shell:Creating environment hook '/home/yama/ros2_ws/install/joysub/share/joysub/hook/cmake_prefix_path.ps1'
[2.939s] INFO:colcon.colcon_core.shell:Creating environment descriptor '/home/yama/ros2_ws/install/joysub/share/joysub/hook/cmake_prefix_path.dsv'
[2.940s] INFO:colcon.colcon_core.shell:Creating environment hook '/home/yama/ros2_ws/install/joysub/share/joysub/hook/cmake_prefix_path.sh'
[2.941s] Level 1:colcon.colcon_core.environment:checking '/home/yama/ros2_ws/install/joysub/lib'
[2.941s] Level 1:colcon.colcon_core.environment:checking '/home/yama/ros2_ws/install/joysub/bin'
[2.942s] Level 1:colcon.colcon_core.environment:checking '/home/yama/ros2_ws/install/joysub/lib/pkgconfig/joysub.pc'
[2.942s] Level 1:colcon.colcon_core.environment:checking '/home/yama/ros2_ws/install/joysub/lib/python3.12/site-packages'
[2.942s] Level 1:colcon.colcon_core.environment:checking '/home/yama/ros2_ws/install/joysub/bin'
[2.942s] INFO:colcon.colcon_core.shell:Creating package script '/home/yama/ros2_ws/install/joysub/share/joysub/package.ps1'
[2.943s] INFO:colcon.colcon_core.shell:Creating package descriptor '/home/yama/ros2_ws/install/joysub/share/joysub/package.dsv'
[2.944s] INFO:colcon.colcon_core.shell:Creating package script '/home/yama/ros2_ws/install/joysub/share/joysub/package.sh'
[2.945s] INFO:colcon.colcon_core.shell:Creating package script '/home/yama/ros2_ws/install/joysub/share/joysub/package.bash'
[2.946s] INFO:colcon.colcon_core.shell:Creating package script '/home/yama/ros2_ws/install/joysub/share/joysub/package.zsh'
[2.947s] Level 1:colcon.colcon_core.environment:create_file_with_runtime_dependencies(/home/yama/ros2_ws/install/joysub/share/colcon-core/packages/joysub)
[2.949s] INFO:colcon.colcon_ros.task.ament_cmake.build:Building ROS package in '/home/yama/ros2_ws/src/dynamixel_sdk_examples' with build type 'ament_cmake'
[2.949s] INFO:colcon.colcon_cmake.task.cmake.build:Building CMake package in '/home/yama/ros2_ws/src/dynamixel_sdk_examples'
[2.949s] INFO:colcon.colcon_core.shell:Skip shell extension 'powershell' for command environment: Not usable outside of PowerShell
[2.949s] DEBUG:colcon.colcon_core.shell:Skip shell extension 'dsv' for command environment
[3.018s] DEBUG:colcon.colcon_core.event_handler.log_command:Invoking command in '/home/yama/ros2_ws/build/dynamixel_sdk_examples': CMAKE_PREFIX_PATH=/home/yama/ros2_ws/install/dynamixel_sdk_custom_interfaces:/home/yama/ros2_ws/install/dynamixel_sdk:/home/yama/ros2_ws/install/joysub:/home/yama/ros2_ws/install/dynamixel_sdk_examples:/opt/ros/jazzy/opt/gz_math_vendor:/opt/ros/jazzy/opt/gz_utils_vendor:/opt/ros/jazzy/opt/gz_cmake_vendor:/opt/ros/jazzy DEBUGINFOD_URLS=https://debuginfod.ubuntu.com /usr/bin/cmake --build /home/yama/ros2_ws/build/dynamixel_sdk_examples -- -j1 -l1
[3.238s] DEBUG:colcon.colcon_core.event_handler.log_command:Invoked command in '/home/yama/ros2_ws/build/dynamixel_sdk_examples' returned '0': CMAKE_PREFIX_PATH=/home/yama/ros2_ws/install/dynamixel_sdk_custom_interfaces:/home/yama/ros2_ws/install/dynamixel_sdk:/home/yama/ros2_ws/install/joysub:/home/yama/ros2_ws/install/dynamixel_sdk_examples:/opt/ros/jazzy/opt/gz_math_vendor:/opt/ros/jazzy/opt/gz_utils_vendor:/opt/ros/jazzy/opt/gz_cmake_vendor:/opt/ros/jazzy DEBUGINFOD_URLS=https://debuginfod.ubuntu.com /usr/bin/cmake --build /home/yama/ros2_ws/build/dynamixel_sdk_examples -- -j1 -l1
[3.239s] DEBUG:colcon.colcon_core.event_handler.log_command:Invoking command in '/home/yama/ros2_ws/build/dynamixel_sdk_examples': CMAKE_PREFIX_PATH=/home/yama/ros2_ws/install/dynamixel_sdk_custom_interfaces:/home/yama/ros2_ws/install/dynamixel_sdk:/home/yama/ros2_ws/install/joysub:/home/yama/ros2_ws/install/dynamixel_sdk_examples:/opt/ros/jazzy/opt/gz_math_vendor:/opt/ros/jazzy/opt/gz_utils_vendor:/opt/ros/jazzy/opt/gz_cmake_vendor:/opt/ros/jazzy DEBUGINFOD_URLS=https://debuginfod.ubuntu.com /usr/bin/cmake --install /home/yama/ros2_ws/build/dynamixel_sdk_examples
[3.281s] Level 1:colcon.colcon_core.environment:create_environment_scripts_only(dynamixel_sdk_examples)
[3.281s] Level 1:colcon.colcon_core.environment:checking '/home/yama/ros2_ws/install/dynamixel_sdk_examples' for CMake module files
[3.282s] Level 1:colcon.colcon_core.environment:checking '/home/yama/ros2_ws/install/dynamixel_sdk_examples' for CMake config files
[3.282s] Level 1:colcon.colcon_core.shell:create_environment_hook('dynamixel_sdk_examples', 'cmake_prefix_path')
[3.282s] INFO:colcon.colcon_core.shell:Creating environment hook '/home/yama/ros2_ws/install/dynamixel_sdk_examples/share/dynamixel_sdk_examples/hook/cmake_prefix_path.ps1'
[3.294s] DEBUG:colcon.colcon_core.event_handler.log_command:Invoked command in '/home/yama/ros2_ws/build/dynamixel_sdk_examples' returned '0': CMAKE_PREFIX_PATH=/home/yama/ros2_ws/install/dynamixel_sdk_custom_interfaces:/home/yama/ros2_ws/install/dynamixel_sdk:/home/yama/ros2_ws/install/joysub:/home/yama/ros2_ws/install/dynamixel_sdk_examples:/opt/ros/jazzy/opt/gz_math_vendor:/opt/ros/jazzy/opt/gz_utils_vendor:/opt/ros/jazzy/opt/gz_cmake_vendor:/opt/ros/jazzy DEBUGINFOD_URLS=https://debuginfod.ubuntu.com /usr/bin/cmake --install /home/yama/ros2_ws/build/dynamixel_sdk_examples
[3.297s] INFO:colcon.colcon_core.shell:Creating environment descriptor '/home/yama/ros2_ws/install/dynamixel_sdk_examples/share/dynamixel_sdk_examples/hook/cmake_prefix_path.dsv'
[3.301s] INFO:colcon.colcon_core.shell:Creating environment hook '/home/yama/ros2_ws/install/dynamixel_sdk_examples/share/dynamixel_sdk_examples/hook/cmake_prefix_path.sh'
[3.306s] Level 1:colcon.colcon_core.environment:checking '/home/yama/ros2_ws/install/dynamixel_sdk_examples/lib'
[3.307s] Level 1:colcon.colcon_core.environment:checking '/home/yama/ros2_ws/install/dynamixel_sdk_examples/bin'
[3.307s] Level 1:colcon.colcon_core.environment:checking '/home/yama/ros2_ws/install/dynamixel_sdk_examples/lib/pkgconfig/dynamixel_sdk_examples.pc'
[3.307s] Level 1:colcon.colcon_core.environment:checking '/home/yama/ros2_ws/install/dynamixel_sdk_examples/lib/python3.12/site-packages'
[3.307s] Level 1:colcon.colcon_core.environment:checking '/home/yama/ros2_ws/install/dynamixel_sdk_examples/bin'
[3.307s] INFO:colcon.colcon_core.shell:Creating package script '/home/yama/ros2_ws/install/dynamixel_sdk_examples/share/dynamixel_sdk_examples/package.ps1'
[3.313s] INFO:colcon.colcon_core.shell:Creating package descriptor '/home/yama/ros2_ws/install/dynamixel_sdk_examples/share/dynamixel_sdk_examples/package.dsv'
[3.314s] INFO:colcon.colcon_core.shell:Creating package script '/home/yama/ros2_ws/install/dynamixel_sdk_examples/share/dynamixel_sdk_examples/package.sh'
[3.315s] INFO:colcon.colcon_core.shell:Creating package script '/home/yama/ros2_ws/install/dynamixel_sdk_examples/share/dynamixel_sdk_examples/package.bash'
[3.318s] INFO:colcon.colcon_core.shell:Creating package script '/home/yama/ros2_ws/install/dynamixel_sdk_examples/share/dynamixel_sdk_examples/package.zsh'
[3.319s] Level 1:colcon.colcon_core.environment:create_file_with_runtime_dependencies(/home/yama/ros2_ws/install/dynamixel_sdk_examples/share/colcon-core/packages/dynamixel_sdk_examples)
[3.320s] Level 1:colcon.colcon_core.environment:create_environment_scripts_only(dynamixel_sdk_examples)
[3.320s] Level 1:colcon.colcon_core.environment:checking '/home/yama/ros2_ws/install/dynamixel_sdk_examples' for CMake module files
[3.321s] Level 1:colcon.colcon_core.environment:checking '/home/yama/ros2_ws/install/dynamixel_sdk_examples' for CMake config files
[3.321s] Level 1:colcon.colcon_core.shell:create_environment_hook('dynamixel_sdk_examples', 'cmake_prefix_path')
[3.321s] INFO:colcon.colcon_core.shell:Creating environment hook '/home/yama/ros2_ws/install/dynamixel_sdk_examples/share/dynamixel_sdk_examples/hook/cmake_prefix_path.ps1'
[3.322s] INFO:colcon.colcon_core.shell:Creating environment descriptor '/home/yama/ros2_ws/install/dynamixel_sdk_examples/share/dynamixel_sdk_examples/hook/cmake_prefix_path.dsv'
[3.323s] INFO:colcon.colcon_core.shell:Creating environment hook '/home/yama/ros2_ws/install/dynamixel_sdk_examples/share/dynamixel_sdk_examples/hook/cmake_prefix_path.sh'
[3.324s] Level 1:colcon.colcon_core.environment:checking '/home/yama/ros2_ws/install/dynamixel_sdk_examples/lib'
[3.324s] Level 1:colcon.colcon_core.environment:checking '/home/yama/ros2_ws/install/dynamixel_sdk_examples/bin'
[3.324s] Level 1:colcon.colcon_core.environment:checking '/home/yama/ros2_ws/install/dynamixel_sdk_examples/lib/pkgconfig/dynamixel_sdk_examples.pc'
[3.324s] Level 1:colcon.colcon_core.environment:checking '/home/yama/ros2_ws/install/dynamixel_sdk_examples/lib/python3.12/site-packages'
[3.324s] Level 1:colcon.colcon_core.environment:checking '/home/yama/ros2_ws/install/dynamixel_sdk_examples/bin'
[3.325s] INFO:colcon.colcon_core.shell:Creating package script '/home/yama/ros2_ws/install/dynamixel_sdk_examples/share/dynamixel_sdk_examples/package.ps1'
[3.326s] INFO:colcon.colcon_core.shell:Creating package descriptor '/home/yama/ros2_ws/install/dynamixel_sdk_examples/share/dynamixel_sdk_examples/package.dsv'
[3.328s] INFO:colcon.colcon_core.shell:Creating package script '/home/yama/ros2_ws/install/dynamixel_sdk_examples/share/dynamixel_sdk_examples/package.sh'
[3.328s] INFO:colcon.colcon_core.shell:Creating package script '/home/yama/ros2_ws/install/dynamixel_sdk_examples/share/dynamixel_sdk_examples/package.bash'
[3.329s] INFO:colcon.colcon_core.shell:Creating package script '/home/yama/ros2_ws/install/dynamixel_sdk_examples/share/dynamixel_sdk_examples/package.zsh'
[3.330s] Level 1:colcon.colcon_core.environment:create_file_with_runtime_dependencies(/home/yama/ros2_ws/install/dynamixel_sdk_examples/share/colcon-core/packages/dynamixel_sdk_examples)
[3.331s] DEBUG:colcon.colcon_parallel_executor.executor.parallel:closing loop
[3.332s] DEBUG:colcon.colcon_parallel_executor.executor.parallel:loop closed
[3.332s] DEBUG:colcon.colcon_parallel_executor.executor.parallel:run_until_complete finished with '0'
[3.332s] DEBUG:colcon.colcon_core.event_reactor:joining thread
[3.346s] INFO:colcon.colcon_core.plugin_system:Skipping extension 'colcon_notification.desktop_notification.terminal_notifier': Not used on non-Darwin systems
[3.346s] INFO:colcon.colcon_core.plugin_system:Skipping extension 'colcon_notification.desktop_notification.win32': Not used on non-Windows systems
[3.346s] INFO:colcon.colcon_notification.desktop_notification:Sending desktop notification using 'notify2'
[3.419s] DEBUG:colcon.colcon_core.event_reactor:joined thread
[3.433s] INFO:colcon.colcon_core.shell:Creating prefix script '/home/yama/ros2_ws/install/local_setup.ps1'
[3.435s] INFO:colcon.colcon_core.shell:Creating prefix util module '/home/yama/ros2_ws/install/_local_setup_util_ps1.py'
[3.438s] INFO:colcon.colcon_core.shell:Creating prefix chain script '/home/yama/ros2_ws/install/setup.ps1'
[3.440s] INFO:colcon.colcon_core.shell:Creating prefix script '/home/yama/ros2_ws/install/local_setup.sh'
[3.441s] INFO:colcon.colcon_core.shell:Creating prefix util module '/home/yama/ros2_ws/install/_local_setup_util_sh.py'
[3.452s] INFO:colcon.colcon_core.shell:Creating prefix chain script '/home/yama/ros2_ws/install/setup.sh'
[3.454s] INFO:colcon.colcon_core.shell:Creating prefix script '/home/yama/ros2_ws/install/local_setup.bash'
[3.455s] INFO:colcon.colcon_core.shell:Creating prefix chain script '/home/yama/ros2_ws/install/setup.bash'
[3.457s] INFO:colcon.colcon_core.shell:Creating prefix script '/home/yama/ros2_ws/install/local_setup.zsh'
[3.457s] INFO:colcon.colcon_core.shell:Creating prefix chain script '/home/yama/ros2_ws/install/setup.zsh'
