[0.063s] Invoking command in '/home/yama/ros2_ws/build/exmple_dynamixel_cpp': CMAKE_PREFIX_PATH=${CMAKE_PREFIX_PATH}:/opt/ros/jazzy DEBUGINFOD_URLS=https://debuginfod.ubuntu.com /usr/bin/cmake --build /home/yama/ros2_ws/build/exmple_dynamixel_cpp -- -j1 -l1
[0.985s] [ 50%] [32mBuilding CXX object CMakeFiles/dynamixel_controller.dir/src/dynamixel_controller.cpp.o[0m
[9.479s] [100%] [32m[1mLinking CXX executable dynamixel_controller[0m
[10.074s] [100%] Built target dynamixel_controller
[10.090s] Invoked command in '/home/yama/ros2_ws/build/exmple_dynamixel_cpp' returned '0': CMAKE_PREFIX_PATH=${CMAKE_PREFIX_PATH}:/opt/ros/jazzy DEBUGINFOD_URLS=https://debuginfod.ubuntu.com /usr/bin/cmake --build /home/yama/ros2_ws/build/exmple_dynamixel_cpp -- -j1 -l1
[10.193s] Invoking command in '/home/yama/ros2_ws/build/exmple_dynamixel_cpp': CMAKE_PREFIX_PATH=${CMAKE_PREFIX_PATH}:/opt/ros/jazzy DEBUGINFOD_URLS=https://debuginfod.ubuntu.com /usr/bin/cmake --install /home/yama/ros2_ws/build/exmple_dynamixel_cpp
[10.212s] -- Install configuration: ""
[10.237s] -- Installing: /home/yama/ros2_ws/install/exmple_dynamixel_cpp/lib/exmple_dynamixel_cpp/dynamixel_controller
[10.237s] -- Set non-toolchain portion of runtime path of "/home/yama/ros2_ws/install/exmple_dynamixel_cpp/lib/exmple_dynamixel_cpp/dynamixel_controller" to ""
[10.240s] -- Up-to-date: /home/yama/ros2_ws/install/exmple_dynamixel_cpp/share/ament_index/resource_index/package_run_dependencies/exmple_dynamixel_cpp
[10.241s] -- Up-to-date: /home/yama/ros2_ws/install/exmple_dynamixel_cpp/share/ament_index/resource_index/parent_prefix_path/exmple_dynamixel_cpp
[10.243s] -- Up-to-date: /home/yama/ros2_ws/install/exmple_dynamixel_cpp/share/exmple_dynamixel_cpp/environment/ament_prefix_path.sh
[10.243s] -- Up-to-date: /home/yama/ros2_ws/install/exmple_dynamixel_cpp/share/exmple_dynamixel_cpp/environment/ament_prefix_path.dsv
[10.243s] -- Up-to-date: /home/yama/ros2_ws/install/exmple_dynamixel_cpp/share/exmple_dynamixel_cpp/environment/path.sh
[10.243s] -- Up-to-date: /home/yama/ros2_ws/install/exmple_dynamixel_cpp/share/exmple_dynamixel_cpp/environment/path.dsv
[10.243s] -- Up-to-date: /home/yama/ros2_ws/install/exmple_dynamixel_cpp/share/exmple_dynamixel_cpp/local_setup.bash
[10.243s] -- Up-to-date: /home/yama/ros2_ws/install/exmple_dynamixel_cpp/share/exmple_dynamixel_cpp/local_setup.sh
[10.243s] -- Up-to-date: /home/yama/ros2_ws/install/exmple_dynamixel_cpp/share/exmple_dynamixel_cpp/local_setup.zsh
[10.244s] -- Up-to-date: /home/yama/ros2_ws/install/exmple_dynamixel_cpp/share/exmple_dynamixel_cpp/local_setup.dsv
[10.244s] -- Installing: /home/yama/ros2_ws/install/exmple_dynamixel_cpp/share/exmple_dynamixel_cpp/package.dsv
[10.246s] -- Up-to-date: /home/yama/ros2_ws/install/exmple_dynamixel_cpp/share/ament_index/resource_index/packages/exmple_dynamixel_cpp
[10.249s] -- Up-to-date: /home/yama/ros2_ws/install/exmple_dynamixel_cpp/share/exmple_dynamixel_cpp/cmake/exmple_dynamixel_cppConfig.cmake
[10.251s] -- Up-to-date: /home/yama/ros2_ws/install/exmple_dynamixel_cpp/share/exmple_dynamixel_cpp/cmake/exmple_dynamixel_cppConfig-version.cmake
[10.251s] -- Up-to-date: /home/yama/ros2_ws/install/exmple_dynamixel_cpp/share/exmple_dynamixel_cpp/package.xml
[10.255s] Invoked command in '/home/yama/ros2_ws/build/exmple_dynamixel_cpp' returned '0': CMAKE_PREFIX_PATH=${CMAKE_PREFIX_PATH}:/opt/ros/jazzy DEBUGINFOD_URLS=https://debuginfod.ubuntu.com /usr/bin/cmake --install /home/yama/ros2_ws/build/exmple_dynamixel_cpp
