[0.044s] Invoking command in '/home/yama/ros2_ws/build/dynamixel_sdk_examples': AMENT_PREFIX_PATH=/home/yama/ros2_ws/install/dynamixel_sdk_custom_interfaces:/home/yama/ros2_ws/install/dynamixel_sdk:${AMENT_PREFIX_PATH} CMAKE_PREFIX_PATH=/home/yama/ros2_ws/install/dynamixel_sdk_custom_interfaces:/home/yama/ros2_ws/install/dynamixel_sdk:/opt/ros/jazzy/opt/gz_math_vendor:/opt/ros/jazzy/opt/gz_utils_vendor:/opt/ros/jazzy/opt/gz_cmake_vendor:/opt/ros/jazzy DEBUGINFOD_URLS=https://debuginfod.ubuntu.com LD_LIBRARY_PATH=/home/yama/ros2_ws/install/dynamixel_sdk_custom_interfaces/lib:/home/yama/ros2_ws/install/dynamixel_sdk/lib:${LD_LIBRARY_PATH} PYTHONPATH=/home/yama/ros2_ws/install/dynamixel_sdk_custom_interfaces/lib/python3.12/site-packages:${PYTHONPATH} /usr/bin/cmake --build /home/yama/ros2_ws/build/dynamixel_sdk_examples -- -j1 -l1
[0.219s] [100%] Built target read_write_node
[0.244s] Invoked command in '/home/yama/ros2_ws/build/dynamixel_sdk_examples' returned '0': AMENT_PREFIX_PATH=/home/yama/ros2_ws/install/dynamixel_sdk_custom_interfaces:/home/yama/ros2_ws/install/dynamixel_sdk:${AMENT_PREFIX_PATH} CMAKE_PREFIX_PATH=/home/yama/ros2_ws/install/dynamixel_sdk_custom_interfaces:/home/yama/ros2_ws/install/dynamixel_sdk:/opt/ros/jazzy/opt/gz_math_vendor:/opt/ros/jazzy/opt/gz_utils_vendor:/opt/ros/jazzy/opt/gz_cmake_vendor:/opt/ros/jazzy DEBUGINFOD_URLS=https://debuginfod.ubuntu.com LD_LIBRARY_PATH=/home/yama/ros2_ws/install/dynamixel_sdk_custom_interfaces/lib:/home/yama/ros2_ws/install/dynamixel_sdk/lib:${LD_LIBRARY_PATH} PYTHONPATH=/home/yama/ros2_ws/install/dynamixel_sdk_custom_interfaces/lib/python3.12/site-packages:${PYTHONPATH} /usr/bin/cmake --build /home/yama/ros2_ws/build/dynamixel_sdk_examples -- -j1 -l1
[0.251s] Invoking command in '/home/yama/ros2_ws/build/dynamixel_sdk_examples': AMENT_PREFIX_PATH=/home/yama/ros2_ws/install/dynamixel_sdk_custom_interfaces:/home/yama/ros2_ws/install/dynamixel_sdk:${AMENT_PREFIX_PATH} CMAKE_PREFIX_PATH=/home/yama/ros2_ws/install/dynamixel_sdk_custom_interfaces:/home/yama/ros2_ws/install/dynamixel_sdk:/opt/ros/jazzy/opt/gz_math_vendor:/opt/ros/jazzy/opt/gz_utils_vendor:/opt/ros/jazzy/opt/gz_cmake_vendor:/opt/ros/jazzy DEBUGINFOD_URLS=https://debuginfod.ubuntu.com LD_LIBRARY_PATH=/home/yama/ros2_ws/install/dynamixel_sdk_custom_interfaces/lib:/home/yama/ros2_ws/install/dynamixel_sdk/lib:${LD_LIBRARY_PATH} PYTHONPATH=/home/yama/ros2_ws/install/dynamixel_sdk_custom_interfaces/lib/python3.12/site-packages:${PYTHONPATH} /usr/bin/cmake --install /home/yama/ros2_ws/build/dynamixel_sdk_examples
[0.274s] -- Install configuration: ""
[0.275s] -- Execute custom install script
[0.280s] -- Up-to-date symlink: /home/yama/ros2_ws/install/dynamixel_sdk_examples/lib/dynamixel_sdk_examples/read_write_node
[0.285s] -- Up-to-date symlink: /home/yama/ros2_ws/install/dynamixel_sdk_examples/share/ament_index/resource_index/package_run_dependencies/dynamixel_sdk_examples
[0.288s] -- Up-to-date symlink: /home/yama/ros2_ws/install/dynamixel_sdk_examples/share/ament_index/resource_index/parent_prefix_path/dynamixel_sdk_examples
[0.291s] -- Up-to-date symlink: /home/yama/ros2_ws/install/dynamixel_sdk_examples/share/dynamixel_sdk_examples/environment/ament_prefix_path.sh
[0.300s] -- Up-to-date symlink: /home/yama/ros2_ws/install/dynamixel_sdk_examples/share/dynamixel_sdk_examples/environment/ament_prefix_path.dsv
[0.301s] -- Up-to-date symlink: /home/yama/ros2_ws/install/dynamixel_sdk_examples/share/dynamixel_sdk_examples/environment/path.sh
[0.312s] -- Up-to-date symlink: /home/yama/ros2_ws/install/dynamixel_sdk_examples/share/dynamixel_sdk_examples/environment/path.dsv
[0.312s] -- Up-to-date symlink: /home/yama/ros2_ws/install/dynamixel_sdk_examples/share/dynamixel_sdk_examples/local_setup.bash
[0.314s] -- Up-to-date symlink: /home/yama/ros2_ws/install/dynamixel_sdk_examples/share/dynamixel_sdk_examples/local_setup.sh
[0.320s] -- Up-to-date symlink: /home/yama/ros2_ws/install/dynamixel_sdk_examples/share/dynamixel_sdk_examples/local_setup.zsh
[0.320s] -- Up-to-date symlink: /home/yama/ros2_ws/install/dynamixel_sdk_examples/share/dynamixel_sdk_examples/local_setup.dsv
[0.321s] -- Symlinking: /home/yama/ros2_ws/install/dynamixel_sdk_examples/share/dynamixel_sdk_examples/package.dsv
[0.339s] -- Up-to-date symlink: /home/yama/ros2_ws/install/dynamixel_sdk_examples/share/ament_index/resource_index/packages/dynamixel_sdk_examples
[0.342s] -- Up-to-date symlink: /home/yama/ros2_ws/install/dynamixel_sdk_examples/share/dynamixel_sdk_examples/cmake/dynamixel_sdk_examplesConfig.cmake
[0.343s] -- Up-to-date symlink: /home/yama/ros2_ws/install/dynamixel_sdk_examples/share/dynamixel_sdk_examples/cmake/dynamixel_sdk_examplesConfig-version.cmake
[0.345s] -- Up-to-date symlink: /home/yama/ros2_ws/install/dynamixel_sdk_examples/share/dynamixel_sdk_examples/package.xml
[0.345s] Invoked command in '/home/yama/ros2_ws/build/dynamixel_sdk_examples' returned '0': AMENT_PREFIX_PATH=/home/yama/ros2_ws/install/dynamixel_sdk_custom_interfaces:/home/yama/ros2_ws/install/dynamixel_sdk:${AMENT_PREFIX_PATH} CMAKE_PREFIX_PATH=/home/yama/ros2_ws/install/dynamixel_sdk_custom_interfaces:/home/yama/ros2_ws/install/dynamixel_sdk:/opt/ros/jazzy/opt/gz_math_vendor:/opt/ros/jazzy/opt/gz_utils_vendor:/opt/ros/jazzy/opt/gz_cmake_vendor:/opt/ros/jazzy DEBUGINFOD_URLS=https://debuginfod.ubuntu.com LD_LIBRARY_PATH=/home/yama/ros2_ws/install/dynamixel_sdk_custom_interfaces/lib:/home/yama/ros2_ws/install/dynamixel_sdk/lib:${LD_LIBRARY_PATH} PYTHONPATH=/home/yama/ros2_ws/install/dynamixel_sdk_custom_interfaces/lib/python3.12/site-packages:${PYTHONPATH} /usr/bin/cmake --install /home/yama/ros2_ws/build/dynamixel_sdk_examples
