[0.022s] Invoking command in '/home/yama/ros2_ws/build/exmple_dynamixel_cpp': CMAKE_PREFIX_PATH=${CMAKE_PREFIX_PATH}:/opt/ros/jazzy DEBUGINFOD_URLS=https://debuginfod.ubuntu.com /usr/bin/cmake --build /home/yama/ros2_ws/build/exmple_dynamixel_cpp -- -j1 -l1
[0.174s] [ 50%] [32mBuilding CXX object CMakeFiles/dynamixel_controller.dir/src/dynamixel_controller.cpp.o[0m
[7.000s] [100%] [32m[1mLinking CXX executable dynamixel_controller[0m
[7.177s] [100%] Built target dynamixel_controller
[7.192s] Invoked command in '/home/yama/ros2_ws/build/exmple_dynamixel_cpp' returned '0': CMAKE_PREFIX_PATH=${CMAKE_PREFIX_PATH}:/opt/ros/jazzy DEBUGINFOD_URLS=https://debuginfod.ubuntu.com /usr/bin/cmake --build /home/yama/ros2_ws/build/exmple_dynamixel_cpp -- -j1 -l1
[7.206s] Invoking command in '/home/yama/ros2_ws/build/exmple_dynamixel_cpp': CMAKE_PREFIX_PATH=${CMAKE_PREFIX_PATH}:/opt/ros/jazzy DEBUGINFOD_URLS=https://debuginfod.ubuntu.com /usr/bin/cmake --install /home/yama/ros2_ws/build/exmple_dynamixel_cpp
[7.242s] -- Install configuration: ""
[7.242s] -- Installing: /home/yama/ros2_ws/install/exmple_dynamixel_cpp/lib/exmple_dynamixel_cpp/dynamixel_controller
[7.247s] -- Set non-toolchain portion of runtime path of "/home/yama/ros2_ws/install/exmple_dynamixel_cpp/lib/exmple_dynamixel_cpp/dynamixel_controller" to ""
[7.248s] -- Up-to-date: /home/yama/ros2_ws/install/exmple_dynamixel_cpp/share/ament_index/resource_index/package_run_dependencies/exmple_dynamixel_cpp
[7.248s] -- Up-to-date: /home/yama/ros2_ws/install/exmple_dynamixel_cpp/share/ament_index/resource_index/parent_prefix_path/exmple_dynamixel_cpp
[7.248s] -- Up-to-date: /home/yama/ros2_ws/install/exmple_dynamixel_cpp/share/exmple_dynamixel_cpp/environment/ament_prefix_path.sh
[7.248s] -- Up-to-date: /home/yama/ros2_ws/install/exmple_dynamixel_cpp/share/exmple_dynamixel_cpp/environment/ament_prefix_path.dsv
[7.248s] -- Up-to-date: /home/yama/ros2_ws/install/exmple_dynamixel_cpp/share/exmple_dynamixel_cpp/environment/path.sh
[7.248s] -- Up-to-date: /home/yama/ros2_ws/install/exmple_dynamixel_cpp/share/exmple_dynamixel_cpp/environment/path.dsv
[7.248s] -- Up-to-date: /home/yama/ros2_ws/install/exmple_dynamixel_cpp/share/exmple_dynamixel_cpp/local_setup.bash
[7.248s] -- Up-to-date: /home/yama/ros2_ws/install/exmple_dynamixel_cpp/share/exmple_dynamixel_cpp/local_setup.sh
[7.248s] -- Up-to-date: /home/yama/ros2_ws/install/exmple_dynamixel_cpp/share/exmple_dynamixel_cpp/local_setup.zsh
[7.248s] -- Up-to-date: /home/yama/ros2_ws/install/exmple_dynamixel_cpp/share/exmple_dynamixel_cpp/local_setup.dsv
[7.249s] -- Installing: /home/yama/ros2_ws/install/exmple_dynamixel_cpp/share/exmple_dynamixel_cpp/package.dsv
[7.249s] -- Up-to-date: /home/yama/ros2_ws/install/exmple_dynamixel_cpp/share/ament_index/resource_index/packages/exmple_dynamixel_cpp
[7.250s] -- Up-to-date: /home/yama/ros2_ws/install/exmple_dynamixel_cpp/share/exmple_dynamixel_cpp/cmake/exmple_dynamixel_cppConfig.cmake
[7.250s] -- Up-to-date: /home/yama/ros2_ws/install/exmple_dynamixel_cpp/share/exmple_dynamixel_cpp/cmake/exmple_dynamixel_cppConfig-version.cmake
[7.250s] -- Up-to-date: /home/yama/ros2_ws/install/exmple_dynamixel_cpp/share/exmple_dynamixel_cpp/package.xml
[7.275s] Invoked command in '/home/yama/ros2_ws/build/exmple_dynamixel_cpp' returned '0': CMAKE_PREFIX_PATH=${CMAKE_PREFIX_PATH}:/opt/ros/jazzy DEBUGINFOD_URLS=https://debuginfod.ubuntu.com /usr/bin/cmake --install /home/yama/ros2_ws/build/exmple_dynamixel_cpp
