[0.048s] Invoking command in '/home/yama/ros2_ws/build/joysub': CMAKE_PREFIX_PATH=${CMAKE_PREFIX_PATH}:/opt/ros/jazzy DEBUGINFOD_URLS=https://debuginfod.ubuntu.com /usr/bin/cmake --build /home/yama/ros2_ws/build/joysub -- -j1 -l1
[0.169s] [100%] Built target joy_subscriber
[0.185s] Invoked command in '/home/yama/ros2_ws/build/joysub' returned '0': CMAKE_PREFIX_PATH=${CMAKE_PREFIX_PATH}:/opt/ros/jazzy DEBUGINFOD_URLS=https://debuginfod.ubuntu.com /usr/bin/cmake --build /home/yama/ros2_ws/build/joysub -- -j1 -l1
[0.186s] Invoking command in '/home/yama/ros2_ws/build/joysub': CMAKE_PREFIX_PATH=${CMAKE_PREFIX_PATH}:/opt/ros/jazzy DEBUGINFOD_URLS=https://debuginfod.ubuntu.com /usr/bin/cmake --install /home/yama/ros2_ws/build/joysub
[0.217s] -- Install configuration: ""
[0.217s] -- Execute custom install script
[0.218s] -- Up-to-date symlink: /home/yama/ros2_ws/install/joysub/lib/joysub/joy_subscriber
[0.218s] -- Up-to-date symlink: /home/yama/ros2_ws/install/joysub/share/ament_index/resource_index/package_run_dependencies/joysub
[0.218s] -- Up-to-date symlink: /home/yama/ros2_ws/install/joysub/share/ament_index/resource_index/parent_prefix_path/joysub
[0.219s] -- Up-to-date symlink: /home/yama/ros2_ws/install/joysub/share/joysub/environment/ament_prefix_path.sh
[0.219s] -- Up-to-date symlink: /home/yama/ros2_ws/install/joysub/share/joysub/environment/ament_prefix_path.dsv
[0.219s] -- Up-to-date symlink: /home/yama/ros2_ws/install/joysub/share/joysub/environment/path.sh
[0.223s] -- Up-to-date symlink: /home/yama/ros2_ws/install/joysub/share/joysub/environment/path.dsv
[0.224s] -- Up-to-date symlink: /home/yama/ros2_ws/install/joysub/share/joysub/local_setup.bash
[0.224s] -- Up-to-date symlink: /home/yama/ros2_ws/install/joysub/share/joysub/local_setup.sh
[0.229s] -- Up-to-date symlink: /home/yama/ros2_ws/install/joysub/share/joysub/local_setup.zsh
[0.229s] -- Up-to-date symlink: /home/yama/ros2_ws/install/joysub/share/joysub/local_setup.dsv
[0.230s] -- Symlinking: /home/yama/ros2_ws/install/joysub/share/joysub/package.dsv
[0.254s] -- Up-to-date symlink: /home/yama/ros2_ws/install/joysub/share/ament_index/resource_index/packages/joysub
[0.254s] -- Up-to-date symlink: /home/yama/ros2_ws/install/joysub/share/joysub/cmake/joysubConfig.cmake
[0.254s] -- Up-to-date symlink: /home/yama/ros2_ws/install/joysub/share/joysub/cmake/joysubConfig-version.cmake
[0.257s] -- Up-to-date symlink: /home/yama/ros2_ws/install/joysub/share/joysub/package.xml
[0.257s] Invoked command in '/home/yama/ros2_ws/build/joysub' returned '0': CMAKE_PREFIX_PATH=${CMAKE_PREFIX_PATH}:/opt/ros/jazzy DEBUGINFOD_URLS=https://debuginfod.ubuntu.com /usr/bin/cmake --install /home/yama/ros2_ws/build/joysub
