-- The C compiler identification is GNU 13.3.0
-- The CXX compiler identification is GNU 13.3.0
-- Detecting C compiler ABI info
-- Detecting C compiler ABI info - done
-- Check for working C compiler: /usr/bin/cc - skipped
-- Detecting C compile features
-- Detecting C compile features - done
-- Detecting CXX compiler ABI info
-- Detecting CXX compiler ABI info - done
-- Check for working CXX compiler: /usr/bin/c++ - skipped
-- Detecting CXX compile features
-- Detecting CXX compile features - done
-- Found ament_cmake: 2.5.4 (/opt/ros/jazzy/share/ament_cmake/cmake)
-- Found Python3: /usr/bin/python3 (found version "3.12.3") found components: Interpreter 
-- Found rclcpp: 28.1.9 (/opt/ros/jazzy/share/rclcpp/cmake)
-- Found rosidl_generator_c: 4.6.5 (/opt/ros/jazzy/share/rosidl_generator_c/cmake)
-- Found rosidl_generator_cpp: 4.6.5 (/opt/ros/jazzy/share/rosidl_generator_cpp/cmake)
-- Using all available rosidl_typesupport_c: rosidl_typesupport_fastrtps_c;rosidl_typesupport_introspection_c
-- Using all available rosidl_typesupport_cpp: rosidl_typesupport_fastrtps_cpp;rosidl_typesupport_introspection_cpp
-- Found rmw_implementation_cmake: 7.3.2 (/opt/ros/jazzy/share/rmw_implementation_cmake/cmake)
-- Found rmw_fastrtps_cpp: 8.4.2 (/opt/ros/jazzy/share/rmw_fastrtps_cpp/cmake)
-- Found OpenSSL: /usr/lib/x86_64-linux-gnu/libcrypto.so (found version "3.0.13")  
-- Found FastRTPS: /opt/ros/jazzy/include (Required is at least version "2.13") 
-- Using RMW implementation 'rmw_fastrtps_cpp' as default
-- Found sensor_msgs: 5.3.6 (/opt/ros/jazzy/share/sensor_msgs/cmake)
-- Found dynamixel_workbench_toolbox: 2.2.4 (/opt/ros/jazzy/share/dynamixel_workbench_toolbox/cmake)
-- Found ament_lint_auto: 0.17.2 (/opt/ros/jazzy/share/ament_lint_auto/cmake)
-- Added test 'cppcheck' to perform static code analysis on C / C++ code
-- Configured cppcheck include dirs: 
-- Configured cppcheck exclude dirs and/or files: 
-- Added test 'lint_cmake' to check CMake code style
-- Added test 'uncrustify' to check C / C++ code style
-- Configured uncrustify additional arguments: 
-- Added test 'xmllint' to check XML markup files
-- Configuring done (3.0s)
-- Generating done (0.0s)
-- Build files have been written to: /home/yama/ros2_ws/src/build/dynamixeljoy
[ 50%] [32mBuilding CXX object CMakeFiles/dynamixel_controllerjoy.dir/src/dycontrol.cpp.o[0m
[100%] [32m[1mLinking CXX executable dynamixel_controllerjoy[0m
[100%] Built target dynamixel_controllerjoy
-- Install configuration: ""
-- Installing: /home/yama/ros2_ws/src/install/dynamixeljoy/lib/dynamixeljoy/dynamixel_controllerjoy
-- Set non-toolchain portion of runtime path of "/home/yama/ros2_ws/src/install/dynamixeljoy/lib/dynamixeljoy/dynamixel_controllerjoy" to ""
-- Installing: /home/yama/ros2_ws/src/install/dynamixeljoy/share/ament_index/resource_index/package_run_dependencies/dynamixeljoy
-- Installing: /home/yama/ros2_ws/src/install/dynamixeljoy/share/ament_index/resource_index/parent_prefix_path/dynamixeljoy
-- Installing: /home/yama/ros2_ws/src/install/dynamixeljoy/share/dynamixeljoy/environment/ament_prefix_path.sh
-- Installing: /home/yama/ros2_ws/src/install/dynamixeljoy/share/dynamixeljoy/environment/ament_prefix_path.dsv
-- Installing: /home/yama/ros2_ws/src/install/dynamixeljoy/share/dynamixeljoy/environment/path.sh
-- Installing: /home/yama/ros2_ws/src/install/dynamixeljoy/share/dynamixeljoy/environment/path.dsv
-- Installing: /home/yama/ros2_ws/src/install/dynamixeljoy/share/dynamixeljoy/local_setup.bash
-- Installing: /home/yama/ros2_ws/src/install/dynamixeljoy/share/dynamixeljoy/local_setup.sh
-- Installing: /home/yama/ros2_ws/src/install/dynamixeljoy/share/dynamixeljoy/local_setup.zsh
-- Installing: /home/yama/ros2_ws/src/install/dynamixeljoy/share/dynamixeljoy/local_setup.dsv
-- Installing: /home/yama/ros2_ws/src/install/dynamixeljoy/share/dynamixeljoy/package.dsv
-- Installing: /home/yama/ros2_ws/src/install/dynamixeljoy/share/ament_index/resource_index/packages/dynamixeljoy
-- Installing: /home/yama/ros2_ws/src/install/dynamixeljoy/share/dynamixeljoy/cmake/dynamixeljoyConfig.cmake
-- Installing: /home/yama/ros2_ws/src/install/dynamixeljoy/share/dynamixeljoy/cmake/dynamixeljoyConfig-version.cmake
-- Installing: /home/yama/ros2_ws/src/install/dynamixeljoy/share/dynamixeljoy/package.xml
