[0.022s] Invoking command in '/home/yama/ros2_ws/src/build/dynamixeljoy': CMAKE_PREFIX_PATH=${CMAKE_PREFIX_PATH}:/opt/ros/jazzy DEBUGINFOD_URLS=https://debuginfod.ubuntu.com /usr/bin/cmake /home/yama/ros2_ws/src/dynamixeljoy -DCMAKE_INSTALL_PREFIX=/home/yama/ros2_ws/src/install/dynamixeljoy
[0.261s] -- The C compiler identification is GNU 13.3.0
[0.392s] -- The CXX compiler identification is GNU 13.3.0
[0.535s] -- Detecting C compiler ABI info
[0.769s] -- Detecting C compiler ABI info - done
[0.778s] -- Check for working C compiler: /usr/bin/cc - skipped
[0.833s] -- Detecting C compile features
[0.847s] -- Detecting C compile features - done
[0.903s] -- Detecting CXX compiler ABI info
[1.286s] -- Detecting CXX compiler ABI info - done
[1.295s] -- Check for working CXX compiler: /usr/bin/c++ - skipped
[1.295s] -- Detecting CXX compile features
[1.296s] -- Detecting CXX compile features - done
[1.363s] -- Found ament_cmake: 2.5.4 (/opt/ros/jazzy/share/ament_cmake/cmake)
[1.725s] -- Found Python3: /usr/bin/python3 (found version "3.12.3") found components: Interpreter 
[1.931s] -- Found rclcpp: 28.1.9 (/opt/ros/jazzy/share/rclcpp/cmake)
[1.990s] -- Found rosidl_generator_c: 4.6.5 (/opt/ros/jazzy/share/rosidl_generator_c/cmake)
[2.002s] -- Found rosidl_generator_cpp: 4.6.5 (/opt/ros/jazzy/share/rosidl_generator_cpp/cmake)
[2.022s] -- Using all available rosidl_typesupport_c: rosidl_typesupport_fastrtps_c;rosidl_typesupport_introspection_c
[2.037s] -- Using all available rosidl_typesupport_cpp: rosidl_typesupport_fastrtps_cpp;rosidl_typesupport_introspection_cpp
[2.130s] -- Found rmw_implementation_cmake: 7.3.2 (/opt/ros/jazzy/share/rmw_implementation_cmake/cmake)
[2.132s] -- Found rmw_fastrtps_cpp: 8.4.2 (/opt/ros/jazzy/share/rmw_fastrtps_cpp/cmake)
[2.363s] -- Found OpenSSL: /usr/lib/x86_64-linux-gnu/libcrypto.so (found version "3.0.13")  
[2.399s] -- Found FastRTPS: /opt/ros/jazzy/include (Required is at least version "2.13") 
[2.434s] -- Using RMW implementation 'rmw_fastrtps_cpp' as default
[2.630s] -- Found sensor_msgs: 5.3.6 (/opt/ros/jazzy/share/sensor_msgs/cmake)
[2.851s] -- Found dynamixel_workbench_toolbox: 2.2.4 (/opt/ros/jazzy/share/dynamixel_workbench_toolbox/cmake)
[2.865s] -- Found ament_lint_auto: 0.17.2 (/opt/ros/jazzy/share/ament_lint_auto/cmake)
[3.092s] -- Added test 'cppcheck' to perform static code analysis on C / C++ code
[3.093s] -- Configured cppcheck include dirs: 
[3.093s] -- Configured cppcheck exclude dirs and/or files: 
[3.096s] -- Added test 'lint_cmake' to check CMake code style
[3.104s] -- Added test 'uncrustify' to check C / C++ code style
[3.104s] -- Configured uncrustify additional arguments: 
[3.105s] -- Added test 'xmllint' to check XML markup files
[3.121s] -- Configuring done (3.0s)
[3.138s] -- Generating done (0.0s)
[3.143s] -- Build files have been written to: /home/yama/ros2_ws/src/build/dynamixeljoy
[3.158s] Invoked command in '/home/yama/ros2_ws/src/build/dynamixeljoy' returned '0': CMAKE_PREFIX_PATH=${CMAKE_PREFIX_PATH}:/opt/ros/jazzy DEBUGINFOD_URLS=https://debuginfod.ubuntu.com /usr/bin/cmake /home/yama/ros2_ws/src/dynamixeljoy -DCMAKE_INSTALL_PREFIX=/home/yama/ros2_ws/src/install/dynamixeljoy
[3.159s] Invoking command in '/home/yama/ros2_ws/src/build/dynamixeljoy': CMAKE_PREFIX_PATH=${CMAKE_PREFIX_PATH}:/opt/ros/jazzy DEBUGINFOD_URLS=https://debuginfod.ubuntu.com /usr/bin/cmake --build /home/yama/ros2_ws/src/build/dynamixeljoy -- -j1 -l1
[3.282s] [ 50%] [32mBuilding CXX object CMakeFiles/dynamixel_controllerjoy.dir/src/dycontrol.cpp.o[0m
[18.837s] [100%] [32m[1mLinking CXX executable dynamixel_controllerjoy[0m
[19.705s] [100%] Built target dynamixel_controllerjoy
[19.755s] Invoked command in '/home/yama/ros2_ws/src/build/dynamixeljoy' returned '0': CMAKE_PREFIX_PATH=${CMAKE_PREFIX_PATH}:/opt/ros/jazzy DEBUGINFOD_URLS=https://debuginfod.ubuntu.com /usr/bin/cmake --build /home/yama/ros2_ws/src/build/dynamixeljoy -- -j1 -l1
[19.782s] Invoking command in '/home/yama/ros2_ws/src/build/dynamixeljoy': CMAKE_PREFIX_PATH=${CMAKE_PREFIX_PATH}:/opt/ros/jazzy DEBUGINFOD_URLS=https://debuginfod.ubuntu.com /usr/bin/cmake --install /home/yama/ros2_ws/src/build/dynamixeljoy
[19.795s] -- Install configuration: ""
[19.799s] -- Installing: /home/yama/ros2_ws/src/install/dynamixeljoy/lib/dynamixeljoy/dynamixel_controllerjoy
[19.799s] -- Set non-toolchain portion of runtime path of "/home/yama/ros2_ws/src/install/dynamixeljoy/lib/dynamixeljoy/dynamixel_controllerjoy" to ""
[19.800s] -- Installing: /home/yama/ros2_ws/src/install/dynamixeljoy/share/ament_index/resource_index/package_run_dependencies/dynamixeljoy
[19.800s] -- Installing: /home/yama/ros2_ws/src/install/dynamixeljoy/share/ament_index/resource_index/parent_prefix_path/dynamixeljoy
[19.800s] -- Installing: /home/yama/ros2_ws/src/install/dynamixeljoy/share/dynamixeljoy/environment/ament_prefix_path.sh
[19.801s] -- Installing: /home/yama/ros2_ws/src/install/dynamixeljoy/share/dynamixeljoy/environment/ament_prefix_path.dsv
[19.801s] -- Installing: /home/yama/ros2_ws/src/install/dynamixeljoy/share/dynamixeljoy/environment/path.sh
[19.801s] -- Installing: /home/yama/ros2_ws/src/install/dynamixeljoy/share/dynamixeljoy/environment/path.dsv
[19.801s] -- Installing: /home/yama/ros2_ws/src/install/dynamixeljoy/share/dynamixeljoy/local_setup.bash
[19.801s] -- Installing: /home/yama/ros2_ws/src/install/dynamixeljoy/share/dynamixeljoy/local_setup.sh
[19.802s] -- Installing: /home/yama/ros2_ws/src/install/dynamixeljoy/share/dynamixeljoy/local_setup.zsh
[19.802s] -- Installing: /home/yama/ros2_ws/src/install/dynamixeljoy/share/dynamixeljoy/local_setup.dsv
[19.802s] -- Installing: /home/yama/ros2_ws/src/install/dynamixeljoy/share/dynamixeljoy/package.dsv
[19.802s] -- Installing: /home/yama/ros2_ws/src/install/dynamixeljoy/share/ament_index/resource_index/packages/dynamixeljoy
[19.802s] -- Installing: /home/yama/ros2_ws/src/install/dynamixeljoy/share/dynamixeljoy/cmake/dynamixeljoyConfig.cmake
[19.803s] -- Installing: /home/yama/ros2_ws/src/install/dynamixeljoy/share/dynamixeljoy/cmake/dynamixeljoyConfig-version.cmake
[19.803s] -- Installing: /home/yama/ros2_ws/src/install/dynamixeljoy/share/dynamixeljoy/package.xml
[19.808s] Invoked command in '/home/yama/ros2_ws/src/build/dynamixeljoy' returned '0': CMAKE_PREFIX_PATH=${CMAKE_PREFIX_PATH}:/opt/ros/jazzy DEBUGINFOD_URLS=https://debuginfod.ubuntu.com /usr/bin/cmake --install /home/yama/ros2_ws/src/build/dynamixeljoy
