[0.023s] Invoking command in '/home/yama/ros2_ws/src/build/joysub': CMAKE_PREFIX_PATH=${CMAKE_PREFIX_PATH}:/opt/ros/jazzy DEBUGINFOD_URLS=https://debuginfod.ubuntu.com /usr/bin/cmake /home/yama/ros2_ws/src/joysub -DAMENT_CMAKE_SYMLINK_INSTALL=1 -DCMAKE_INSTALL_PREFIX=/home/yama/ros2_ws/src/install/joysub
[0.278s] -- The C compiler identification is GNU 13.3.0
[0.411s] -- The CXX compiler identification is GNU 13.3.0
[0.459s] -- Detecting C compiler ABI info
[0.650s] -- Detecting C compiler ABI info - done
[0.658s] -- Check for working C compiler: /usr/bin/cc - skipped
[0.659s] -- Detecting C compile features
[0.659s] -- Detecting C compile features - done
[0.675s] -- Detecting CXX compiler ABI info
[0.860s] -- Detecting CXX compiler ABI info - done
[0.871s] -- Check for working CXX compiler: /usr/bin/c++ - skipped
[0.871s] -- Detecting CXX compile features
[0.871s] -- Detecting CXX compile features - done
[0.873s] -- Found ament_cmake: 2.5.4 (/opt/ros/jazzy/share/ament_cmake/cmake)
[1.126s] -- Found Python3: /usr/bin/python3 (found version "3.12.3") found components: Interpreter 
[1.251s] -- Override CMake install command with custom implementation using symlinks instead of copying resources
[1.322s] -- Found rclcpp: 28.1.9 (/opt/ros/jazzy/share/rclcpp/cmake)
[1.384s] -- Found rosidl_generator_c: 4.6.5 (/opt/ros/jazzy/share/rosidl_generator_c/cmake)
[1.406s] -- Found rosidl_generator_cpp: 4.6.5 (/opt/ros/jazzy/share/rosidl_generator_cpp/cmake)
[1.442s] -- Using all available rosidl_typesupport_c: rosidl_typesupport_fastrtps_c;rosidl_typesupport_introspection_c
[1.457s] -- Using all available rosidl_typesupport_cpp: rosidl_typesupport_fastrtps_cpp;rosidl_typesupport_introspection_cpp
[1.554s] -- Found rmw_implementation_cmake: 7.3.2 (/opt/ros/jazzy/share/rmw_implementation_cmake/cmake)
[1.558s] -- Found rmw_fastrtps_cpp: 8.4.2 (/opt/ros/jazzy/share/rmw_fastrtps_cpp/cmake)
[1.718s] -- Found OpenSSL: /usr/lib/x86_64-linux-gnu/libcrypto.so (found version "3.0.13")  
[1.753s] -- Found FastRTPS: /opt/ros/jazzy/include (Required is at least version "2.13") 
[1.835s] -- Using RMW implementation 'rmw_fastrtps_cpp' as default
[1.961s] -- Found sensor_msgs: 5.3.6 (/opt/ros/jazzy/share/sensor_msgs/cmake)
[2.253s] -- Found ament_lint_auto: 0.17.2 (/opt/ros/jazzy/share/ament_lint_auto/cmake)
[2.593s] -- Added test 'cppcheck' to perform static code analysis on C / C++ code
[2.594s] -- Configured cppcheck include dirs: 
[2.601s] -- Configured cppcheck exclude dirs and/or files: 
[2.602s] -- Added test 'lint_cmake' to check CMake code style
[2.607s] -- Added test 'uncrustify' to check C / C++ code style
[2.607s] -- Configured uncrustify additional arguments: 
[2.611s] -- Added test 'xmllint' to check XML markup files
[2.620s] -- Configuring done (2.6s)
[2.640s] -- Generating done (0.0s)
[2.651s] -- Build files have been written to: /home/yama/ros2_ws/src/build/joysub
[2.670s] Invoked command in '/home/yama/ros2_ws/src/build/joysub' returned '0': CMAKE_PREFIX_PATH=${CMAKE_PREFIX_PATH}:/opt/ros/jazzy DEBUGINFOD_URLS=https://debuginfod.ubuntu.com /usr/bin/cmake /home/yama/ros2_ws/src/joysub -DAMENT_CMAKE_SYMLINK_INSTALL=1 -DCMAKE_INSTALL_PREFIX=/home/yama/ros2_ws/src/install/joysub
[2.671s] Invoking command in '/home/yama/ros2_ws/src/build/joysub': CMAKE_PREFIX_PATH=${CMAKE_PREFIX_PATH}:/opt/ros/jazzy DEBUGINFOD_URLS=https://debuginfod.ubuntu.com /usr/bin/cmake --build /home/yama/ros2_ws/src/build/joysub -- -j1 -l1
[2.824s] [ 50%] [32mBuilding CXX object CMakeFiles/joy_subscriber.dir/src/joy_subscriber.cpp.o[0m
[22.771s] [100%] [32m[1mLinking CXX executable joy_subscriber[0m
[23.710s] [100%] Built target joy_subscriber
[23.761s] Invoked command in '/home/yama/ros2_ws/src/build/joysub' returned '0': CMAKE_PREFIX_PATH=${CMAKE_PREFIX_PATH}:/opt/ros/jazzy DEBUGINFOD_URLS=https://debuginfod.ubuntu.com /usr/bin/cmake --build /home/yama/ros2_ws/src/build/joysub -- -j1 -l1
[23.764s] Invoking command in '/home/yama/ros2_ws/src/build/joysub': CMAKE_PREFIX_PATH=${CMAKE_PREFIX_PATH}:/opt/ros/jazzy DEBUGINFOD_URLS=https://debuginfod.ubuntu.com /usr/bin/cmake --install /home/yama/ros2_ws/src/build/joysub
[23.780s] -- Install configuration: ""
[23.781s] -- Execute custom install script
[23.781s] -- Symlinking: /home/yama/ros2_ws/src/install/joysub/lib/joysub/joy_subscriber
[23.829s] -- Symlinking: /home/yama/ros2_ws/src/install/joysub/share/ament_index/resource_index/package_run_dependencies/joysub
[23.859s] -- Symlinking: /home/yama/ros2_ws/src/install/joysub/share/ament_index/resource_index/parent_prefix_path/joysub
[23.886s] -- Symlinking: /home/yama/ros2_ws/src/install/joysub/share/joysub/environment/ament_prefix_path.sh
[23.899s] -- Symlinking: /home/yama/ros2_ws/src/install/joysub/share/joysub/environment/ament_prefix_path.dsv
[23.931s] -- Symlinking: /home/yama/ros2_ws/src/install/joysub/share/joysub/environment/path.sh
[23.973s] -- Symlinking: /home/yama/ros2_ws/src/install/joysub/share/joysub/environment/path.dsv
[23.990s] -- Symlinking: /home/yama/ros2_ws/src/install/joysub/share/joysub/local_setup.bash
[24.027s] -- Symlinking: /home/yama/ros2_ws/src/install/joysub/share/joysub/local_setup.sh
[24.055s] -- Symlinking: /home/yama/ros2_ws/src/install/joysub/share/joysub/local_setup.zsh
[24.072s] -- Symlinking: /home/yama/ros2_ws/src/install/joysub/share/joysub/local_setup.dsv
[24.098s] -- Symlinking: /home/yama/ros2_ws/src/install/joysub/share/joysub/package.dsv
[24.142s] -- Symlinking: /home/yama/ros2_ws/src/install/joysub/share/ament_index/resource_index/packages/joysub
[24.162s] -- Symlinking: /home/yama/ros2_ws/src/install/joysub/share/joysub/cmake/joysubConfig.cmake
[24.175s] -- Symlinking: /home/yama/ros2_ws/src/install/joysub/share/joysub/cmake/joysubConfig-version.cmake
[24.188s] -- Symlinking: /home/yama/ros2_ws/src/install/joysub/share/joysub/package.xml
[24.210s] Invoked command in '/home/yama/ros2_ws/src/build/joysub' returned '0': CMAKE_PREFIX_PATH=${CMAKE_PREFIX_PATH}:/opt/ros/jazzy DEBUGINFOD_URLS=https://debuginfod.ubuntu.com /usr/bin/cmake --install /home/yama/ros2_ws/src/build/joysub
