[0.109s] DEBUG:colcon:Command line arguments: ['/usr/bin/colcon', 'build', '--packages-select', 'exmple_dynamixel_cpp']
[0.109s] DEBUG:colcon:Parsed command line arguments: Namespace(log_base=None, log_level=None, verb_name='build', build_base='build', install_base='install', merge_install=False, symlink_install=False, test_result_base=None, continue_on_error=False, executor='parallel', parallel_workers=1, event_handlers=None, ignore_user_meta=False, metas=['./colcon.meta'], base_paths=['.'], packages_ignore=None, packages_ignore_regex=None, paths=None, packages_up_to=None, packages_up_to_regex=None, packages_above=None, packages_above_and_dependencies=None, packages_above_depth=None, packages_select_by_dep=None, packages_skip_by_dep=None, packages_skip_up_to=None, packages_select_build_failed=False, packages_skip_build_finished=False, packages_select_test_failures=False, packages_skip_test_passed=False, packages_select=['exmple_dynamixel_cpp'], packages_skip=None, packages_select_regex=None, packages_skip_regex=None, packages_start=None, packages_end=None, allow_overriding=[], cmake_args=None, cmake_target=None, cmake_target_skip_unavailable=False, cmake_clean_cache=False, cmake_clean_first=False, cmake_force_configure=False, ament_cmake_args=None, catkin_cmake_args=None, catkin_skip_building_tests=False, mixin_files=None, mixin=None, verb_parser=<colcon_mixin.mixin.mixin_argument.MixinArgumentDecorator object at 0x7c8c8db7f4a0>, verb_extension=<colcon_core.verb.build.BuildVerb object at 0x7c8c8dc9d7c0>, main=<bound method BuildVerb.main of <colcon_core.verb.build.BuildVerb object at 0x7c8c8dc9d7c0>>, mixin_verb=('build',))
[0.146s] Level 1:colcon.colcon_core.package_discovery:discover_packages(colcon_meta) check parameters
[0.146s] Level 1:colcon.colcon_core.package_discovery:discover_packages(recursive) check parameters
[0.146s] Level 1:colcon.colcon_core.package_discovery:discover_packages(ignore) check parameters
[0.146s] Level 1:colcon.colcon_core.package_discovery:discover_packages(path) check parameters
[0.146s] Level 1:colcon.colcon_core.package_discovery:discover_packages(colcon_meta) discover
[0.146s] Level 1:colcon.colcon_core.package_discovery:discover_packages(recursive) discover
[0.146s] INFO:colcon.colcon_core.package_discovery:Crawling recursively for packages in '/home/yama/ros2_ws/src'
[0.146s] Level 1:colcon.colcon_core.package_identification:_identify(.) by extensions ['ignore', 'ignore_ament_install']
[0.146s] Level 1:colcon.colcon_core.package_identification:_identify(.) by extension 'ignore'
[0.146s] Level 1:colcon.colcon_core.package_identification:_identify(.) by extension 'ignore_ament_install'
[0.146s] Level 1:colcon.colcon_core.package_identification:_identify(.) by extensions ['colcon_pkg']
[0.146s] Level 1:colcon.colcon_core.package_identification:_identify(.) by extension 'colcon_pkg'
[0.147s] Level 1:colcon.colcon_core.package_identification:_identify(.) by extensions ['colcon_meta']
[0.147s] Level 1:colcon.colcon_core.package_identification:_identify(.) by extension 'colcon_meta'
[0.147s] Level 1:colcon.colcon_core.package_identification:_identify(.) by extensions ['ros']
[0.147s] Level 1:colcon.colcon_core.package_identification:_identify(.) by extension 'ros'
[0.169s] Level 1:colcon.colcon_core.package_identification:_identify(.) by extensions ['cmake', 'python']
[0.169s] Level 1:colcon.colcon_core.package_identification:_identify(.) by extension 'cmake'
[0.169s] Level 1:colcon.colcon_core.package_identification:_identify(.) by extension 'python'
[0.169s] Level 1:colcon.colcon_core.package_identification:_identify(.) by extensions ['python_setup_py']
[0.169s] Level 1:colcon.colcon_core.package_identification:_identify(.) by extension 'python_setup_py'
[0.170s] Level 1:colcon.colcon_core.package_identification:_identify(build) by extensions ['ignore', 'ignore_ament_install']
[0.170s] Level 1:colcon.colcon_core.package_identification:_identify(build) by extension 'ignore'
[0.170s] Level 1:colcon.colcon_core.package_identification:_identify(build) ignored
[0.170s] Level 1:colcon.colcon_core.package_identification:_identify(dynamixel_sdk) by extensions ['ignore', 'ignore_ament_install']
[0.170s] Level 1:colcon.colcon_core.package_identification:_identify(dynamixel_sdk) by extension 'ignore'
[0.170s] Level 1:colcon.colcon_core.package_identification:_identify(dynamixel_sdk) by extension 'ignore_ament_install'
[0.170s] Level 1:colcon.colcon_core.package_identification:_identify(dynamixel_sdk) by extensions ['colcon_pkg']
[0.170s] Level 1:colcon.colcon_core.package_identification:_identify(dynamixel_sdk) by extension 'colcon_pkg'
[0.170s] Level 1:colcon.colcon_core.package_identification:_identify(dynamixel_sdk) by extensions ['colcon_meta']
[0.170s] Level 1:colcon.colcon_core.package_identification:_identify(dynamixel_sdk) by extension 'colcon_meta'
[0.170s] Level 1:colcon.colcon_core.package_identification:_identify(dynamixel_sdk) by extensions ['ros']
[0.170s] Level 1:colcon.colcon_core.package_identification:_identify(dynamixel_sdk) by extension 'ros'
[0.172s] DEBUG:colcon.colcon_core.package_identification:Package 'dynamixel_sdk' with type 'ros.ament_cmake' and name 'dynamixel_sdk'
[0.172s] Level 1:colcon.colcon_core.package_identification:_identify(dynamixel_sdk_custom_interfaces) by extensions ['ignore', 'ignore_ament_install']
[0.172s] Level 1:colcon.colcon_core.package_identification:_identify(dynamixel_sdk_custom_interfaces) by extension 'ignore'
[0.172s] Level 1:colcon.colcon_core.package_identification:_identify(dynamixel_sdk_custom_interfaces) by extension 'ignore_ament_install'
[0.172s] Level 1:colcon.colcon_core.package_identification:_identify(dynamixel_sdk_custom_interfaces) by extensions ['colcon_pkg']
[0.172s] Level 1:colcon.colcon_core.package_identification:_identify(dynamixel_sdk_custom_interfaces) by extension 'colcon_pkg'
[0.172s] Level 1:colcon.colcon_core.package_identification:_identify(dynamixel_sdk_custom_interfaces) by extensions ['colcon_meta']
[0.172s] Level 1:colcon.colcon_core.package_identification:_identify(dynamixel_sdk_custom_interfaces) by extension 'colcon_meta'
[0.172s] Level 1:colcon.colcon_core.package_identification:_identify(dynamixel_sdk_custom_interfaces) by extensions ['ros']
[0.172s] Level 1:colcon.colcon_core.package_identification:_identify(dynamixel_sdk_custom_interfaces) by extension 'ros'
[0.173s] DEBUG:colcon.colcon_core.package_identification:Package 'dynamixel_sdk_custom_interfaces' with type 'ros.ament_cmake' and name 'dynamixel_sdk_custom_interfaces'
[0.173s] Level 1:colcon.colcon_core.package_identification:_identify(dynamixel_sdk_examples) by extensions ['ignore', 'ignore_ament_install']
[0.173s] Level 1:colcon.colcon_core.package_identification:_identify(dynamixel_sdk_examples) by extension 'ignore'
[0.173s] Level 1:colcon.colcon_core.package_identification:_identify(dynamixel_sdk_examples) by extension 'ignore_ament_install'
[0.173s] Level 1:colcon.colcon_core.package_identification:_identify(dynamixel_sdk_examples) by extensions ['colcon_pkg']
[0.173s] Level 1:colcon.colcon_core.package_identification:_identify(dynamixel_sdk_examples) by extension 'colcon_pkg'
[0.173s] Level 1:colcon.colcon_core.package_identification:_identify(dynamixel_sdk_examples) by extensions ['colcon_meta']
[0.173s] Level 1:colcon.colcon_core.package_identification:_identify(dynamixel_sdk_examples) by extension 'colcon_meta'
[0.173s] Level 1:colcon.colcon_core.package_identification:_identify(dynamixel_sdk_examples) by extensions ['ros']
[0.173s] Level 1:colcon.colcon_core.package_identification:_identify(dynamixel_sdk_examples) by extension 'ros'
[0.173s] DEBUG:colcon.colcon_core.package_identification:Package 'dynamixel_sdk_examples' with type 'ros.ament_cmake' and name 'dynamixel_sdk_examples'
[0.174s] Level 1:colcon.colcon_core.package_identification:_identify(dynamixeljoy) by extensions ['ignore', 'ignore_ament_install']
[0.174s] Level 1:colcon.colcon_core.package_identification:_identify(dynamixeljoy) by extension 'ignore'
[0.174s] Level 1:colcon.colcon_core.package_identification:_identify(dynamixeljoy) by extension 'ignore_ament_install'
[0.174s] Level 1:colcon.colcon_core.package_identification:_identify(dynamixeljoy) by extensions ['colcon_pkg']
[0.174s] Level 1:colcon.colcon_core.package_identification:_identify(dynamixeljoy) by extension 'colcon_pkg'
[0.174s] Level 1:colcon.colcon_core.package_identification:_identify(dynamixeljoy) by extensions ['colcon_meta']
[0.174s] Level 1:colcon.colcon_core.package_identification:_identify(dynamixeljoy) by extension 'colcon_meta'
[0.174s] Level 1:colcon.colcon_core.package_identification:_identify(dynamixeljoy) by extensions ['ros']
[0.174s] Level 1:colcon.colcon_core.package_identification:_identify(dynamixeljoy) by extension 'ros'
[0.174s] DEBUG:colcon.colcon_core.package_identification:Package 'dynamixeljoy' with type 'ros.ament_cmake' and name 'dynamixeljoy'
[0.174s] Level 1:colcon.colcon_core.package_identification:_identify(exmple_dynamixel_cpp) by extensions ['ignore', 'ignore_ament_install']
[0.174s] Level 1:colcon.colcon_core.package_identification:_identify(exmple_dynamixel_cpp) by extension 'ignore'
[0.174s] Level 1:colcon.colcon_core.package_identification:_identify(exmple_dynamixel_cpp) by extension 'ignore_ament_install'
[0.174s] Level 1:colcon.colcon_core.package_identification:_identify(exmple_dynamixel_cpp) by extensions ['colcon_pkg']
[0.174s] Level 1:colcon.colcon_core.package_identification:_identify(exmple_dynamixel_cpp) by extension 'colcon_pkg'
[0.174s] Level 1:colcon.colcon_core.package_identification:_identify(exmple_dynamixel_cpp) by extensions ['colcon_meta']
[0.174s] Level 1:colcon.colcon_core.package_identification:_identify(exmple_dynamixel_cpp) by extension 'colcon_meta'
[0.174s] Level 1:colcon.colcon_core.package_identification:_identify(exmple_dynamixel_cpp) by extensions ['ros']
[0.174s] Level 1:colcon.colcon_core.package_identification:_identify(exmple_dynamixel_cpp) by extension 'ros'
[0.176s] DEBUG:colcon.colcon_core.package_identification:Package 'exmple_dynamixel_cpp' with type 'ros.ament_cmake' and name 'exmple_dynamixel_cpp'
[0.176s] Level 1:colcon.colcon_core.package_identification:_identify(install) by extensions ['ignore', 'ignore_ament_install']
[0.176s] Level 1:colcon.colcon_core.package_identification:_identify(install) by extension 'ignore'
[0.176s] Level 1:colcon.colcon_core.package_identification:_identify(install) ignored
[0.176s] Level 1:colcon.colcon_core.package_identification:_identify(joyserv) by extensions ['ignore', 'ignore_ament_install']
[0.176s] Level 1:colcon.colcon_core.package_identification:_identify(joyserv) by extension 'ignore'
[0.176s] Level 1:colcon.colcon_core.package_identification:_identify(joyserv) by extension 'ignore_ament_install'
[0.176s] Level 1:colcon.colcon_core.package_identification:_identify(joyserv) by extensions ['colcon_pkg']
[0.176s] Level 1:colcon.colcon_core.package_identification:_identify(joyserv) by extension 'colcon_pkg'
[0.176s] Level 1:colcon.colcon_core.package_identification:_identify(joyserv) by extensions ['colcon_meta']
[0.176s] Level 1:colcon.colcon_core.package_identification:_identify(joyserv) by extension 'colcon_meta'
[0.176s] Level 1:colcon.colcon_core.package_identification:_identify(joyserv) by extensions ['ros']
[0.176s] Level 1:colcon.colcon_core.package_identification:_identify(joyserv) by extension 'ros'
[0.177s] DEBUG:colcon.colcon_core.package_identification:Package 'joyserv' with type 'ros.ament_cmake' and name 'joyserv'
[0.177s] Level 1:colcon.colcon_core.package_identification:_identify(joysub) by extensions ['ignore', 'ignore_ament_install']
[0.177s] Level 1:colcon.colcon_core.package_identification:_identify(joysub) by extension 'ignore'
[0.177s] Level 1:colcon.colcon_core.package_identification:_identify(joysub) by extension 'ignore_ament_install'
[0.177s] Level 1:colcon.colcon_core.package_identification:_identify(joysub) by extensions ['colcon_pkg']
[0.177s] Level 1:colcon.colcon_core.package_identification:_identify(joysub) by extension 'colcon_pkg'
[0.177s] Level 1:colcon.colcon_core.package_identification:_identify(joysub) by extensions ['colcon_meta']
[0.177s] Level 1:colcon.colcon_core.package_identification:_identify(joysub) by extension 'colcon_meta'
[0.177s] Level 1:colcon.colcon_core.package_identification:_identify(joysub) by extensions ['ros']
[0.177s] Level 1:colcon.colcon_core.package_identification:_identify(joysub) by extension 'ros'
[0.177s] DEBUG:colcon.colcon_core.package_identification:Package 'joysub' with type 'ros.ament_cmake' and name 'joysub'
[0.177s] Level 1:colcon.colcon_core.package_identification:_identify(log) by extensions ['ignore', 'ignore_ament_install']
[0.177s] Level 1:colcon.colcon_core.package_identification:_identify(log) by extension 'ignore'
[0.177s] Level 1:colcon.colcon_core.package_identification:_identify(log) ignored
[0.177s] Level 1:colcon.colcon_core.package_discovery:discover_packages(recursive) using defaults
[0.178s] Level 1:colcon.colcon_core.package_discovery:discover_packages(ignore) discover
[0.178s] Level 1:colcon.colcon_core.package_discovery:discover_packages(ignore) using defaults
[0.178s] Level 1:colcon.colcon_core.package_discovery:discover_packages(path) discover
[0.178s] Level 1:colcon.colcon_core.package_discovery:discover_packages(path) using defaults
[0.193s] INFO:colcon.colcon_core.package_selection:Skipping not selected package 'dynamixel_sdk' in 'dynamixel_sdk'
[0.194s] INFO:colcon.colcon_core.package_selection:Skipping not selected package 'dynamixel_sdk_custom_interfaces' in 'dynamixel_sdk_custom_interfaces'
[0.194s] INFO:colcon.colcon_core.package_selection:Skipping not selected package 'dynamixeljoy' in 'dynamixeljoy'
[0.194s] INFO:colcon.colcon_core.package_selection:Skipping not selected package 'joyserv' in 'joyserv'
[0.194s] INFO:colcon.colcon_core.package_selection:Skipping not selected package 'joysub' in 'joysub'
[0.194s] INFO:colcon.colcon_core.package_selection:Skipping not selected package 'dynamixel_sdk_examples' in 'dynamixel_sdk_examples'
[0.194s] Level 1:colcon.colcon_core.package_discovery:discover_packages(prefix_path) check parameters
[0.194s] Level 1:colcon.colcon_core.package_discovery:discover_packages(prefix_path) discover
[0.198s] DEBUG:colcon.colcon_installed_package_information.package_discovery:Found 289 installed packages in /opt/ros/jazzy
[0.199s] Level 1:colcon.colcon_core.package_discovery:discover_packages(prefix_path) using defaults
[0.224s] Level 5:colcon.colcon_core.verb:set package 'exmple_dynamixel_cpp' build argument 'cmake_args' from command line to 'None'
[0.224s] Level 5:colcon.colcon_core.verb:set package 'exmple_dynamixel_cpp' build argument 'cmake_target' from command line to 'None'
[0.224s] Level 5:colcon.colcon_core.verb:set package 'exmple_dynamixel_cpp' build argument 'cmake_target_skip_unavailable' from command line to 'False'
[0.224s] Level 5:colcon.colcon_core.verb:set package 'exmple_dynamixel_cpp' build argument 'cmake_clean_cache' from command line to 'False'
[0.224s] Level 5:colcon.colcon_core.verb:set package 'exmple_dynamixel_cpp' build argument 'cmake_clean_first' from command line to 'False'
[0.224s] Level 5:colcon.colcon_core.verb:set package 'exmple_dynamixel_cpp' build argument 'cmake_force_configure' from command line to 'False'
[0.224s] Level 5:colcon.colcon_core.verb:set package 'exmple_dynamixel_cpp' build argument 'ament_cmake_args' from command line to 'None'
[0.224s] Level 5:colcon.colcon_core.verb:set package 'exmple_dynamixel_cpp' build argument 'catkin_cmake_args' from command line to 'None'
[0.224s] Level 5:colcon.colcon_core.verb:set package 'exmple_dynamixel_cpp' build argument 'catkin_skip_building_tests' from command line to 'False'
[0.224s] DEBUG:colcon.colcon_core.verb:Building package 'exmple_dynamixel_cpp' with the following arguments: {'ament_cmake_args': None, 'build_base': '/home/yama/ros2_ws/src/build/exmple_dynamixel_cpp', 'catkin_cmake_args': None, 'catkin_skip_building_tests': False, 'cmake_args': None, 'cmake_clean_cache': False, 'cmake_clean_first': False, 'cmake_force_configure': False, 'cmake_target': None, 'cmake_target_skip_unavailable': False, 'install_base': '/home/yama/ros2_ws/src/install/exmple_dynamixel_cpp', 'merge_install': False, 'path': '/home/yama/ros2_ws/src/exmple_dynamixel_cpp', 'symlink_install': False, 'test_result_base': None}
[0.224s] INFO:colcon.colcon_core.executor:Executing jobs using 'parallel' executor
[0.238s] DEBUG:colcon.colcon_parallel_executor.executor.parallel:run_until_complete
[0.238s] INFO:colcon.colcon_ros.task.ament_cmake.build:Building ROS package in '/home/yama/ros2_ws/src/exmple_dynamixel_cpp' with build type 'ament_cmake'
[0.239s] INFO:colcon.colcon_cmake.task.cmake.build:Building CMake package in '/home/yama/ros2_ws/src/exmple_dynamixel_cpp'
[0.240s] INFO:colcon.colcon_core.plugin_system:Skipping extension 'colcon_core.shell.bat': Not used on non-Windows systems
[0.240s] INFO:colcon.colcon_core.shell:Skip shell extension 'powershell' for command environment: Not usable outside of PowerShell
[0.240s] DEBUG:colcon.colcon_core.shell:Skip shell extension 'dsv' for command environment
[0.270s] DEBUG:colcon.colcon_core.event_handler.log_command:Invoking command in '/home/yama/ros2_ws/src/build/exmple_dynamixel_cpp': CMAKE_PREFIX_PATH=${CMAKE_PREFIX_PATH}:/opt/ros/jazzy DEBUGINFOD_URLS=https://debuginfod.ubuntu.com /usr/bin/cmake /home/yama/ros2_ws/src/exmple_dynamixel_cpp -DCMAKE_INSTALL_PREFIX=/home/yama/ros2_ws/src/install/exmple_dynamixel_cpp
[1.659s] DEBUG:colcon.colcon_core.event_handler.log_command:Invoked command in '/home/yama/ros2_ws/src/build/exmple_dynamixel_cpp' returned '0': CMAKE_PREFIX_PATH=${CMAKE_PREFIX_PATH}:/opt/ros/jazzy DEBUGINFOD_URLS=https://debuginfod.ubuntu.com /usr/bin/cmake /home/yama/ros2_ws/src/exmple_dynamixel_cpp -DCMAKE_INSTALL_PREFIX=/home/yama/ros2_ws/src/install/exmple_dynamixel_cpp
[1.660s] DEBUG:colcon.colcon_core.event_handler.log_command:Invoking command in '/home/yama/ros2_ws/src/build/exmple_dynamixel_cpp': CMAKE_PREFIX_PATH=${CMAKE_PREFIX_PATH}:/opt/ros/jazzy DEBUGINFOD_URLS=https://debuginfod.ubuntu.com /usr/bin/cmake --build /home/yama/ros2_ws/src/build/exmple_dynamixel_cpp -- -j1 -l1
[6.085s] DEBUG:colcon.colcon_core.event_handler.log_command:Invoked command in '/home/yama/ros2_ws/src/build/exmple_dynamixel_cpp' returned '0': CMAKE_PREFIX_PATH=${CMAKE_PREFIX_PATH}:/opt/ros/jazzy DEBUGINFOD_URLS=https://debuginfod.ubuntu.com /usr/bin/cmake --build /home/yama/ros2_ws/src/build/exmple_dynamixel_cpp -- -j1 -l1
[6.113s] DEBUG:colcon.colcon_core.event_handler.log_command:Invoking command in '/home/yama/ros2_ws/src/build/exmple_dynamixel_cpp': CMAKE_PREFIX_PATH=${CMAKE_PREFIX_PATH}:/opt/ros/jazzy DEBUGINFOD_URLS=https://debuginfod.ubuntu.com /usr/bin/cmake --install /home/yama/ros2_ws/src/build/exmple_dynamixel_cpp
[6.147s] Level 1:colcon.colcon_core.environment:create_environment_scripts_only(exmple_dynamixel_cpp)
[6.147s] DEBUG:colcon.colcon_core.event_handler.log_command:Invoked command in '/home/yama/ros2_ws/src/build/exmple_dynamixel_cpp' returned '0': CMAKE_PREFIX_PATH=${CMAKE_PREFIX_PATH}:/opt/ros/jazzy DEBUGINFOD_URLS=https://debuginfod.ubuntu.com /usr/bin/cmake --install /home/yama/ros2_ws/src/build/exmple_dynamixel_cpp
[6.148s] Level 1:colcon.colcon_core.environment:checking '/home/yama/ros2_ws/src/install/exmple_dynamixel_cpp' for CMake module files
[6.149s] Level 1:colcon.colcon_core.environment:checking '/home/yama/ros2_ws/src/install/exmple_dynamixel_cpp' for CMake config files
[6.149s] Level 1:colcon.colcon_core.shell:create_environment_hook('exmple_dynamixel_cpp', 'cmake_prefix_path')
[6.149s] INFO:colcon.colcon_core.shell:Creating environment hook '/home/yama/ros2_ws/src/install/exmple_dynamixel_cpp/share/exmple_dynamixel_cpp/hook/cmake_prefix_path.ps1'
[6.150s] INFO:colcon.colcon_core.shell:Creating environment descriptor '/home/yama/ros2_ws/src/install/exmple_dynamixel_cpp/share/exmple_dynamixel_cpp/hook/cmake_prefix_path.dsv'
[6.151s] INFO:colcon.colcon_core.shell:Creating environment hook '/home/yama/ros2_ws/src/install/exmple_dynamixel_cpp/share/exmple_dynamixel_cpp/hook/cmake_prefix_path.sh'
[6.152s] Level 1:colcon.colcon_core.environment:checking '/home/yama/ros2_ws/src/install/exmple_dynamixel_cpp/lib'
[6.152s] Level 1:colcon.colcon_core.environment:checking '/home/yama/ros2_ws/src/install/exmple_dynamixel_cpp/bin'
[6.152s] Level 1:colcon.colcon_core.environment:checking '/home/yama/ros2_ws/src/install/exmple_dynamixel_cpp/lib/pkgconfig/exmple_dynamixel_cpp.pc'
[6.152s] Level 1:colcon.colcon_core.environment:checking '/home/yama/ros2_ws/src/install/exmple_dynamixel_cpp/lib/python3.12/site-packages'
[6.152s] Level 1:colcon.colcon_core.environment:checking '/home/yama/ros2_ws/src/install/exmple_dynamixel_cpp/bin'
[6.153s] INFO:colcon.colcon_core.shell:Creating package script '/home/yama/ros2_ws/src/install/exmple_dynamixel_cpp/share/exmple_dynamixel_cpp/package.ps1'
[6.153s] INFO:colcon.colcon_core.shell:Creating package descriptor '/home/yama/ros2_ws/src/install/exmple_dynamixel_cpp/share/exmple_dynamixel_cpp/package.dsv'
[6.154s] INFO:colcon.colcon_core.shell:Creating package script '/home/yama/ros2_ws/src/install/exmple_dynamixel_cpp/share/exmple_dynamixel_cpp/package.sh'
[6.154s] INFO:colcon.colcon_core.shell:Creating package script '/home/yama/ros2_ws/src/install/exmple_dynamixel_cpp/share/exmple_dynamixel_cpp/package.bash'
[6.155s] INFO:colcon.colcon_core.shell:Creating package script '/home/yama/ros2_ws/src/install/exmple_dynamixel_cpp/share/exmple_dynamixel_cpp/package.zsh'
[6.155s] Level 1:colcon.colcon_core.environment:create_file_with_runtime_dependencies(/home/yama/ros2_ws/src/install/exmple_dynamixel_cpp/share/colcon-core/packages/exmple_dynamixel_cpp)
[6.155s] Level 1:colcon.colcon_core.environment:create_environment_scripts_only(exmple_dynamixel_cpp)
[6.155s] Level 1:colcon.colcon_core.environment:checking '/home/yama/ros2_ws/src/install/exmple_dynamixel_cpp' for CMake module files
[6.156s] Level 1:colcon.colcon_core.environment:checking '/home/yama/ros2_ws/src/install/exmple_dynamixel_cpp' for CMake config files
[6.156s] Level 1:colcon.colcon_core.shell:create_environment_hook('exmple_dynamixel_cpp', 'cmake_prefix_path')
[6.156s] INFO:colcon.colcon_core.shell:Creating environment hook '/home/yama/ros2_ws/src/install/exmple_dynamixel_cpp/share/exmple_dynamixel_cpp/hook/cmake_prefix_path.ps1'
[6.157s] INFO:colcon.colcon_core.shell:Creating environment descriptor '/home/yama/ros2_ws/src/install/exmple_dynamixel_cpp/share/exmple_dynamixel_cpp/hook/cmake_prefix_path.dsv'
[6.158s] INFO:colcon.colcon_core.shell:Creating environment hook '/home/yama/ros2_ws/src/install/exmple_dynamixel_cpp/share/exmple_dynamixel_cpp/hook/cmake_prefix_path.sh'
[6.159s] Level 1:colcon.colcon_core.environment:checking '/home/yama/ros2_ws/src/install/exmple_dynamixel_cpp/lib'
[6.159s] Level 1:colcon.colcon_core.environment:checking '/home/yama/ros2_ws/src/install/exmple_dynamixel_cpp/bin'
[6.159s] Level 1:colcon.colcon_core.environment:checking '/home/yama/ros2_ws/src/install/exmple_dynamixel_cpp/lib/pkgconfig/exmple_dynamixel_cpp.pc'
[6.159s] Level 1:colcon.colcon_core.environment:checking '/home/yama/ros2_ws/src/install/exmple_dynamixel_cpp/lib/python3.12/site-packages'
[6.159s] Level 1:colcon.colcon_core.environment:checking '/home/yama/ros2_ws/src/install/exmple_dynamixel_cpp/bin'
[6.159s] INFO:colcon.colcon_core.shell:Creating package script '/home/yama/ros2_ws/src/install/exmple_dynamixel_cpp/share/exmple_dynamixel_cpp/package.ps1'
[6.159s] INFO:colcon.colcon_core.shell:Creating package descriptor '/home/yama/ros2_ws/src/install/exmple_dynamixel_cpp/share/exmple_dynamixel_cpp/package.dsv'
[6.160s] INFO:colcon.colcon_core.shell:Creating package script '/home/yama/ros2_ws/src/install/exmple_dynamixel_cpp/share/exmple_dynamixel_cpp/package.sh'
[6.161s] INFO:colcon.colcon_core.shell:Creating package script '/home/yama/ros2_ws/src/install/exmple_dynamixel_cpp/share/exmple_dynamixel_cpp/package.bash'
[6.161s] INFO:colcon.colcon_core.shell:Creating package script '/home/yama/ros2_ws/src/install/exmple_dynamixel_cpp/share/exmple_dynamixel_cpp/package.zsh'
[6.162s] Level 1:colcon.colcon_core.environment:create_file_with_runtime_dependencies(/home/yama/ros2_ws/src/install/exmple_dynamixel_cpp/share/colcon-core/packages/exmple_dynamixel_cpp)
[6.163s] DEBUG:colcon.colcon_parallel_executor.executor.parallel:closing loop
[6.163s] DEBUG:colcon.colcon_parallel_executor.executor.parallel:loop closed
[6.163s] DEBUG:colcon.colcon_parallel_executor.executor.parallel:run_until_complete finished with '0'
[6.163s] DEBUG:colcon.colcon_core.event_reactor:joining thread
[6.176s] INFO:colcon.colcon_core.plugin_system:Skipping extension 'colcon_notification.desktop_notification.terminal_notifier': Not used on non-Darwin systems
[6.176s] INFO:colcon.colcon_core.plugin_system:Skipping extension 'colcon_notification.desktop_notification.win32': Not used on non-Windows systems
[6.176s] INFO:colcon.colcon_notification.desktop_notification:Sending desktop notification using 'notify2'
[6.217s] DEBUG:colcon.colcon_core.event_reactor:joined thread
[6.217s] INFO:colcon.colcon_core.shell:Creating prefix script '/home/yama/ros2_ws/src/install/local_setup.ps1'
[6.223s] INFO:colcon.colcon_core.shell:Creating prefix util module '/home/yama/ros2_ws/src/install/_local_setup_util_ps1.py'
[6.225s] INFO:colcon.colcon_core.shell:Creating prefix chain script '/home/yama/ros2_ws/src/install/setup.ps1'
[6.226s] INFO:colcon.colcon_core.shell:Creating prefix script '/home/yama/ros2_ws/src/install/local_setup.sh'
[6.226s] INFO:colcon.colcon_core.shell:Creating prefix util module '/home/yama/ros2_ws/src/install/_local_setup_util_sh.py'
[6.234s] INFO:colcon.colcon_core.shell:Creating prefix chain script '/home/yama/ros2_ws/src/install/setup.sh'
[6.235s] INFO:colcon.colcon_core.shell:Creating prefix script '/home/yama/ros2_ws/src/install/local_setup.bash'
[6.235s] INFO:colcon.colcon_core.shell:Creating prefix chain script '/home/yama/ros2_ws/src/install/setup.bash'
[6.236s] INFO:colcon.colcon_core.shell:Creating prefix script '/home/yama/ros2_ws/src/install/local_setup.zsh'
[6.237s] INFO:colcon.colcon_core.shell:Creating prefix chain script '/home/yama/ros2_ws/src/install/setup.zsh'
