-- Found ament_cmake: 2.5.4 (/opt/ros/jazzy/share/ament_cmake/cmake)
-- Found rclcpp: 28.1.9 (/opt/ros/jazzy/share/rclcpp/cmake)
-- Found rosidl_generator_c: 4.6.5 (/opt/ros/jazzy/share/rosidl_generator_c/cmake)
-- Found rosidl_generator_cpp: 4.6.5 (/opt/ros/jazzy/share/rosidl_generator_cpp/cmake)
-- Using all available rosidl_typesupport_c: rosidl_typesupport_fastrtps_c;rosidl_typesupport_introspection_c
-- Using all available rosidl_typesupport_cpp: rosidl_typesupport_fastrtps_cpp;rosidl_typesupport_introspection_cpp
-- Found rmw_implementation_cmake: 7.3.2 (/opt/ros/jazzy/share/rmw_implementation_cmake/cmake)
-- Found rmw_fastrtps_cpp: 8.4.2 (/opt/ros/jazzy/share/rmw_fastrtps_cpp/cmake)
-- Using RMW implementation 'rmw_fastrtps_cpp' as default
-- Found dynamixel_workbench_toolbox: 2.2.4 (/opt/ros/jazzy/share/dynamixel_workbench_toolbox/cmake)
-- Found ament_lint_auto: 0.17.2 (/opt/ros/jazzy/share/ament_lint_auto/cmake)
-- Added test 'cppcheck' to perform static code analysis on C / C++ code
-- Configured cppcheck include dirs: /home/yama/ros2_ws/src/exmple_dynamixel_cpp/include
-- Configured cppcheck exclude dirs and/or files: 
-- Added test 'lint_cmake' to check CMake code style
-- Added test 'uncrustify' to check C / C++ code style
-- Configured uncrustify additional arguments: 
-- Added test 'xmllint' to check XML markup files
-- Configuring done (2.6s)
-- Generating done (0.1s)
-- Build files have been written to: /home/yama/ros2_ws/build/exmple_dynamixel_cpp
[ 50%] [32mBuilding CXX object CMakeFiles/dynamixel_controller.dir/src/dynamixel_controller.cpp.o[0m
[100%] [32m[1mLinking CXX executable dynamixel_controller[0m
[100%] Built target dynamixel_controller
-- Install configuration: ""
-- Installing: /home/yama/ros2_ws/install/exmple_dynamixel_cpp/lib/exmple_dynamixel_cpp/dynamixel_controller
-- Set non-toolchain portion of runtime path of "/home/yama/ros2_ws/install/exmple_dynamixel_cpp/lib/exmple_dynamixel_cpp/dynamixel_controller" to ""
-- Up-to-date: /home/yama/ros2_ws/install/exmple_dynamixel_cpp/share/ament_index/resource_index/package_run_dependencies/exmple_dynamixel_cpp
-- Up-to-date: /home/yama/ros2_ws/install/exmple_dynamixel_cpp/share/ament_index/resource_index/parent_prefix_path/exmple_dynamixel_cpp
-- Up-to-date: /home/yama/ros2_ws/install/exmple_dynamixel_cpp/share/exmple_dynamixel_cpp/environment/ament_prefix_path.sh
-- Up-to-date: /home/yama/ros2_ws/install/exmple_dynamixel_cpp/share/exmple_dynamixel_cpp/environment/ament_prefix_path.dsv
-- Up-to-date: /home/yama/ros2_ws/install/exmple_dynamixel_cpp/share/exmple_dynamixel_cpp/environment/path.sh
-- Up-to-date: /home/yama/ros2_ws/install/exmple_dynamixel_cpp/share/exmple_dynamixel_cpp/environment/path.dsv
-- Up-to-date: /home/yama/ros2_ws/install/exmple_dynamixel_cpp/share/exmple_dynamixel_cpp/local_setup.bash
-- Up-to-date: /home/yama/ros2_ws/install/exmple_dynamixel_cpp/share/exmple_dynamixel_cpp/local_setup.sh
-- Up-to-date: /home/yama/ros2_ws/install/exmple_dynamixel_cpp/share/exmple_dynamixel_cpp/local_setup.zsh
-- Up-to-date: /home/yama/ros2_ws/install/exmple_dynamixel_cpp/share/exmple_dynamixel_cpp/local_setup.dsv
-- Installing: /home/yama/ros2_ws/install/exmple_dynamixel_cpp/share/exmple_dynamixel_cpp/package.dsv
-- Up-to-date: /home/yama/ros2_ws/install/exmple_dynamixel_cpp/share/ament_index/resource_index/packages/exmple_dynamixel_cpp
-- Up-to-date: /home/yama/ros2_ws/install/exmple_dynamixel_cpp/share/exmple_dynamixel_cpp/cmake/exmple_dynamixel_cppConfig.cmake
-- Up-to-date: /home/yama/ros2_ws/install/exmple_dynamixel_cpp/share/exmple_dynamixel_cpp/cmake/exmple_dynamixel_cppConfig-version.cmake
-- Installing: /home/yama/ros2_ws/install/exmple_dynamixel_cpp/share/exmple_dynamixel_cpp/package.xml
