[0.131s] Invoking command in '/home/yama/ros2_ws/build/exmple_dynamixel_cpp': CMAKE_PREFIX_PATH=${CMAKE_PREFIX_PATH}:/opt/ros/jazzy DEBUGINFOD_URLS=https://debuginfod.ubuntu.com /usr/bin/cmake --build /home/yama/ros2_ws/build/exmple_dynamixel_cpp -- -j1 -l1
[0.565s] -- Found ament_cmake: 2.5.4 (/opt/ros/jazzy/share/ament_cmake/cmake)
[1.402s] -- Found rclcpp: 28.1.9 (/opt/ros/jazzy/share/rclcpp/cmake)
[1.551s] -- Found rosidl_generator_c: 4.6.5 (/opt/ros/jazzy/share/rosidl_generator_c/cmake)
[1.588s] -- Found rosidl_generator_cpp: 4.6.5 (/opt/ros/jazzy/share/rosidl_generator_cpp/cmake)
[1.676s] -- Using all available rosidl_typesupport_c: rosidl_typesupport_fastrtps_c;rosidl_typesupport_introspection_c
[1.742s] -- Using all available rosidl_typesupport_cpp: rosidl_typesupport_fastrtps_cpp;rosidl_typesupport_introspection_cpp
[2.061s] -- Found rmw_implementation_cmake: 7.3.2 (/opt/ros/jazzy/share/rmw_implementation_cmake/cmake)
[2.069s] -- Found rmw_fastrtps_cpp: 8.4.2 (/opt/ros/jazzy/share/rmw_fastrtps_cpp/cmake)
[2.351s] -- Using RMW implementation 'rmw_fastrtps_cpp' as default
[2.659s] -- Found dynamixel_workbench_toolbox: 2.2.4 (/opt/ros/jazzy/share/dynamixel_workbench_toolbox/cmake)
[2.679s] -- Found ament_lint_auto: 0.17.2 (/opt/ros/jazzy/share/ament_lint_auto/cmake)
[3.048s] -- Added test 'cppcheck' to perform static code analysis on C / C++ code
[3.048s] -- Configured cppcheck include dirs: /home/yama/ros2_ws/src/exmple_dynamixel_cpp/include
[3.052s] -- Configured cppcheck exclude dirs and/or files: 
[3.068s] -- Added test 'lint_cmake' to check CMake code style
[3.074s] -- Added test 'uncrustify' to check C / C++ code style
[3.076s] -- Configured uncrustify additional arguments: 
[3.077s] -- Added test 'xmllint' to check XML markup files
[3.084s] -- Configuring done (2.6s)
[3.212s] -- Generating done (0.1s)
[3.219s] -- Build files have been written to: /home/yama/ros2_ws/build/exmple_dynamixel_cpp
[3.508s] [ 50%] [32mBuilding CXX object CMakeFiles/dynamixel_controller.dir/src/dynamixel_controller.cpp.o[0m
[11.776s] [100%] [32m[1mLinking CXX executable dynamixel_controller[0m
[12.561s] [100%] Built target dynamixel_controller
[12.574s] Invoked command in '/home/yama/ros2_ws/build/exmple_dynamixel_cpp' returned '0': CMAKE_PREFIX_PATH=${CMAKE_PREFIX_PATH}:/opt/ros/jazzy DEBUGINFOD_URLS=https://debuginfod.ubuntu.com /usr/bin/cmake --build /home/yama/ros2_ws/build/exmple_dynamixel_cpp -- -j1 -l1
[12.589s] Invoking command in '/home/yama/ros2_ws/build/exmple_dynamixel_cpp': CMAKE_PREFIX_PATH=${CMAKE_PREFIX_PATH}:/opt/ros/jazzy DEBUGINFOD_URLS=https://debuginfod.ubuntu.com /usr/bin/cmake --install /home/yama/ros2_ws/build/exmple_dynamixel_cpp
[12.604s] -- Install configuration: ""
[12.652s] -- Installing: /home/yama/ros2_ws/install/exmple_dynamixel_cpp/lib/exmple_dynamixel_cpp/dynamixel_controller
[12.653s] -- Set non-toolchain portion of runtime path of "/home/yama/ros2_ws/install/exmple_dynamixel_cpp/lib/exmple_dynamixel_cpp/dynamixel_controller" to ""
[12.657s] -- Up-to-date: /home/yama/ros2_ws/install/exmple_dynamixel_cpp/share/ament_index/resource_index/package_run_dependencies/exmple_dynamixel_cpp
[12.658s] -- Up-to-date: /home/yama/ros2_ws/install/exmple_dynamixel_cpp/share/ament_index/resource_index/parent_prefix_path/exmple_dynamixel_cpp
[12.661s] -- Up-to-date: /home/yama/ros2_ws/install/exmple_dynamixel_cpp/share/exmple_dynamixel_cpp/environment/ament_prefix_path.sh
[12.661s] -- Up-to-date: /home/yama/ros2_ws/install/exmple_dynamixel_cpp/share/exmple_dynamixel_cpp/environment/ament_prefix_path.dsv
[12.661s] -- Up-to-date: /home/yama/ros2_ws/install/exmple_dynamixel_cpp/share/exmple_dynamixel_cpp/environment/path.sh
[12.662s] -- Up-to-date: /home/yama/ros2_ws/install/exmple_dynamixel_cpp/share/exmple_dynamixel_cpp/environment/path.dsv
[12.662s] -- Up-to-date: /home/yama/ros2_ws/install/exmple_dynamixel_cpp/share/exmple_dynamixel_cpp/local_setup.bash
[12.662s] -- Up-to-date: /home/yama/ros2_ws/install/exmple_dynamixel_cpp/share/exmple_dynamixel_cpp/local_setup.sh
[12.662s] -- Up-to-date: /home/yama/ros2_ws/install/exmple_dynamixel_cpp/share/exmple_dynamixel_cpp/local_setup.zsh
[12.663s] -- Up-to-date: /home/yama/ros2_ws/install/exmple_dynamixel_cpp/share/exmple_dynamixel_cpp/local_setup.dsv
[12.663s] -- Installing: /home/yama/ros2_ws/install/exmple_dynamixel_cpp/share/exmple_dynamixel_cpp/package.dsv
[12.663s] -- Up-to-date: /home/yama/ros2_ws/install/exmple_dynamixel_cpp/share/ament_index/resource_index/packages/exmple_dynamixel_cpp
[12.664s] -- Up-to-date: /home/yama/ros2_ws/install/exmple_dynamixel_cpp/share/exmple_dynamixel_cpp/cmake/exmple_dynamixel_cppConfig.cmake
[12.664s] -- Up-to-date: /home/yama/ros2_ws/install/exmple_dynamixel_cpp/share/exmple_dynamixel_cpp/cmake/exmple_dynamixel_cppConfig-version.cmake
[12.667s] -- Installing: /home/yama/ros2_ws/install/exmple_dynamixel_cpp/share/exmple_dynamixel_cpp/package.xml
[12.667s] Invoked command in '/home/yama/ros2_ws/build/exmple_dynamixel_cpp' returned '0': CMAKE_PREFIX_PATH=${CMAKE_PREFIX_PATH}:/opt/ros/jazzy DEBUGINFOD_URLS=https://debuginfod.ubuntu.com /usr/bin/cmake --install /home/yama/ros2_ws/build/exmple_dynamixel_cpp
